Running: /opt/Xilinx/14.7/ISE_DS/ISE/bin/lin64/unwrapped/fuse -intstyle ise -incremental -lib secureip -o /home/ise/Codigos_VHDL_Nexys3/BloquesSecuenciales/publick7seg/Tes_isim_beh.exe -prj /home/ise/Codigos_VHDL_Nexys3/BloquesSecuenciales/publick7seg/Tes_beh.prj work.Tes 
ISim P.20160913 (signature 0xfbc00daa)
Number of CPUs detected in this system: 1
Turning on mult-threading, number of parallel sub-compilation jobs: 0 
Determining compilation order of HDL files
Parsing VHDL file "/home/ise/Codigos_VHDL_Nexys3/BloquesSecuenciales/publick7seg/negacion.vhd" into library work
Parsing VHDL file "/home/ise/Codigos_VHDL_Nexys3/BloquesSecuenciales/publick7seg/mux4a1.vhd" into library work
Parsing VHDL file "/home/ise/Codigos_VHDL_Nexys3/BloquesSecuenciales/publick7seg/divide.vhd" into library work
Parsing VHDL file "/home/ise/Codigos_VHDL_Nexys3/BloquesSecuenciales/publick7seg/cuenta.vhd" into library work
Parsing VHDL file "/home/ise/Codigos_VHDL_Nexys3/BloquesSecuenciales/publick7seg/SuperiorPublick.vhd" into library work
Parsing VHDL file "/home/ise/Codigos_VHDL_Nexys3/BloquesSecuenciales/publick7seg/Tes.vhd" into library work
Starting static elaboration
Completed static elaboration
Fuse Memory Usage: 96752 KB
Fuse CPU Usage: 1140 ms
Compiling package standard
Compiling package std_logic_1164
Compiling package std_logic_arith
Compiling package std_logic_unsigned
Compiling architecture behavioral of entity negacion [negacion_default]
Compiling architecture behavioral of entity mux4a1 [mux4a1_default]
Compiling architecture behavioral of entity cuenta [cuenta_default]
Compiling architecture behavioral of entity divide [divide_default]
Compiling architecture behavioral of entity SuperiorPublick [superiorpublick_default]
Compiling architecture behavior of entity tes
Time Resolution for simulation is 1ps.
Compiled 15 VHDL Units
Built simulation executable /home/ise/Codigos_VHDL_Nexys3/BloquesSecuenciales/publick7seg/Tes_isim_beh.exe
Fuse Memory Usage: 111996 KB
Fuse CPU Usage: 1320 ms
GCC CPU Usage: 2020 ms
