--------------------------------------------------------------------------------
Release 14.7 Trace  (lin64)
Copyright (c) 1995-2013 Xilinx, Inc.  All rights reserved.

/opt/Xilinx/14.7/ISE_DS/ISE/bin/lin64/unwrapped/trce -intstyle ise -v 3 -s 3 -n
3 -fastpaths -xml SuperiorPublick.twx SuperiorPublick.ncd -o
SuperiorPublick.twr SuperiorPublick.pcf -ucf pines.ucf

Design file:              SuperiorPublick.ncd
Physical constraint file: SuperiorPublick.pcf
Device,package,speed:     xc6slx16,csg324,C,-3 (PRODUCTION 1.23 2016-11-22)
Report level:             verbose report

Environment Variable      Effect 
--------------------      ------ 
NONE                      No environment variables were set
--------------------------------------------------------------------------------

INFO:Timing:3412 - To improve timing, see the Timing Closure User Guide (UG612).
INFO:Timing:2752 - To get complete path coverage, use the unconstrained paths 
   option. All paths that are not constrained will be reported in the 
   unconstrained paths section(s) of the report.
INFO:Timing:3339 - The clock-to-out numbers in this timing report are based on 
   a 50 Ohm transmission line loading model.  For the details of this model, 
   and for more information on accounting for different loading conditions, 
   please see the device datasheet.

================================================================================
Timing constraint: TS_sys_clk_pin = PERIOD TIMEGRP "sys_clk_pin" 100 MHz HIGH 
50%;
For more information, see Period Analysis in the Timing Closure User Guide (UG612).

 515 paths analyzed, 115 endpoints analyzed, 0 failing endpoints
 0 timing errors detected. (0 setup errors, 0 hold errors, 0 component switching limit errors)
 Minimum period is   3.077ns.
--------------------------------------------------------------------------------

Paths for end point u4/cuenta_6 (SLICE_X21Y27.D2), 7 paths
--------------------------------------------------------------------------------
Slack (setup path):     6.923ns (requirement - (data path - clock path skew + uncertainty))
  Source:               u4/cuenta_1 (FF)
  Destination:          u4/cuenta_6 (FF)
  Requirement:          10.000ns
  Data Path Delay:      3.036ns (Levels of Logic = 3)
  Clock Path Skew:      -0.006ns (0.150 - 0.156)
  Source Clock:         clk_BUFGP rising at 0.000ns
  Destination Clock:    clk_BUFGP rising at 10.000ns
  Clock Uncertainty:    0.035ns

  Clock Uncertainty:          0.035ns  ((TSJ^2 + TIJ^2)^1/2 + DJ) / 2 + PE
    Total System Jitter (TSJ):  0.070ns
    Total Input Jitter (TIJ):   0.000ns
    Discrete Jitter (DJ):       0.000ns
    Phase Error (PE):           0.000ns

  Maximum Data Path at Slow Process Corner: u4/cuenta_1 to u4/cuenta_6
    Location             Delay type         Delay(ns)  Physical Resource
                                                       Logical Resource(s)
    -------------------------------------------------  -------------------
    SLICE_X21Y26.BQ      Tcko                  0.391   u4/cuenta<3>
                                                       u4/cuenta_1
    SLICE_X20Y26.B1      net (fanout=2)        0.619   u4/cuenta<1>
    SLICE_X20Y26.COUT    Topcyb                0.375   u4/Mcount_cuenta_cy<3>
                                                       u4/cuenta<1>_rt
                                                       u4/Mcount_cuenta_cy<3>
    SLICE_X20Y27.CIN     net (fanout=1)        0.003   u4/Mcount_cuenta_cy<3>
    SLICE_X20Y27.CMUX    Tcinc                 0.272   u4/Mcount_cuenta_cy<7>
                                                       u4/Mcount_cuenta_cy<7>
    SLICE_X21Y27.D2      net (fanout=1)        1.054   Result<6>
    SLICE_X21Y27.CLK     Tas                   0.322   u4/cuenta<6>
                                                       u4/cuenta_6_rstpot
                                                       u4/cuenta_6
    -------------------------------------------------  ---------------------------
    Total                                      3.036ns (1.360ns logic, 1.676ns route)
                                                       (44.8% logic, 55.2% route)

--------------------------------------------------------------------------------
Slack (setup path):     6.949ns (requirement - (data path - clock path skew + uncertainty))
  Source:               u4/cuenta_0 (FF)
  Destination:          u4/cuenta_6 (FF)
  Requirement:          10.000ns
  Data Path Delay:      3.010ns (Levels of Logic = 3)
  Clock Path Skew:      -0.006ns (0.150 - 0.156)
  Source Clock:         clk_BUFGP rising at 0.000ns
  Destination Clock:    clk_BUFGP rising at 10.000ns
  Clock Uncertainty:    0.035ns

  Clock Uncertainty:          0.035ns  ((TSJ^2 + TIJ^2)^1/2 + DJ) / 2 + PE
    Total System Jitter (TSJ):  0.070ns
    Total Input Jitter (TIJ):   0.000ns
    Discrete Jitter (DJ):       0.000ns
    Phase Error (PE):           0.000ns

  Maximum Data Path at Slow Process Corner: u4/cuenta_0 to u4/cuenta_6
    Location             Delay type         Delay(ns)  Physical Resource
                                                       Logical Resource(s)
    -------------------------------------------------  -------------------
    SLICE_X21Y26.AQ      Tcko                  0.391   u4/cuenta<3>
                                                       u4/cuenta_0
    SLICE_X20Y26.A2      net (fanout=2)        0.573   u4/cuenta<0>
    SLICE_X20Y26.COUT    Topcya                0.395   u4/Mcount_cuenta_cy<3>
                                                       u4/Mcount_cuenta_lut<0>_INV_0
                                                       u4/Mcount_cuenta_cy<3>
    SLICE_X20Y27.CIN     net (fanout=1)        0.003   u4/Mcount_cuenta_cy<3>
    SLICE_X20Y27.CMUX    Tcinc                 0.272   u4/Mcount_cuenta_cy<7>
                                                       u4/Mcount_cuenta_cy<7>
    SLICE_X21Y27.D2      net (fanout=1)        1.054   Result<6>
    SLICE_X21Y27.CLK     Tas                   0.322   u4/cuenta<6>
                                                       u4/cuenta_6_rstpot
                                                       u4/cuenta_6
    -------------------------------------------------  ---------------------------
    Total                                      3.010ns (1.380ns logic, 1.630ns route)
                                                       (45.8% logic, 54.2% route)

--------------------------------------------------------------------------------
Slack (setup path):     7.008ns (requirement - (data path - clock path skew + uncertainty))
  Source:               u4/cuenta_5 (FF)
  Destination:          u4/cuenta_6 (FF)
  Requirement:          10.000ns
  Data Path Delay:      2.957ns (Levels of Logic = 2)
  Clock Path Skew:      0.000ns
  Source Clock:         clk_BUFGP rising at 0.000ns
  Destination Clock:    clk_BUFGP rising at 10.000ns
  Clock Uncertainty:    0.035ns

  Clock Uncertainty:          0.035ns  ((TSJ^2 + TIJ^2)^1/2 + DJ) / 2 + PE
    Total System Jitter (TSJ):  0.070ns
    Total Input Jitter (TIJ):   0.000ns
    Discrete Jitter (DJ):       0.000ns
    Phase Error (PE):           0.000ns

  Maximum Data Path at Slow Process Corner: u4/cuenta_5 to u4/cuenta_6
    Location             Delay type         Delay(ns)  Physical Resource
                                                       Logical Resource(s)
    -------------------------------------------------  -------------------
    SLICE_X21Y27.BQ      Tcko                  0.391   u4/cuenta<6>
                                                       u4/cuenta_5
    SLICE_X20Y27.B1      net (fanout=20)       0.676   u4/cuenta<5>
    SLICE_X20Y27.CMUX    Topbc                 0.514   u4/Mcount_cuenta_cy<7>
                                                       u4/cuenta<5>_rt
                                                       u4/Mcount_cuenta_cy<7>
    SLICE_X21Y27.D2      net (fanout=1)        1.054   Result<6>
    SLICE_X21Y27.CLK     Tas                   0.322   u4/cuenta<6>
                                                       u4/cuenta_6_rstpot
                                                       u4/cuenta_6
    -------------------------------------------------  ---------------------------
    Total                                      2.957ns (1.227ns logic, 1.730ns route)
                                                       (41.5% logic, 58.5% route)

--------------------------------------------------------------------------------

Paths for end point u4/cuenta_17 (SLICE_X21Y29.C2), 18 paths
--------------------------------------------------------------------------------
Slack (setup path):     7.139ns (requirement - (data path - clock path skew + uncertainty))
  Source:               u4/cuenta_1 (FF)
  Destination:          u4/cuenta_17 (FF)
  Requirement:          10.000ns
  Data Path Delay:      2.823ns (Levels of Logic = 6)
  Clock Path Skew:      -0.003ns (0.153 - 0.156)
  Source Clock:         clk_BUFGP rising at 0.000ns
  Destination Clock:    clk_BUFGP rising at 10.000ns
  Clock Uncertainty:    0.035ns

  Clock Uncertainty:          0.035ns  ((TSJ^2 + TIJ^2)^1/2 + DJ) / 2 + PE
    Total System Jitter (TSJ):  0.070ns
    Total Input Jitter (TIJ):   0.000ns
    Discrete Jitter (DJ):       0.000ns
    Phase Error (PE):           0.000ns

  Maximum Data Path at Slow Process Corner: u4/cuenta_1 to u4/cuenta_17
    Location             Delay type         Delay(ns)  Physical Resource
                                                       Logical Resource(s)
    -------------------------------------------------  -------------------
    SLICE_X21Y26.BQ      Tcko                  0.391   u4/cuenta<3>
                                                       u4/cuenta_1
    SLICE_X20Y26.B1      net (fanout=2)        0.619   u4/cuenta<1>
    SLICE_X20Y26.COUT    Topcyb                0.375   u4/Mcount_cuenta_cy<3>
                                                       u4/cuenta<1>_rt
                                                       u4/Mcount_cuenta_cy<3>
    SLICE_X20Y27.CIN     net (fanout=1)        0.003   u4/Mcount_cuenta_cy<3>
    SLICE_X20Y27.COUT    Tbyp                  0.076   u4/Mcount_cuenta_cy<7>
                                                       u4/Mcount_cuenta_cy<7>
    SLICE_X20Y28.CIN     net (fanout=1)        0.003   u4/Mcount_cuenta_cy<7>
    SLICE_X20Y28.COUT    Tbyp                  0.076   u4/Mcount_cuenta_cy<11>
                                                       u4/Mcount_cuenta_cy<11>
    SLICE_X20Y29.CIN     net (fanout=1)        0.003   u4/Mcount_cuenta_cy<11>
    SLICE_X20Y29.COUT    Tbyp                  0.076   u4/Mcount_cuenta_cy<15>
                                                       u4/Mcount_cuenta_cy<15>
    SLICE_X20Y30.CIN     net (fanout=1)        0.003   u4/Mcount_cuenta_cy<15>
    SLICE_X20Y30.BMUX    Tcinb                 0.260   Result<17>
                                                       u4/Mcount_cuenta_xor<17>
    SLICE_X21Y29.C2      net (fanout=1)        0.616   Result<17>
    SLICE_X21Y29.CLK     Tas                   0.322   u4/cuenta<17>
                                                       u4/cuenta_17_rstpot
                                                       u4/cuenta_17
    -------------------------------------------------  ---------------------------
    Total                                      2.823ns (1.576ns logic, 1.247ns route)
                                                       (55.8% logic, 44.2% route)

--------------------------------------------------------------------------------
Slack (setup path):     7.158ns (requirement - (data path - clock path skew + uncertainty))
  Source:               u4/cuenta_5 (FF)
  Destination:          u4/cuenta_17 (FF)
  Requirement:          10.000ns
  Data Path Delay:      2.801ns (Levels of Logic = 5)
  Clock Path Skew:      -0.006ns (0.153 - 0.159)
  Source Clock:         clk_BUFGP rising at 0.000ns
  Destination Clock:    clk_BUFGP rising at 10.000ns
  Clock Uncertainty:    0.035ns

  Clock Uncertainty:          0.035ns  ((TSJ^2 + TIJ^2)^1/2 + DJ) / 2 + PE
    Total System Jitter (TSJ):  0.070ns
    Total Input Jitter (TIJ):   0.000ns
    Discrete Jitter (DJ):       0.000ns
    Phase Error (PE):           0.000ns

  Maximum Data Path at Slow Process Corner: u4/cuenta_5 to u4/cuenta_17
    Location             Delay type         Delay(ns)  Physical Resource
                                                       Logical Resource(s)
    -------------------------------------------------  -------------------
    SLICE_X21Y27.BQ      Tcko                  0.391   u4/cuenta<6>
                                                       u4/cuenta_5
    SLICE_X20Y27.B1      net (fanout=20)       0.676   u4/cuenta<5>
    SLICE_X20Y27.COUT    Topcyb                0.375   u4/Mcount_cuenta_cy<7>
                                                       u4/cuenta<5>_rt
                                                       u4/Mcount_cuenta_cy<7>
    SLICE_X20Y28.CIN     net (fanout=1)        0.003   u4/Mcount_cuenta_cy<7>
    SLICE_X20Y28.COUT    Tbyp                  0.076   u4/Mcount_cuenta_cy<11>
                                                       u4/Mcount_cuenta_cy<11>
    SLICE_X20Y29.CIN     net (fanout=1)        0.003   u4/Mcount_cuenta_cy<11>
    SLICE_X20Y29.COUT    Tbyp                  0.076   u4/Mcount_cuenta_cy<15>
                                                       u4/Mcount_cuenta_cy<15>
    SLICE_X20Y30.CIN     net (fanout=1)        0.003   u4/Mcount_cuenta_cy<15>
    SLICE_X20Y30.BMUX    Tcinb                 0.260   Result<17>
                                                       u4/Mcount_cuenta_xor<17>
    SLICE_X21Y29.C2      net (fanout=1)        0.616   Result<17>
    SLICE_X21Y29.CLK     Tas                   0.322   u4/cuenta<17>
                                                       u4/cuenta_17_rstpot
                                                       u4/cuenta_17
    -------------------------------------------------  ---------------------------
    Total                                      2.801ns (1.500ns logic, 1.301ns route)
                                                       (53.6% logic, 46.4% route)

--------------------------------------------------------------------------------
Slack (setup path):     7.165ns (requirement - (data path - clock path skew + uncertainty))
  Source:               u4/cuenta_0 (FF)
  Destination:          u4/cuenta_17 (FF)
  Requirement:          10.000ns
  Data Path Delay:      2.797ns (Levels of Logic = 6)
  Clock Path Skew:      -0.003ns (0.153 - 0.156)
  Source Clock:         clk_BUFGP rising at 0.000ns
  Destination Clock:    clk_BUFGP rising at 10.000ns
  Clock Uncertainty:    0.035ns

  Clock Uncertainty:          0.035ns  ((TSJ^2 + TIJ^2)^1/2 + DJ) / 2 + PE
    Total System Jitter (TSJ):  0.070ns
    Total Input Jitter (TIJ):   0.000ns
    Discrete Jitter (DJ):       0.000ns
    Phase Error (PE):           0.000ns

  Maximum Data Path at Slow Process Corner: u4/cuenta_0 to u4/cuenta_17
    Location             Delay type         Delay(ns)  Physical Resource
                                                       Logical Resource(s)
    -------------------------------------------------  -------------------
    SLICE_X21Y26.AQ      Tcko                  0.391   u4/cuenta<3>
                                                       u4/cuenta_0
    SLICE_X20Y26.A2      net (fanout=2)        0.573   u4/cuenta<0>
    SLICE_X20Y26.COUT    Topcya                0.395   u4/Mcount_cuenta_cy<3>
                                                       u4/Mcount_cuenta_lut<0>_INV_0
                                                       u4/Mcount_cuenta_cy<3>
    SLICE_X20Y27.CIN     net (fanout=1)        0.003   u4/Mcount_cuenta_cy<3>
    SLICE_X20Y27.COUT    Tbyp                  0.076   u4/Mcount_cuenta_cy<7>
                                                       u4/Mcount_cuenta_cy<7>
    SLICE_X20Y28.CIN     net (fanout=1)        0.003   u4/Mcount_cuenta_cy<7>
    SLICE_X20Y28.COUT    Tbyp                  0.076   u4/Mcount_cuenta_cy<11>
                                                       u4/Mcount_cuenta_cy<11>
    SLICE_X20Y29.CIN     net (fanout=1)        0.003   u4/Mcount_cuenta_cy<11>
    SLICE_X20Y29.COUT    Tbyp                  0.076   u4/Mcount_cuenta_cy<15>
                                                       u4/Mcount_cuenta_cy<15>
    SLICE_X20Y30.CIN     net (fanout=1)        0.003   u4/Mcount_cuenta_cy<15>
    SLICE_X20Y30.BMUX    Tcinb                 0.260   Result<17>
                                                       u4/Mcount_cuenta_xor<17>
    SLICE_X21Y29.C2      net (fanout=1)        0.616   Result<17>
    SLICE_X21Y29.CLK     Tas                   0.322   u4/cuenta<17>
                                                       u4/cuenta_17_rstpot
                                                       u4/cuenta_17
    -------------------------------------------------  ---------------------------
    Total                                      2.797ns (1.596ns logic, 1.201ns route)
                                                       (57.1% logic, 42.9% route)

--------------------------------------------------------------------------------

Paths for end point u4/cuenta_14 (SLICE_X22Y29.D1), 15 paths
--------------------------------------------------------------------------------
Slack (setup path):     7.159ns (requirement - (data path - clock path skew + uncertainty))
  Source:               u4/cuenta_1 (FF)
  Destination:          u4/cuenta_14 (FF)
  Requirement:          10.000ns
  Data Path Delay:      2.803ns (Levels of Logic = 5)
  Clock Path Skew:      -0.003ns (0.253 - 0.256)
  Source Clock:         clk_BUFGP rising at 0.000ns
  Destination Clock:    clk_BUFGP rising at 10.000ns
  Clock Uncertainty:    0.035ns

  Clock Uncertainty:          0.035ns  ((TSJ^2 + TIJ^2)^1/2 + DJ) / 2 + PE
    Total System Jitter (TSJ):  0.070ns
    Total Input Jitter (TIJ):   0.000ns
    Discrete Jitter (DJ):       0.000ns
    Phase Error (PE):           0.000ns

  Maximum Data Path at Slow Process Corner: u4/cuenta_1 to u4/cuenta_14
    Location             Delay type         Delay(ns)  Physical Resource
                                                       Logical Resource(s)
    -------------------------------------------------  -------------------
    SLICE_X21Y26.BQ      Tcko                  0.391   u4/cuenta<3>
                                                       u4/cuenta_1
    SLICE_X20Y26.B1      net (fanout=2)        0.619   u4/cuenta<1>
    SLICE_X20Y26.COUT    Topcyb                0.375   u4/Mcount_cuenta_cy<3>
                                                       u4/cuenta<1>_rt
                                                       u4/Mcount_cuenta_cy<3>
    SLICE_X20Y27.CIN     net (fanout=1)        0.003   u4/Mcount_cuenta_cy<3>
    SLICE_X20Y27.COUT    Tbyp                  0.076   u4/Mcount_cuenta_cy<7>
                                                       u4/Mcount_cuenta_cy<7>
    SLICE_X20Y28.CIN     net (fanout=1)        0.003   u4/Mcount_cuenta_cy<7>
    SLICE_X20Y28.COUT    Tbyp                  0.076   u4/Mcount_cuenta_cy<11>
                                                       u4/Mcount_cuenta_cy<11>
    SLICE_X20Y29.CIN     net (fanout=1)        0.003   u4/Mcount_cuenta_cy<11>
    SLICE_X20Y29.CMUX    Tcinc                 0.272   u4/Mcount_cuenta_cy<15>
                                                       u4/Mcount_cuenta_cy<15>
    SLICE_X22Y29.D1      net (fanout=1)        0.696   Result<14>
    SLICE_X22Y29.CLK     Tas                   0.289   u4/cuenta<14>
                                                       u4/cuenta_14_rstpot
                                                       u4/cuenta_14
    -------------------------------------------------  ---------------------------
    Total                                      2.803ns (1.479ns logic, 1.324ns route)
                                                       (52.8% logic, 47.2% route)

--------------------------------------------------------------------------------
Slack (setup path):     7.178ns (requirement - (data path - clock path skew + uncertainty))
  Source:               u4/cuenta_5 (FF)
  Destination:          u4/cuenta_14 (FF)
  Requirement:          10.000ns
  Data Path Delay:      2.781ns (Levels of Logic = 4)
  Clock Path Skew:      -0.006ns (0.253 - 0.259)
  Source Clock:         clk_BUFGP rising at 0.000ns
  Destination Clock:    clk_BUFGP rising at 10.000ns
  Clock Uncertainty:    0.035ns

  Clock Uncertainty:          0.035ns  ((TSJ^2 + TIJ^2)^1/2 + DJ) / 2 + PE
    Total System Jitter (TSJ):  0.070ns
    Total Input Jitter (TIJ):   0.000ns
    Discrete Jitter (DJ):       0.000ns
    Phase Error (PE):           0.000ns

  Maximum Data Path at Slow Process Corner: u4/cuenta_5 to u4/cuenta_14
    Location             Delay type         Delay(ns)  Physical Resource
                                                       Logical Resource(s)
    -------------------------------------------------  -------------------
    SLICE_X21Y27.BQ      Tcko                  0.391   u4/cuenta<6>
                                                       u4/cuenta_5
    SLICE_X20Y27.B1      net (fanout=20)       0.676   u4/cuenta<5>
    SLICE_X20Y27.COUT    Topcyb                0.375   u4/Mcount_cuenta_cy<7>
                                                       u4/cuenta<5>_rt
                                                       u4/Mcount_cuenta_cy<7>
    SLICE_X20Y28.CIN     net (fanout=1)        0.003   u4/Mcount_cuenta_cy<7>
    SLICE_X20Y28.COUT    Tbyp                  0.076   u4/Mcount_cuenta_cy<11>
                                                       u4/Mcount_cuenta_cy<11>
    SLICE_X20Y29.CIN     net (fanout=1)        0.003   u4/Mcount_cuenta_cy<11>
    SLICE_X20Y29.CMUX    Tcinc                 0.272   u4/Mcount_cuenta_cy<15>
                                                       u4/Mcount_cuenta_cy<15>
    SLICE_X22Y29.D1      net (fanout=1)        0.696   Result<14>
    SLICE_X22Y29.CLK     Tas                   0.289   u4/cuenta<14>
                                                       u4/cuenta_14_rstpot
                                                       u4/cuenta_14
    -------------------------------------------------  ---------------------------
    Total                                      2.781ns (1.403ns logic, 1.378ns route)
                                                       (50.4% logic, 49.6% route)

--------------------------------------------------------------------------------
Slack (setup path):     7.185ns (requirement - (data path - clock path skew + uncertainty))
  Source:               u4/cuenta_0 (FF)
  Destination:          u4/cuenta_14 (FF)
  Requirement:          10.000ns
  Data Path Delay:      2.777ns (Levels of Logic = 5)
  Clock Path Skew:      -0.003ns (0.253 - 0.256)
  Source Clock:         clk_BUFGP rising at 0.000ns
  Destination Clock:    clk_BUFGP rising at 10.000ns
  Clock Uncertainty:    0.035ns

  Clock Uncertainty:          0.035ns  ((TSJ^2 + TIJ^2)^1/2 + DJ) / 2 + PE
    Total System Jitter (TSJ):  0.070ns
    Total Input Jitter (TIJ):   0.000ns
    Discrete Jitter (DJ):       0.000ns
    Phase Error (PE):           0.000ns

  Maximum Data Path at Slow Process Corner: u4/cuenta_0 to u4/cuenta_14
    Location             Delay type         Delay(ns)  Physical Resource
                                                       Logical Resource(s)
    -------------------------------------------------  -------------------
    SLICE_X21Y26.AQ      Tcko                  0.391   u4/cuenta<3>
                                                       u4/cuenta_0
    SLICE_X20Y26.A2      net (fanout=2)        0.573   u4/cuenta<0>
    SLICE_X20Y26.COUT    Topcya                0.395   u4/Mcount_cuenta_cy<3>
                                                       u4/Mcount_cuenta_lut<0>_INV_0
                                                       u4/Mcount_cuenta_cy<3>
    SLICE_X20Y27.CIN     net (fanout=1)        0.003   u4/Mcount_cuenta_cy<3>
    SLICE_X20Y27.COUT    Tbyp                  0.076   u4/Mcount_cuenta_cy<7>
                                                       u4/Mcount_cuenta_cy<7>
    SLICE_X20Y28.CIN     net (fanout=1)        0.003   u4/Mcount_cuenta_cy<7>
    SLICE_X20Y28.COUT    Tbyp                  0.076   u4/Mcount_cuenta_cy<11>
                                                       u4/Mcount_cuenta_cy<11>
    SLICE_X20Y29.CIN     net (fanout=1)        0.003   u4/Mcount_cuenta_cy<11>
    SLICE_X20Y29.CMUX    Tcinc                 0.272   u4/Mcount_cuenta_cy<15>
                                                       u4/Mcount_cuenta_cy<15>
    SLICE_X22Y29.D1      net (fanout=1)        0.696   Result<14>
    SLICE_X22Y29.CLK     Tas                   0.289   u4/cuenta<14>
                                                       u4/cuenta_14_rstpot
                                                       u4/cuenta_14
    -------------------------------------------------  ---------------------------
    Total                                      2.777ns (1.499ns logic, 1.278ns route)
                                                       (54.0% logic, 46.0% route)

--------------------------------------------------------------------------------

Hold Paths: TS_sys_clk_pin = PERIOD TIMEGRP "sys_clk_pin" 100 MHz HIGH 50%;
--------------------------------------------------------------------------------

Paths for end point u4/cuenta_4 (SLICE_X21Y27.A6), 1 path
--------------------------------------------------------------------------------
Slack (hold path):      0.467ns (requirement - (clock path skew + uncertainty - data path))
  Source:               u4/cuenta_4 (FF)
  Destination:          u4/cuenta_4 (FF)
  Requirement:          0.000ns
  Data Path Delay:      0.467ns (Levels of Logic = 1)
  Clock Path Skew:      0.000ns
  Source Clock:         clk_BUFGP rising at 10.000ns
  Destination Clock:    clk_BUFGP rising at 10.000ns
  Clock Uncertainty:    0.000ns

  Minimum Data Path at Fast Process Corner: u4/cuenta_4 to u4/cuenta_4
    Location             Delay type         Delay(ns)  Physical Resource
                                                       Logical Resource(s)
    -------------------------------------------------  -------------------
    SLICE_X21Y27.AQ      Tcko                  0.198   u4/cuenta<6>
                                                       u4/cuenta_4
    SLICE_X21Y27.A6      net (fanout=20)       0.054   u4/cuenta<4>
    SLICE_X21Y27.CLK     Tah         (-Th)    -0.215   u4/cuenta<6>
                                                       u4/cuenta_4_rstpot
                                                       u4/cuenta_4
    -------------------------------------------------  ---------------------------
    Total                                      0.467ns (0.413ns logic, 0.054ns route)
                                                       (88.4% logic, 11.6% route)

--------------------------------------------------------------------------------

Paths for end point u4/aux (SLICE_X22Y28.C5), 1 path
--------------------------------------------------------------------------------
Slack (hold path):      0.497ns (requirement - (clock path skew + uncertainty - data path))
  Source:               u4/aux (FF)
  Destination:          u4/aux (FF)
  Requirement:          0.000ns
  Data Path Delay:      0.497ns (Levels of Logic = 1)
  Clock Path Skew:      0.000ns
  Source Clock:         clk_BUFGP rising at 10.000ns
  Destination Clock:    clk_BUFGP rising at 10.000ns
  Clock Uncertainty:    0.000ns

  Minimum Data Path at Fast Process Corner: u4/aux to u4/aux
    Location             Delay type         Delay(ns)  Physical Resource
                                                       Logical Resource(s)
    -------------------------------------------------  -------------------
    SLICE_X22Y28.CQ      Tcko                  0.234   u4/aux
                                                       u4/aux
    SLICE_X22Y28.C5      net (fanout=3)        0.066   u4/aux
    SLICE_X22Y28.CLK     Tah         (-Th)    -0.197   u4/aux
                                                       u4/aux_rstpot
                                                       u4/aux
    -------------------------------------------------  ---------------------------
    Total                                      0.497ns (0.431ns logic, 0.066ns route)
                                                       (86.7% logic, 13.3% route)

--------------------------------------------------------------------------------

Paths for end point u4/cuenta_5 (SLICE_X21Y27.B5), 1 path
--------------------------------------------------------------------------------
Slack (hold path):      0.511ns (requirement - (clock path skew + uncertainty - data path))
  Source:               u4/cuenta_5 (FF)
  Destination:          u4/cuenta_5 (FF)
  Requirement:          0.000ns
  Data Path Delay:      0.511ns (Levels of Logic = 1)
  Clock Path Skew:      0.000ns
  Source Clock:         clk_BUFGP rising at 10.000ns
  Destination Clock:    clk_BUFGP rising at 10.000ns
  Clock Uncertainty:    0.000ns

  Minimum Data Path at Fast Process Corner: u4/cuenta_5 to u4/cuenta_5
    Location             Delay type         Delay(ns)  Physical Resource
                                                       Logical Resource(s)
    -------------------------------------------------  -------------------
    SLICE_X21Y27.BQ      Tcko                  0.198   u4/cuenta<6>
                                                       u4/cuenta_5
    SLICE_X21Y27.B5      net (fanout=20)       0.098   u4/cuenta<5>
    SLICE_X21Y27.CLK     Tah         (-Th)    -0.215   u4/cuenta<6>
                                                       u4/cuenta_5_rstpot
                                                       u4/cuenta_5
    -------------------------------------------------  ---------------------------
    Total                                      0.511ns (0.413ns logic, 0.098ns route)
                                                       (80.8% logic, 19.2% route)

--------------------------------------------------------------------------------

Component Switching Limit Checks: TS_sys_clk_pin = PERIOD TIMEGRP "sys_clk_pin" 100 MHz HIGH 50%;
--------------------------------------------------------------------------------
Slack: 8.270ns (period - min period limit)
  Period: 10.000ns
  Min period limit: 1.730ns (578.035MHz) (Tbcper_I)
  Physical resource: clk_BUFGP/BUFG/I0
  Logical resource: clk_BUFGP/BUFG/I0
  Location pin: BUFGMUX_X3Y13.I0
  Clock network: clk_BUFGP/IBUFG
--------------------------------------------------------------------------------
Slack: 9.595ns (period - min period limit)
  Period: 10.000ns
  Min period limit: 0.405ns (2469.136MHz) (Tcp)
  Physical resource: u4/aux/CLK
  Logical resource: u4/unseg/CK
  Location pin: SLICE_X22Y28.CLK
  Clock network: clk_BUFGP
--------------------------------------------------------------------------------
Slack: 9.595ns (period - min period limit)
  Period: 10.000ns
  Min period limit: 0.405ns (2469.136MHz) (Tcp)
  Physical resource: u4/aux/CLK
  Logical resource: u4/aux/CK
  Location pin: SLICE_X22Y28.CLK
  Clock network: clk_BUFGP
--------------------------------------------------------------------------------


All constraints were met.


Data Sheet report:
-----------------
All values displayed in nanoseconds (ns)

Clock to Setup on destination clock clk
---------------+---------+---------+---------+---------+
               | Src:Rise| Src:Fall| Src:Rise| Src:Fall|
Source Clock   |Dest:Rise|Dest:Rise|Dest:Fall|Dest:Fall|
---------------+---------+---------+---------+---------+
clk            |    3.077|         |         |         |
---------------+---------+---------+---------+---------+


Timing summary:
---------------

Timing errors: 0  Score: 0  (Setup/Max: 0, Hold: 0)

Constraints cover 515 paths, 0 nets, and 160 connections

Design statistics:
   Minimum period:   3.077ns{1}   (Maximum frequency: 324.992MHz)


------------------------------------Footnotes-----------------------------------
1)  The minimum period statistic assumes all single cycle delays.

Analysis completed Thu Apr  9 12:47:11 2020 
--------------------------------------------------------------------------------

Trace Settings:
-------------------------
Trace Settings 

Peak Memory Usage: 397 MB



