Command line:
   tes0_isim_beh.exe
     -simmode  gui
     -simrunnum  0
     -socket  43563

Thu Dec 19 13:57:01 2019


 Elaboration Time: 0.03 sec

 Current Memory Usage: 196.436 Meg

 Total Signals          : 6
 Total Nets             : 15
 Total Signal Drivers   : 6
 Total Blocks           : 3
 Total Primitive Blocks : 2
 Total Processes        : 6
 Total Traceable Variables  : 8
 Total Scalar Nets and Variables : 375
Total Line Count : 35

 Total Simulation Time: 0.04 sec

 Current Memory Usage: 274.035 Meg

Thu Dec 19 13:57:07 2019

