Command line:
   tes_isim_beh.exe
     -simmode  gui
     -simrunnum  0
     -socket  39870

Sat Apr 11 13:26:33 2020


 Elaboration Time: 0.03 sec

 Current Memory Usage: 196.432 Meg

 Total Signals          : 9
 Total Nets             : 19
 Total Signal Drivers   : 5
 Total Blocks           : 3
 Total Primitive Blocks : 2
 Total Processes        : 5
 Total Traceable Variables  : 9
 Total Scalar Nets and Variables : 380
Total Line Count : 18

 Total Simulation Time: 0.04 sec

 Current Memory Usage: 274.031 Meg

Sat Apr 11 13:27:45 2020

