Running: /opt/Xilinx/14.7/ISE_DS/ISE/bin/lin64/unwrapped/fuse -intstyle ise -incremental -lib secureip -o /home/ise/OSwin7/Cronometro/Cuenta0a9/tes0_isim_beh.exe -prj /home/ise/OSwin7/Cronometro/Cuenta0a9/tes0_beh.prj work.tes0 
ISim P.20160913 (signature 0xfbc00daa)
Number of CPUs detected in this system: 1
Turning on mult-threading, number of parallel sub-compilation jobs: 0 
Determining compilation order of HDL files
Parsing VHDL file "/home/ise/OSwin7/Cronometro/Cuenta0a9/Cuenta0a9.vhd" into library work
Parsing VHDL file "/home/ise/OSwin7/Cronometro/Cuenta0a9/tes0.vhd" into library work
Starting static elaboration
Completed static elaboration
Fuse Memory Usage: 96652 KB
Fuse CPU Usage: 1080 ms
Compiling package standard
Compiling package std_logic_1164
Compiling package std_logic_arith
Compiling package std_logic_unsigned
Compiling architecture behavioral of entity Cuenta0a9 [cuenta0a9_default]
Compiling architecture behavior of entity tes0
Time Resolution for simulation is 1ps.
Compiled 7 VHDL Units
Built simulation executable /home/ise/OSwin7/Cronometro/Cuenta0a9/tes0_isim_beh.exe
Fuse Memory Usage: 111876 KB
Fuse CPU Usage: 1220 ms
GCC CPU Usage: 210 ms
