Command line:
   tes0_isim_beh.exe
     -simmode  gui
     -simrunnum  0
     -socket  38295

Sat Apr 11 21:33:23 2020


 Elaboration Time: 0.09 sec

 Current Memory Usage: 196.432 Meg

 Total Signals          : 10
 Total Nets             : 19
 Total Signal Drivers   : 5
 Total Blocks           : 3
 Total Primitive Blocks : 2
 Total Processes        : 5
 Total Traceable Variables  : 9
 Total Scalar Nets and Variables : 380
Total Line Count : 19

 Total Simulation Time: 0.12 sec

 Current Memory Usage: 274.031 Meg

Sat Apr 11 21:34:14 2020

