Release 14.7 - xst P.20160913 (lin64)
Copyright (c) 1995-2013 Xilinx, Inc.  All rights reserved.
--> 
Parameter TMPDIR set to xst/projnav.tmp


Total REAL time to Xst completion: 0.00 secs
Total CPU time to Xst completion: 0.04 secs
 
--> 
Parameter xsthdpdir set to xst


Total REAL time to Xst completion: 0.00 secs
Total CPU time to Xst completion: 0.04 secs
 
--> 
Reading design: SuperiorConatadorDisplay.prj

TABLE OF CONTENTS
  1) Synthesis Options Summary
  2) HDL Parsing
  3) HDL Elaboration
  4) HDL Synthesis
       4.1) HDL Synthesis Report
  5) Advanced HDL Synthesis
       5.1) Advanced HDL Synthesis Report
  6) Low Level Synthesis
  7) Partition Report
  8) Design Summary
       8.1) Primitive and Black Box Usage
       8.2) Device utilization summary
       8.3) Partition Resource Summary
       8.4) Timing Report
            8.4.1) Clock Information
            8.4.2) Asynchronous Control Signals Information
            8.4.3) Timing Summary
            8.4.4) Timing Details
            8.4.5) Cross Clock Domains Report


=========================================================================
*                      Synthesis Options Summary                        *
=========================================================================
---- Source Parameters
Input File Name                    : "SuperiorConatadorDisplay.prj"
Ignore Synthesis Constraint File   : NO

---- Target Parameters
Output File Name                   : "SuperiorConatadorDisplay"
Output Format                      : NGC
Target Device                      : xc6slx16-3-csg324

---- Source Options
Top Module Name                    : SuperiorConatadorDisplay
Automatic FSM Extraction           : YES
FSM Encoding Algorithm             : Auto
Safe Implementation                : No
FSM Style                          : LUT
RAM Extraction                     : Yes
RAM Style                          : Auto
ROM Extraction                     : Yes
Shift Register Extraction          : YES
ROM Style                          : Auto
Resource Sharing                   : YES
Asynchronous To Synchronous        : NO
Shift Register Minimum Size        : 2
Use DSP Block                      : Auto
Automatic Register Balancing       : No

---- Target Options
LUT Combining                      : Auto
Reduce Control Sets                : Auto
Add IO Buffers                     : YES
Global Maximum Fanout              : 100000
Add Generic Clock Buffer(BUFG)     : 16
Register Duplication               : YES
Optimize Instantiated Primitives   : NO
Use Clock Enable                   : Auto
Use Synchronous Set                : Auto
Use Synchronous Reset              : Auto
Pack IO Registers into IOBs        : Auto
Equivalent register Removal        : YES

---- General Options
Optimization Goal                  : Speed
Optimization Effort                : 1
Power Reduction                    : NO
Keep Hierarchy                     : No
Netlist Hierarchy                  : As_Optimized
RTL Output                         : Yes
Global Optimization                : AllClockNets
Read Cores                         : YES
Write Timing Constraints           : NO
Cross Clock Analysis               : NO
Hierarchy Separator                : /
Bus Delimiter                      : <>
Case Specifier                     : Maintain
Slice Utilization Ratio            : 100
BRAM Utilization Ratio             : 100
DSP48 Utilization Ratio            : 100
Auto BRAM Packing                  : NO
Slice Utilization Ratio Delta      : 5

=========================================================================


=========================================================================
*                          HDL Parsing                                  *
=========================================================================
Parsing VHDL file "/home/ise/Secuencial_Nexys3/BloquesSecuenciales/ContadorDisplay/ModuloDisplay.vhd" into library work
Parsing entity <ModuloDisplay>.
Parsing architecture <Behavioral> of entity <modulodisplay>.
Parsing VHDL file "/home/ise/Secuencial_Nexys3/BloquesSecuenciales/ContadorDisplay/divide.vhd" into library work
Parsing entity <divide>.
Parsing architecture <Behavioral> of entity <divide>.
Parsing VHDL file "/home/ise/Secuencial_Nexys3/BloquesSecuenciales/ContadorDisplay/contador.vhd" into library work
Parsing entity <contador>.
Parsing architecture <Behavioral> of entity <contador>.
Parsing VHDL file "/home/ise/Secuencial_Nexys3/BloquesSecuenciales/ContadorDisplay/SuperiorConatadorDisplay.vhf" into library work
Parsing entity <SuperiorConatadorDisplay>.
Parsing architecture <BEHAVIORAL> of entity <superiorconatadordisplay>.

=========================================================================
*                            HDL Elaboration                            *
=========================================================================

Elaborating entity <SuperiorConatadorDisplay> (architecture <BEHAVIORAL>) from library <work>.

Elaborating entity <ModuloDisplay> (architecture <Behavioral>) from library <work>.
INFO:HDLCompiler:679 - "/home/ise/Secuencial_Nexys3/BloquesSecuenciales/ContadorDisplay/ModuloDisplay.vhd" Line 33. Case statement is complete. others clause is never selected

Elaborating entity <contador> (architecture <Behavioral>) from library <work>.

Elaborating entity <divide> (architecture <Behavioral>) from library <work>.

=========================================================================
*                           HDL Synthesis                               *
=========================================================================

Synthesizing Unit <SuperiorConatadorDisplay>.
    Related source file is "/home/ise/Secuencial_Nexys3/BloquesSecuenciales/ContadorDisplay/SuperiorConatadorDisplay.vhf".
    Summary:
	no macro.
Unit <SuperiorConatadorDisplay> synthesized.

Synthesizing Unit <ModuloDisplay>.
    Related source file is "/home/ise/Secuencial_Nexys3/BloquesSecuenciales/ContadorDisplay/ModuloDisplay.vhd".
    Found 16x7-bit Read Only RAM for signal <segmento>
    Summary:
	inferred   1 RAM(s).
Unit <ModuloDisplay> synthesized.

Synthesizing Unit <contador>.
    Related source file is "/home/ise/Secuencial_Nexys3/BloquesSecuenciales/ContadorDisplay/contador.vhd".
    Found 4-bit register for signal <cuenta>.
    Found 4-bit adder for signal <cuenta[3]_GND_9_o_add_0_OUT> created at line 27.
    Summary:
	inferred   1 Adder/Subtractor(s).
	inferred   4 D-type flip-flop(s).
Unit <contador> synthesized.

Synthesizing Unit <divide>.
    Related source file is "/home/ise/Secuencial_Nexys3/BloquesSecuenciales/ContadorDisplay/divide.vhd".
    Found 26-bit register for signal <cuenta>.
    Found 1-bit register for signal <unseg>.
    Found 1-bit register for signal <aux>.
    Found 26-bit adder for signal <cuenta[25]_GND_10_o_add_1_OUT> created at line 41.
    Summary:
	inferred   1 Adder/Subtractor(s).
	inferred  28 D-type flip-flop(s).
	inferred   1 Multiplexer(s).
Unit <divide> synthesized.

=========================================================================
HDL Synthesis Report

Macro Statistics
# RAMs                                                 : 1
 16x7-bit single-port Read Only RAM                    : 1
# Adders/Subtractors                                   : 2
 26-bit adder                                          : 1
 4-bit adder                                           : 1
# Registers                                            : 4
 1-bit register                                        : 2
 26-bit register                                       : 1
 4-bit register                                        : 1
# Multiplexers                                         : 1
 26-bit 2-to-1 multiplexer                             : 1

=========================================================================

=========================================================================
*                       Advanced HDL Synthesis                          *
=========================================================================


Synthesizing (advanced) Unit <ModuloDisplay>.
INFO:Xst:3218 - HDL ADVISOR - The RAM <Mram_segmento> will be implemented on LUTs either because you have described an asynchronous read or because of currently unsupported block RAM features. If you have described an asynchronous read, making it synchronous would allow you to take advantage of available block RAM resources, for optimized device usage and improved timings. Please refer to your documentation for coding guidelines.
    -----------------------------------------------------------------------
    | ram_type           | Distributed                         |          |
    -----------------------------------------------------------------------
    | Port A                                                              |
    |     aspect ratio   | 16-word x 7-bit                     |          |
    |     weA            | connected to signal <GND>           | high     |
    |     addrA          | connected to signal <A>             |          |
    |     diA            | connected to signal <GND>           |          |
    |     doA            | connected to signal <segmento>      |          |
    -----------------------------------------------------------------------
Unit <ModuloDisplay> synthesized (advanced).

Synthesizing (advanced) Unit <contador>.
The following registers are absorbed into counter <cuenta>: 1 register on signal <cuenta>.
Unit <contador> synthesized (advanced).

Synthesizing (advanced) Unit <divide>.
The following registers are absorbed into counter <cuenta>: 1 register on signal <cuenta>.
Unit <divide> synthesized (advanced).

=========================================================================
Advanced HDL Synthesis Report

Macro Statistics
# RAMs                                                 : 1
 16x7-bit single-port distributed Read Only RAM        : 1
# Counters                                             : 2
 26-bit up counter                                     : 1
 4-bit up counter                                      : 1
# Registers                                            : 2
 Flip-Flops                                            : 2

=========================================================================

=========================================================================
*                         Low Level Synthesis                           *
=========================================================================

Optimizing unit <SuperiorConatadorDisplay> ...

Mapping all equations...
Building and optimizing final netlist ...
Found area constraint ratio of 100 (+ 5) on block SuperiorConatadorDisplay, actual ratio is 0.

Final Macro Processing ...

=========================================================================
Final Register Report

Macro Statistics
# Registers                                            : 32
 Flip-Flops                                            : 32

=========================================================================

=========================================================================
*                           Partition Report                            *
=========================================================================

Partition Implementation Status
-------------------------------

  No Partitions were found in this design.

-------------------------------

=========================================================================
*                            Design Summary                             *
=========================================================================

Top Level Output File Name         : SuperiorConatadorDisplay.ngc

Primitive and Black Box Usage:
------------------------------
# BELS                             : 123
#      GND                         : 1
#      INV                         : 3
#      LUT1                        : 25
#      LUT2                        : 27
#      LUT3                        : 1
#      LUT4                        : 8
#      LUT6                        : 6
#      MUXCY                       : 25
#      VCC                         : 1
#      XORCY                       : 26
# FlipFlops/Latches                : 32
#      FDC                         : 31
#      FDCE                        : 1
# Clock Buffers                    : 1
#      BUFGP                       : 1
# IO Buffers                       : 12
#      IBUF                        : 1
#      OBUF                        : 11

Device utilization summary:
---------------------------

Selected Device : 6slx16csg324-3 


Slice Logic Utilization: 
 Number of Slice Registers:              32  out of  18224     0%  
 Number of Slice LUTs:                   70  out of   9112     0%  
    Number used as Logic:                70  out of   9112     0%  

Slice Logic Distribution: 
 Number of LUT Flip Flop pairs used:     70
   Number with an unused Flip Flop:      38  out of     70    54%  
   Number with an unused LUT:             0  out of     70     0%  
   Number of fully used LUT-FF pairs:    32  out of     70    45%  
   Number of unique control sets:         3

IO Utilization: 
 Number of IOs:                          13
 Number of bonded IOBs:                  13  out of    232     5%  

Specific Feature Utilization:
 Number of BUFG/BUFGCTRLs:                1  out of     16     6%  

---------------------------
Partition Resource Summary:
---------------------------

  No Partitions were found in this design.

---------------------------


=========================================================================
Timing Report

NOTE: THESE TIMING NUMBERS ARE ONLY A SYNTHESIS ESTIMATE.
      FOR ACCURATE TIMING INFORMATION PLEASE REFER TO THE TRACE REPORT
      GENERATED AFTER PLACE-and-ROUTE.

Clock Information:
------------------
-----------------------------------+------------------------+-------+
Clock Signal                       | Clock buffer(FF name)  | Load  |
-----------------------------------+------------------------+-------+
clk                                | BUFGP                  | 28    |
XLXI_3/aux                         | NONE(XLXI_2/cuenta_0)  | 4     |
-----------------------------------+------------------------+-------+
INFO:Xst:2169 - HDL ADVISOR - Some clock signals were not automatically buffered by XST with BUFG/BUFR resources. Please use the buffer_type constraint in order to insert these buffers to the clock signals to help prevent skew problems.

Asynchronous Control Signals Information:
----------------------------------------
No asynchronous control signals found in this design

Timing Summary:
---------------
Speed Grade: -3

   Minimum period: 3.964ns (Maximum Frequency: 252.296MHz)
   Minimum input arrival time before clock: 2.943ns
   Maximum output required time after clock: 4.930ns
   Maximum combinational path delay: No path found

Timing Details:
---------------
All values displayed in nanoseconds (ns)

=========================================================================
Timing constraint: Default period analysis for Clock 'clk'
  Clock period: 3.964ns (frequency: 252.296MHz)
  Total number of paths / destination ports: 1055 / 29
-------------------------------------------------------------------------
Delay:               3.964ns (Levels of Logic = 3)
  Source:            XLXI_3/cuenta_8 (FF)
  Destination:       XLXI_3/cuenta_13 (FF)
  Source Clock:      clk rising
  Destination Clock: clk rising

  Data Path: XLXI_3/cuenta_8 to XLXI_3/cuenta_13
                                Gate     Net
    Cell:in->out      fanout   Delay   Delay  Logical Name (Net Name)
    ----------------------------------------  ------------
     FDC:C->Q              2   0.447   0.981  XLXI_3/cuenta_8 (XLXI_3/cuenta_8)
     LUT6:I0->O            2   0.203   0.864  XLXI_3/PWR_10_o_cuenta[25]_equal_1_o<25>4 (XLXI_3/PWR_10_o_cuenta[25]_equal_1_o<25>3)
     LUT6:I2->O           14   0.203   0.958  XLXI_3/PWR_10_o_cuenta[25]_equal_1_o<25>5 (XLXI_3/PWR_10_o_cuenta[25]_equal_1_o)
     LUT2:I1->O            1   0.205   0.000  XLXI_3/Mcount_cuenta_eqn_251 (XLXI_3/Mcount_cuenta_eqn_25)
     FDC:D                     0.102          XLXI_3/cuenta_25
    ----------------------------------------
    Total                      3.964ns (1.160ns logic, 2.804ns route)
                                       (29.3% logic, 70.7% route)

=========================================================================
Timing constraint: Default period analysis for Clock 'XLXI_3/aux'
  Clock period: 2.216ns (frequency: 451.233MHz)
  Total number of paths / destination ports: 10 / 4
-------------------------------------------------------------------------
Delay:               2.216ns (Levels of Logic = 1)
  Source:            XLXI_2/cuenta_0 (FF)
  Destination:       XLXI_2/cuenta_0 (FF)
  Source Clock:      XLXI_3/aux rising
  Destination Clock: XLXI_3/aux rising

  Data Path: XLXI_2/cuenta_0 to XLXI_2/cuenta_0
                                Gate     Net
    Cell:in->out      fanout   Delay   Delay  Logical Name (Net Name)
    ----------------------------------------  ------------
     FDC:C->Q             11   0.447   0.882  XLXI_2/cuenta_0 (XLXI_2/cuenta_0)
     INV:I->O              1   0.206   0.579  XLXI_2/Mcount_cuenta_xor<0>11_INV_0 (Result<0>1)
     FDC:D                     0.102          XLXI_2/cuenta_0
    ----------------------------------------
    Total                      2.216ns (0.755ns logic, 1.461ns route)
                                       (34.1% logic, 65.9% route)

=========================================================================
Timing constraint: Default OFFSET IN BEFORE for Clock 'clk'
  Total number of paths / destination ports: 28 / 28
-------------------------------------------------------------------------
Offset:              2.943ns (Levels of Logic = 1)
  Source:            reset (PAD)
  Destination:       XLXI_3/aux (FF)
  Destination Clock: clk rising

  Data Path: reset to XLXI_3/aux
                                Gate     Net
    Cell:in->out      fanout   Delay   Delay  Logical Name (Net Name)
    ----------------------------------------  ------------
     IBUF:I->O            32   1.222   1.291  reset_IBUF (reset_IBUF)
     FDC:CLR                   0.430          XLXI_3/unseg
    ----------------------------------------
    Total                      2.943ns (1.652ns logic, 1.291ns route)
                                       (56.1% logic, 43.9% route)

=========================================================================
Timing constraint: Default OFFSET IN BEFORE for Clock 'XLXI_3/aux'
  Total number of paths / destination ports: 4 / 4
-------------------------------------------------------------------------
Offset:              2.943ns (Levels of Logic = 1)
  Source:            reset (PAD)
  Destination:       XLXI_2/cuenta_0 (FF)
  Destination Clock: XLXI_3/aux rising

  Data Path: reset to XLXI_2/cuenta_0
                                Gate     Net
    Cell:in->out      fanout   Delay   Delay  Logical Name (Net Name)
    ----------------------------------------  ------------
     IBUF:I->O            32   1.222   1.291  reset_IBUF (reset_IBUF)
     FDC:CLR                   0.430          XLXI_2/cuenta_0
    ----------------------------------------
    Total                      2.943ns (1.652ns logic, 1.291ns route)
                                       (56.1% logic, 43.9% route)

=========================================================================
Timing constraint: Default OFFSET OUT AFTER for Clock 'XLXI_3/aux'
  Total number of paths / destination ports: 28 / 7
-------------------------------------------------------------------------
Offset:              4.930ns (Levels of Logic = 2)
  Source:            XLXI_2/cuenta_0 (FF)
  Destination:       Seg<5> (PAD)
  Source Clock:      XLXI_3/aux rising

  Data Path: XLXI_2/cuenta_0 to Seg<5>
                                Gate     Net
    Cell:in->out      fanout   Delay   Delay  Logical Name (Net Name)
    ----------------------------------------  ------------
     FDC:C->Q             11   0.447   1.130  XLXI_2/cuenta_0 (XLXI_2/cuenta_0)
     LUT4:I0->O            1   0.203   0.579  XLXI_1/Mram_segmento41 (Seg_4_OBUF)
     OBUF:I->O                 2.571          Seg_4_OBUF (Seg<4>)
    ----------------------------------------
    Total                      4.930ns (3.221ns logic, 1.709ns route)
                                       (65.3% logic, 34.7% route)

=========================================================================

Cross Clock Domains Report:
--------------------------

Clock to Setup on destination clock XLXI_3/aux
---------------+---------+---------+---------+---------+
               | Src:Rise| Src:Fall| Src:Rise| Src:Fall|
Source Clock   |Dest:Rise|Dest:Rise|Dest:Fall|Dest:Fall|
---------------+---------+---------+---------+---------+
XLXI_3/aux     |    2.216|         |         |         |
---------------+---------+---------+---------+---------+

Clock to Setup on destination clock clk
---------------+---------+---------+---------+---------+
               | Src:Rise| Src:Fall| Src:Rise| Src:Fall|
Source Clock   |Dest:Rise|Dest:Rise|Dest:Fall|Dest:Fall|
---------------+---------+---------+---------+---------+
clk            |    3.964|         |         |         |
---------------+---------+---------+---------+---------+

=========================================================================


Total REAL time to Xst completion: 13.00 secs
Total CPU time to Xst completion: 12.11 secs
 
--> 


Total memory usage is 402324 kilobytes

Number of errors   :    0 (   0 filtered)
Number of warnings :    0 (   0 filtered)
Number of infos    :    2 (   0 filtered)

