Running: /opt/Xilinx/14.7/ISE_DS/ISE/bin/lin64/unwrapped/fuse -intstyle ise -incremental -lib secureip -o /home/ise/Codigos_VHDL/BloquesCombinacionales/Display7segmento/tes0_isim_beh.exe -prj /home/ise/Codigos_VHDL/BloquesCombinacionales/Display7segmento/tes0_beh.prj work.tes0 
ISim P.20160913 (signature 0xfbc00daa)
Number of CPUs detected in this system: 1
Turning on mult-threading, number of parallel sub-compilation jobs: 0 
Determining compilation order of HDL files
Parsing VHDL file "/home/ise/Codigos_VHDL/BloquesCombinacionales/Display7segmento/ModuloDisplay.vhd" into library work
Parsing VHDL file "/home/ise/Codigos_VHDL/BloquesCombinacionales/Display7segmento/tes0.vhd" into library work
Starting static elaboration
Completed static elaboration
Fuse Memory Usage: 95300 KB
Fuse CPU Usage: 1110 ms
Compiling package standard
Compiling package std_logic_1164
Compiling architecture behavioral of entity ModuloDisplay [modulodisplay_default]
Compiling architecture behavior of entity tes0
Time Resolution for simulation is 1ps.
Compiled 5 VHDL Units
Built simulation executable /home/ise/Codigos_VHDL/BloquesCombinacionales/Display7segmento/tes0_isim_beh.exe
Fuse Memory Usage: 103944 KB
Fuse CPU Usage: 1170 ms
GCC CPU Usage: 190 ms
