--------------------------------------------------------------------------------
Release 14.7 Trace  (lin64)
Copyright (c) 1995-2013 Xilinx, Inc.  All rights reserved.

/opt/Xilinx/14.7/ISE_DS/ISE/bin/lin64/unwrapped/trce -intstyle ise -v 3 -s 3 -n
3 -fastpaths -xml ModuloDisplay.twx ModuloDisplay.ncd -o ModuloDisplay.twr
ModuloDisplay.pcf -ucf pines.ucf

Design file:              ModuloDisplay.ncd
Physical constraint file: ModuloDisplay.pcf
Device,package,speed:     xc6slx16,csg324,C,-3 (PRODUCTION 1.23 2016-11-22)
Report level:             verbose report

Environment Variable      Effect 
--------------------      ------ 
NONE                      No environment variables were set
--------------------------------------------------------------------------------

INFO:Timing:2698 - No timing constraints found, doing default enumeration.
INFO:Timing:3412 - To improve timing, see the Timing Closure User Guide (UG612).
INFO:Timing:2752 - To get complete path coverage, use the unconstrained paths 
   option. All paths that are not constrained will be reported in the 
   unconstrained paths section(s) of the report.
INFO:Timing:3339 - The clock-to-out numbers in this timing report are based on 
   a 50 Ohm transmission line loading model.  For the details of this model, 
   and for more information on accounting for different loading conditions, 
   please see the device datasheet.



Data Sheet report:
-----------------
All values displayed in nanoseconds (ns)

Pad to Pad
---------------+---------------+---------+
Source Pad     |Destination Pad|  Delay  |
---------------+---------------+---------+
DatoIn<0>      |segmento<0>    |    8.772|
DatoIn<0>      |segmento<1>    |    8.528|
DatoIn<0>      |segmento<2>    |    8.549|
DatoIn<0>      |segmento<3>    |    8.492|
DatoIn<0>      |segmento<4>    |    8.142|
DatoIn<0>      |segmento<5>    |    8.532|
DatoIn<0>      |segmento<6>    |    8.398|
DatoIn<1>      |segmento<0>    |    8.795|
DatoIn<1>      |segmento<1>    |    8.897|
DatoIn<1>      |segmento<2>    |    8.903|
DatoIn<1>      |segmento<3>    |    8.515|
DatoIn<1>      |segmento<4>    |    8.209|
DatoIn<1>      |segmento<5>    |    8.886|
DatoIn<1>      |segmento<6>    |    8.465|
DatoIn<2>      |segmento<0>    |    8.513|
DatoIn<2>      |segmento<1>    |    8.487|
DatoIn<2>      |segmento<2>    |    8.358|
DatoIn<2>      |segmento<3>    |    8.233|
DatoIn<2>      |segmento<4>    |    8.176|
DatoIn<2>      |segmento<5>    |    8.341|
DatoIn<2>      |segmento<6>    |    8.432|
DatoIn<3>      |segmento<0>    |    8.647|
DatoIn<3>      |segmento<1>    |    8.972|
DatoIn<3>      |segmento<2>    |    8.556|
DatoIn<3>      |segmento<3>    |    8.367|
DatoIn<3>      |segmento<4>    |    8.516|
DatoIn<3>      |segmento<5>    |    8.539|
DatoIn<3>      |segmento<6>    |    8.772|
---------------+---------------+---------+


Analysis completed Thu Aug 15 19:15:34 2019 
--------------------------------------------------------------------------------

Trace Settings:
-------------------------
Trace Settings 

Peak Memory Usage: 389 MB



