Release 14.7 - xst P.20160913 (lin64)
Copyright (c) 1995-2013 Xilinx, Inc.  All rights reserved.
--> 
Parameter TMPDIR set to xst/projnav.tmp


Total REAL time to Xst completion: 0.00 secs
Total CPU time to Xst completion: 0.04 secs
 
--> 
Parameter xsthdpdir set to xst


Total REAL time to Xst completion: 0.00 secs
Total CPU time to Xst completion: 0.04 secs
 
--> 
Reading design: SuperiorBinarioDecimal.prj

TABLE OF CONTENTS
  1) Synthesis Options Summary
  2) HDL Parsing
  3) HDL Elaboration
  4) HDL Synthesis
       4.1) HDL Synthesis Report
  5) Advanced HDL Synthesis
       5.1) Advanced HDL Synthesis Report
  6) Low Level Synthesis
  7) Partition Report
  8) Design Summary
       8.1) Primitive and Black Box Usage
       8.2) Device utilization summary
       8.3) Partition Resource Summary
       8.4) Timing Report
            8.4.1) Clock Information
            8.4.2) Asynchronous Control Signals Information
            8.4.3) Timing Summary
            8.4.4) Timing Details
            8.4.5) Cross Clock Domains Report


=========================================================================
*                      Synthesis Options Summary                        *
=========================================================================
---- Source Parameters
Input File Name                    : "SuperiorBinarioDecimal.prj"
Ignore Synthesis Constraint File   : NO

---- Target Parameters
Output File Name                   : "SuperiorBinarioDecimal"
Output Format                      : NGC
Target Device                      : xc6slx16-3-csg324

---- Source Options
Top Module Name                    : SuperiorBinarioDecimal
Automatic FSM Extraction           : YES
FSM Encoding Algorithm             : Auto
Safe Implementation                : No
FSM Style                          : LUT
RAM Extraction                     : Yes
RAM Style                          : Auto
ROM Extraction                     : Yes
Shift Register Extraction          : YES
ROM Style                          : Auto
Resource Sharing                   : YES
Asynchronous To Synchronous        : NO
Shift Register Minimum Size        : 2
Use DSP Block                      : Auto
Automatic Register Balancing       : No

---- Target Options
LUT Combining                      : Auto
Reduce Control Sets                : Auto
Add IO Buffers                     : YES
Global Maximum Fanout              : 100000
Add Generic Clock Buffer(BUFG)     : 16
Register Duplication               : YES
Optimize Instantiated Primitives   : NO
Use Clock Enable                   : Auto
Use Synchronous Set                : Auto
Use Synchronous Reset              : Auto
Pack IO Registers into IOBs        : Auto
Equivalent register Removal        : YES

---- General Options
Optimization Goal                  : Speed
Optimization Effort                : 1
Power Reduction                    : NO
Keep Hierarchy                     : No
Netlist Hierarchy                  : As_Optimized
RTL Output                         : Yes
Global Optimization                : AllClockNets
Read Cores                         : YES
Write Timing Constraints           : NO
Cross Clock Analysis               : NO
Hierarchy Separator                : /
Bus Delimiter                      : <>
Case Specifier                     : Maintain
Slice Utilization Ratio            : 100
BRAM Utilization Ratio             : 100
DSP48 Utilization Ratio            : 100
Auto BRAM Packing                  : NO
Slice Utilization Ratio Delta      : 5

=========================================================================


=========================================================================
*                          HDL Parsing                                  *
=========================================================================
Parsing VHDL file "/home/ise/Codigos_VHDL_Nexys3/BloquesSecuenciales/BinarioDecimalVer2/negacion.vhd" into library work
Parsing entity <negacion>.
Parsing architecture <Behavioral> of entity <negacion>.
Parsing VHDL file "/home/ise/Codigos_VHDL_Nexys3/BloquesSecuenciales/BinarioDecimalVer2/mux4a1.vhd" into library work
Parsing entity <mux4a1>.
Parsing architecture <Behavioral> of entity <mux4a1>.
Parsing VHDL file "/home/ise/Codigos_VHDL_Nexys3/BloquesSecuenciales/BinarioDecimalVer2/Modulo_BinBcd.vhd" into library work
Parsing entity <Modulo_BinBcd>.
Parsing architecture <Behavioral> of entity <modulo_binbcd>.
Parsing VHDL file "/home/ise/Codigos_VHDL_Nexys3/BloquesSecuenciales/BinarioDecimalVer2/divide.vhd" into library work
Parsing entity <divide>.
Parsing architecture <Behavioral> of entity <divide>.
Parsing VHDL file "/home/ise/Codigos_VHDL_Nexys3/BloquesSecuenciales/BinarioDecimalVer2/display.vhd" into library work
Parsing entity <display>.
Parsing architecture <Behavioral> of entity <display>.
Parsing VHDL file "/home/ise/Codigos_VHDL_Nexys3/BloquesSecuenciales/BinarioDecimalVer2/cuenta.vhd" into library work
Parsing entity <cuenta>.
Parsing architecture <Behavioral> of entity <cuenta>.
Parsing VHDL file "/home/ise/Codigos_VHDL_Nexys3/BloquesSecuenciales/BinarioDecimalVer2/SuperiorBinarioDecimal.vhd" into library work
Parsing entity <SuperiorBinarioDecimal>.
Parsing architecture <Behavioral> of entity <superiorbinariodecimal>.

=========================================================================
*                            HDL Elaboration                            *
=========================================================================

Elaborating entity <SuperiorBinarioDecimal> (architecture <Behavioral>) from library <work>.

Elaborating entity <Modulo_BinBcd> (architecture <Behavioral>) from library <work>.

Elaborating entity <mux4a1> (architecture <Behavioral>) from library <work>.

Elaborating entity <display> (architecture <Behavioral>) from library <work>.

Elaborating entity <cuenta> (architecture <Behavioral>) from library <work>.

Elaborating entity <negacion> (architecture <Behavioral>) from library <work>.

Elaborating entity <divide> (architecture <Behavioral>) from library <work>.

=========================================================================
*                           HDL Synthesis                               *
=========================================================================

Synthesizing Unit <SuperiorBinarioDecimal>.
    Related source file is "/home/ise/Codigos_VHDL_Nexys3/BloquesSecuenciales/BinarioDecimalVer2/SuperiorBinarioDecimal.vhd".
    Summary:
	no macro.
Unit <SuperiorBinarioDecimal> synthesized.

Synthesizing Unit <Modulo_BinBcd>.
    Related source file is "/home/ise/Codigos_VHDL_Nexys3/BloquesSecuenciales/BinarioDecimalVer2/Modulo_BinBcd.vhd".
    Found 4-bit adder for signal <GND_6_o_GND_6_o_add_1_OUT> created at line 25.
    Found 4-bit adder for signal <B[13]_GND_6_o_add_3_OUT> created at line 25.
    Found 4-bit adder for signal <B[12]_GND_6_o_add_5_OUT> created at line 25.
    Found 4-bit adder for signal <B[11]_GND_6_o_add_7_OUT> created at line 25.
    Found 4-bit adder for signal <GND_6_o_GND_6_o_add_9_OUT> created at line 28.
    Found 4-bit adder for signal <B[10]_GND_6_o_add_11_OUT> created at line 25.
    Found 4-bit adder for signal <GND_6_o_GND_6_o_add_13_OUT> created at line 28.
    Found 4-bit adder for signal <B[9]_GND_6_o_add_15_OUT> created at line 25.
    Found 4-bit adder for signal <B[13]_GND_6_o_add_17_OUT> created at line 28.
    Found 4-bit adder for signal <B[8]_GND_6_o_add_19_OUT> created at line 25.
    Found 4-bit adder for signal <B[12]_GND_6_o_add_21_OUT> created at line 28.
    Found 4-bit adder for signal <n0157> created at line 31.
    Found 4-bit adder for signal <B[7]_GND_6_o_add_25_OUT> created at line 25.
    Found 4-bit adder for signal <B[11]_GND_6_o_add_27_OUT> created at line 28.
    Found 4-bit adder for signal <GND_6_o_GND_6_o_add_29_OUT> created at line 31.
    Found 4-bit adder for signal <B[6]_GND_6_o_add_31_OUT> created at line 25.
    Found 4-bit adder for signal <B[10]_GND_6_o_add_33_OUT> created at line 28.
    Found 4-bit adder for signal <GND_6_o_GND_6_o_add_35_OUT> created at line 31.
    Found 4-bit adder for signal <B[5]_GND_6_o_add_37_OUT> created at line 25.
    Found 4-bit adder for signal <B[9]_GND_6_o_add_39_OUT> created at line 28.
    Found 4-bit adder for signal <B[13]_GND_6_o_add_41_OUT> created at line 31.
    Found 4-bit adder for signal <B[4]_GND_6_o_add_43_OUT> created at line 25.
    Found 4-bit adder for signal <B[8]_GND_6_o_add_45_OUT> created at line 28.
    Found 4-bit adder for signal <B[12]_GND_6_o_add_47_OUT> created at line 31.
    Found 3-bit comparator greater for signal <PWR_6_o_B[13]_LessThan_1_o> created at line 24
    Found 4-bit comparator greater for signal <GND_6_o_B[13]_LessThan_3_o> created at line 24
    Found 4-bit comparator greater for signal <GND_6_o_B[12]_LessThan_5_o> created at line 24
    Found 4-bit comparator greater for signal <GND_6_o_B[11]_LessThan_7_o> created at line 24
    Found 3-bit comparator greater for signal <PWR_6_o_GND_6_o_LessThan_9_o> created at line 27
    Found 4-bit comparator greater for signal <GND_6_o_B[10]_LessThan_11_o> created at line 24
    Found 4-bit comparator greater for signal <GND_6_o_GND_6_o_LessThan_13_o> created at line 27
    Found 4-bit comparator greater for signal <GND_6_o_B[9]_LessThan_15_o> created at line 24
    Found 4-bit comparator greater for signal <GND_6_o_B[13]_LessThan_17_o> created at line 27
    Found 4-bit comparator greater for signal <GND_6_o_B[8]_LessThan_19_o> created at line 24
    Found 4-bit comparator greater for signal <GND_6_o_B[12]_LessThan_21_o> created at line 27
    Found 3-bit comparator greater for signal <PWR_6_o_GND_6_o_LessThan_23_o> created at line 30
    Found 4-bit comparator greater for signal <GND_6_o_B[7]_LessThan_25_o> created at line 24
    Found 4-bit comparator greater for signal <GND_6_o_B[11]_LessThan_27_o> created at line 27
    Found 4-bit comparator greater for signal <GND_6_o_GND_6_o_LessThan_29_o> created at line 30
    Found 4-bit comparator greater for signal <GND_6_o_B[6]_LessThan_31_o> created at line 24
    Found 4-bit comparator greater for signal <GND_6_o_B[10]_LessThan_33_o> created at line 27
    Found 4-bit comparator greater for signal <GND_6_o_GND_6_o_LessThan_35_o> created at line 30
    Found 4-bit comparator greater for signal <GND_6_o_B[5]_LessThan_37_o> created at line 24
    Found 4-bit comparator greater for signal <GND_6_o_B[9]_LessThan_39_o> created at line 27
    Found 4-bit comparator greater for signal <GND_6_o_B[13]_LessThan_41_o> created at line 30
    Found 4-bit comparator greater for signal <GND_6_o_B[4]_LessThan_43_o> created at line 24
    Found 4-bit comparator greater for signal <GND_6_o_B[8]_LessThan_45_o> created at line 27
    Found 4-bit comparator greater for signal <GND_6_o_B[12]_LessThan_47_o> created at line 30
    Summary:
	inferred  24 Adder/Subtractor(s).
	inferred  24 Comparator(s).
	inferred  95 Multiplexer(s).
Unit <Modulo_BinBcd> synthesized.

Synthesizing Unit <mux4a1>.
    Related source file is "/home/ise/Codigos_VHDL_Nexys3/BloquesSecuenciales/BinarioDecimalVer2/mux4a1.vhd".
    Found 4-bit 5-to-1 multiplexer for signal <fout> created at line 18.
    Summary:
	inferred   1 Multiplexer(s).
Unit <mux4a1> synthesized.

Synthesizing Unit <display>.
    Related source file is "/home/ise/Codigos_VHDL_Nexys3/BloquesSecuenciales/BinarioDecimalVer2/display.vhd".
    Found 16x7-bit Read Only RAM for signal <segmento>
    Summary:
	inferred   1 RAM(s).
Unit <display> synthesized.

Synthesizing Unit <cuenta>.
    Related source file is "/home/ise/Codigos_VHDL_Nexys3/BloquesSecuenciales/BinarioDecimalVer2/cuenta.vhd".
    Found 3-bit register for signal <cuenta>.
    Found 3-bit adder for signal <cuenta[2]_GND_9_o_add_1_OUT> created at line 24.
    Summary:
	inferred   1 Adder/Subtractor(s).
	inferred   3 D-type flip-flop(s).
	inferred   1 Multiplexer(s).
Unit <cuenta> synthesized.

Synthesizing Unit <negacion>.
    Related source file is "/home/ise/Codigos_VHDL_Nexys3/BloquesSecuenciales/BinarioDecimalVer2/negacion.vhd".
    Found 8x4-bit Read Only RAM for signal <anodo>
    Summary:
	inferred   1 RAM(s).
Unit <negacion> synthesized.

Synthesizing Unit <divide>.
    Related source file is "/home/ise/Codigos_VHDL_Nexys3/BloquesSecuenciales/BinarioDecimalVer2/divide.vhd".
    Found 1-bit register for signal <unseg>.
    Found 1-bit register for signal <aux>.
    Found 18-bit register for signal <cuenta>.
    Found 18-bit adder for signal <cuenta[17]_GND_11_o_add_1_OUT> created at line 35.
    Summary:
	inferred   1 Adder/Subtractor(s).
	inferred  20 D-type flip-flop(s).
Unit <divide> synthesized.

=========================================================================
HDL Synthesis Report

Macro Statistics
# RAMs                                                 : 2
 16x7-bit single-port Read Only RAM                    : 1
 8x4-bit single-port Read Only RAM                     : 1
# Adders/Subtractors                                   : 26
 18-bit adder                                          : 1
 3-bit adder                                           : 1
 4-bit adder                                           : 24
# Registers                                            : 4
 1-bit register                                        : 2
 18-bit register                                       : 1
 3-bit register                                        : 1
# Comparators                                          : 24
 3-bit comparator greater                              : 3
 4-bit comparator greater                              : 21
# Multiplexers                                         : 97
 1-bit 2-to-1 multiplexer                              : 95
 3-bit 2-to-1 multiplexer                              : 1
 4-bit 5-to-1 multiplexer                              : 1

=========================================================================

=========================================================================
*                       Advanced HDL Synthesis                          *
=========================================================================


Synthesizing (advanced) Unit <cuenta>.
The following registers are absorbed into counter <cuenta>: 1 register on signal <cuenta>.
Unit <cuenta> synthesized (advanced).

Synthesizing (advanced) Unit <display>.
INFO:Xst:3218 - HDL ADVISOR - The RAM <Mram_segmento> will be implemented on LUTs either because you have described an asynchronous read or because of currently unsupported block RAM features. If you have described an asynchronous read, making it synchronous would allow you to take advantage of available block RAM resources, for optimized device usage and improved timings. Please refer to your documentation for coding guidelines.
    -----------------------------------------------------------------------
    | ram_type           | Distributed                         |          |
    -----------------------------------------------------------------------
    | Port A                                                              |
    |     aspect ratio   | 16-word x 7-bit                     |          |
    |     weA            | connected to signal <GND>           | high     |
    |     addrA          | connected to signal <digito>        |          |
    |     diA            | connected to signal <GND>           |          |
    |     doA            | connected to signal <segmento>      |          |
    -----------------------------------------------------------------------
Unit <display> synthesized (advanced).

Synthesizing (advanced) Unit <divide>.
The following registers are absorbed into counter <cuenta>: 1 register on signal <cuenta>.
Unit <divide> synthesized (advanced).

Synthesizing (advanced) Unit <negacion>.
INFO:Xst:3218 - HDL ADVISOR - The RAM <Mram_anodo> will be implemented on LUTs either because you have described an asynchronous read or because of currently unsupported block RAM features. If you have described an asynchronous read, making it synchronous would allow you to take advantage of available block RAM resources, for optimized device usage and improved timings. Please refer to your documentation for coding guidelines.
    -----------------------------------------------------------------------
    | ram_type           | Distributed                         |          |
    -----------------------------------------------------------------------
    | Port A                                                              |
    |     aspect ratio   | 8-word x 4-bit                      |          |
    |     weA            | connected to signal <GND>           | high     |
    |     addrA          | connected to signal <btn>           |          |
    |     diA            | connected to signal <GND>           |          |
    |     doA            | connected to signal <anodo>         |          |
    -----------------------------------------------------------------------
Unit <negacion> synthesized (advanced).

=========================================================================
Advanced HDL Synthesis Report

Macro Statistics
# RAMs                                                 : 2
 16x7-bit single-port distributed Read Only RAM        : 1
 8x4-bit single-port distributed Read Only RAM         : 1
# Adders/Subtractors                                   : 24
 3-bit adder                                           : 1
 4-bit adder                                           : 23
# Counters                                             : 2
 18-bit up counter                                     : 1
 3-bit up counter                                      : 1
# Registers                                            : 2
 Flip-Flops                                            : 2
# Comparators                                          : 24
 3-bit comparator greater                              : 3
 4-bit comparator greater                              : 21
# Multiplexers                                         : 96
 1-bit 2-to-1 multiplexer                              : 95
 4-bit 5-to-1 multiplexer                              : 1

=========================================================================

=========================================================================
*                         Low Level Synthesis                           *
=========================================================================

Optimizing unit <SuperiorBinarioDecimal> ...

Optimizing unit <Modulo_BinBcd> ...

Mapping all equations...
Building and optimizing final netlist ...
Found area constraint ratio of 100 (+ 5) on block SuperiorBinarioDecimal, actual ratio is 1.

Final Macro Processing ...

=========================================================================
Final Register Report

Macro Statistics
# Registers                                            : 23
 Flip-Flops                                            : 23

=========================================================================

=========================================================================
*                           Partition Report                            *
=========================================================================

Partition Implementation Status
-------------------------------

  No Partitions were found in this design.

-------------------------------

=========================================================================
*                            Design Summary                             *
=========================================================================

Top Level Output File Name         : SuperiorBinarioDecimal.ngc

Primitive and Black Box Usage:
------------------------------
# BELS                             : 173
#      GND                         : 1
#      INV                         : 4
#      LUT1                        : 17
#      LUT2                        : 19
#      LUT3                        : 5
#      LUT4                        : 10
#      LUT5                        : 16
#      LUT6                        : 62
#      MUXCY                       : 17
#      MUXF7                       : 3
#      VCC                         : 1
#      XORCY                       : 18
# FlipFlops/Latches                : 23
#      FD                          : 19
#      FDC                         : 3
#      FDE                         : 1
# Clock Buffers                    : 1
#      BUFGP                       : 1
# IO Buffers                       : 26
#      IBUF                        : 15
#      OBUF                        : 11

Device utilization summary:
---------------------------

Selected Device : 6slx16csg324-3 


Slice Logic Utilization: 
 Number of Slice Registers:              23  out of  18224     0%  
 Number of Slice LUTs:                  133  out of   9112     1%  
    Number used as Logic:               133  out of   9112     1%  

Slice Logic Distribution: 
 Number of LUT Flip Flop pairs used:    133
   Number with an unused Flip Flop:     110  out of    133    82%  
   Number with an unused LUT:             0  out of    133     0%  
   Number of fully used LUT-FF pairs:    23  out of    133    17%  
   Number of unique control sets:         3

IO Utilization: 
 Number of IOs:                          27
 Number of bonded IOBs:                  27  out of    232    11%  

Specific Feature Utilization:
 Number of BUFG/BUFGCTRLs:                1  out of     16     6%  

---------------------------
Partition Resource Summary:
---------------------------

  No Partitions were found in this design.

---------------------------


=========================================================================
Timing Report

NOTE: THESE TIMING NUMBERS ARE ONLY A SYNTHESIS ESTIMATE.
      FOR ACCURATE TIMING INFORMATION PLEASE REFER TO THE TRACE REPORT
      GENERATED AFTER PLACE-and-ROUTE.

Clock Information:
------------------
-----------------------------------+------------------------+-------+
Clock Signal                       | Clock buffer(FF name)  | Load  |
-----------------------------------+------------------------+-------+
clk                                | BUFGP                  | 20    |
u5/aux                             | NONE(u3/cuenta_0)      | 3     |
-----------------------------------+------------------------+-------+
INFO:Xst:2169 - HDL ADVISOR - Some clock signals were not automatically buffered by XST with BUFG/BUFR resources. Please use the buffer_type constraint in order to insert these buffers to the clock signals to help prevent skew problems.

Asynchronous Control Signals Information:
----------------------------------------
No asynchronous control signals found in this design

Timing Summary:
---------------
Speed Grade: -3

   Minimum period: 3.921ns (Maximum Frequency: 255.011MHz)
   Minimum input arrival time before clock: 2.302ns
   Maximum output required time after clock: 7.398ns
   Maximum combinational path delay: 20.482ns

Timing Details:
---------------
All values displayed in nanoseconds (ns)

=========================================================================
Timing constraint: Default period analysis for Clock 'clk'
  Clock period: 3.921ns (frequency: 255.011MHz)
  Total number of paths / destination ports: 515 / 21
-------------------------------------------------------------------------
Delay:               3.921ns (Levels of Logic = 3)
  Source:            u5/cuenta_13 (FF)
  Destination:       u5/cuenta_1 (FF)
  Source Clock:      clk rising
  Destination Clock: clk rising

  Data Path: u5/cuenta_13 to u5/cuenta_1
                                Gate     Net
    Cell:in->out      fanout   Delay   Delay  Logical Name (Net Name)
    ----------------------------------------  ------------
     FD:C->Q               2   0.447   0.864  u5/cuenta_13 (u5/cuenta_13)
     LUT4:I0->O            2   0.203   0.845  u5/PWR_11_o_cuenta[17]_equal_1_o<17>2_SW0 (N5)
     LUT6:I3->O           18   0.205   1.050  u5/PWR_11_o_cuenta[17]_equal_1_o<17>4 (u5/PWR_11_o_cuenta[17]_equal_1_o)
     LUT2:I1->O            1   0.205   0.000  u5/cuenta_1_rstpot (u5/cuenta_1_rstpot)
     FD:D                      0.102          u5/cuenta_1
    ----------------------------------------
    Total                      3.921ns (1.162ns logic, 2.759ns route)
                                       (29.6% logic, 70.4% route)

=========================================================================
Timing constraint: Default period analysis for Clock 'u5/aux'
  Clock period: 2.216ns (frequency: 451.233MHz)
  Total number of paths / destination ports: 6 / 3
-------------------------------------------------------------------------
Delay:               2.216ns (Levels of Logic = 1)
  Source:            u3/cuenta_0 (FF)
  Destination:       u3/cuenta_0 (FF)
  Source Clock:      u5/aux rising
  Destination Clock: u5/aux rising

  Data Path: u3/cuenta_0 to u3/cuenta_0
                                Gate     Net
    Cell:in->out      fanout   Delay   Delay  Logical Name (Net Name)
    ----------------------------------------  ------------
     FDC:C->Q             11   0.447   0.882  u3/cuenta_0 (u3/cuenta_0)
     INV:I->O              1   0.206   0.579  u3/Mcount_cuenta_xor<0>11_INV_0 (u3/Mcount_cuenta)
     FDC:D                     0.102          u3/cuenta_0
    ----------------------------------------
    Total                      2.216ns (0.755ns logic, 1.461ns route)
                                       (34.1% logic, 65.9% route)

=========================================================================
Timing constraint: Default OFFSET IN BEFORE for Clock 'u5/aux'
  Total number of paths / destination ports: 3 / 3
-------------------------------------------------------------------------
Offset:              2.302ns (Levels of Logic = 1)
  Source:            reset (PAD)
  Destination:       u3/cuenta_0 (FF)
  Destination Clock: u5/aux rising

  Data Path: reset to u3/cuenta_0
                                Gate     Net
    Cell:in->out      fanout   Delay   Delay  Logical Name (Net Name)
    ----------------------------------------  ------------
     IBUF:I->O             3   1.222   0.650  reset_IBUF (reset_IBUF)
     FDC:CLR                   0.430          u3/cuenta_0
    ----------------------------------------
    Total                      2.302ns (1.652ns logic, 0.650ns route)
                                       (71.8% logic, 28.2% route)

=========================================================================
Timing constraint: Default OFFSET OUT AFTER for Clock 'u5/aux'
  Total number of paths / destination ports: 115 / 11
-------------------------------------------------------------------------
Offset:              7.398ns (Levels of Logic = 4)
  Source:            u3/cuenta_0 (FF)
  Destination:       seg<5> (PAD)
  Source Clock:      u5/aux rising

  Data Path: u3/cuenta_0 to seg<5>
                                Gate     Net
    Cell:in->out      fanout   Delay   Delay  Logical Name (Net Name)
    ----------------------------------------  ------------
     FDC:C->Q             11   0.447   1.247  u3/cuenta_0 (u3/cuenta_0)
     LUT6:I0->O            1   0.203   0.924  u1/Mmux_fout25 (u1/Mmux_fout24)
     LUT6:I1->O            7   0.203   1.021  u1/Mmux_fout27 (sg3<1>)
     LUT4:I0->O            1   0.203   0.579  u2/Mram_segmento51 (seg_5_OBUF)
     OBUF:I->O                 2.571          seg_5_OBUF (seg<5>)
    ----------------------------------------
    Total                      7.398ns (3.627ns logic, 3.771ns route)
                                       (49.0% logic, 51.0% route)

=========================================================================
Timing constraint: Default path analysis
  Total number of paths / destination ports: 3465469 / 7
-------------------------------------------------------------------------
Delay:               20.482ns (Levels of Logic = 15)
  Source:            Ent<11> (PAD)
  Destination:       seg<5> (PAD)

  Data Path: Ent<11> to seg<5>
                                Gate     Net
    Cell:in->out      fanout   Delay   Delay  Logical Name (Net Name)
    ----------------------------------------  ------------
     IBUF:I->O             8   1.222   1.147  Ent_11_IBUF (Ent_11_IBUF)
     LUT5:I0->O           11   0.203   1.130  u0/GND_6_o_B[12]_LessThan_5_o1 (u0/Madd_GND_6_o_GND_6_o_add_9_OUT_cy<0>)
     LUT6:I2->O            8   0.203   1.031  u0/Mmux_B[11]_B[11]_MUX_20_o11 (u0/Madd_GND_6_o_GND_6_o_add_13_OUT_cy<0>)
     LUT6:I3->O           12   0.205   0.909  u0/Mmux_GND_6_o_GND_6_o_MUX_32_o11 (u0/GND_6_o_GND_6_o_MUX_32_o)
     LUT5:I4->O            3   0.205   0.995  u0/Mmux_B[13]_GND_6_o_MUX_33_o11 (u0/Madd_B[13]_GND_6_o_add_17_OUT_lut<3>)
     LUT5:I0->O            3   0.203   1.015  u0/Mmux_B[12]_B[13]_MUX_41_o11 (u0/Madd_B[12]_GND_6_o_add_21_OUT_lut<3>)
     LUT6:I0->O            6   0.203   1.089  u0/GND_6_o_B[12]_LessThan_21_o1 (u0/GND_6_o_B[12]_LessThan_21_o)
     LUT6:I1->O            6   0.203   1.089  u0/GND_6_o_B[11]_LessThan_27_o1 (u0/GND_6_o_B[11]_LessThan_27_o)
     LUT6:I1->O            9   0.203   1.174  u0/GND_6_o_B[10]_LessThan_33_o1 (u0/GND_6_o_B[10]_LessThan_33_o)
     LUT6:I1->O            7   0.203   1.021  u0/GND_6_o_B[9]_LessThan_39_o1 (u0/GND_6_o_B[9]_LessThan_39_o)
     LUT5:I1->O            1   0.203   0.924  u1/Mmux_fout24 (u1/Mmux_fout23)
     LUT6:I1->O            1   0.203   0.924  u1/Mmux_fout25 (u1/Mmux_fout24)
     LUT6:I1->O            7   0.203   1.021  u1/Mmux_fout27 (sg3<1>)
     LUT4:I0->O            1   0.203   0.579  u2/Mram_segmento51 (seg_5_OBUF)
     OBUF:I->O                 2.571          seg_5_OBUF (seg<5>)
    ----------------------------------------
    Total                     20.482ns (6.436ns logic, 14.046ns route)
                                       (31.4% logic, 68.6% route)

=========================================================================

Cross Clock Domains Report:
--------------------------

Clock to Setup on destination clock clk
---------------+---------+---------+---------+---------+
               | Src:Rise| Src:Fall| Src:Rise| Src:Fall|
Source Clock   |Dest:Rise|Dest:Rise|Dest:Fall|Dest:Fall|
---------------+---------+---------+---------+---------+
clk            |    3.921|         |         |         |
---------------+---------+---------+---------+---------+

Clock to Setup on destination clock u5/aux
---------------+---------+---------+---------+---------+
               | Src:Rise| Src:Fall| Src:Rise| Src:Fall|
Source Clock   |Dest:Rise|Dest:Rise|Dest:Fall|Dest:Fall|
---------------+---------+---------+---------+---------+
u5/aux         |    2.216|         |         |         |
---------------+---------+---------+---------+---------+

=========================================================================


Total REAL time to Xst completion: 15.00 secs
Total CPU time to Xst completion: 13.94 secs
 
--> 


Total memory usage is 484408 kilobytes

Number of errors   :    0 (   0 filtered)
Number of warnings :    0 (   0 filtered)
Number of infos    :    3 (   0 filtered)

