Release 14.7 - xst P.20160913 (lin64)
Copyright (c) 1995-2013 Xilinx, Inc.  All rights reserved.
--> 
Parameter TMPDIR set to xst/projnav.tmp


Total REAL time to Xst completion: 0.00 secs
Total CPU time to Xst completion: 0.06 secs
 
--> 
Parameter xsthdpdir set to xst


Total REAL time to Xst completion: 0.00 secs
Total CPU time to Xst completion: 0.06 secs
 
--> 
Reading design: Superior.prj

TABLE OF CONTENTS
  1) Synthesis Options Summary
  2) HDL Parsing
  3) HDL Elaboration
  4) HDL Synthesis
       4.1) HDL Synthesis Report
  5) Advanced HDL Synthesis
       5.1) Advanced HDL Synthesis Report
  6) Low Level Synthesis
  7) Partition Report
  8) Design Summary
       8.1) Primitive and Black Box Usage
       8.2) Device utilization summary
       8.3) Partition Resource Summary
       8.4) Timing Report
            8.4.1) Clock Information
            8.4.2) Asynchronous Control Signals Information
            8.4.3) Timing Summary
            8.4.4) Timing Details
            8.4.5) Cross Clock Domains Report


=========================================================================
*                      Synthesis Options Summary                        *
=========================================================================
---- Source Parameters
Input File Name                    : "Superior.prj"
Ignore Synthesis Constraint File   : NO

---- Target Parameters
Output File Name                   : "Superior"
Output Format                      : NGC
Target Device                      : xc6slx16-3-csg324

---- Source Options
Top Module Name                    : Superior
Automatic FSM Extraction           : YES
FSM Encoding Algorithm             : Auto
Safe Implementation                : No
FSM Style                          : LUT
RAM Extraction                     : Yes
RAM Style                          : Auto
ROM Extraction                     : Yes
Shift Register Extraction          : YES
ROM Style                          : Auto
Resource Sharing                   : YES
Asynchronous To Synchronous        : NO
Shift Register Minimum Size        : 2
Use DSP Block                      : Auto
Automatic Register Balancing       : No

---- Target Options
LUT Combining                      : Auto
Reduce Control Sets                : Auto
Add IO Buffers                     : YES
Global Maximum Fanout              : 100000
Add Generic Clock Buffer(BUFG)     : 16
Register Duplication               : YES
Optimize Instantiated Primitives   : NO
Use Clock Enable                   : Auto
Use Synchronous Set                : Auto
Use Synchronous Reset              : Auto
Pack IO Registers into IOBs        : Auto
Equivalent register Removal        : YES

---- General Options
Optimization Goal                  : Speed
Optimization Effort                : 1
Power Reduction                    : NO
Keep Hierarchy                     : No
Netlist Hierarchy                  : As_Optimized
RTL Output                         : Yes
Global Optimization                : AllClockNets
Read Cores                         : YES
Write Timing Constraints           : NO
Cross Clock Analysis               : NO
Hierarchy Separator                : /
Bus Delimiter                      : <>
Case Specifier                     : Maintain
Slice Utilization Ratio            : 100
BRAM Utilization Ratio             : 100
DSP48 Utilization Ratio            : 100
Auto BRAM Packing                  : NO
Slice Utilization Ratio Delta      : 5

=========================================================================


=========================================================================
*                          HDL Parsing                                  *
=========================================================================
Parsing VHDL file "/home/ise/Secuencial_Nexys3/DisplayCalculadora/mux4a1.vhd" into library work
Parsing entity <mux4a1>.
Parsing architecture <Behavioral> of entity <mux4a1>.
Parsing VHDL file "/home/ise/Secuencial_Nexys3/DisplayCalculadora/Modulodisplay.vhd" into library work
Parsing entity <Modulodisplay>.
Parsing architecture <Behavioral> of entity <modulodisplay>.
Parsing VHDL file "/home/ise/Secuencial_Nexys3/DisplayCalculadora/ModuloBotones.vhd" into library work
Parsing entity <ModuloBotones>.
Parsing architecture <Behavioral> of entity <modulobotones>.
Parsing VHDL file "/home/ise/Secuencial_Nexys3/DisplayCalculadora/divfre.vhd" into library work
Parsing entity <divfre>.
Parsing architecture <Behavioral> of entity <divfre>.
Parsing VHDL file "/home/ise/Secuencial_Nexys3/DisplayCalculadora/debounce.vhd" into library work
Parsing entity <debounce>.
Parsing architecture <logic> of entity <debounce>.
Parsing VHDL file "/home/ise/Secuencial_Nexys3/DisplayCalculadora/contador.vhd" into library work
Parsing entity <contador>.
Parsing architecture <Behavioral> of entity <contador>.
Parsing VHDL file "/home/ise/Secuencial_Nexys3/DisplayCalculadora/arreglo_reg.vhd" into library work
Parsing entity <arreglo_reg>.
Parsing architecture <Behavioral> of entity <arreglo_reg>.
Parsing VHDL file "/home/ise/Secuencial_Nexys3/DisplayCalculadora/Superior.vhd" into library work
Parsing entity <Superior>.
Parsing architecture <Behavioral> of entity <superior>.

=========================================================================
*                            HDL Elaboration                            *
=========================================================================

Elaborating entity <Superior> (architecture <Behavioral>) from library <work>.

Elaborating entity <debounce> (architecture <logic>) with generics from library <work>.

Elaborating entity <arreglo_reg> (architecture <Behavioral>) from library <work>.

Elaborating entity <divfre> (architecture <Behavioral>) from library <work>.

Elaborating entity <contador> (architecture <Behavioral>) from library <work>.

Elaborating entity <ModuloBotones> (architecture <Behavioral>) from library <work>.

Elaborating entity <mux4a1> (architecture <Behavioral>) from library <work>.

Elaborating entity <Modulodisplay> (architecture <Behavioral>) from library <work>.

=========================================================================
*                           HDL Synthesis                               *
=========================================================================

Synthesizing Unit <Superior>.
    Related source file is "/home/ise/Secuencial_Nexys3/DisplayCalculadora/Superior.vhd".
    Summary:
	no macro.
Unit <Superior> synthesized.

Synthesizing Unit <debounce>.
    Related source file is "/home/ise/Secuencial_Nexys3/DisplayCalculadora/debounce.vhd".
        counter_size = 20
    Found 21-bit register for signal <counter_out>.
    Found 1-bit register for signal <result>.
    Found 2-bit register for signal <flipflops>.
    Found 21-bit adder for signal <counter_out[20]_GND_6_o_add_0_OUT> created at line 52.
    Summary:
	inferred   1 Adder/Subtractor(s).
	inferred  24 D-type flip-flop(s).
Unit <debounce> synthesized.

Synthesizing Unit <arreglo_reg>.
    Related source file is "/home/ise/Secuencial_Nexys3/DisplayCalculadora/arreglo_reg.vhd".
    Found 16-bit register for signal <mensa>.
    Summary:
	inferred  16 D-type flip-flop(s).
Unit <arreglo_reg> synthesized.

Synthesizing Unit <divfre>.
    Related source file is "/home/ise/Secuencial_Nexys3/DisplayCalculadora/divfre.vhd".
    Found 1-bit register for signal <unseg>.
    Found 1-bit register for signal <aux>.
    Found 17-bit register for signal <cuenta>.
    Found 17-bit adder for signal <cuenta[16]_GND_8_o_add_1_OUT> created at line 42.
    Summary:
	inferred   1 Adder/Subtractor(s).
	inferred  19 D-type flip-flop(s).
	inferred   1 Multiplexer(s).
Unit <divfre> synthesized.

Synthesizing Unit <contador>.
    Related source file is "/home/ise/Secuencial_Nexys3/DisplayCalculadora/contador.vhd".
    Found 2-bit register for signal <sig_salida>.
    Found 2-bit adder for signal <sig_salida[1]_GND_9_o_add_0_OUT> created at line 21.
    Summary:
	inferred   1 Adder/Subtractor(s).
	inferred   2 D-type flip-flop(s).
Unit <contador> synthesized.

Synthesizing Unit <ModuloBotones>.
    Related source file is "/home/ise/Secuencial_Nexys3/DisplayCalculadora/ModuloBotones.vhd".
    Found 4x4-bit Read Only RAM for signal <anodos>
    Summary:
	inferred   1 RAM(s).
Unit <ModuloBotones> synthesized.

Synthesizing Unit <mux4a1>.
    Related source file is "/home/ise/Secuencial_Nexys3/DisplayCalculadora/mux4a1.vhd".
    Found 4-bit 4-to-1 multiplexer for signal <salida> created at line 16.
    Summary:
	inferred   1 Multiplexer(s).
Unit <mux4a1> synthesized.

Synthesizing Unit <Modulodisplay>.
    Related source file is "/home/ise/Secuencial_Nexys3/DisplayCalculadora/Modulodisplay.vhd".
    Found 16x7-bit Read Only RAM for signal <seg>
    Summary:
	inferred   1 RAM(s).
Unit <Modulodisplay> synthesized.

=========================================================================
HDL Synthesis Report

Macro Statistics
# RAMs                                                 : 2
 16x7-bit single-port Read Only RAM                    : 1
 4x4-bit single-port Read Only RAM                     : 1
# Adders/Subtractors                                   : 3
 17-bit adder                                          : 1
 2-bit adder                                           : 1
 21-bit adder                                          : 1
# Registers                                            : 8
 1-bit register                                        : 3
 16-bit register                                       : 1
 17-bit register                                       : 1
 2-bit register                                        : 2
 21-bit register                                       : 1
# Multiplexers                                         : 2
 17-bit 2-to-1 multiplexer                             : 1
 4-bit 4-to-1 multiplexer                              : 1
# Xors                                                 : 1
 1-bit xor2                                            : 1

=========================================================================

=========================================================================
*                       Advanced HDL Synthesis                          *
=========================================================================


Synthesizing (advanced) Unit <ModuloBotones>.
INFO:Xst:3218 - HDL ADVISOR - The RAM <Mram_anodos> will be implemented on LUTs either because you have described an asynchronous read or because of currently unsupported block RAM features. If you have described an asynchronous read, making it synchronous would allow you to take advantage of available block RAM resources, for optimized device usage and improved timings. Please refer to your documentation for coding guidelines.
    -----------------------------------------------------------------------
    | ram_type           | Distributed                         |          |
    -----------------------------------------------------------------------
    | Port A                                                              |
    |     aspect ratio   | 4-word x 4-bit                      |          |
    |     weA            | connected to signal <GND>           | high     |
    |     addrA          | connected to signal <sel>           |          |
    |     diA            | connected to signal <GND>           |          |
    |     doA            | connected to signal <anodos>        |          |
    -----------------------------------------------------------------------
Unit <ModuloBotones> synthesized (advanced).

Synthesizing (advanced) Unit <Modulodisplay>.
INFO:Xst:3218 - HDL ADVISOR - The RAM <Mram_seg> will be implemented on LUTs either because you have described an asynchronous read or because of currently unsupported block RAM features. If you have described an asynchronous read, making it synchronous would allow you to take advantage of available block RAM resources, for optimized device usage and improved timings. Please refer to your documentation for coding guidelines.
    -----------------------------------------------------------------------
    | ram_type           | Distributed                         |          |
    -----------------------------------------------------------------------
    | Port A                                                              |
    |     aspect ratio   | 16-word x 7-bit                     |          |
    |     weA            | connected to signal <GND>           | high     |
    |     addrA          | connected to signal <A>             |          |
    |     diA            | connected to signal <GND>           |          |
    |     doA            | connected to signal <seg>           |          |
    -----------------------------------------------------------------------
Unit <Modulodisplay> synthesized (advanced).

Synthesizing (advanced) Unit <contador>.
The following registers are absorbed into counter <sig_salida>: 1 register on signal <sig_salida>.
Unit <contador> synthesized (advanced).

Synthesizing (advanced) Unit <debounce>.
The following registers are absorbed into counter <counter_out>: 1 register on signal <counter_out>.
Unit <debounce> synthesized (advanced).

Synthesizing (advanced) Unit <divfre>.
The following registers are absorbed into counter <cuenta>: 1 register on signal <cuenta>.
Unit <divfre> synthesized (advanced).

=========================================================================
Advanced HDL Synthesis Report

Macro Statistics
# RAMs                                                 : 2
 16x7-bit single-port distributed Read Only RAM        : 1
 4x4-bit single-port distributed Read Only RAM         : 1
# Counters                                             : 3
 17-bit up counter                                     : 1
 2-bit up counter                                      : 1
 21-bit up counter                                     : 1
# Registers                                            : 21
 Flip-Flops                                            : 21
# Multiplexers                                         : 1
 4-bit 4-to-1 multiplexer                              : 1
# Xors                                                 : 1
 1-bit xor2                                            : 1

=========================================================================

=========================================================================
*                         Low Level Synthesis                           *
=========================================================================

Optimizing unit <arreglo_reg> ...

Optimizing unit <Superior> ...

Optimizing unit <debounce> ...

Mapping all equations...
Building and optimizing final netlist ...
Found area constraint ratio of 100 (+ 5) on block Superior, actual ratio is 1.

Final Macro Processing ...

=========================================================================
Final Register Report

Macro Statistics
# Registers                                            : 61
 Flip-Flops                                            : 61

=========================================================================

=========================================================================
*                           Partition Report                            *
=========================================================================

Partition Implementation Status
-------------------------------

  No Partitions were found in this design.

-------------------------------

=========================================================================
*                            Design Summary                             *
=========================================================================

Top Level Output File Name         : Superior.ngc

Primitive and Black Box Usage:
------------------------------
# BELS                             : 156
#      GND                         : 1
#      INV                         : 4
#      LUT1                        : 36
#      LUT2                        : 7
#      LUT3                        : 1
#      LUT4                        : 25
#      LUT5                        : 1
#      LUT6                        : 6
#      MUXCY                       : 36
#      VCC                         : 1
#      XORCY                       : 38
# FlipFlops/Latches                : 61
#      FD                          : 3
#      FDC                         : 37
#      FDRE                        : 21
# Clock Buffers                    : 1
#      BUFGP                       : 1
# IO Buffers                       : 17
#      IBUF                        : 6
#      OBUF                        : 11

Device utilization summary:
---------------------------

Selected Device : 6slx16csg324-3 


Slice Logic Utilization: 
 Number of Slice Registers:              61  out of  18224     0%  
 Number of Slice LUTs:                   80  out of   9112     0%  
    Number used as Logic:                80  out of   9112     0%  

Slice Logic Distribution: 
 Number of LUT Flip Flop pairs used:     88
   Number with an unused Flip Flop:      27  out of     88    30%  
   Number with an unused LUT:             8  out of     88     9%  
   Number of fully used LUT-FF pairs:    53  out of     88    60%  
   Number of unique control sets:         5

IO Utilization: 
 Number of IOs:                          18
 Number of bonded IOBs:                  18  out of    232     7%  

Specific Feature Utilization:
 Number of BUFG/BUFGCTRLs:                1  out of     16     6%  

---------------------------
Partition Resource Summary:
---------------------------

  No Partitions were found in this design.

---------------------------


=========================================================================
Timing Report

NOTE: THESE TIMING NUMBERS ARE ONLY A SYNTHESIS ESTIMATE.
      FOR ACCURATE TIMING INFORMATION PLEASE REFER TO THE TRACE REPORT
      GENERATED AFTER PLACE-and-ROUTE.

Clock Information:
------------------
-----------------------------------+------------------------+-------+
Clock Signal                       | Clock buffer(FF name)  | Load  |
-----------------------------------+------------------------+-------+
clk                                | BUFGP                  | 43    |
u2/aux                             | NONE(u3/sig_salida_0)  | 2     |
uo/result                          | NONE(u1/mensa_15)      | 16    |
-----------------------------------+------------------------+-------+
INFO:Xst:2169 - HDL ADVISOR - Some clock signals were not automatically buffered by XST with BUFG/BUFR resources. Please use the buffer_type constraint in order to insert these buffers to the clock signals to help prevent skew problems.

Asynchronous Control Signals Information:
----------------------------------------
No asynchronous control signals found in this design

Timing Summary:
---------------
Speed Grade: -3

   Minimum period: 3.196ns (Maximum Frequency: 312.876MHz)
   Minimum input arrival time before clock: 3.014ns
   Maximum output required time after clock: 6.244ns
   Maximum combinational path delay: No path found

Timing Details:
---------------
All values displayed in nanoseconds (ns)

=========================================================================
Timing constraint: Default period analysis for Clock 'clk'
  Clock period: 3.196ns (frequency: 312.876MHz)
  Total number of paths / destination ports: 760 / 84
-------------------------------------------------------------------------
Delay:               3.196ns (Levels of Logic = 2)
  Source:            u2/cuenta_11 (FF)
  Destination:       u2/unseg (FF)
  Source Clock:      clk rising
  Destination Clock: clk rising

  Data Path: u2/cuenta_11 to u2/unseg
                                Gate     Net
    Cell:in->out      fanout   Delay   Delay  Logical Name (Net Name)
    ----------------------------------------  ------------
     FDC:C->Q              2   0.447   0.961  u2/cuenta_11 (u2/cuenta_11)
     LUT5:I0->O           18   0.203   1.278  u2/PWR_8_o_cuenta[16]_equal_1_o<16>3 (u2/PWR_8_o_cuenta[16]_equal_1_o<16>2)
     LUT3:I0->O            1   0.205   0.000  u2/PWR_8_o_cuenta[16]_equal_1_o<16>4 (u2/PWR_8_o_cuenta[16]_equal_1_o)
     FDC:D                     0.102          u2/unseg
    ----------------------------------------
    Total                      3.196ns (0.957ns logic, 2.239ns route)
                                       (29.9% logic, 70.1% route)

=========================================================================
Timing constraint: Default period analysis for Clock 'u2/aux'
  Clock period: 2.190ns (frequency: 456.663MHz)
  Total number of paths / destination ports: 3 / 2
-------------------------------------------------------------------------
Delay:               2.190ns (Levels of Logic = 1)
  Source:            u3/sig_salida_0 (FF)
  Destination:       u3/sig_salida_0 (FF)
  Source Clock:      u2/aux rising
  Destination Clock: u2/aux rising

  Data Path: u3/sig_salida_0 to u3/sig_salida_0
                                Gate     Net
    Cell:in->out      fanout   Delay   Delay  Logical Name (Net Name)
    ----------------------------------------  ------------
     FDC:C->Q             10   0.447   0.856  u3/sig_salida_0 (u3/sig_salida_0)
     INV:I->O              1   0.206   0.579  u3/Mcount_sig_salida_xor<0>11_INV_0 (Result<0>1)
     FDC:D                     0.102          u3/sig_salida_0
    ----------------------------------------
    Total                      2.190ns (0.755ns logic, 1.435ns route)
                                       (34.5% logic, 65.5% route)

=========================================================================
Timing constraint: Default period analysis for Clock 'uo/result'
  Clock period: 1.165ns (frequency: 858.185MHz)
  Total number of paths / destination ports: 12 / 12
-------------------------------------------------------------------------
Delay:               1.165ns (Levels of Logic = 0)
  Source:            u1/mensa_11 (FF)
  Destination:       u1/mensa_15 (FF)
  Source Clock:      uo/result rising
  Destination Clock: uo/result rising

  Data Path: u1/mensa_11 to u1/mensa_15
                                Gate     Net
    Cell:in->out      fanout   Delay   Delay  Logical Name (Net Name)
    ----------------------------------------  ------------
     FDC:C->Q              2   0.447   0.616  u1/mensa_11 (u1/mensa_11)
     FDC:D                     0.102          u1/mensa_15
    ----------------------------------------
    Total                      1.165ns (0.549ns logic, 0.616ns route)
                                       (47.1% logic, 52.9% route)

=========================================================================
Timing constraint: Default OFFSET IN BEFORE for Clock 'clk'
  Total number of paths / destination ports: 20 / 20
-------------------------------------------------------------------------
Offset:              3.014ns (Levels of Logic = 1)
  Source:            clear (PAD)
  Destination:       u2/unseg (FF)
  Destination Clock: clk rising

  Data Path: clear to u2/unseg
                                Gate     Net
    Cell:in->out      fanout   Delay   Delay  Logical Name (Net Name)
    ----------------------------------------  ------------
     IBUF:I->O            37   1.222   1.362  clear_IBUF (clear_IBUF)
     FDC:CLR                   0.430          u2/unseg
    ----------------------------------------
    Total                      3.014ns (1.652ns logic, 1.362ns route)
                                       (54.8% logic, 45.2% route)

=========================================================================
Timing constraint: Default OFFSET IN BEFORE for Clock 'u2/aux'
  Total number of paths / destination ports: 2 / 2
-------------------------------------------------------------------------
Offset:              3.014ns (Levels of Logic = 1)
  Source:            clear (PAD)
  Destination:       u3/sig_salida_0 (FF)
  Destination Clock: u2/aux rising

  Data Path: clear to u3/sig_salida_0
                                Gate     Net
    Cell:in->out      fanout   Delay   Delay  Logical Name (Net Name)
    ----------------------------------------  ------------
     IBUF:I->O            37   1.222   1.362  clear_IBUF (clear_IBUF)
     FDC:CLR                   0.430          u3/sig_salida_0
    ----------------------------------------
    Total                      3.014ns (1.652ns logic, 1.362ns route)
                                       (54.8% logic, 45.2% route)

=========================================================================
Timing constraint: Default OFFSET IN BEFORE for Clock 'uo/result'
  Total number of paths / destination ports: 20 / 20
-------------------------------------------------------------------------
Offset:              3.014ns (Levels of Logic = 1)
  Source:            clear (PAD)
  Destination:       u1/mensa_15 (FF)
  Destination Clock: uo/result rising

  Data Path: clear to u1/mensa_15
                                Gate     Net
    Cell:in->out      fanout   Delay   Delay  Logical Name (Net Name)
    ----------------------------------------  ------------
     IBUF:I->O            37   1.222   1.362  clear_IBUF (clear_IBUF)
     FDC:CLR                   0.430          u1/mensa_0
    ----------------------------------------
    Total                      3.014ns (1.652ns logic, 1.362ns route)
                                       (54.8% logic, 45.2% route)

=========================================================================
Timing constraint: Default OFFSET OUT AFTER for Clock 'u2/aux'
  Total number of paths / destination ports: 64 / 11
-------------------------------------------------------------------------
Offset:              6.244ns (Levels of Logic = 3)
  Source:            u3/sig_salida_0 (FF)
  Destination:       seg<6> (PAD)
  Source Clock:      u2/aux rising

  Data Path: u3/sig_salida_0 to seg<6>
                                Gate     Net
    Cell:in->out      fanout   Delay   Delay  Logical Name (Net Name)
    ----------------------------------------  ------------
     FDC:C->Q             10   0.447   1.221  u3/sig_salida_0 (u3/sig_salida_0)
     LUT6:I0->O            7   0.203   1.021  u5/Mmux_salida11 (sg4<0>)
     LUT4:I0->O            1   0.203   0.579  u6/Mram_seg21 (seg_2_OBUF)
     OBUF:I->O                 2.571          seg_2_OBUF (seg<2>)
    ----------------------------------------
    Total                      6.244ns (3.424ns logic, 2.820ns route)
                                       (54.8% logic, 45.2% route)

=========================================================================
Timing constraint: Default OFFSET OUT AFTER for Clock 'uo/result'
  Total number of paths / destination ports: 112 / 7
-------------------------------------------------------------------------
Offset:              5.888ns (Levels of Logic = 3)
  Source:            u1/mensa_7 (FF)
  Destination:       seg<6> (PAD)
  Source Clock:      uo/result rising

  Data Path: u1/mensa_7 to seg<6>
                                Gate     Net
    Cell:in->out      fanout   Delay   Delay  Logical Name (Net Name)
    ----------------------------------------  ------------
     FDC:C->Q              2   0.447   0.864  u1/mensa_7 (u1/mensa_7)
     LUT6:I2->O            7   0.203   1.021  u5/Mmux_salida41 (sg4<3>)
     LUT4:I0->O            1   0.203   0.579  u6/Mram_seg51 (seg_5_OBUF)
     OBUF:I->O                 2.571          seg_5_OBUF (seg<5>)
    ----------------------------------------
    Total                      5.888ns (3.424ns logic, 2.464ns route)
                                       (58.2% logic, 41.8% route)

=========================================================================

Cross Clock Domains Report:
--------------------------

Clock to Setup on destination clock clk
---------------+---------+---------+---------+---------+
               | Src:Rise| Src:Fall| Src:Rise| Src:Fall|
Source Clock   |Dest:Rise|Dest:Rise|Dest:Fall|Dest:Fall|
---------------+---------+---------+---------+---------+
clk            |    3.196|         |         |         |
---------------+---------+---------+---------+---------+

Clock to Setup on destination clock u2/aux
---------------+---------+---------+---------+---------+
               | Src:Rise| Src:Fall| Src:Rise| Src:Fall|
Source Clock   |Dest:Rise|Dest:Rise|Dest:Fall|Dest:Fall|
---------------+---------+---------+---------+---------+
u2/aux         |    2.190|         |         |         |
---------------+---------+---------+---------+---------+

Clock to Setup on destination clock uo/result
---------------+---------+---------+---------+---------+
               | Src:Rise| Src:Fall| Src:Rise| Src:Fall|
Source Clock   |Dest:Rise|Dest:Rise|Dest:Fall|Dest:Fall|
---------------+---------+---------+---------+---------+
uo/result      |    1.165|         |         |         |
---------------+---------+---------+---------+---------+

=========================================================================


Total REAL time to Xst completion: 15.00 secs
Total CPU time to Xst completion: 14.25 secs
 
--> 


Total memory usage is 484764 kilobytes

Number of errors   :    0 (   0 filtered)
Number of warnings :    0 (   0 filtered)
Number of infos    :    3 (   0 filtered)

