Release 14.7 - xst P.20160913 (lin64)
Copyright (c) 1995-2013 Xilinx, Inc.  All rights reserved.
--> 
Parameter TMPDIR set to xst/projnav.tmp


Total REAL time to Xst completion: 0.00 secs
Total CPU time to Xst completion: 0.04 secs
 
--> 
Parameter xsthdpdir set to xst


Total REAL time to Xst completion: 0.00 secs
Total CPU time to Xst completion: 0.04 secs
 
--> 
Reading design: Estados.prj

TABLE OF CONTENTS
  1) Synthesis Options Summary
  2) HDL Parsing
  3) HDL Elaboration
  4) HDL Synthesis
       4.1) HDL Synthesis Report
  5) Advanced HDL Synthesis
       5.1) Advanced HDL Synthesis Report
  6) Low Level Synthesis
  7) Partition Report
  8) Design Summary
       8.1) Primitive and Black Box Usage
       8.2) Device utilization summary
       8.3) Partition Resource Summary
       8.4) Timing Report
            8.4.1) Clock Information
            8.4.2) Asynchronous Control Signals Information
            8.4.3) Timing Summary
            8.4.4) Timing Details
            8.4.5) Cross Clock Domains Report


=========================================================================
*                      Synthesis Options Summary                        *
=========================================================================
---- Source Parameters
Input File Name                    : "Estados.prj"
Ignore Synthesis Constraint File   : NO

---- Target Parameters
Output File Name                   : "Estados"
Output Format                      : NGC
Target Device                      : xc6slx16-3-csg324

---- Source Options
Top Module Name                    : Estados
Automatic FSM Extraction           : YES
FSM Encoding Algorithm             : Auto
Safe Implementation                : No
FSM Style                          : LUT
RAM Extraction                     : Yes
RAM Style                          : Auto
ROM Extraction                     : Yes
Shift Register Extraction          : YES
ROM Style                          : Auto
Resource Sharing                   : YES
Asynchronous To Synchronous        : NO
Shift Register Minimum Size        : 2
Use DSP Block                      : Auto
Automatic Register Balancing       : No

---- Target Options
LUT Combining                      : Auto
Reduce Control Sets                : Auto
Add IO Buffers                     : YES
Global Maximum Fanout              : 100000
Add Generic Clock Buffer(BUFG)     : 16
Register Duplication               : YES
Optimize Instantiated Primitives   : NO
Use Clock Enable                   : Auto
Use Synchronous Set                : Auto
Use Synchronous Reset              : Auto
Pack IO Registers into IOBs        : Auto
Equivalent register Removal        : YES

---- General Options
Optimization Goal                  : Speed
Optimization Effort                : 1
Power Reduction                    : NO
Keep Hierarchy                     : No
Netlist Hierarchy                  : As_Optimized
RTL Output                         : Yes
Global Optimization                : AllClockNets
Read Cores                         : YES
Write Timing Constraints           : NO
Cross Clock Analysis               : NO
Hierarchy Separator                : /
Bus Delimiter                      : <>
Case Specifier                     : Maintain
Slice Utilization Ratio            : 100
BRAM Utilization Ratio             : 100
DSP48 Utilization Ratio            : 100
Auto BRAM Packing                  : NO
Slice Utilization Ratio Delta      : 5

=========================================================================


=========================================================================
*                          HDL Parsing                                  *
=========================================================================
Parsing VHDL file "/home/ise/Secuencial_Nexys3/MaquinasDeEstados/expende/Estados.vhd" into library work
Parsing entity <Estados>.
Parsing architecture <Behavioral> of entity <estados>.

=========================================================================
*                            HDL Elaboration                            *
=========================================================================

Elaborating entity <Estados> (architecture <Behavioral>) from library <work>.

=========================================================================
*                           HDL Synthesis                               *
=========================================================================

Synthesizing Unit <Estados>.
    Related source file is "/home/ise/Secuencial_Nexys3/MaquinasDeEstados/expende/Estados.vhd".
    Found 4-bit register for signal <estadoActual>.
    Found finite state machine <FSM_0> for signal <estadoActual>.
    -----------------------------------------------------------------------
    | States             | 16                                             |
    | Transitions        | 61                                             |
    | Inputs             | 3                                              |
    | Outputs            | 1                                              |
    | Clock              | clk (rising_edge)                              |
    | Reset              | reset (positive)                               |
    | Reset type         | asynchronous                                   |
    | Reset State        | idle                                           |
    | Power Up State     | idle                                           |
    | Encoding           | auto                                           |
    | Implementation     | LUT                                            |
    -----------------------------------------------------------------------
    Summary:
	inferred   1 Finite State Machine(s).
Unit <Estados> synthesized.

=========================================================================
HDL Synthesis Report

Macro Statistics
# FSMs                                                 : 1

=========================================================================

=========================================================================
*                       Advanced HDL Synthesis                          *
=========================================================================


=========================================================================
Advanced HDL Synthesis Report

Macro Statistics
# FSMs                                                 : 1

=========================================================================

=========================================================================
*                         Low Level Synthesis                           *
=========================================================================
Analyzing FSM <MFsm> for best encoding.
Optimizing FSM <FSM_0> on signal <estadoActual[1:4]> with user encoding.
--------------------
 State  | Encoding
--------------------
 idle   | 0000
 s100   | 0001
 s200   | 0010
 s300   | 0011
 s400   | 0100
 s500   | 0101
 s600   | 0110
 s700   | 0111
 s800   | 1000
 s900   | 1001
 s1000  | 1010
 s1100  | 1011
 s1200  | 1100
 s1300  | 1101
 s1400  | 1110
 svende | 1111
--------------------

Optimizing unit <Estados> ...

Mapping all equations...
Building and optimizing final netlist ...
Found area constraint ratio of 100 (+ 5) on block Estados, actual ratio is 0.

Final Macro Processing ...

=========================================================================
Final Register Report

Macro Statistics
# Registers                                            : 4
 Flip-Flops                                            : 4

=========================================================================

=========================================================================
*                           Partition Report                            *
=========================================================================

Partition Implementation Status
-------------------------------

  No Partitions were found in this design.

-------------------------------

=========================================================================
*                            Design Summary                             *
=========================================================================

Top Level Output File Name         : Estados.ngc

Primitive and Black Box Usage:
------------------------------
# BELS                             : 13
#      LUT2                        : 1
#      LUT3                        : 1
#      LUT4                        : 1
#      LUT5                        : 2
#      LUT6                        : 5
#      MUXF7                       : 3
# FlipFlops/Latches                : 4
#      FDC                         : 4
# Clock Buffers                    : 1
#      BUFGP                       : 1
# IO Buffers                       : 5
#      IBUF                        : 4
#      OBUF                        : 1

Device utilization summary:
---------------------------

Selected Device : 6slx16csg324-3 


Slice Logic Utilization: 
 Number of Slice Registers:               4  out of  18224     0%  
 Number of Slice LUTs:                   10  out of   9112     0%  
    Number used as Logic:                10  out of   9112     0%  

Slice Logic Distribution: 
 Number of LUT Flip Flop pairs used:     10
   Number with an unused Flip Flop:       6  out of     10    60%  
   Number with an unused LUT:             0  out of     10     0%  
   Number of fully used LUT-FF pairs:     4  out of     10    40%  
   Number of unique control sets:         1

IO Utilization: 
 Number of IOs:                           6
 Number of bonded IOBs:                   6  out of    232     2%  

Specific Feature Utilization:
 Number of BUFG/BUFGCTRLs:                1  out of     16     6%  

---------------------------
Partition Resource Summary:
---------------------------

  No Partitions were found in this design.

---------------------------


=========================================================================
Timing Report

NOTE: THESE TIMING NUMBERS ARE ONLY A SYNTHESIS ESTIMATE.
      FOR ACCURATE TIMING INFORMATION PLEASE REFER TO THE TRACE REPORT
      GENERATED AFTER PLACE-and-ROUTE.

Clock Information:
------------------
-----------------------------------+------------------------+-------+
Clock Signal                       | Clock buffer(FF name)  | Load  |
-----------------------------------+------------------------+-------+
clk                                | BUFGP                  | 4     |
-----------------------------------+------------------------+-------+

Asynchronous Control Signals Information:
----------------------------------------
No asynchronous control signals found in this design

Timing Summary:
---------------
Speed Grade: -3

   Minimum period: 2.540ns (Maximum Frequency: 393.623MHz)
   Minimum input arrival time before clock: 3.450ns
   Maximum output required time after clock: 4.821ns
   Maximum combinational path delay: No path found

Timing Details:
---------------
All values displayed in nanoseconds (ns)

=========================================================================
Timing constraint: Default period analysis for Clock 'clk'
  Clock period: 2.540ns (frequency: 393.623MHz)
  Total number of paths / destination ports: 25 / 4
-------------------------------------------------------------------------
Delay:               2.540ns (Levels of Logic = 2)
  Source:            estadoActual_FSM_FFd4 (FF)
  Destination:       estadoActual_FSM_FFd1 (FF)
  Source Clock:      clk rising
  Destination Clock: clk rising

  Data Path: estadoActual_FSM_FFd4 to estadoActual_FSM_FFd1
                                Gate     Net
    Cell:in->out      fanout   Delay   Delay  Logical Name (Net Name)
    ----------------------------------------  ------------
     FDC:C->Q              7   0.447   1.002  estadoActual_FSM_FFd4 (estadoActual_FSM_FFd4)
     LUT6:I3->O            1   0.205   0.580  estadoActual_FSM_FFd1-In1 (estadoActual_FSM_FFd1-In1)
     LUT5:I4->O            1   0.205   0.000  estadoActual_FSM_FFd1-In2 (estadoActual_FSM_FFd1-In)
     FDC:D                     0.102          estadoActual_FSM_FFd1
    ----------------------------------------
    Total                      2.540ns (0.959ns logic, 1.582ns route)
                                       (37.7% logic, 62.3% route)

=========================================================================
Timing constraint: Default OFFSET IN BEFORE for Clock 'clk'
  Total number of paths / destination ports: 25 / 8
-------------------------------------------------------------------------
Offset:              3.450ns (Levels of Logic = 3)
  Source:            int_200 (PAD)
  Destination:       estadoActual_FSM_FFd1 (FF)
  Destination Clock: clk rising

  Data Path: int_200 to estadoActual_FSM_FFd1
                                Gate     Net
    Cell:in->out      fanout   Delay   Delay  Logical Name (Net Name)
    ----------------------------------------  ------------
     IBUF:I->O             7   1.222   1.138  int_200_IBUF (int_200_IBUF)
     LUT6:I0->O            1   0.203   0.580  estadoActual_FSM_FFd1-In1 (estadoActual_FSM_FFd1-In1)
     LUT5:I4->O            1   0.205   0.000  estadoActual_FSM_FFd1-In2 (estadoActual_FSM_FFd1-In)
     FDC:D                     0.102          estadoActual_FSM_FFd1
    ----------------------------------------
    Total                      3.450ns (1.732ns logic, 1.717ns route)
                                       (50.2% logic, 49.8% route)

=========================================================================
Timing constraint: Default OFFSET OUT AFTER for Clock 'clk'
  Total number of paths / destination ports: 4 / 1
-------------------------------------------------------------------------
Offset:              4.821ns (Levels of Logic = 2)
  Source:            estadoActual_FSM_FFd1 (FF)
  Destination:       vende (PAD)
  Source Clock:      clk rising

  Data Path: estadoActual_FSM_FFd1 to vende
                                Gate     Net
    Cell:in->out      fanout   Delay   Delay  Logical Name (Net Name)
    ----------------------------------------  ------------
     FDC:C->Q              7   0.447   1.021  estadoActual_FSM_FFd1 (estadoActual_FSM_FFd1)
     LUT4:I0->O            1   0.203   0.579  estadoActual_vende1 (vende_OBUF)
     OBUF:I->O                 2.571          vende_OBUF (vende)
    ----------------------------------------
    Total                      4.821ns (3.221ns logic, 1.600ns route)
                                       (66.8% logic, 33.2% route)

=========================================================================

Cross Clock Domains Report:
--------------------------

Clock to Setup on destination clock clk
---------------+---------+---------+---------+---------+
               | Src:Rise| Src:Fall| Src:Rise| Src:Fall|
Source Clock   |Dest:Rise|Dest:Rise|Dest:Fall|Dest:Fall|
---------------+---------+---------+---------+---------+
clk            |    2.540|         |         |         |
---------------+---------+---------+---------+---------+

=========================================================================


Total REAL time to Xst completion: 13.00 secs
Total CPU time to Xst completion: 12.19 secs
 
--> 


Total memory usage is 386392 kilobytes

Number of errors   :    0 (   0 filtered)
Number of warnings :    0 (   0 filtered)
Number of infos    :    0 (   0 filtered)

