Command line:
   tes_isim_beh.exe
     -simmode  gui
     -simrunnum  0
     -socket  38749

Fri Sep 18 18:09:43 2020


 Elaboration Time: 0.03 sec

 Current Memory Usage: 197.476 Meg

 Total Signals          : 11
 Total Nets             : 6
 Total Signal Drivers   : 6
 Total Blocks           : 3
 Total Primitive Blocks : 2
 Total Processes        : 6
 Total Traceable Variables  : 9
 Total Scalar Nets and Variables : 367
Total Line Count : 15

 Total Simulation Time: 0.16 sec

 Current Memory Usage: 274.031 Meg

Fri Sep 18 18:14:58 2020

