Release 14.7 - xst P.20131013 (lin64)
Copyright (c) 1995-2013 Xilinx, Inc.  All rights reserved.
--> 
Parameter TMPDIR set to xst/projnav.tmp


Total REAL time to Xst completion: 0.00 secs
Total CPU time to Xst completion: 0.09 secs
 
--> 
Parameter xsthdpdir set to xst


Total REAL time to Xst completion: 0.00 secs
Total CPU time to Xst completion: 0.09 secs
 
--> 
Reading design: maqEstado.prj

TABLE OF CONTENTS
  1) Synthesis Options Summary
  2) HDL Parsing
  3) HDL Elaboration
  4) HDL Synthesis
       4.1) HDL Synthesis Report
  5) Advanced HDL Synthesis
       5.1) Advanced HDL Synthesis Report
  6) Low Level Synthesis
  7) Partition Report
  8) Design Summary
       8.1) Primitive and Black Box Usage
       8.2) Device utilization summary
       8.3) Partition Resource Summary
       8.4) Timing Report
            8.4.1) Clock Information
            8.4.2) Asynchronous Control Signals Information
            8.4.3) Timing Summary
            8.4.4) Timing Details
            8.4.5) Cross Clock Domains Report


=========================================================================
*                      Synthesis Options Summary                        *
=========================================================================
---- Source Parameters
Input File Name                    : "maqEstado.prj"
Ignore Synthesis Constraint File   : NO

---- Target Parameters
Output File Name                   : "maqEstado"
Output Format                      : NGC
Target Device                      : xc6slx16-3-csg324

---- Source Options
Top Module Name                    : maqEstado
Automatic FSM Extraction           : YES
FSM Encoding Algorithm             : Auto
Safe Implementation                : No
FSM Style                          : LUT
RAM Extraction                     : Yes
RAM Style                          : Auto
ROM Extraction                     : Yes
Shift Register Extraction          : YES
ROM Style                          : Auto
Resource Sharing                   : YES
Asynchronous To Synchronous        : NO
Shift Register Minimum Size        : 2
Use DSP Block                      : Auto
Automatic Register Balancing       : No

---- Target Options
LUT Combining                      : Auto
Reduce Control Sets                : Auto
Add IO Buffers                     : YES
Global Maximum Fanout              : 100000
Add Generic Clock Buffer(BUFG)     : 16
Register Duplication               : YES
Optimize Instantiated Primitives   : NO
Use Clock Enable                   : Auto
Use Synchronous Set                : Auto
Use Synchronous Reset              : Auto
Pack IO Registers into IOBs        : Auto
Equivalent register Removal        : YES

---- General Options
Optimization Goal                  : Speed
Optimization Effort                : 1
Power Reduction                    : NO
Keep Hierarchy                     : No
Netlist Hierarchy                  : As_Optimized
RTL Output                         : Yes
Global Optimization                : AllClockNets
Read Cores                         : YES
Write Timing Constraints           : NO
Cross Clock Analysis               : NO
Hierarchy Separator                : /
Bus Delimiter                      : <>
Case Specifier                     : Maintain
Slice Utilization Ratio            : 100
BRAM Utilization Ratio             : 100
DSP48 Utilization Ratio            : 100
Auto BRAM Packing                  : NO
Slice Utilization Ratio Delta      : 5

=========================================================================


=========================================================================
*                          HDL Parsing                                  *
=========================================================================
Parsing VHDL file "/home/cesar/Documentos/ProyectosClaseISE/Desplazamiento/maqEstado.vhd" into library work
Parsing entity <maqEstado>.
Parsing architecture <Behavioral> of entity <maqestado>.

=========================================================================
*                            HDL Elaboration                            *
=========================================================================

Elaborating entity <maqEstado> (architecture <Behavioral>) from library <work>.

=========================================================================
*                           HDL Synthesis                               *
=========================================================================

Synthesizing Unit <maqEstado>.
    Related source file is "/home/cesar/Documentos/ProyectosClaseISE/Desplazamiento/maqEstado.vhd".
    Found 4-bit register for signal <estadoActual>.
    Found finite state machine <FSM_0> for signal <estadoActual>.
    -----------------------------------------------------------------------
    | States             | 9                                              |
    | Transitions        | 18                                             |
    | Inputs             | 2                                              |
    | Outputs            | 5                                              |
    | Clock              | clk (rising_edge)                              |
    | Reset              | reset (positive)                               |
    | Reset type         | asynchronous                                   |
    | Reset State        | idle                                           |
    | Power Up State     | idle                                           |
    | Encoding           | auto                                           |
    | Implementation     | LUT                                            |
    -----------------------------------------------------------------------
    Found 8-bit 9-to-1 multiplexer for signal <salida_bits> created at line 92.
    Summary:
	inferred   1 Multiplexer(s).
	inferred   1 Finite State Machine(s).
Unit <maqEstado> synthesized.

=========================================================================
HDL Synthesis Report

Macro Statistics
# Multiplexers                                         : 1
 8-bit 9-to-1 multiplexer                              : 1
# FSMs                                                 : 1

=========================================================================

=========================================================================
*                       Advanced HDL Synthesis                          *
=========================================================================


=========================================================================
Advanced HDL Synthesis Report

Macro Statistics
# Multiplexers                                         : 1
 8-bit 9-to-1 multiplexer                              : 1
# FSMs                                                 : 1

=========================================================================

=========================================================================
*                         Low Level Synthesis                           *
=========================================================================
Analyzing FSM <MFsm> for best encoding.
Optimizing FSM <FSM_0> on signal <estadoActual[1:4]> with user encoding.
-------------------
 State | Encoding
-------------------
 idle  | 0000
 s0    | 0001
 s1    | 0010
 s2    | 0011
 s3    | 0100
 s4    | 0101
 s5    | 0110
 s6    | 0111
 s7    | 1000
-------------------

Optimizing unit <maqEstado> ...

Mapping all equations...
Building and optimizing final netlist ...
Found area constraint ratio of 100 (+ 5) on block maqEstado, actual ratio is 0.
FlipFlop estadoActual_FSM_FFd3 has been replicated 1 time(s)
FlipFlop estadoActual_FSM_FFd4 has been replicated 2 time(s)

Final Macro Processing ...

=========================================================================
Final Register Report

Macro Statistics
# Registers                                            : 7
 Flip-Flops                                            : 7

=========================================================================

=========================================================================
*                           Partition Report                            *
=========================================================================

Partition Implementation Status
-------------------------------

  No Partitions were found in this design.

-------------------------------

=========================================================================
*                            Design Summary                             *
=========================================================================

Top Level Output File Name         : maqEstado.ngc

Primitive and Black Box Usage:
------------------------------
# BELS                             : 35
#      LUT3                        : 7
#      LUT4                        : 9
#      LUT5                        : 2
#      LUT6                        : 16
#      MUXF7                       : 1
# FlipFlops/Latches                : 7
#      FDC                         : 7
# Clock Buffers                    : 1
#      BUFGP                       : 1
# IO Buffers                       : 21
#      IBUF                        : 11
#      OBUF                        : 10

Device utilization summary:
---------------------------

Selected Device : 6slx16csg324-3 


Slice Logic Utilization: 
 Number of Slice Registers:               7  out of  18224     0%  
 Number of Slice LUTs:                   34  out of   9112     0%  
    Number used as Logic:                34  out of   9112     0%  

Slice Logic Distribution: 
 Number of LUT Flip Flop pairs used:     36
   Number with an unused Flip Flop:      29  out of     36    80%  
   Number with an unused LUT:             2  out of     36     5%  
   Number of fully used LUT-FF pairs:     5  out of     36    13%  
   Number of unique control sets:         1

IO Utilization: 
 Number of IOs:                          22
 Number of bonded IOBs:                  22  out of    232     9%  

Specific Feature Utilization:
 Number of BUFG/BUFGCTRLs:                1  out of     16     6%  

---------------------------
Partition Resource Summary:
---------------------------

  No Partitions were found in this design.

---------------------------


=========================================================================
Timing Report

NOTE: THESE TIMING NUMBERS ARE ONLY A SYNTHESIS ESTIMATE.
      FOR ACCURATE TIMING INFORMATION PLEASE REFER TO THE TRACE REPORT
      GENERATED AFTER PLACE-and-ROUTE.

Clock Information:
------------------
-----------------------------------+------------------------+-------+
Clock Signal                       | Clock buffer(FF name)  | Load  |
-----------------------------------+------------------------+-------+
clk                                | BUFGP                  | 7     |
-----------------------------------+------------------------+-------+

Asynchronous Control Signals Information:
----------------------------------------
No asynchronous control signals found in this design

Timing Summary:
---------------
Speed Grade: -3

   Minimum period: 1.906ns (Maximum Frequency: 524.686MHz)
   Minimum input arrival time before clock: 2.555ns
   Maximum output required time after clock: 7.033ns
   Maximum combinational path delay: 7.293ns

Timing Details:
---------------
All values displayed in nanoseconds (ns)

=========================================================================
Timing constraint: Default period analysis for Clock 'clk'
  Clock period: 1.906ns (frequency: 524.687MHz)
  Total number of paths / destination ports: 23 / 7
-------------------------------------------------------------------------
Delay:               1.906ns (Levels of Logic = 1)
  Source:            estadoActual_FSM_FFd3 (FF)
  Destination:       estadoActual_FSM_FFd4 (FF)
  Source Clock:      clk rising
  Destination Clock: clk rising

  Data Path: estadoActual_FSM_FFd3 to estadoActual_FSM_FFd4
                                Gate     Net
    Cell:in->out      fanout   Delay   Delay  Logical Name (Net Name)
    ----------------------------------------  ------------
     FDC:C->Q             18   0.447   1.154  estadoActual_FSM_FFd3 (estadoActual_FSM_FFd3)
     LUT6:I4->O            3   0.203   0.000  estadoActual_FSM_FFd4-In1 (estadoActual_FSM_FFd4-In)
     FDC:D                     0.102          estadoActual_FSM_FFd4
    ----------------------------------------
    Total                      1.906ns (0.752ns logic, 1.154ns route)
                                       (39.5% logic, 60.5% route)

=========================================================================
Timing constraint: Default OFFSET IN BEFORE for Clock 'clk'
  Total number of paths / destination ports: 17 / 14
-------------------------------------------------------------------------
Offset:              2.555ns (Levels of Logic = 2)
  Source:            In_finTiempo (PAD)
  Destination:       estadoActual_FSM_FFd4 (FF)
  Destination Clock: clk rising

  Data Path: In_finTiempo to estadoActual_FSM_FFd4
                                Gate     Net
    Cell:in->out      fanout   Delay   Delay  Logical Name (Net Name)
    ----------------------------------------  ------------
     IBUF:I->O             4   1.222   1.028  In_finTiempo_IBUF (In_finTiempo_IBUF)
     LUT6:I1->O            3   0.203   0.000  estadoActual_FSM_FFd4-In1 (estadoActual_FSM_FFd4-In)
     FDC:D                     0.102          estadoActual_FSM_FFd4
    ----------------------------------------
    Total                      2.555ns (1.527ns logic, 1.028ns route)
                                       (59.8% logic, 40.2% route)

=========================================================================
Timing constraint: Default OFFSET OUT AFTER for Clock 'clk'
  Total number of paths / destination ports: 73 / 10
-------------------------------------------------------------------------
Offset:              7.033ns (Levels of Logic = 4)
  Source:            estadoActual_FSM_FFd4 (FF)
  Destination:       salida_bits<6> (PAD)
  Source Clock:      clk rising

  Data Path: estadoActual_FSM_FFd4 to salida_bits<6>
                                Gate     Net
    Cell:in->out      fanout   Delay   Delay  Logical Name (Net Name)
    ----------------------------------------  ------------
     FDC:C->Q             22   0.447   1.362  estadoActual_FSM_FFd4 (estadoActual_FSM_FFd4)
     LUT3:I0->O            3   0.205   0.651  estadoActual<0>51 (estadoActual<0>_mmx_out5)
     LUT6:I5->O            1   0.205   0.808  Mmux_salida_bits61 (Mmux_salida_bits6)
     LUT4:I1->O            1   0.205   0.579  Mmux_salida_bits63 (salida_bits_2_OBUF)
     OBUF:I->O                 2.571          salida_bits_2_OBUF (salida_bits<2>)
    ----------------------------------------
    Total                      7.033ns (3.633ns logic, 3.400ns route)
                                       (51.7% logic, 48.3% route)

=========================================================================
Timing constraint: Default path analysis
  Total number of paths / destination ports: 65 / 8
-------------------------------------------------------------------------
Delay:               7.293ns (Levels of Logic = 5)
  Source:            dato_In<0> (PAD)
  Destination:       salida_bits<6> (PAD)

  Data Path: dato_In<0> to salida_bits<6>
                                Gate     Net
    Cell:in->out      fanout   Delay   Delay  Logical Name (Net Name)
    ----------------------------------------  ------------
     IBUF:I->O             6   1.222   0.849  dato_In_0_IBUF (dato_In_0_IBUF)
     LUT3:I1->O            3   0.203   0.651  estadoActual<0>51 (estadoActual<0>_mmx_out5)
     LUT6:I5->O            1   0.205   0.808  Mmux_salida_bits61 (Mmux_salida_bits6)
     LUT4:I1->O            1   0.205   0.579  Mmux_salida_bits63 (salida_bits_2_OBUF)
     OBUF:I->O                 2.571          salida_bits_2_OBUF (salida_bits<2>)
    ----------------------------------------
    Total                      7.293ns (4.406ns logic, 2.887ns route)
                                       (60.4% logic, 39.6% route)

=========================================================================

Cross Clock Domains Report:
--------------------------

Clock to Setup on destination clock clk
---------------+---------+---------+---------+---------+
               | Src:Rise| Src:Fall| Src:Rise| Src:Fall|
Source Clock   |Dest:Rise|Dest:Rise|Dest:Fall|Dest:Fall|
---------------+---------+---------+---------+---------+
clk            |    1.906|         |         |         |
---------------+---------+---------+---------+---------+

=========================================================================


Total REAL time to Xst completion: 9.00 secs
Total CPU time to Xst completion: 8.13 secs
 
--> 


Total memory usage is 391208 kilobytes

Number of errors   :    0 (   0 filtered)
Number of warnings :    0 (   0 filtered)
Number of infos    :    0 (   0 filtered)

