--------------------------------------------------------------------------------
Release 14.7 Trace  (lin64)
Copyright (c) 1995-2013 Xilinx, Inc.  All rights reserved.

/opt/Xilinx/14.7/ISE_DS/ISE/bin/lin64/unwrapped/trce -intstyle ise -v 3 -s 3 -n
3 -fastpaths -xml superior.twx superior.ncd -o superior.twr superior.pcf -ucf
piines1.ucf

Design file:              superior.ncd
Physical constraint file: superior.pcf
Device,package,speed:     xc6slx16,csg324,C,-3 (PRODUCTION 1.23 2016-11-22)
Report level:             verbose report

Environment Variable      Effect 
--------------------      ------ 
NONE                      No environment variables were set
--------------------------------------------------------------------------------

INFO:Timing:2698 - No timing constraints found, doing default enumeration.
INFO:Timing:3412 - To improve timing, see the Timing Closure User Guide (UG612).
INFO:Timing:2752 - To get complete path coverage, use the unconstrained paths 
   option. All paths that are not constrained will be reported in the 
   unconstrained paths section(s) of the report.
INFO:Timing:3339 - The clock-to-out numbers in this timing report are based on 
   a 50 Ohm transmission line loading model.  For the details of this model, 
   and for more information on accounting for different loading conditions, 
   please see the device datasheet.



Data Sheet report:
-----------------
All values displayed in nanoseconds (ns)

Pad to Pad
---------------+---------------+---------+
Source Pad     |Destination Pad|  Delay  |
---------------+---------------+---------+
entrada<0>     |segmentos<0>   |    8.350|
entrada<0>     |segmentos<1>   |    8.617|
entrada<0>     |segmentos<2>   |    8.170|
entrada<0>     |segmentos<3>   |    8.068|
entrada<0>     |segmentos<4>   |    8.095|
entrada<0>     |segmentos<5>   |    8.290|
entrada<0>     |segmentos<6>   |    8.055|
entrada<1>     |segmentos<0>   |    8.673|
entrada<1>     |segmentos<1>   |    8.542|
entrada<1>     |segmentos<2>   |    8.638|
entrada<1>     |segmentos<3>   |    8.536|
entrada<1>     |segmentos<4>   |    8.298|
entrada<1>     |segmentos<5>   |    8.215|
entrada<1>     |segmentos<6>   |    8.378|
entrada<2>     |segmentos<0>   |    8.492|
entrada<2>     |segmentos<1>   |    8.413|
entrada<2>     |segmentos<2>   |    8.419|
entrada<2>     |segmentos<3>   |    8.317|
entrada<2>     |segmentos<4>   |    7.986|
entrada<2>     |segmentos<5>   |    8.086|
entrada<2>     |segmentos<6>   |    8.197|
entrada<3>     |segmentos<0>   |    8.969|
entrada<3>     |segmentos<1>   |    9.098|
entrada<3>     |segmentos<2>   |    8.727|
entrada<3>     |segmentos<5>   |    8.771|
entrada<3>     |segmentos<6>   |    8.674|
entrada<3>     |signo          |    7.521|
---------------+---------------+---------+


Analysis completed Wed Aug 28 22:31:32 2019 
--------------------------------------------------------------------------------

Trace Settings:
-------------------------
Trace Settings 

Peak Memory Usage: 388 MB



