--------------------------------------------------------------------------------
Release 14.7 Trace  (nt64)
Copyright (c) 1995-2013 Xilinx, Inc.  All rights reserved.

C:\Xilinx\14.7\ISE_DS\ISE\bin\nt64\unwrapped\trce.exe -intstyle ise -v 3 -s 3
-n 3 -fastpaths -xml main.twx main.ncd -o main.twr main.pcf -ucf pines.ucf

Design file:              main.ncd
Physical constraint file: main.pcf
Device,package,speed:     xc6slx16,csg324,C,-3 (PRODUCTION 1.23 2013-10-13)
Report level:             verbose report

Environment Variable      Effect 
--------------------      ------ 
NONE                      No environment variables were set
--------------------------------------------------------------------------------

INFO:Timing:3412 - To improve timing, see the Timing Closure User Guide (UG612).
INFO:Timing:2752 - To get complete path coverage, use the unconstrained paths 
   option. All paths that are not constrained will be reported in the 
   unconstrained paths section(s) of the report.
INFO:Timing:3339 - The clock-to-out numbers in this timing report are based on 
   a 50 Ohm transmission line loading model.  For the details of this model, 
   and for more information on accounting for different loading conditions, 
   please see the device datasheet.

================================================================================
Timing constraint: TS_sys_clk_pin = PERIOD TIMEGRP "sys_clk_pin" 100 MHz HIGH 
50%;
For more information, see Period Analysis in the Timing Closure User Guide (UG612).

 2 paths analyzed, 2 endpoints analyzed, 0 failing endpoints
 0 timing errors detected. (0 setup errors, 0 hold errors, 0 component switching limit errors)
 Minimum period is   1.730ns.
--------------------------------------------------------------------------------

Paths for end point U0/cuenta_0 (SLICE_X17Y43.A5), 1 path
--------------------------------------------------------------------------------
Slack (setup path):     8.897ns (requirement - (data path - clock path skew + uncertainty))
  Source:               U0/cuenta_0 (FF)
  Destination:          U0/cuenta_0 (FF)
  Requirement:          10.000ns
  Data Path Delay:      1.068ns (Levels of Logic = 1)
  Clock Path Skew:      0.000ns
  Source Clock:         clk_BUFGP rising at 0.000ns
  Destination Clock:    clk_BUFGP rising at 10.000ns
  Clock Uncertainty:    0.035ns

  Clock Uncertainty:          0.035ns  ((TSJ^2 + TIJ^2)^1/2 + DJ) / 2 + PE
    Total System Jitter (TSJ):  0.070ns
    Total Input Jitter (TIJ):   0.000ns
    Discrete Jitter (DJ):       0.000ns
    Phase Error (PE):           0.000ns

  Maximum Data Path at Slow Process Corner: U0/cuenta_0 to U0/cuenta_0
    Location             Delay type         Delay(ns)  Physical Resource
                                                       Logical Resource(s)
    -------------------------------------------------  -------------------
    SLICE_X17Y43.AQ      Tcko                  0.391   U0/cuenta_0
                                                       U0/cuenta_0
    SLICE_X17Y43.A5      net (fanout=1)        0.355   U0/cuenta_0
    SLICE_X17Y43.CLK     Tas                   0.322   U0/cuenta_0
                                                       U0/Mmux_cuenta[0]_GND_4_o_MUX_1_o11_INV_0
                                                       U0/cuenta_0
    -------------------------------------------------  ---------------------------
    Total                                      1.068ns (0.713ns logic, 0.355ns route)
                                                       (66.8% logic, 33.2% route)

--------------------------------------------------------------------------------

Paths for end point U0/unseg (SLICE_X17Y43.A5), 1 path
--------------------------------------------------------------------------------
Slack (setup path):     8.992ns (requirement - (data path - clock path skew + uncertainty))
  Source:               U0/cuenta_0 (FF)
  Destination:          U0/unseg (FF)
  Requirement:          10.000ns
  Data Path Delay:      0.973ns (Levels of Logic = 1)
  Clock Path Skew:      0.000ns
  Source Clock:         clk_BUFGP rising at 0.000ns
  Destination Clock:    clk_BUFGP rising at 10.000ns
  Clock Uncertainty:    0.035ns

  Clock Uncertainty:          0.035ns  ((TSJ^2 + TIJ^2)^1/2 + DJ) / 2 + PE
    Total System Jitter (TSJ):  0.070ns
    Total Input Jitter (TIJ):   0.000ns
    Discrete Jitter (DJ):       0.000ns
    Phase Error (PE):           0.000ns

  Maximum Data Path at Slow Process Corner: U0/cuenta_0 to U0/unseg
    Location             Delay type         Delay(ns)  Physical Resource
                                                       Logical Resource(s)
    -------------------------------------------------  -------------------
    SLICE_X17Y43.AQ      Tcko                  0.391   U0/cuenta_0
                                                       U0/cuenta_0
    SLICE_X17Y43.A5      net (fanout=1)        0.355   U0/cuenta_0
    SLICE_X17Y43.CLK     Tas                   0.227   U0/cuenta_0
                                                       U0/cuenta_0_rt
                                                       U0/unseg
    -------------------------------------------------  ---------------------------
    Total                                      0.973ns (0.618ns logic, 0.355ns route)
                                                       (63.5% logic, 36.5% route)

--------------------------------------------------------------------------------

Hold Paths: TS_sys_clk_pin = PERIOD TIMEGRP "sys_clk_pin" 100 MHz HIGH 50%;
--------------------------------------------------------------------------------

Paths for end point U0/unseg (SLICE_X17Y43.A5), 1 path
--------------------------------------------------------------------------------
Slack (hold path):      0.554ns (requirement - (clock path skew + uncertainty - data path))
  Source:               U0/cuenta_0 (FF)
  Destination:          U0/unseg (FF)
  Requirement:          0.000ns
  Data Path Delay:      0.554ns (Levels of Logic = 1)
  Clock Path Skew:      0.000ns
  Source Clock:         clk_BUFGP rising at 10.000ns
  Destination Clock:    clk_BUFGP rising at 10.000ns
  Clock Uncertainty:    0.000ns

  Minimum Data Path at Fast Process Corner: U0/cuenta_0 to U0/unseg
    Location             Delay type         Delay(ns)  Physical Resource
                                                       Logical Resource(s)
    -------------------------------------------------  -------------------
    SLICE_X17Y43.AQ      Tcko                  0.198   U0/cuenta_0
                                                       U0/cuenta_0
    SLICE_X17Y43.A5      net (fanout=1)        0.201   U0/cuenta_0
    SLICE_X17Y43.CLK     Tah         (-Th)    -0.155   U0/cuenta_0
                                                       U0/cuenta_0_rt
                                                       U0/unseg
    -------------------------------------------------  ---------------------------
    Total                                      0.554ns (0.353ns logic, 0.201ns route)
                                                       (63.7% logic, 36.3% route)

--------------------------------------------------------------------------------

Paths for end point U0/cuenta_0 (SLICE_X17Y43.A5), 1 path
--------------------------------------------------------------------------------
Slack (hold path):      0.614ns (requirement - (clock path skew + uncertainty - data path))
  Source:               U0/cuenta_0 (FF)
  Destination:          U0/cuenta_0 (FF)
  Requirement:          0.000ns
  Data Path Delay:      0.614ns (Levels of Logic = 1)
  Clock Path Skew:      0.000ns
  Source Clock:         clk_BUFGP rising at 10.000ns
  Destination Clock:    clk_BUFGP rising at 10.000ns
  Clock Uncertainty:    0.000ns

  Minimum Data Path at Fast Process Corner: U0/cuenta_0 to U0/cuenta_0
    Location             Delay type         Delay(ns)  Physical Resource
                                                       Logical Resource(s)
    -------------------------------------------------  -------------------
    SLICE_X17Y43.AQ      Tcko                  0.198   U0/cuenta_0
                                                       U0/cuenta_0
    SLICE_X17Y43.A5      net (fanout=1)        0.201   U0/cuenta_0
    SLICE_X17Y43.CLK     Tah         (-Th)    -0.215   U0/cuenta_0
                                                       U0/Mmux_cuenta[0]_GND_4_o_MUX_1_o11_INV_0
                                                       U0/cuenta_0
    -------------------------------------------------  ---------------------------
    Total                                      0.614ns (0.413ns logic, 0.201ns route)
                                                       (67.3% logic, 32.7% route)

--------------------------------------------------------------------------------

Component Switching Limit Checks: TS_sys_clk_pin = PERIOD TIMEGRP "sys_clk_pin" 100 MHz HIGH 50%;
--------------------------------------------------------------------------------
Slack: 8.270ns (period - min period limit)
  Period: 10.000ns
  Min period limit: 1.730ns (578.035MHz) (Tbcper_I)
  Physical resource: clk_BUFGP/BUFG/I0
  Logical resource: clk_BUFGP/BUFG/I0
  Location pin: BUFGMUX_X3Y13.I0
  Clock network: clk_BUFGP/IBUFG
--------------------------------------------------------------------------------
Slack: 9.606ns (period - min period limit)
  Period: 10.000ns
  Min period limit: 0.394ns (2538.071MHz) (Tcp)
  Physical resource: U0/cuenta_0/CLK
  Logical resource: U0/unseg/CK
  Location pin: SLICE_X17Y43.CLK
  Clock network: clk_BUFGP
--------------------------------------------------------------------------------
Slack: 9.606ns (period - (min high pulse limit / (high pulse / period)))
  Period: 10.000ns
  High pulse: 5.000ns
  High pulse limit: 0.197ns (Trpw)
  Physical resource: U0/cuenta_0/SR
  Logical resource: U0/unseg/SR
  Location pin: SLICE_X17Y43.SR
  Clock network: reset_IBUF
--------------------------------------------------------------------------------


All constraints were met.


Data Sheet report:
-----------------
All values displayed in nanoseconds (ns)

Clock to Setup on destination clock clk
---------------+---------+---------+---------+---------+
               | Src:Rise| Src:Fall| Src:Rise| Src:Fall|
Source Clock   |Dest:Rise|Dest:Rise|Dest:Fall|Dest:Fall|
---------------+---------+---------+---------+---------+
clk            |    1.103|         |         |         |
---------------+---------+---------+---------+---------+


Timing summary:
---------------

Timing errors: 0  Score: 0  (Setup/Max: 0, Hold: 0)

Constraints cover 2 paths, 0 nets, and 3 connections

Design statistics:
   Minimum period:   1.730ns{1}   (Maximum frequency: 578.035MHz)


------------------------------------Footnotes-----------------------------------
1)  The minimum period statistic assumes all single cycle delays.

Analysis completed Wed Jun 21 09:26:45 2023 
--------------------------------------------------------------------------------

Trace Settings:
-------------------------
Trace Settings 

Peak Memory Usage: 4575 MB



