Release 14.7 - xst P.20160913 (lin64)
Copyright (c) 1995-2013 Xilinx, Inc.  All rights reserved.
--> 
Parameter TMPDIR set to xst/projnav.tmp


Total REAL time to Xst completion: 0.00 secs
Total CPU time to Xst completion: 0.06 secs
 
--> 
Parameter xsthdpdir set to xst


Total REAL time to Xst completion: 0.00 secs
Total CPU time to Xst completion: 0.06 secs
 
--> 
Reading design: SuperiorContadorDisplayVer2.prj

TABLE OF CONTENTS
  1) Synthesis Options Summary
  2) HDL Parsing
  3) HDL Elaboration
  4) HDL Synthesis
       4.1) HDL Synthesis Report
  5) Advanced HDL Synthesis
       5.1) Advanced HDL Synthesis Report
  6) Low Level Synthesis
  7) Partition Report
  8) Design Summary
       8.1) Primitive and Black Box Usage
       8.2) Device utilization summary
       8.3) Partition Resource Summary
       8.4) Timing Report
            8.4.1) Clock Information
            8.4.2) Asynchronous Control Signals Information
            8.4.3) Timing Summary
            8.4.4) Timing Details
            8.4.5) Cross Clock Domains Report


=========================================================================
*                      Synthesis Options Summary                        *
=========================================================================
---- Source Parameters
Input File Name                    : "SuperiorContadorDisplayVer2.prj"
Ignore Synthesis Constraint File   : NO

---- Target Parameters
Output File Name                   : "SuperiorContadorDisplayVer2"
Output Format                      : NGC
Target Device                      : xc6slx16-3-csg324

---- Source Options
Top Module Name                    : SuperiorContadorDisplayVer2
Automatic FSM Extraction           : YES
FSM Encoding Algorithm             : Auto
Safe Implementation                : No
FSM Style                          : LUT
RAM Extraction                     : Yes
RAM Style                          : Auto
ROM Extraction                     : Yes
Shift Register Extraction          : YES
ROM Style                          : Auto
Resource Sharing                   : YES
Asynchronous To Synchronous        : NO
Shift Register Minimum Size        : 2
Use DSP Block                      : Auto
Automatic Register Balancing       : No

---- Target Options
LUT Combining                      : Auto
Reduce Control Sets                : Auto
Add IO Buffers                     : YES
Global Maximum Fanout              : 100000
Add Generic Clock Buffer(BUFG)     : 16
Register Duplication               : YES
Optimize Instantiated Primitives   : NO
Use Clock Enable                   : Auto
Use Synchronous Set                : Auto
Use Synchronous Reset              : Auto
Pack IO Registers into IOBs        : Auto
Equivalent register Removal        : YES

---- General Options
Optimization Goal                  : Speed
Optimization Effort                : 1
Power Reduction                    : NO
Keep Hierarchy                     : No
Netlist Hierarchy                  : As_Optimized
RTL Output                         : Yes
Global Optimization                : AllClockNets
Read Cores                         : YES
Write Timing Constraints           : NO
Cross Clock Analysis               : NO
Hierarchy Separator                : /
Bus Delimiter                      : <>
Case Specifier                     : Maintain
Slice Utilization Ratio            : 100
BRAM Utilization Ratio             : 100
DSP48 Utilization Ratio            : 100
Auto BRAM Packing                  : NO
Slice Utilization Ratio Delta      : 5

=========================================================================


=========================================================================
*                          HDL Parsing                                  *
=========================================================================
Parsing VHDL file "/home/ise/OSwin7/BoquesSecuenciales/ContadorDisplayVer2/negacion.vhd" into library work
Parsing entity <negacion>.
Parsing architecture <Behavioral> of entity <negacion>.
Parsing VHDL file "/home/ise/OSwin7/BoquesSecuenciales/ContadorDisplayVer2/mux4a1.vhd" into library work
Parsing entity <mux4a1>.
Parsing architecture <Behavioral> of entity <mux4a1>.
Parsing VHDL file "/home/ise/OSwin7/BoquesSecuenciales/ContadorDisplayVer2/Modulo_BinBcd.vhd" into library work
Parsing entity <Modulo_BinBcd>.
Parsing architecture <Behavioral> of entity <modulo_binbcd>.
Parsing VHDL file "/home/ise/OSwin7/BoquesSecuenciales/ContadorDisplayVer2/divide.vhd" into library work
Parsing entity <divide>.
Parsing architecture <Behavioral> of entity <divide>.
Parsing VHDL file "/home/ise/OSwin7/BoquesSecuenciales/ContadorDisplayVer2/display.vhd" into library work
Parsing entity <display>.
Parsing architecture <Behavioral> of entity <display>.
Parsing VHDL file "/home/ise/OSwin7/BoquesSecuenciales/ContadorDisplayVer2/cuenta.vhd" into library work
Parsing entity <cuenta>.
Parsing architecture <Behavioral> of entity <cuenta>.
Parsing VHDL file "/home/ise/OSwin7/BoquesSecuenciales/ContadorDisplayVer2/SuperiorBinarioDecimal.vhd" into library work
Parsing entity <SuperiorBinarioDecimal>.
Parsing architecture <Behavioral> of entity <superiorbinariodecimal>.
Parsing VHDL file "/home/ise/OSwin7/BoquesSecuenciales/ContadorDisplayVer2/ModuloDivide.vhd" into library work
Parsing entity <ModuloDivide>.
Parsing architecture <Behavioral> of entity <modulodivide>.
Parsing VHDL file "/home/ise/OSwin7/BoquesSecuenciales/ContadorDisplayVer2/ModuloCuenta.vhd" into library work
Parsing entity <ModuloCuenta>.
Parsing architecture <Behavioral> of entity <modulocuenta>.
Parsing VHDL file "/home/ise/OSwin7/BoquesSecuenciales/ContadorDisplayVer2/SuperiorContadorDisplayVer2.vhf" into library work
Parsing entity <SuperiorContadorDisplayVer2>.
Parsing architecture <BEHAVIORAL> of entity <superiorcontadordisplayver2>.

=========================================================================
*                            HDL Elaboration                            *
=========================================================================

Elaborating entity <SuperiorContadorDisplayVer2> (architecture <BEHAVIORAL>) from library <work>.

Elaborating entity <ModuloCuenta> (architecture <Behavioral>) from library <work>.

Elaborating entity <SuperiorBinarioDecimal> (architecture <Behavioral>) from library <work>.

Elaborating entity <Modulo_BinBcd> (architecture <Behavioral>) from library <work>.

Elaborating entity <mux4a1> (architecture <Behavioral>) from library <work>.
INFO:HDLCompiler:679 - "/home/ise/OSwin7/BoquesSecuenciales/ContadorDisplayVer2/mux4a1.vhd" Line 23. Case statement is complete. others clause is never selected

Elaborating entity <display> (architecture <Behavioral>) from library <work>.

Elaborating entity <cuenta> (architecture <Behavioral>) from library <work>.

Elaborating entity <negacion> (architecture <Behavioral>) from library <work>.
INFO:HDLCompiler:679 - "/home/ise/OSwin7/BoquesSecuenciales/ContadorDisplayVer2/negacion.vhd" Line 22. Case statement is complete. others clause is never selected

Elaborating entity <divide> (architecture <Behavioral>) from library <work>.

Elaborating entity <ModuloDivide> (architecture <Behavioral>) from library <work>.

=========================================================================
*                           HDL Synthesis                               *
=========================================================================

Synthesizing Unit <SuperiorContadorDisplayVer2>.
    Related source file is "/home/ise/OSwin7/BoquesSecuenciales/ContadorDisplayVer2/SuperiorContadorDisplayVer2.vhf".
    Summary:
	no macro.
Unit <SuperiorContadorDisplayVer2> synthesized.

Synthesizing Unit <ModuloCuenta>.
    Related source file is "/home/ise/OSwin7/BoquesSecuenciales/ContadorDisplayVer2/ModuloCuenta.vhd".
    Found 14-bit register for signal <cuenta>.
    Found 14-bit adder for signal <cuenta[13]_GND_8_o_add_0_OUT> created at line 27.
    Summary:
	inferred   1 Adder/Subtractor(s).
	inferred  14 D-type flip-flop(s).
Unit <ModuloCuenta> synthesized.

Synthesizing Unit <SuperiorBinarioDecimal>.
    Related source file is "/home/ise/OSwin7/BoquesSecuenciales/ContadorDisplayVer2/SuperiorBinarioDecimal.vhd".
    Summary:
	no macro.
Unit <SuperiorBinarioDecimal> synthesized.

Synthesizing Unit <Modulo_BinBcd>.
    Related source file is "/home/ise/OSwin7/BoquesSecuenciales/ContadorDisplayVer2/Modulo_BinBcd.vhd".
    Found 4-bit adder for signal <GND_10_o_GND_10_o_add_1_OUT> created at line 25.
    Found 4-bit adder for signal <B[13]_GND_10_o_add_3_OUT> created at line 25.
    Found 4-bit adder for signal <B[12]_GND_10_o_add_5_OUT> created at line 25.
    Found 4-bit adder for signal <B[11]_GND_10_o_add_7_OUT> created at line 25.
    Found 4-bit adder for signal <GND_10_o_GND_10_o_add_9_OUT> created at line 28.
    Found 4-bit adder for signal <B[10]_GND_10_o_add_11_OUT> created at line 25.
    Found 4-bit adder for signal <GND_10_o_GND_10_o_add_13_OUT> created at line 28.
    Found 4-bit adder for signal <B[9]_GND_10_o_add_15_OUT> created at line 25.
    Found 4-bit adder for signal <B[13]_GND_10_o_add_17_OUT> created at line 28.
    Found 4-bit adder for signal <B[8]_GND_10_o_add_19_OUT> created at line 25.
    Found 4-bit adder for signal <B[12]_GND_10_o_add_21_OUT> created at line 28.
    Found 4-bit adder for signal <n0157> created at line 31.
    Found 4-bit adder for signal <B[7]_GND_10_o_add_25_OUT> created at line 25.
    Found 4-bit adder for signal <B[11]_GND_10_o_add_27_OUT> created at line 28.
    Found 4-bit adder for signal <GND_10_o_GND_10_o_add_29_OUT> created at line 31.
    Found 4-bit adder for signal <B[6]_GND_10_o_add_31_OUT> created at line 25.
    Found 4-bit adder for signal <B[10]_GND_10_o_add_33_OUT> created at line 28.
    Found 4-bit adder for signal <GND_10_o_GND_10_o_add_35_OUT> created at line 31.
    Found 4-bit adder for signal <B[5]_GND_10_o_add_37_OUT> created at line 25.
    Found 4-bit adder for signal <B[9]_GND_10_o_add_39_OUT> created at line 28.
    Found 4-bit adder for signal <B[13]_GND_10_o_add_41_OUT> created at line 31.
    Found 4-bit adder for signal <B[4]_GND_10_o_add_43_OUT> created at line 25.
    Found 4-bit adder for signal <B[8]_GND_10_o_add_45_OUT> created at line 28.
    Found 4-bit adder for signal <B[12]_GND_10_o_add_47_OUT> created at line 31.
    Found 3-bit comparator greater for signal <PWR_10_o_B[13]_LessThan_1_o> created at line 24
    Found 4-bit comparator greater for signal <GND_10_o_B[13]_LessThan_3_o> created at line 24
    Found 4-bit comparator greater for signal <GND_10_o_B[12]_LessThan_5_o> created at line 24
    Found 4-bit comparator greater for signal <GND_10_o_B[11]_LessThan_7_o> created at line 24
    Found 3-bit comparator greater for signal <PWR_10_o_GND_10_o_LessThan_9_o> created at line 27
    Found 4-bit comparator greater for signal <GND_10_o_B[10]_LessThan_11_o> created at line 24
    Found 4-bit comparator greater for signal <GND_10_o_GND_10_o_LessThan_13_o> created at line 27
    Found 4-bit comparator greater for signal <GND_10_o_B[9]_LessThan_15_o> created at line 24
    Found 4-bit comparator greater for signal <GND_10_o_B[13]_LessThan_17_o> created at line 27
    Found 4-bit comparator greater for signal <GND_10_o_B[8]_LessThan_19_o> created at line 24
    Found 4-bit comparator greater for signal <GND_10_o_B[12]_LessThan_21_o> created at line 27
    Found 3-bit comparator greater for signal <PWR_10_o_GND_10_o_LessThan_23_o> created at line 30
    Found 4-bit comparator greater for signal <GND_10_o_B[7]_LessThan_25_o> created at line 24
    Found 4-bit comparator greater for signal <GND_10_o_B[11]_LessThan_27_o> created at line 27
    Found 4-bit comparator greater for signal <GND_10_o_GND_10_o_LessThan_29_o> created at line 30
    Found 4-bit comparator greater for signal <GND_10_o_B[6]_LessThan_31_o> created at line 24
    Found 4-bit comparator greater for signal <GND_10_o_B[10]_LessThan_33_o> created at line 27
    Found 4-bit comparator greater for signal <GND_10_o_GND_10_o_LessThan_35_o> created at line 30
    Found 4-bit comparator greater for signal <GND_10_o_B[5]_LessThan_37_o> created at line 24
    Found 4-bit comparator greater for signal <GND_10_o_B[9]_LessThan_39_o> created at line 27
    Found 4-bit comparator greater for signal <GND_10_o_B[13]_LessThan_41_o> created at line 30
    Found 4-bit comparator greater for signal <GND_10_o_B[4]_LessThan_43_o> created at line 24
    Found 4-bit comparator greater for signal <GND_10_o_B[8]_LessThan_45_o> created at line 27
    Found 4-bit comparator greater for signal <GND_10_o_B[12]_LessThan_47_o> created at line 30
    Summary:
	inferred  24 Adder/Subtractor(s).
	inferred  24 Comparator(s).
	inferred  95 Multiplexer(s).
Unit <Modulo_BinBcd> synthesized.

Synthesizing Unit <mux4a1>.
    Related source file is "/home/ise/OSwin7/BoquesSecuenciales/ContadorDisplayVer2/mux4a1.vhd".
    Found 4-bit 4-to-1 multiplexer for signal <fout> created at line 18.
    Summary:
	inferred   1 Multiplexer(s).
Unit <mux4a1> synthesized.

Synthesizing Unit <display>.
    Related source file is "/home/ise/OSwin7/BoquesSecuenciales/ContadorDisplayVer2/display.vhd".
    Found 16x7-bit Read Only RAM for signal <segmento>
    Summary:
	inferred   1 RAM(s).
Unit <display> synthesized.

Synthesizing Unit <cuenta>.
    Related source file is "/home/ise/OSwin7/BoquesSecuenciales/ContadorDisplayVer2/cuenta.vhd".
    Found 2-bit register for signal <cuenta>.
    Found 2-bit adder for signal <cuenta[1]_GND_13_o_add_0_OUT> created at line 22.
    Summary:
	inferred   1 Adder/Subtractor(s).
	inferred   2 D-type flip-flop(s).
Unit <cuenta> synthesized.

Synthesizing Unit <negacion>.
    Related source file is "/home/ise/OSwin7/BoquesSecuenciales/ContadorDisplayVer2/negacion.vhd".
    Found 4x4-bit Read Only RAM for signal <anodo>
    Summary:
	inferred   1 RAM(s).
Unit <negacion> synthesized.

Synthesizing Unit <divide>.
    Related source file is "/home/ise/OSwin7/BoquesSecuenciales/ContadorDisplayVer2/divide.vhd".
    Found 18-bit register for signal <cuenta>.
    Found 1-bit register for signal <unseg>.
    Found 1-bit register for signal <aux>.
    Found 18-bit adder for signal <cuenta[17]_GND_15_o_add_1_OUT> created at line 45.
    Summary:
	inferred   1 Adder/Subtractor(s).
	inferred  20 D-type flip-flop(s).
	inferred   1 Multiplexer(s).
Unit <divide> synthesized.

Synthesizing Unit <ModuloDivide>.
    Related source file is "/home/ise/OSwin7/BoquesSecuenciales/ContadorDisplayVer2/ModuloDivide.vhd".
    Found 26-bit register for signal <cuenta>.
    Found 1-bit register for signal <unseg>.
    Found 1-bit register for signal <aux>.
    Found 26-bit adder for signal <cuenta[25]_GND_16_o_add_1_OUT> created at line 40.
    Summary:
	inferred   1 Adder/Subtractor(s).
	inferred  28 D-type flip-flop(s).
	inferred   1 Multiplexer(s).
Unit <ModuloDivide> synthesized.

=========================================================================
HDL Synthesis Report

Macro Statistics
# RAMs                                                 : 2
 16x7-bit single-port Read Only RAM                    : 1
 4x4-bit single-port Read Only RAM                     : 1
# Adders/Subtractors                                   : 28
 14-bit adder                                          : 1
 18-bit adder                                          : 1
 2-bit adder                                           : 1
 26-bit adder                                          : 1
 4-bit adder                                           : 24
# Registers                                            : 8
 1-bit register                                        : 4
 14-bit register                                       : 1
 18-bit register                                       : 1
 2-bit register                                        : 1
 26-bit register                                       : 1
# Comparators                                          : 24
 3-bit comparator greater                              : 3
 4-bit comparator greater                              : 21
# Multiplexers                                         : 98
 1-bit 2-to-1 multiplexer                              : 95
 18-bit 2-to-1 multiplexer                             : 1
 26-bit 2-to-1 multiplexer                             : 1
 4-bit 4-to-1 multiplexer                              : 1

=========================================================================

=========================================================================
*                       Advanced HDL Synthesis                          *
=========================================================================


Synthesizing (advanced) Unit <ModuloCuenta>.
The following registers are absorbed into counter <cuenta>: 1 register on signal <cuenta>.
Unit <ModuloCuenta> synthesized (advanced).

Synthesizing (advanced) Unit <ModuloDivide>.
The following registers are absorbed into counter <cuenta>: 1 register on signal <cuenta>.
Unit <ModuloDivide> synthesized (advanced).

Synthesizing (advanced) Unit <cuenta>.
The following registers are absorbed into counter <cuenta>: 1 register on signal <cuenta>.
Unit <cuenta> synthesized (advanced).

Synthesizing (advanced) Unit <display>.
INFO:Xst:3218 - HDL ADVISOR - The RAM <Mram_segmento> will be implemented on LUTs either because you have described an asynchronous read or because of currently unsupported block RAM features. If you have described an asynchronous read, making it synchronous would allow you to take advantage of available block RAM resources, for optimized device usage and improved timings. Please refer to your documentation for coding guidelines.
    -----------------------------------------------------------------------
    | ram_type           | Distributed                         |          |
    -----------------------------------------------------------------------
    | Port A                                                              |
    |     aspect ratio   | 16-word x 7-bit                     |          |
    |     weA            | connected to signal <GND>           | high     |
    |     addrA          | connected to signal <digito>        |          |
    |     diA            | connected to signal <GND>           |          |
    |     doA            | connected to signal <segmento>      |          |
    -----------------------------------------------------------------------
Unit <display> synthesized (advanced).

Synthesizing (advanced) Unit <divide>.
The following registers are absorbed into counter <cuenta>: 1 register on signal <cuenta>.
Unit <divide> synthesized (advanced).

Synthesizing (advanced) Unit <negacion>.
INFO:Xst:3218 - HDL ADVISOR - The RAM <Mram_anodo> will be implemented on LUTs either because you have described an asynchronous read or because of currently unsupported block RAM features. If you have described an asynchronous read, making it synchronous would allow you to take advantage of available block RAM resources, for optimized device usage and improved timings. Please refer to your documentation for coding guidelines.
    -----------------------------------------------------------------------
    | ram_type           | Distributed                         |          |
    -----------------------------------------------------------------------
    | Port A                                                              |
    |     aspect ratio   | 4-word x 4-bit                      |          |
    |     weA            | connected to signal <GND>           | high     |
    |     addrA          | connected to signal <btn>           |          |
    |     diA            | connected to signal <GND>           |          |
    |     doA            | connected to signal <anodo>         |          |
    -----------------------------------------------------------------------
Unit <negacion> synthesized (advanced).

=========================================================================
Advanced HDL Synthesis Report

Macro Statistics
# RAMs                                                 : 2
 16x7-bit single-port distributed Read Only RAM        : 1
 4x4-bit single-port distributed Read Only RAM         : 1
# Adders/Subtractors                                   : 24
 3-bit adder                                           : 1
 4-bit adder                                           : 23
# Counters                                             : 4
 14-bit up counter                                     : 1
 18-bit up counter                                     : 1
 2-bit up counter                                      : 1
 26-bit up counter                                     : 1
# Registers                                            : 4
 Flip-Flops                                            : 4
# Comparators                                          : 24
 3-bit comparator greater                              : 3
 4-bit comparator greater                              : 21
# Multiplexers                                         : 96
 1-bit 2-to-1 multiplexer                              : 95
 4-bit 4-to-1 multiplexer                              : 1

=========================================================================

=========================================================================
*                         Low Level Synthesis                           *
=========================================================================

Optimizing unit <SuperiorContadorDisplayVer2> ...

Optimizing unit <Modulo_BinBcd> ...
INFO:Xst:2261 - The FF/Latch <XLXI_2/u5/cuenta_0> in Unit <SuperiorContadorDisplayVer2> is equivalent to the following FF/Latch, which will be removed : <XLXI_3/cuenta_0> 
INFO:Xst:2261 - The FF/Latch <XLXI_2/u5/cuenta_1> in Unit <SuperiorContadorDisplayVer2> is equivalent to the following FF/Latch, which will be removed : <XLXI_3/cuenta_1> 
INFO:Xst:2261 - The FF/Latch <XLXI_2/u5/cuenta_2> in Unit <SuperiorContadorDisplayVer2> is equivalent to the following FF/Latch, which will be removed : <XLXI_3/cuenta_2> 
INFO:Xst:2261 - The FF/Latch <XLXI_2/u5/cuenta_3> in Unit <SuperiorContadorDisplayVer2> is equivalent to the following FF/Latch, which will be removed : <XLXI_3/cuenta_3> 
INFO:Xst:2261 - The FF/Latch <XLXI_2/u5/cuenta_4> in Unit <SuperiorContadorDisplayVer2> is equivalent to the following FF/Latch, which will be removed : <XLXI_3/cuenta_4> 
INFO:Xst:2261 - The FF/Latch <XLXI_2/u5/cuenta_5> in Unit <SuperiorContadorDisplayVer2> is equivalent to the following FF/Latch, which will be removed : <XLXI_3/cuenta_5> 

Mapping all equations...
Building and optimizing final netlist ...
Found area constraint ratio of 100 (+ 5) on block SuperiorContadorDisplayVer2, actual ratio is 2.
FlipFlop XLXI_2/u5/cuenta_4 has been replicated 1 time(s)
FlipFlop XLXI_2/u5/cuenta_5 has been replicated 1 time(s)

Final Macro Processing ...

=========================================================================
Final Register Report

Macro Statistics
# Registers                                            : 60
 Flip-Flops                                            : 60

=========================================================================

=========================================================================
*                           Partition Report                            *
=========================================================================

Partition Implementation Status
-------------------------------

  No Partitions were found in this design.

-------------------------------

=========================================================================
*                            Design Summary                             *
=========================================================================

Top Level Output File Name         : SuperiorContadorDisplayVer2.ngc

Primitive and Black Box Usage:
------------------------------
# BELS                             : 303
#      GND                         : 1
#      INV                         : 6
#      LUT1                        : 55
#      LUT2                        : 25
#      LUT3                        : 1
#      LUT4                        : 9
#      LUT5                        : 33
#      LUT6                        : 65
#      MUXCY                       : 55
#      VCC                         : 1
#      XORCY                       : 52
# FlipFlops/Latches                : 60
#      FDC                         : 58
#      FDCE                        : 2
# Clock Buffers                    : 1
#      BUFGP                       : 1
# IO Buffers                       : 12
#      IBUF                        : 1
#      OBUF                        : 11

Device utilization summary:
---------------------------

Selected Device : 6slx16csg324-3 


Slice Logic Utilization: 
 Number of Slice Registers:              60  out of  18224     0%  
 Number of Slice LUTs:                  194  out of   9112     2%  
    Number used as Logic:               194  out of   9112     2%  

Slice Logic Distribution: 
 Number of LUT Flip Flop pairs used:    196
   Number with an unused Flip Flop:     136  out of    196    69%  
   Number with an unused LUT:             2  out of    196     1%  
   Number of fully used LUT-FF pairs:    58  out of    196    29%  
   Number of unique control sets:         5

IO Utilization: 
 Number of IOs:                          13
 Number of bonded IOBs:                  13  out of    232     5%  

Specific Feature Utilization:
 Number of BUFG/BUFGCTRLs:                1  out of     16     6%  

---------------------------
Partition Resource Summary:
---------------------------

  No Partitions were found in this design.

---------------------------


=========================================================================
Timing Report

NOTE: THESE TIMING NUMBERS ARE ONLY A SYNTHESIS ESTIMATE.
      FOR ACCURATE TIMING INFORMATION PLEASE REFER TO THE TRACE REPORT
      GENERATED AFTER PLACE-and-ROUTE.

Clock Information:
------------------
-----------------------------------+-------------------------+-------+
Clock Signal                       | Clock buffer(FF name)   | Load  |
-----------------------------------+-------------------------+-------+
CLK                                | BUFGP                   | 44    |
XLXI_2/u5/aux                      | NONE(XLXI_2/u3/cuenta_0)| 2     |
XLXI_3/aux                         | NONE(XLXI_1/cuenta_0)   | 14    |
-----------------------------------+-------------------------+-------+
INFO:Xst:2169 - HDL ADVISOR - Some clock signals were not automatically buffered by XST with BUFG/BUFR resources. Please use the buffer_type constraint in order to insert these buffers to the clock signals to help prevent skew problems.

Asynchronous Control Signals Information:
----------------------------------------
No asynchronous control signals found in this design

Timing Summary:
---------------
Speed Grade: -3

   Minimum period: 3.889ns (Maximum Frequency: 257.149MHz)
   Minimum input arrival time before clock: 3.265ns
   Maximum output required time after clock: 18.969ns
   Maximum combinational path delay: No path found

Timing Details:
---------------
All values displayed in nanoseconds (ns)

=========================================================================
Timing constraint: Default period analysis for Clock 'CLK'
  Clock period: 3.889ns (frequency: 257.149MHz)
  Total number of paths / destination ports: 1440 / 46
-------------------------------------------------------------------------
Delay:               3.889ns (Levels of Logic = 3)
  Source:            XLXI_3/cuenta_12 (FF)
  Destination:       XLXI_3/cuenta_6 (FF)
  Source Clock:      CLK rising
  Destination Clock: CLK rising

  Data Path: XLXI_3/cuenta_12 to XLXI_3/cuenta_6
                                Gate     Net
    Cell:in->out      fanout   Delay   Delay  Logical Name (Net Name)
    ----------------------------------------  ------------
     FDC:C->Q              2   0.447   0.981  XLXI_3/cuenta_12 (XLXI_3/cuenta_12)
     LUT6:I0->O            2   0.203   0.864  XLXI_3/PWR_16_o_cuenta[25]_equal_1_o<25>2 (XLXI_3/PWR_16_o_cuenta[25]_equal_1_o<25>1)
     LUT6:I2->O           11   0.203   0.883  XLXI_3/PWR_16_o_cuenta[25]_equal_1_o<25>5 (XLXI_3/PWR_16_o_cuenta[25]_equal_1_o)
     LUT2:I1->O            1   0.205   0.000  XLXI_3/Mcount_cuenta_eqn_61 (XLXI_3/Mcount_cuenta_eqn_6)
     FDC:D                     0.102          XLXI_3/cuenta_6
    ----------------------------------------
    Total                      3.889ns (1.160ns logic, 2.729ns route)
                                       (29.8% logic, 70.2% route)

=========================================================================
Timing constraint: Default period analysis for Clock 'XLXI_2/u5/aux'
  Clock period: 2.216ns (frequency: 451.233MHz)
  Total number of paths / destination ports: 3 / 2
-------------------------------------------------------------------------
Delay:               2.216ns (Levels of Logic = 1)
  Source:            XLXI_2/u3/cuenta_0 (FF)
  Destination:       XLXI_2/u3/cuenta_0 (FF)
  Source Clock:      XLXI_2/u5/aux rising
  Destination Clock: XLXI_2/u5/aux rising

  Data Path: XLXI_2/u3/cuenta_0 to XLXI_2/u3/cuenta_0
                                Gate     Net
    Cell:in->out      fanout   Delay   Delay  Logical Name (Net Name)
    ----------------------------------------  ------------
     FDC:C->Q             11   0.447   0.882  XLXI_2/u3/cuenta_0 (XLXI_2/u3/cuenta_0)
     INV:I->O              1   0.206   0.579  XLXI_2/u3/Mcount_cuenta_xor<0>11_INV_0 (Result<0>1)
     FDC:D                     0.102          XLXI_2/u3/cuenta_0
    ----------------------------------------
    Total                      2.216ns (0.755ns logic, 1.461ns route)
                                       (34.1% logic, 65.9% route)

=========================================================================
Timing constraint: Default period analysis for Clock 'XLXI_3/aux'
  Clock period: 2.160ns (frequency: 462.899MHz)
  Total number of paths / destination ports: 105 / 14
-------------------------------------------------------------------------
Delay:               2.160ns (Levels of Logic = 12)
  Source:            XLXI_1/cuenta_3 (FF)
  Destination:       XLXI_1/cuenta_13 (FF)
  Source Clock:      XLXI_3/aux rising
  Destination Clock: XLXI_3/aux rising

  Data Path: XLXI_1/cuenta_3 to XLXI_1/cuenta_13
                                Gate     Net
    Cell:in->out      fanout   Delay   Delay  Logical Name (Net Name)
    ----------------------------------------  ------------
     FDC:C->Q             11   0.447   0.883  XLXI_1/cuenta_3 (XLXI_1/cuenta_3)
     LUT1:I0->O            1   0.205   0.000  XLXI_1/Mcount_cuenta_cy<3>_rt (XLXI_1/Mcount_cuenta_cy<3>_rt)
     MUXCY:S->O            1   0.172   0.000  XLXI_1/Mcount_cuenta_cy<3> (XLXI_1/Mcount_cuenta_cy<3>)
     MUXCY:CI->O           1   0.019   0.000  XLXI_1/Mcount_cuenta_cy<4> (XLXI_1/Mcount_cuenta_cy<4>)
     MUXCY:CI->O           1   0.019   0.000  XLXI_1/Mcount_cuenta_cy<5> (XLXI_1/Mcount_cuenta_cy<5>)
     MUXCY:CI->O           1   0.019   0.000  XLXI_1/Mcount_cuenta_cy<6> (XLXI_1/Mcount_cuenta_cy<6>)
     MUXCY:CI->O           1   0.019   0.000  XLXI_1/Mcount_cuenta_cy<7> (XLXI_1/Mcount_cuenta_cy<7>)
     MUXCY:CI->O           1   0.019   0.000  XLXI_1/Mcount_cuenta_cy<8> (XLXI_1/Mcount_cuenta_cy<8>)
     MUXCY:CI->O           1   0.019   0.000  XLXI_1/Mcount_cuenta_cy<9> (XLXI_1/Mcount_cuenta_cy<9>)
     MUXCY:CI->O           1   0.019   0.000  XLXI_1/Mcount_cuenta_cy<10> (XLXI_1/Mcount_cuenta_cy<10>)
     MUXCY:CI->O           1   0.019   0.000  XLXI_1/Mcount_cuenta_cy<11> (XLXI_1/Mcount_cuenta_cy<11>)
     MUXCY:CI->O           0   0.019   0.000  XLXI_1/Mcount_cuenta_cy<12> (XLXI_1/Mcount_cuenta_cy<12>)
     XORCY:CI->O           1   0.180   0.000  XLXI_1/Mcount_cuenta_xor<13> (Result<13>2)
     FDC:D                     0.102          XLXI_1/cuenta_13
    ----------------------------------------
    Total                      2.160ns (1.277ns logic, 0.883ns route)
                                       (59.1% logic, 40.9% route)

=========================================================================
Timing constraint: Default OFFSET IN BEFORE for Clock 'CLK'
  Total number of paths / destination ports: 44 / 44
-------------------------------------------------------------------------
Offset:              3.265ns (Levels of Logic = 1)
  Source:            Reset (PAD)
  Destination:       XLXI_2/u5/aux (FF)
  Destination Clock: CLK rising

  Data Path: Reset to XLXI_2/u5/aux
                                Gate     Net
    Cell:in->out      fanout   Delay   Delay  Logical Name (Net Name)
    ----------------------------------------  ------------
     IBUF:I->O            60   1.222   1.613  Reset_IBUF (Reset_IBUF)
     FDC:CLR                   0.430          XLXI_2/u5/unseg
    ----------------------------------------
    Total                      3.265ns (1.652ns logic, 1.613ns route)
                                       (50.6% logic, 49.4% route)

=========================================================================
Timing constraint: Default OFFSET IN BEFORE for Clock 'XLXI_2/u5/aux'
  Total number of paths / destination ports: 2 / 2
-------------------------------------------------------------------------
Offset:              3.265ns (Levels of Logic = 1)
  Source:            Reset (PAD)
  Destination:       XLXI_2/u3/cuenta_0 (FF)
  Destination Clock: XLXI_2/u5/aux rising

  Data Path: Reset to XLXI_2/u3/cuenta_0
                                Gate     Net
    Cell:in->out      fanout   Delay   Delay  Logical Name (Net Name)
    ----------------------------------------  ------------
     IBUF:I->O            60   1.222   1.613  Reset_IBUF (Reset_IBUF)
     FDC:CLR                   0.430          XLXI_2/u3/cuenta_0
    ----------------------------------------
    Total                      3.265ns (1.652ns logic, 1.613ns route)
                                       (50.6% logic, 49.4% route)

=========================================================================
Timing constraint: Default OFFSET IN BEFORE for Clock 'XLXI_3/aux'
  Total number of paths / destination ports: 14 / 14
-------------------------------------------------------------------------
Offset:              3.265ns (Levels of Logic = 1)
  Source:            Reset (PAD)
  Destination:       XLXI_1/cuenta_0 (FF)
  Destination Clock: XLXI_3/aux rising

  Data Path: Reset to XLXI_1/cuenta_0
                                Gate     Net
    Cell:in->out      fanout   Delay   Delay  Logical Name (Net Name)
    ----------------------------------------  ------------
     IBUF:I->O            60   1.222   1.613  Reset_IBUF (Reset_IBUF)
     FDC:CLR                   0.430          XLXI_1/cuenta_0
    ----------------------------------------
    Total                      3.265ns (1.652ns logic, 1.613ns route)
                                       (50.6% logic, 49.4% route)

=========================================================================
Timing constraint: Default OFFSET OUT AFTER for Clock 'XLXI_2/u5/aux'
  Total number of paths / destination ports: 85 / 11
-------------------------------------------------------------------------
Offset:              7.284ns (Levels of Logic = 4)
  Source:            XLXI_2/u3/cuenta_1 (FF)
  Destination:       seg<6> (PAD)
  Source Clock:      XLXI_2/u5/aux rising

  Data Path: XLXI_2/u3/cuenta_1 to seg<6>
                                Gate     Net
    Cell:in->out      fanout   Delay   Delay  Logical Name (Net Name)
    ----------------------------------------  ------------
     FDC:C->Q             11   0.447   1.247  XLXI_2/u3/cuenta_1 (XLXI_2/u3/cuenta_1)
     LUT6:I0->O            1   0.203   0.808  XLXI_2/u1/Mmux_fout43 (XLXI_2/u1/Mmux_fout42)
     LUT6:I3->O            7   0.205   1.021  XLXI_2/u1/Mmux_fout47 (XLXI_2/sg3<3>)
     LUT4:I0->O            1   0.203   0.579  XLXI_2/u2/Mram_segmento61 (seg_6_OBUF)
     OBUF:I->O                 2.571          seg_6_OBUF (seg<6>)
    ----------------------------------------
    Total                      7.284ns (3.629ns logic, 3.655ns route)
                                       (49.8% logic, 50.2% route)

=========================================================================
Timing constraint: Default OFFSET OUT AFTER for Clock 'XLXI_3/aux'
  Total number of paths / destination ports: 2751336 / 7
-------------------------------------------------------------------------
Offset:              18.969ns (Levels of Logic = 14)
  Source:            XLXI_1/cuenta_11 (FF)
  Destination:       seg<1> (PAD)
  Source Clock:      XLXI_3/aux rising

  Data Path: XLXI_1/cuenta_11 to seg<1>
                                Gate     Net
    Cell:in->out      fanout   Delay   Delay  Logical Name (Net Name)
    ----------------------------------------  ------------
     FDC:C->Q              9   0.447   1.174  XLXI_1/cuenta_11 (XLXI_1/cuenta_11)
     LUT5:I0->O           10   0.203   1.104  XLXI_2/u0/GND_10_o_B[12]_LessThan_5_o1 (XLXI_2/u0/Madd_GND_10_o_GND_10_o_add_9_OUT_cy<0>)
     LUT6:I2->O            8   0.203   1.031  XLXI_2/u0/Mmux_B[11]_B[11]_MUX_20_o11 (XLXI_2/u0/Madd_GND_10_o_GND_10_o_add_13_OUT_cy<0>)
     LUT6:I3->O           11   0.205   0.883  XLXI_2/u0/Mmux_GND_10_o_GND_10_o_MUX_32_o11 (XLXI_2/u0/GND_10_o_GND_10_o_MUX_32_o)
     LUT5:I4->O            3   0.205   0.995  XLXI_2/u0/Mmux_B[13]_GND_10_o_MUX_33_o11 (XLXI_2/u0/Madd_B[13]_GND_10_o_add_17_OUT_lut<3>)
     LUT5:I0->O            3   0.203   1.015  XLXI_2/u0/Mmux_B[12]_B[13]_MUX_41_o11 (XLXI_2/u0/Madd_B[12]_GND_10_o_add_21_OUT_lut<3>)
     LUT6:I0->O            6   0.203   1.089  XLXI_2/u0/GND_10_o_B[12]_LessThan_21_o1 (XLXI_2/u0/GND_10_o_B[12]_LessThan_21_o)
     LUT6:I1->O            6   0.203   1.089  XLXI_2/u0/GND_10_o_B[11]_LessThan_27_o1 (XLXI_2/u0/GND_10_o_B[11]_LessThan_27_o)
     LUT6:I1->O            7   0.203   1.118  XLXI_2/u0/GND_10_o_B[10]_LessThan_33_o1 (XLXI_2/u0/GND_10_o_B[10]_LessThan_33_o)
     LUT6:I1->O            4   0.203   1.048  XLXI_2/u0/GND_10_o_B[9]_LessThan_39_o1 (XLXI_2/u0/GND_10_o_B[9]_LessThan_39_o)
     LUT6:I0->O            1   0.203   0.580  XLXI_2/u1/Mmux_fout33 (XLXI_2/u1/Mmux_fout32)
     LUT6:I5->O            1   0.205   0.580  XLXI_2/u1/Mmux_fout34 (XLXI_2/u1/Mmux_fout33)
     LUT5:I4->O            7   0.205   1.021  XLXI_2/u1/Mmux_fout37 (XLXI_2/sg3<2>)
     LUT4:I0->O            1   0.203   0.579  XLXI_2/u2/Mram_segmento111 (seg_1_OBUF)
     OBUF:I->O                 2.571          seg_1_OBUF (seg<1>)
    ----------------------------------------
    Total                     18.969ns (5.665ns logic, 13.304ns route)
                                       (29.9% logic, 70.1% route)

=========================================================================

Cross Clock Domains Report:
--------------------------

Clock to Setup on destination clock CLK
---------------+---------+---------+---------+---------+
               | Src:Rise| Src:Fall| Src:Rise| Src:Fall|
Source Clock   |Dest:Rise|Dest:Rise|Dest:Fall|Dest:Fall|
---------------+---------+---------+---------+---------+
CLK            |    3.889|         |         |         |
---------------+---------+---------+---------+---------+

Clock to Setup on destination clock XLXI_2/u5/aux
---------------+---------+---------+---------+---------+
               | Src:Rise| Src:Fall| Src:Rise| Src:Fall|
Source Clock   |Dest:Rise|Dest:Rise|Dest:Fall|Dest:Fall|
---------------+---------+---------+---------+---------+
XLXI_2/u5/aux  |    2.216|         |         |         |
---------------+---------+---------+---------+---------+

Clock to Setup on destination clock XLXI_3/aux
---------------+---------+---------+---------+---------+
               | Src:Rise| Src:Fall| Src:Rise| Src:Fall|
Source Clock   |Dest:Rise|Dest:Rise|Dest:Fall|Dest:Fall|
---------------+---------+---------+---------+---------+
XLXI_3/aux     |    2.160|         |         |         |
---------------+---------+---------+---------+---------+

=========================================================================


Total REAL time to Xst completion: 23.00 secs
Total CPU time to Xst completion: 19.54 secs
 
--> 


Total memory usage is 403300 kilobytes

Number of errors   :    0 (   0 filtered)
Number of warnings :    0 (   0 filtered)
Number of infos    :    9 (   0 filtered)

