--------------------------------------------------------------------------------
Release 14.7 Trace  (lin64)
Copyright (c) 1995-2013 Xilinx, Inc.  All rights reserved.

/opt/Xilinx/14.7/ISE_DS/ISE/bin/lin64/unwrapped/trce -intstyle ise -v 3 -s 3 -n
3 -fastpaths -xml sumasigno.twx sumasigno.ncd -o sumasigno.twr sumasigno.pcf
-ucf pines.ucf

Design file:              sumasigno.ncd
Physical constraint file: sumasigno.pcf
Device,package,speed:     xc6slx16,csg324,C,-3 (PRODUCTION 1.23 2016-11-22)
Report level:             verbose report

Environment Variable      Effect 
--------------------      ------ 
NONE                      No environment variables were set
--------------------------------------------------------------------------------

INFO:Timing:2698 - No timing constraints found, doing default enumeration.
INFO:Timing:3412 - To improve timing, see the Timing Closure User Guide (UG612).
INFO:Timing:2752 - To get complete path coverage, use the unconstrained paths 
   option. All paths that are not constrained will be reported in the 
   unconstrained paths section(s) of the report.
INFO:Timing:3339 - The clock-to-out numbers in this timing report are based on 
   a 50 Ohm transmission line loading model.  For the details of this model, 
   and for more information on accounting for different loading conditions, 
   please see the device datasheet.



Data Sheet report:
-----------------
All values displayed in nanoseconds (ns)

Pad to Pad
---------------+---------------+---------+
Source Pad     |Destination Pad|  Delay  |
---------------+---------------+---------+
a<0>           |des            |   10.032|
a<0>           |suma<0>        |    9.114|
a<0>           |suma<1>        |    9.232|
a<0>           |suma<2>        |    9.916|
a<0>           |suma<3>        |   10.443|
a<1>           |des            |    8.426|
a<1>           |suma<1>        |    8.354|
a<1>           |suma<2>        |    8.310|
a<1>           |suma<3>        |    8.837|
a<2>           |des            |    8.374|
a<2>           |suma<2>        |    8.258|
a<2>           |suma<3>        |    8.785|
a<3>           |des            |    8.571|
a<3>           |suma<3>        |    8.982|
b<0>           |des            |    9.526|
b<0>           |suma<0>        |    8.557|
b<0>           |suma<1>        |    8.675|
b<0>           |suma<2>        |    9.410|
b<0>           |suma<3>        |    9.937|
b<1>           |des            |    8.476|
b<1>           |suma<1>        |    8.540|
b<1>           |suma<2>        |    8.360|
b<1>           |suma<3>        |    8.887|
b<2>           |des            |    8.516|
b<2>           |suma<2>        |    8.400|
b<2>           |suma<3>        |    8.927|
b<3>           |des            |    8.230|
b<3>           |suma<3>        |    8.641|
cin            |des            |   12.899|
cin            |suma<0>        |   12.007|
cin            |suma<1>        |   12.125|
cin            |suma<2>        |   12.783|
cin            |suma<3>        |   13.310|
---------------+---------------+---------+


Analysis completed Sat Aug 31 02:39:11 2019 
--------------------------------------------------------------------------------

Trace Settings:
-------------------------
Trace Settings 

Peak Memory Usage: 389 MB



