Running: /opt/Xilinx/14.7/ISE_DS/ISE/bin/lin64/unwrapped/fuse -intstyle ise -incremental -lib secureip -o /home/ise/Codigos_VHDL/BloquesAritmeticos/Xsumadorestador/tes_isim_beh.exe -prj /home/ise/Codigos_VHDL/BloquesAritmeticos/Xsumadorestador/tes_beh.prj work.tes 
ISim P.20160913 (signature 0xfbc00daa)
Number of CPUs detected in this system: 1
Turning on mult-threading, number of parallel sub-compilation jobs: 0 
Determining compilation order of HDL files
Parsing VHDL file "/home/ise/Codigos_VHDL/BloquesAritmeticos/Xsumadorestador/SumaMedia.vhd" into library work
Parsing VHDL file "/home/ise/Codigos_VHDL/BloquesAritmeticos/Xsumadorestador/Icxor.vhd" into library work
Parsing VHDL file "/home/ise/Codigos_VHDL/BloquesAritmeticos/Xsumadorestador/sumasigno.vhd" into library work
Parsing VHDL file "/home/ise/Codigos_VHDL/BloquesAritmeticos/Xsumadorestador/complemento.vhd" into library work
Parsing VHDL file "/home/ise/Codigos_VHDL/BloquesAritmeticos/Xsumadorestador/sumaresta.vhd" into library work
Parsing VHDL file "/home/ise/Codigos_VHDL/BloquesAritmeticos/Xsumadorestador/tes.vhd" into library work
Starting static elaboration
Completed static elaboration
Fuse Memory Usage: 95472 KB
Fuse CPU Usage: 1210 ms
Compiling package standard
Compiling package std_logic_1164
Compiling architecture behavioral of entity Icxor [icxor_default]
Compiling architecture behavioral of entity complemento [complemento_default]
Compiling architecture behavioral of entity SumaMedia [sumamedia_default]
Compiling architecture behavioral of entity sumasigno [sumasigno_default]
Compiling architecture behavioral of entity sumaresta [sumaresta_default]
Compiling architecture behavior of entity tes
Time Resolution for simulation is 1ps.
Compiled 13 VHDL Units
Built simulation executable /home/ise/Codigos_VHDL/BloquesAritmeticos/Xsumadorestador/tes_isim_beh.exe
Fuse Memory Usage: 104104 KB
Fuse CPU Usage: 1280 ms
GCC CPU Usage: 760 ms
