Command line:
   tes0_isim_beh.exe
     -simmode  gui
     -simrunnum  0
     -socket  40002

Thu Oct 10 17:41:11 2019


 Elaboration Time: 0.04 sec

 Current Memory Usage: 196.538 Meg

 Total Signals          : 7
 Total Nets             : 6
 Total Signal Drivers   : 4
 Total Blocks           : 5
 Total Primitive Blocks : 4
 Total Processes        : 4
 Total Traceable Variables  : 11
 Total Scalar Nets and Variables : 385
Total Line Count : 15

 Total Simulation Time: 0.04 sec

 Current Memory Usage: 274.137 Meg

Thu Oct 10 17:41:50 2019

