--------------------------------------------------------------------------------
Release 14.7 Trace  (lin64)
Copyright (c) 1995-2013 Xilinx, Inc.  All rights reserved.

/opt/Xilinx/14.7/ISE_DS/ISE/bin/lin64/unwrapped/trce -intstyle ise -v 3 -s 3 -n
3 -fastpaths -xml VGA.twx VGA.ncd -o VGA.twr VGA.pcf -ucf pines.ucf

Design file:              VGA.ncd
Physical constraint file: VGA.pcf
Device,package,speed:     xc6slx16,csg324,C,-3 (PRODUCTION 1.23 2016-11-22)
Report level:             verbose report

Environment Variable      Effect 
--------------------      ------ 
NONE                      No environment variables were set
--------------------------------------------------------------------------------

INFO:Timing:3412 - To improve timing, see the Timing Closure User Guide (UG612).
INFO:Timing:2752 - To get complete path coverage, use the unconstrained paths 
   option. All paths that are not constrained will be reported in the 
   unconstrained paths section(s) of the report.
INFO:Timing:3339 - The clock-to-out numbers in this timing report are based on 
   a 50 Ohm transmission line loading model.  For the details of this model, 
   and for more information on accounting for different loading conditions, 
   please see the device datasheet.

================================================================================
Timing constraint: TS_sys_clk_pin = PERIOD TIMEGRP "sys_clk_pin" 100 MHz HIGH 
50%;
For more information, see Period Analysis in the Timing Closure User Guide (UG612).

 8 paths analyzed, 8 endpoints analyzed, 0 failing endpoints
 0 timing errors detected. (0 setup errors, 0 hold errors, 0 component switching limit errors)
 Minimum period is   1.730ns.
--------------------------------------------------------------------------------

Paths for end point U2/cuenta_0 (SLICE_X17Y45.A2), 1 path
--------------------------------------------------------------------------------
Slack (setup path):     8.736ns (requirement - (data path - clock path skew + uncertainty))
  Source:               U2/cuenta_1 (FF)
  Destination:          U2/cuenta_0 (FF)
  Requirement:          10.000ns
  Data Path Delay:      1.229ns (Levels of Logic = 1)
  Clock Path Skew:      0.000ns
  Source Clock:         clk_BUFGP rising at 0.000ns
  Destination Clock:    clk_BUFGP rising at 10.000ns
  Clock Uncertainty:    0.035ns

  Clock Uncertainty:          0.035ns  ((TSJ^2 + TIJ^2)^1/2 + DJ) / 2 + PE
    Total System Jitter (TSJ):  0.070ns
    Total Input Jitter (TIJ):   0.000ns
    Discrete Jitter (DJ):       0.000ns
    Phase Error (PE):           0.000ns

  Maximum Data Path at Slow Process Corner: U2/cuenta_1 to U2/cuenta_0
    Location             Delay type         Delay(ns)  Physical Resource
                                                       Logical Resource(s)
    -------------------------------------------------  -------------------
    SLICE_X17Y45.AMUX    Tshcko                0.461   U2/unseg
                                                       U2/cuenta_1
    SLICE_X17Y45.A2      net (fanout=2)        0.446   U2/cuenta<1>
    SLICE_X17Y45.CLK     Tas                   0.322   U2/unseg
                                                       U2/Mmux_cuenta[1]_GND_6_o_mux_2_OUT11
                                                       U2/cuenta_0
    -------------------------------------------------  ---------------------------
    Total                                      1.229ns (0.783ns logic, 0.446ns route)
                                                       (63.7% logic, 36.3% route)

--------------------------------------------------------------------------------

Paths for end point U2/unseg (SLICE_X17Y45.B1), 1 path
--------------------------------------------------------------------------------
Slack (setup path):     8.825ns (requirement - (data path - clock path skew + uncertainty))
  Source:               U2/cuenta_0 (FF)
  Destination:          U2/unseg (FF)
  Requirement:          10.000ns
  Data Path Delay:      1.140ns (Levels of Logic = 1)
  Clock Path Skew:      0.000ns
  Source Clock:         clk_BUFGP rising at 0.000ns
  Destination Clock:    clk_BUFGP rising at 10.000ns
  Clock Uncertainty:    0.035ns

  Clock Uncertainty:          0.035ns  ((TSJ^2 + TIJ^2)^1/2 + DJ) / 2 + PE
    Total System Jitter (TSJ):  0.070ns
    Total Input Jitter (TIJ):   0.000ns
    Discrete Jitter (DJ):       0.000ns
    Phase Error (PE):           0.000ns

  Maximum Data Path at Slow Process Corner: U2/cuenta_0 to U2/unseg
    Location             Delay type         Delay(ns)  Physical Resource
                                                       Logical Resource(s)
    -------------------------------------------------  -------------------
    SLICE_X17Y45.AQ      Tcko                  0.391   U2/unseg
                                                       U2/cuenta_0
    SLICE_X17Y45.B1      net (fanout=2)        0.427   U2/cuenta<0>
    SLICE_X17Y45.CLK     Tas                   0.322   U2/unseg
                                                       U2/GND_6_o_cuenta[1]_equal_1_o<1>1
                                                       U2/unseg
    -------------------------------------------------  ---------------------------
    Total                                      1.140ns (0.713ns logic, 0.427ns route)
                                                       (62.5% logic, 37.5% route)

--------------------------------------------------------------------------------

Paths for end point U2/cuenta_1 (SLICE_X17Y45.A2), 1 path
--------------------------------------------------------------------------------
Slack (setup path):     8.831ns (requirement - (data path - clock path skew + uncertainty))
  Source:               U2/cuenta_1 (FF)
  Destination:          U2/cuenta_1 (FF)
  Requirement:          10.000ns
  Data Path Delay:      1.134ns (Levels of Logic = 1)
  Clock Path Skew:      0.000ns
  Source Clock:         clk_BUFGP rising at 0.000ns
  Destination Clock:    clk_BUFGP rising at 10.000ns
  Clock Uncertainty:    0.035ns

  Clock Uncertainty:          0.035ns  ((TSJ^2 + TIJ^2)^1/2 + DJ) / 2 + PE
    Total System Jitter (TSJ):  0.070ns
    Total Input Jitter (TIJ):   0.000ns
    Discrete Jitter (DJ):       0.000ns
    Phase Error (PE):           0.000ns

  Maximum Data Path at Slow Process Corner: U2/cuenta_1 to U2/cuenta_1
    Location             Delay type         Delay(ns)  Physical Resource
                                                       Logical Resource(s)
    -------------------------------------------------  -------------------
    SLICE_X17Y45.AMUX    Tshcko                0.461   U2/unseg
                                                       U2/cuenta_1
    SLICE_X17Y45.A2      net (fanout=2)        0.446   U2/cuenta<1>
    SLICE_X17Y45.CLK     Tas                   0.227   U2/unseg
                                                       U2/Mmux_cuenta[1]_GND_6_o_mux_2_OUT21
                                                       U2/cuenta_1
    -------------------------------------------------  ---------------------------
    Total                                      1.134ns (0.688ns logic, 0.446ns route)
                                                       (60.7% logic, 39.3% route)

--------------------------------------------------------------------------------

Hold Paths: TS_sys_clk_pin = PERIOD TIMEGRP "sys_clk_pin" 100 MHz HIGH 50%;
--------------------------------------------------------------------------------

Paths for end point U2/aux (SLICE_X17Y44.A6), 1 path
--------------------------------------------------------------------------------
Slack (hold path):      0.439ns (requirement - (clock path skew + uncertainty - data path))
  Source:               U2/aux (FF)
  Destination:          U2/aux (FF)
  Requirement:          0.000ns
  Data Path Delay:      0.439ns (Levels of Logic = 1)
  Clock Path Skew:      0.000ns
  Source Clock:         clk_BUFGP rising at 10.000ns
  Destination Clock:    clk_BUFGP rising at 10.000ns
  Clock Uncertainty:    0.000ns

  Minimum Data Path at Fast Process Corner: U2/aux to U2/aux
    Location             Delay type         Delay(ns)  Physical Resource
                                                       Logical Resource(s)
    -------------------------------------------------  -------------------
    SLICE_X17Y44.AQ      Tcko                  0.198   U2/aux
                                                       U2/aux
    SLICE_X17Y44.A6      net (fanout=2)        0.026   U2/aux
    SLICE_X17Y44.CLK     Tah         (-Th)    -0.215   U2/aux
                                                       U2/aux_INV_29_o1_INV_0
                                                       U2/aux
    -------------------------------------------------  ---------------------------
    Total                                      0.439ns (0.413ns logic, 0.026ns route)
                                                       (94.1% logic, 5.9% route)

--------------------------------------------------------------------------------

Paths for end point U2/aux (SLICE_X17Y44.CE), 1 path
--------------------------------------------------------------------------------
Slack (hold path):      0.491ns (requirement - (clock path skew + uncertainty - data path))
  Source:               U2/unseg (FF)
  Destination:          U2/aux (FF)
  Requirement:          0.000ns
  Data Path Delay:      0.492ns (Levels of Logic = 0)
  Clock Path Skew:      0.001ns (0.040 - 0.039)
  Source Clock:         clk_BUFGP rising at 10.000ns
  Destination Clock:    clk_BUFGP rising at 10.000ns
  Clock Uncertainty:    0.000ns

  Minimum Data Path at Fast Process Corner: U2/unseg to U2/aux
    Location             Delay type         Delay(ns)  Physical Resource
                                                       Logical Resource(s)
    -------------------------------------------------  -------------------
    SLICE_X17Y45.BQ      Tcko                  0.198   U2/unseg
                                                       U2/unseg
    SLICE_X17Y44.CE      net (fanout=1)        0.113   U2/unseg
    SLICE_X17Y44.CLK     Tckce       (-Th)    -0.181   U2/aux
                                                       U2/aux
    -------------------------------------------------  ---------------------------
    Total                                      0.492ns (0.379ns logic, 0.113ns route)
                                                       (77.0% logic, 23.0% route)

--------------------------------------------------------------------------------

Paths for end point U2/cuenta_1 (SLICE_X17Y45.A5), 1 path
--------------------------------------------------------------------------------
Slack (hold path):      0.560ns (requirement - (clock path skew + uncertainty - data path))
  Source:               U2/cuenta_0 (FF)
  Destination:          U2/cuenta_1 (FF)
  Requirement:          0.000ns
  Data Path Delay:      0.560ns (Levels of Logic = 1)
  Clock Path Skew:      0.000ns
  Source Clock:         clk_BUFGP rising at 10.000ns
  Destination Clock:    clk_BUFGP rising at 10.000ns
  Clock Uncertainty:    0.000ns

  Minimum Data Path at Fast Process Corner: U2/cuenta_0 to U2/cuenta_1
    Location             Delay type         Delay(ns)  Physical Resource
                                                       Logical Resource(s)
    -------------------------------------------------  -------------------
    SLICE_X17Y45.AQ      Tcko                  0.198   U2/unseg
                                                       U2/cuenta_0
    SLICE_X17Y45.A5      net (fanout=2)        0.207   U2/cuenta<0>
    SLICE_X17Y45.CLK     Tah         (-Th)    -0.155   U2/unseg
                                                       U2/Mmux_cuenta[1]_GND_6_o_mux_2_OUT21
                                                       U2/cuenta_1
    -------------------------------------------------  ---------------------------
    Total                                      0.560ns (0.353ns logic, 0.207ns route)
                                                       (63.0% logic, 37.0% route)

--------------------------------------------------------------------------------

Component Switching Limit Checks: TS_sys_clk_pin = PERIOD TIMEGRP "sys_clk_pin" 100 MHz HIGH 50%;
--------------------------------------------------------------------------------
Slack: 8.270ns (period - min period limit)
  Period: 10.000ns
  Min period limit: 1.730ns (578.035MHz) (Tbcper_I)
  Physical resource: clk_BUFGP/BUFG/I0
  Logical resource: clk_BUFGP/BUFG/I0
  Location pin: BUFGMUX_X3Y13.I0
  Clock network: clk_BUFGP/IBUFG
--------------------------------------------------------------------------------
Slack: 9.606ns (period - min period limit)
  Period: 10.000ns
  Min period limit: 0.394ns (2538.071MHz) (Tcp)
  Physical resource: U2/aux/CLK
  Logical resource: U2/aux/CK
  Location pin: SLICE_X17Y44.CLK
  Clock network: clk_BUFGP
--------------------------------------------------------------------------------
Slack: 9.606ns (period - (min high pulse limit / (high pulse / period)))
  Period: 10.000ns
  High pulse: 5.000ns
  High pulse limit: 0.197ns (Trpw)
  Physical resource: U2/aux/SR
  Logical resource: U2/aux/SR
  Location pin: SLICE_X17Y44.SR
  Clock network: reset_IBUF
--------------------------------------------------------------------------------


All constraints were met.


Data Sheet report:
-----------------
All values displayed in nanoseconds (ns)

Clock to Setup on destination clock clk
---------------+---------+---------+---------+---------+
               | Src:Rise| Src:Fall| Src:Rise| Src:Fall|
Source Clock   |Dest:Rise|Dest:Rise|Dest:Fall|Dest:Fall|
---------------+---------+---------+---------+---------+
clk            |    1.264|         |         |         |
---------------+---------+---------+---------+---------+


Timing summary:
---------------

Timing errors: 0  Score: 0  (Setup/Max: 0, Hold: 0)

Constraints cover 8 paths, 0 nets, and 9 connections

Design statistics:
   Minimum period:   1.730ns{1}   (Maximum frequency: 578.035MHz)


------------------------------------Footnotes-----------------------------------
1)  The minimum period statistic assumes all single cycle delays.

Analysis completed Sat May 27 09:26:54 2023 
--------------------------------------------------------------------------------

Trace Settings:
-------------------------
Trace Settings 

Peak Memory Usage: 397 MB



