Command line:
   Tes_isim_beh.exe
     -simmode  gui
     -simrunnum  0
     -socket  38983

Sat Apr  4 22:32:10 2020


 Elaboration Time: 0.05 sec

 Current Memory Usage: 196.436 Meg

 Total Signals          : 20
 Total Nets             : 26
 Total Signal Drivers   : 6
 Total Blocks           : 6
 Total Primitive Blocks : 4
 Total Processes        : 6
 Total Traceable Variables  : 8
 Total Scalar Nets and Variables : 386
Total Line Count : 26

 Total Simulation Time: 0.06 sec

 Current Memory Usage: 274.035 Meg

Sat Apr  4 22:32:40 2020

