Command line:
   tes_isim_beh.exe
     -simmode  gui
     -simrunnum  0
     -socket  47777

Thu Dec 19 13:53:33 2019


 Elaboration Time: 0.04 sec

 Current Memory Usage: 196.53 Meg

 Total Signals          : 6
 Total Nets             : 12
 Total Signal Drivers   : 10
 Total Blocks           : 4
 Total Primitive Blocks : 3
 Total Processes        : 9
 Total Traceable Variables  : 11
 Total Scalar Nets and Variables : 391
Total Line Count : 38

 Total Simulation Time: 0.04 sec

 Current Memory Usage: 274.129 Meg

Thu Dec 19 13:53:39 2019

