Release 14.7 - xst P.20160913 (lin64)
Copyright (c) 1995-2013 Xilinx, Inc.  All rights reserved.
--> 
Parameter TMPDIR set to xst/projnav.tmp


Total REAL time to Xst completion: 0.00 secs
Total CPU time to Xst completion: 0.03 secs
 
--> 
Parameter xsthdpdir set to xst


Total REAL time to Xst completion: 0.00 secs
Total CPU time to Xst completion: 0.03 secs
 
--> 
Reading design: SupLEDONOFF.prj

TABLE OF CONTENTS
  1) Synthesis Options Summary
  2) HDL Parsing
  3) HDL Elaboration
  4) HDL Synthesis
       4.1) HDL Synthesis Report
  5) Advanced HDL Synthesis
       5.1) Advanced HDL Synthesis Report
  6) Low Level Synthesis
  7) Partition Report
  8) Design Summary
       8.1) Primitive and Black Box Usage
       8.2) Device utilization summary
       8.3) Partition Resource Summary
       8.4) Timing Report
            8.4.1) Clock Information
            8.4.2) Asynchronous Control Signals Information
            8.4.3) Timing Summary
            8.4.4) Timing Details
            8.4.5) Cross Clock Domains Report


=========================================================================
*                      Synthesis Options Summary                        *
=========================================================================
---- Source Parameters
Input File Name                    : "SupLEDONOFF.prj"
Ignore Synthesis Constraint File   : NO

---- Target Parameters
Output File Name                   : "SupLEDONOFF"
Output Format                      : NGC
Target Device                      : xc6slx16-3-csg324

---- Source Options
Top Module Name                    : SupLEDONOFF
Automatic FSM Extraction           : YES
FSM Encoding Algorithm             : Auto
Safe Implementation                : No
FSM Style                          : LUT
RAM Extraction                     : Yes
RAM Style                          : Auto
ROM Extraction                     : Yes
Shift Register Extraction          : YES
ROM Style                          : Auto
Resource Sharing                   : YES
Asynchronous To Synchronous        : NO
Shift Register Minimum Size        : 2
Use DSP Block                      : Auto
Automatic Register Balancing       : No

---- Target Options
LUT Combining                      : Auto
Reduce Control Sets                : Auto
Add IO Buffers                     : YES
Global Maximum Fanout              : 100000
Add Generic Clock Buffer(BUFG)     : 16
Register Duplication               : YES
Optimize Instantiated Primitives   : NO
Use Clock Enable                   : Auto
Use Synchronous Set                : Auto
Use Synchronous Reset              : Auto
Pack IO Registers into IOBs        : Auto
Equivalent register Removal        : YES

---- General Options
Optimization Goal                  : Speed
Optimization Effort                : 1
Power Reduction                    : NO
Keep Hierarchy                     : No
Netlist Hierarchy                  : As_Optimized
RTL Output                         : Yes
Global Optimization                : AllClockNets
Read Cores                         : YES
Write Timing Constraints           : NO
Cross Clock Analysis               : NO
Hierarchy Separator                : /
Bus Delimiter                      : <>
Case Specifier                     : Maintain
Slice Utilization Ratio            : 100
BRAM Utilization Ratio             : 100
DSP48 Utilization Ratio            : 100
Auto BRAM Packing                  : NO
Slice Utilization Ratio Delta      : 5

=========================================================================


=========================================================================
*                          HDL Parsing                                  *
=========================================================================
Parsing VHDL file "/home/ise/Secuencial_Nexys3/MaquinasDeEstados/MaqLEDONOFF/TempReb.vhd" into library work
Parsing entity <TempReb>.
Parsing architecture <Behavioral> of entity <tempreb>.
Parsing VHDL file "/home/ise/Secuencial_Nexys3/MaquinasDeEstados/MaqLEDONOFF/Maq_estadoReb.vhd" into library work
Parsing entity <Maq_estadoReb>.
Parsing architecture <Behavioral> of entity <maq_estadoreb>.
Parsing VHDL file "/home/ise/Secuencial_Nexys3/MaquinasDeEstados/MaqLEDONOFF/SupReboteTemporizado.vhd" into library work
Parsing entity <SupReboteTemporizado>.
Parsing architecture <Behavioral> of entity <suprebotetemporizado>.
Parsing VHDL file "/home/ise/Secuencial_Nexys3/MaquinasDeEstados/MaqLEDONOFF/Maq_estado.vhd" into library work
Parsing entity <Maq_estado>.
Parsing architecture <Behavioral> of entity <maq_estado>.
Parsing VHDL file "/home/ise/Secuencial_Nexys3/MaquinasDeEstados/MaqLEDONOFF/SupLEDONOFF.vhd" into library work
Parsing entity <SupLEDONOFF>.
Parsing architecture <Behavioral> of entity <supledonoff>.

=========================================================================
*                            HDL Elaboration                            *
=========================================================================

Elaborating entity <SupLEDONOFF> (architecture <Behavioral>) from library <work>.

Elaborating entity <SupReboteTemporizado> (architecture <Behavioral>) from library <work>.

Elaborating entity <Maq_estadoReb> (architecture <Behavioral>) from library <work>.

Elaborating entity <TempReb> (architecture <Behavioral>) from library <work>.

Elaborating entity <Maq_estado> (architecture <Behavioral>) from library <work>.

=========================================================================
*                           HDL Synthesis                               *
=========================================================================

Synthesizing Unit <SupLEDONOFF>.
    Related source file is "/home/ise/Secuencial_Nexys3/MaquinasDeEstados/MaqLEDONOFF/SupLEDONOFF.vhd".
    Summary:
	no macro.
Unit <SupLEDONOFF> synthesized.

Synthesizing Unit <SupReboteTemporizado>.
    Related source file is "/home/ise/Secuencial_Nexys3/MaquinasDeEstados/MaqLEDONOFF/SupReboteTemporizado.vhd".
    Summary:
	no macro.
Unit <SupReboteTemporizado> synthesized.

Synthesizing Unit <Maq_estadoReb>.
    Related source file is "/home/ise/Secuencial_Nexys3/MaquinasDeEstados/MaqLEDONOFF/Maq_estadoReb.vhd".
    Found 2-bit register for signal <estadoActual>.
    Found finite state machine <FSM_0> for signal <estadoActual>.
    -----------------------------------------------------------------------
    | States             | 4                                              |
    | Transitions        | 7                                              |
    | Inputs             | 2                                              |
    | Outputs            | 2                                              |
    | Clock              | clk (rising_edge)                              |
    | Reset              | reset (positive)                               |
    | Reset type         | asynchronous                                   |
    | Reset State        | idle                                           |
    | Power Up State     | idle                                           |
    | Encoding           | auto                                           |
    | Implementation     | LUT                                            |
    -----------------------------------------------------------------------
    Summary:
	inferred   1 Finite State Machine(s).
Unit <Maq_estadoReb> synthesized.

Synthesizing Unit <TempReb>.
    Related source file is "/home/ise/Secuencial_Nexys3/MaquinasDeEstados/MaqLEDONOFF/TempReb.vhd".
    Found 25-bit register for signal <cuenta>.
    Found 1-bit register for signal <unseg>.
    Found 25-bit adder for signal <cuenta[24]_GND_6_o_add_1_OUT> created at line 37.
    Summary:
	inferred   1 Adder/Subtractor(s).
	inferred  26 D-type flip-flop(s).
	inferred   3 Multiplexer(s).
Unit <TempReb> synthesized.

Synthesizing Unit <Maq_estado>.
    Related source file is "/home/ise/Secuencial_Nexys3/MaquinasDeEstados/MaqLEDONOFF/Maq_estado.vhd".
    Found 2-bit register for signal <estadoActual>.
    Found finite state machine <FSM_1> for signal <estadoActual>.
    -----------------------------------------------------------------------
    | States             | 4                                              |
    | Transitions        | 8                                              |
    | Inputs             | 1                                              |
    | Outputs            | 1                                              |
    | Clock              | Clk (rising_edge)                              |
    | Reset              | Reset (positive)                               |
    | Reset type         | asynchronous                                   |
    | Reset State        | s0                                             |
    | Power Up State     | s0                                             |
    | Encoding           | auto                                           |
    | Implementation     | LUT                                            |
    -----------------------------------------------------------------------
    Summary:
	inferred   1 Finite State Machine(s).
Unit <Maq_estado> synthesized.

=========================================================================
HDL Synthesis Report

Macro Statistics
# Adders/Subtractors                                   : 1
 25-bit adder                                          : 1
# Registers                                            : 2
 1-bit register                                        : 1
 25-bit register                                       : 1
# Multiplexers                                         : 3
 1-bit 2-to-1 multiplexer                              : 1
 25-bit 2-to-1 multiplexer                             : 2
# FSMs                                                 : 2

=========================================================================

=========================================================================
*                       Advanced HDL Synthesis                          *
=========================================================================


=========================================================================
Advanced HDL Synthesis Report

Macro Statistics
# Adders/Subtractors                                   : 1
 25-bit adder                                          : 1
# Registers                                            : 26
 Flip-Flops                                            : 26
# Multiplexers                                         : 3
 1-bit 2-to-1 multiplexer                              : 1
 25-bit 2-to-1 multiplexer                             : 2
# FSMs                                                 : 2

=========================================================================

=========================================================================
*                         Low Level Synthesis                           *
=========================================================================
Analyzing FSM <MFsm> for best encoding.
Optimizing FSM <FSM_0> on signal <estadoActual[1:2]> with gray encoding.
-------------------
 State | Encoding
-------------------
 idle  | 00
 s0    | 01
 s1    | 11
 s2    | 10
-------------------
Analyzing FSM <MFsm> for best encoding.
Optimizing FSM <FSM_1> on signal <estadoActual[1:2]> with gray encoding.
-------------------
 State | Encoding
-------------------
 s0    | 00
 s1    | 01
 s2    | 11
 s3    | 10
-------------------

Optimizing unit <SupLEDONOFF> ...

Optimizing unit <TempReb> ...

Mapping all equations...
Building and optimizing final netlist ...
Found area constraint ratio of 100 (+ 5) on block SupLEDONOFF, actual ratio is 0.

Final Macro Processing ...

=========================================================================
Final Register Report

Macro Statistics
# Registers                                            : 30
 Flip-Flops                                            : 30

=========================================================================

=========================================================================
*                           Partition Report                            *
=========================================================================

Partition Implementation Status
-------------------------------

  No Partitions were found in this design.

-------------------------------

=========================================================================
*                            Design Summary                             *
=========================================================================

Top Level Output File Name         : SupLEDONOFF.ngc

Primitive and Black Box Usage:
------------------------------
# BELS                             : 113
#      GND                         : 1
#      INV                         : 1
#      LUT1                        : 24
#      LUT2                        : 1
#      LUT3                        : 1
#      LUT4                        : 28
#      LUT5                        : 2
#      LUT6                        : 5
#      MUXCY                       : 24
#      VCC                         : 1
#      XORCY                       : 25
# FlipFlops/Latches                : 30
#      FDC                         : 30
# Clock Buffers                    : 1
#      BUFGP                       : 1
# IO Buffers                       : 3
#      IBUF                        : 2
#      OBUF                        : 1

Device utilization summary:
---------------------------

Selected Device : 6slx16csg324-3 


Slice Logic Utilization: 
 Number of Slice Registers:              30  out of  18224     0%  
 Number of Slice LUTs:                   62  out of   9112     0%  
    Number used as Logic:                62  out of   9112     0%  

Slice Logic Distribution: 
 Number of LUT Flip Flop pairs used:     62
   Number with an unused Flip Flop:      32  out of     62    51%  
   Number with an unused LUT:             0  out of     62     0%  
   Number of fully used LUT-FF pairs:    30  out of     62    48%  
   Number of unique control sets:         1

IO Utilization: 
 Number of IOs:                           4
 Number of bonded IOBs:                   4  out of    232     1%  

Specific Feature Utilization:
 Number of BUFG/BUFGCTRLs:                1  out of     16     6%  

---------------------------
Partition Resource Summary:
---------------------------

  No Partitions were found in this design.

---------------------------


=========================================================================
Timing Report

NOTE: THESE TIMING NUMBERS ARE ONLY A SYNTHESIS ESTIMATE.
      FOR ACCURATE TIMING INFORMATION PLEASE REFER TO THE TRACE REPORT
      GENERATED AFTER PLACE-and-ROUTE.

Clock Information:
------------------
-----------------------------------+------------------------+-------+
Clock Signal                       | Clock buffer(FF name)  | Load  |
-----------------------------------+------------------------+-------+
clk                                | BUFGP                  | 30    |
-----------------------------------+------------------------+-------+

Asynchronous Control Signals Information:
----------------------------------------
No asynchronous control signals found in this design

Timing Summary:
---------------
Speed Grade: -3

   Minimum period: 3.973ns (Maximum Frequency: 251.702MHz)
   Minimum input arrival time before clock: 2.915ns
   Maximum output required time after clock: 3.668ns
   Maximum combinational path delay: No path found

Timing Details:
---------------
All values displayed in nanoseconds (ns)

=========================================================================
Timing constraint: Default period analysis for Clock 'clk'
  Clock period: 3.973ns (frequency: 251.702MHz)
  Total number of paths / destination ports: 1040 / 30
-------------------------------------------------------------------------
Delay:               3.973ns (Levels of Logic = 3)
  Source:            u0/u1/cuenta_12 (FF)
  Destination:       u0/u1/cuenta_24 (FF)
  Source Clock:      clk rising
  Destination Clock: clk rising

  Data Path: u0/u1/cuenta_12 to u0/u1/cuenta_24
                                Gate     Net
    Cell:in->out      fanout   Delay   Delay  Logical Name (Net Name)
    ----------------------------------------  ------------
     FDC:C->Q              2   0.447   0.981  u0/u1/cuenta_12 (u0/u1/cuenta_12)
     LUT6:I0->O            3   0.203   0.898  u0/u1/PWR_6_o_cuenta[24]_equal_1_o<24>4 (u0/u1/PWR_6_o_cuenta[24]_equal_1_o<24>3)
     LUT5:I1->O           13   0.203   0.933  u0/u1/PWR_6_o_cuenta[24]_equal_1_o<24>5 (u0/u1/PWR_6_o_cuenta[24]_equal_1_o)
     LUT4:I3->O            1   0.205   0.000  u0/u1/Mmux_cuenta[24]_GND_6_o_mux_3_OUT171 (u0/u1/cuenta[24]_GND_6_o_mux_3_OUT<24>)
     FDC:D                     0.102          u0/u1/cuenta_24
    ----------------------------------------
    Total                      3.973ns (1.160ns logic, 2.813ns route)
                                       (29.2% logic, 70.8% route)

=========================================================================
Timing constraint: Default OFFSET IN BEFORE for Clock 'clk'
  Total number of paths / destination ports: 32 / 32
-------------------------------------------------------------------------
Offset:              2.915ns (Levels of Logic = 1)
  Source:            reset (PAD)
  Destination:       u0/u0/estadoActual_FSM_FFd1 (FF)
  Destination Clock: clk rising

  Data Path: reset to u0/u0/estadoActual_FSM_FFd1
                                Gate     Net
    Cell:in->out      fanout   Delay   Delay  Logical Name (Net Name)
    ----------------------------------------  ------------
     IBUF:I->O            30   1.222   1.263  reset_IBUF (reset_IBUF)
     FDC:CLR                   0.430          u0/u0/estadoActual_FSM_FFd1
    ----------------------------------------
    Total                      2.915ns (1.652ns logic, 1.263ns route)
                                       (56.7% logic, 43.3% route)

=========================================================================
Timing constraint: Default OFFSET OUT AFTER for Clock 'clk'
  Total number of paths / destination ports: 1 / 1
-------------------------------------------------------------------------
Offset:              3.668ns (Levels of Logic = 1)
  Source:            u1/estadoActual_FSM_FFd2 (FF)
  Destination:       SalidaLED (PAD)
  Source Clock:      clk rising

  Data Path: u1/estadoActual_FSM_FFd2 to SalidaLED
                                Gate     Net
    Cell:in->out      fanout   Delay   Delay  Logical Name (Net Name)
    ----------------------------------------  ------------
     FDC:C->Q              3   0.447   0.650  u1/estadoActual_FSM_FFd2 (u1/estadoActual_FSM_FFd2)
     OBUF:I->O                 2.571          SalidaLED_OBUF (SalidaLED)
    ----------------------------------------
    Total                      3.668ns (3.018ns logic, 0.650ns route)
                                       (82.3% logic, 17.7% route)

=========================================================================

Cross Clock Domains Report:
--------------------------

Clock to Setup on destination clock clk
---------------+---------+---------+---------+---------+
               | Src:Rise| Src:Fall| Src:Rise| Src:Fall|
Source Clock   |Dest:Rise|Dest:Rise|Dest:Fall|Dest:Fall|
---------------+---------+---------+---------+---------+
clk            |    3.973|         |         |         |
---------------+---------+---------+---------+---------+

=========================================================================


Total REAL time to Xst completion: 12.00 secs
Total CPU time to Xst completion: 11.40 secs
 
--> 


Total memory usage is 483512 kilobytes

Number of errors   :    0 (   0 filtered)
Number of warnings :    0 (   0 filtered)
Number of infos    :    0 (   0 filtered)

