Command line:
   tes_isim_beh.exe
     -simmode  gui
     -simrunnum  0
     -socket  41621

Fri Sep 18 17:56:15 2020


 Elaboration Time: 0.03 sec

 Current Memory Usage: 197.476 Meg

 Total Signals          : 9
 Total Nets             : 5
 Total Signal Drivers   : 5
 Total Blocks           : 3
 Total Primitive Blocks : 2
 Total Processes        : 5
 Total Traceable Variables  : 9
 Total Scalar Nets and Variables : 366
Total Line Count : 10

 Total Simulation Time: 0.04 sec

 Current Memory Usage: 274.031 Meg

Fri Sep 18 18:01:29 2020

