Command line:
   tes_isim_beh.exe
     -simmode  gui
     -simrunnum  0
     -socket  42237

Fri Sep 18 15:21:04 2020


 Elaboration Time: 0.04 sec

 Current Memory Usage: 197.476 Meg

 Total Signals          : 10
 Total Nets             : 5
 Total Signal Drivers   : 5
 Total Blocks           : 3
 Total Primitive Blocks : 2
 Total Processes        : 4
 Total Traceable Variables  : 8
 Total Scalar Nets and Variables : 365
Total Line Count : 14

 Total Simulation Time: 0.05 sec

 Current Memory Usage: 274.031 Meg

Fri Sep 18 15:24:01 2020

