Running: /opt/Xilinx/14.7/ISE_DS/ISE/bin/lin64/unwrapped/fuse -intstyle ise -incremental -lib secureip -o /home/ise/Codigos_VHDL/BloquesAritmeticos/SumadorGenerate/tes1_isim_beh.exe -prj /home/ise/Codigos_VHDL/BloquesAritmeticos/SumadorGenerate/tes1_beh.prj work.tes1 
ISim P.20160913 (signature 0xfbc00daa)
Number of CPUs detected in this system: 1
Turning on mult-threading, number of parallel sub-compilation jobs: 0 
Determining compilation order of HDL files
Parsing VHDL file "/home/ise/Codigos_VHDL/BloquesAritmeticos/SumadorGenerate/SumaMedia.vhd" into library work
Parsing VHDL file "/home/ise/Codigos_VHDL/BloquesAritmeticos/SumadorGenerate/SumadorN.vhd" into library work
Parsing VHDL file "/home/ise/Codigos_VHDL/BloquesAritmeticos/SumadorGenerate/tes1.vhd" into library work
Starting static elaboration
Completed static elaboration
Fuse Memory Usage: 95308 KB
Fuse CPU Usage: 1150 ms
Compiling package standard
Compiling package std_logic_1164
Compiling architecture behavioral of entity SumaMedia [sumamedia_default]
Compiling architecture behavioral of entity SumadorN [sumadorn_default]
Compiling architecture behavior of entity tes1
Time Resolution for simulation is 1ps.
Compiled 7 VHDL Units
Built simulation executable /home/ise/Codigos_VHDL/BloquesAritmeticos/SumadorGenerate/tes1_isim_beh.exe
Fuse Memory Usage: 104004 KB
Fuse CPU Usage: 1200 ms
GCC CPU Usage: 250 ms
