Release 14.7 - xst P.20160913 (lin64)
Copyright (c) 1995-2013 Xilinx, Inc.  All rights reserved.
--> 
Parameter TMPDIR set to xst/projnav.tmp


Total REAL time to Xst completion: 0.00 secs
Total CPU time to Xst completion: 0.04 secs
 
--> 
Parameter xsthdpdir set to xst


Total REAL time to Xst completion: 0.00 secs
Total CPU time to Xst completion: 0.04 secs
 
--> 
Reading design: RS232_TX.prj

TABLE OF CONTENTS
  1) Synthesis Options Summary
  2) HDL Parsing
  3) HDL Elaboration
  4) HDL Synthesis
       4.1) HDL Synthesis Report
  5) Advanced HDL Synthesis
       5.1) Advanced HDL Synthesis Report
  6) Low Level Synthesis
  7) Partition Report
  8) Design Summary
       8.1) Primitive and Black Box Usage
       8.2) Device utilization summary
       8.3) Partition Resource Summary
       8.4) Timing Report
            8.4.1) Clock Information
            8.4.2) Asynchronous Control Signals Information
            8.4.3) Timing Summary
            8.4.4) Timing Details
            8.4.5) Cross Clock Domains Report


=========================================================================
*                      Synthesis Options Summary                        *
=========================================================================
---- Source Parameters
Input File Name                    : "RS232_TX.prj"
Ignore Synthesis Constraint File   : NO

---- Target Parameters
Output File Name                   : "RS232_TX"
Output Format                      : NGC
Target Device                      : xc6slx16-3-csg324

---- Source Options
Top Module Name                    : RS232_TX
Automatic FSM Extraction           : YES
FSM Encoding Algorithm             : Auto
Safe Implementation                : No
FSM Style                          : LUT
RAM Extraction                     : Yes
RAM Style                          : Auto
ROM Extraction                     : Yes
Shift Register Extraction          : YES
ROM Style                          : Auto
Resource Sharing                   : YES
Asynchronous To Synchronous        : NO
Shift Register Minimum Size        : 2
Use DSP Block                      : Auto
Automatic Register Balancing       : No

---- Target Options
LUT Combining                      : Auto
Reduce Control Sets                : Auto
Add IO Buffers                     : YES
Global Maximum Fanout              : 100000
Add Generic Clock Buffer(BUFG)     : 16
Register Duplication               : YES
Optimize Instantiated Primitives   : NO
Use Clock Enable                   : Auto
Use Synchronous Set                : Auto
Use Synchronous Reset              : Auto
Pack IO Registers into IOBs        : Auto
Equivalent register Removal        : YES

---- General Options
Optimization Goal                  : Speed
Optimization Effort                : 1
Power Reduction                    : NO
Keep Hierarchy                     : No
Netlist Hierarchy                  : As_Optimized
RTL Output                         : Yes
Global Optimization                : AllClockNets
Read Cores                         : YES
Write Timing Constraints           : NO
Cross Clock Analysis               : NO
Hierarchy Separator                : /
Bus Delimiter                      : <>
Case Specifier                     : Maintain
Slice Utilization Ratio            : 100
BRAM Utilization Ratio             : 100
DSP48 Utilization Ratio            : 100
Auto BRAM Packing                  : NO
Slice Utilization Ratio Delta      : 5

=========================================================================


=========================================================================
*                          HDL Parsing                                  *
=========================================================================
Parsing VHDL file "/home/ise/Codigos_VHDL/Comunicacion_Serial/RS232_TX/mod_tx.vhd" into library work
Parsing entity <mod_tx>.
Parsing architecture <Behavioral> of entity <mod_tx>.
Parsing VHDL file "/home/ise/Codigos_VHDL/Comunicacion_Serial/RS232_TX/Baudios_tx.vhd" into library work
Parsing entity <Baudios_tx>.
Parsing architecture <Behavioral> of entity <baudios_tx>.
Parsing VHDL file "/home/ise/Codigos_VHDL/Comunicacion_Serial/RS232_TX/RS232_TX.vhd" into library work
Parsing entity <RS232_TX>.
Parsing architecture <Behavioral> of entity <rs232_tx>.

=========================================================================
*                            HDL Elaboration                            *
=========================================================================

Elaborating entity <RS232_TX> (architecture <Behavioral>) from library <work>.

Elaborating entity <Baudios_tx> (architecture <Behavioral>) from library <work>.

Elaborating entity <mod_tx> (architecture <Behavioral>) from library <work>.

=========================================================================
*                           HDL Synthesis                               *
=========================================================================

Synthesizing Unit <RS232_TX>.
    Related source file is "/home/ise/Codigos_VHDL/Comunicacion_Serial/RS232_TX/RS232_TX.vhd".
    Summary:
	no macro.
Unit <RS232_TX> synthesized.

Synthesizing Unit <Baudios_tx>.
    Related source file is "/home/ise/Codigos_VHDL/Comunicacion_Serial/RS232_TX/Baudios_tx.vhd".
    Found 6-bit register for signal <cuenta>.
    Found 1-bit register for signal <unseg>.
    Found 6-bit adder for signal <cuenta[5]_GND_4_o_add_1_OUT> created at line 34.
    Summary:
	inferred   1 Adder/Subtractor(s).
	inferred   7 D-type flip-flop(s).
	inferred   1 Multiplexer(s).
Unit <Baudios_tx> synthesized.

Synthesizing Unit <mod_tx>.
    Related source file is "/home/ise/Codigos_VHDL/Comunicacion_Serial/RS232_TX/mod_tx.vhd".
    Found 4-bit register for signal <s_reg>.
    Found 3-bit register for signal <n_reg>.
    Found 8-bit register for signal <b_reg>.
    Found 2-bit register for signal <state_reg>.
    Found finite state machine <FSM_0> for signal <state_reg>.
    -----------------------------------------------------------------------
    | States             | 4                                              |
    | Transitions        | 12                                             |
    | Inputs             | 4                                              |
    | Outputs            | 3                                              |
    | Clock              | clk (rising_edge)                              |
    | Reset              | Reset (negative)                               |
    | Reset type         | asynchronous                                   |
    | Reset State        | idle                                           |
    | Power Up State     | idle                                           |
    | Encoding           | auto                                           |
    | Implementation     | LUT                                            |
    -----------------------------------------------------------------------
    Found 3-bit adder for signal <n_reg[2]_GND_6_o_add_17_OUT> created at line 1241.
    Found 4-bit adder for signal <s_reg[3]_GND_6_o_add_30_OUT> created at line 1241.
    Found 4-bit 4-to-1 multiplexer for signal <s_next> created at line 48.
    Summary:
	inferred   2 Adder/Subtractor(s).
	inferred  15 D-type flip-flop(s).
	inferred   8 Multiplexer(s).
	inferred   1 Finite State Machine(s).
Unit <mod_tx> synthesized.

=========================================================================
HDL Synthesis Report

Macro Statistics
# Adders/Subtractors                                   : 3
 3-bit adder                                           : 1
 4-bit adder                                           : 1
 6-bit adder                                           : 1
# Registers                                            : 5
 1-bit register                                        : 1
 3-bit register                                        : 1
 4-bit register                                        : 1
 6-bit register                                        : 1
 8-bit register                                        : 1
# Multiplexers                                         : 9
 3-bit 2-to-1 multiplexer                              : 1
 4-bit 2-to-1 multiplexer                              : 5
 4-bit 4-to-1 multiplexer                              : 1
 6-bit 2-to-1 multiplexer                              : 1
 8-bit 2-to-1 multiplexer                              : 1
# FSMs                                                 : 1

=========================================================================

=========================================================================
*                       Advanced HDL Synthesis                          *
=========================================================================


Synthesizing (advanced) Unit <Baudios_tx>.
The following registers are absorbed into counter <cuenta>: 1 register on signal <cuenta>.
Unit <Baudios_tx> synthesized (advanced).

Synthesizing (advanced) Unit <mod_tx>.
The following registers are absorbed into counter <n_reg>: 1 register on signal <n_reg>.
Unit <mod_tx> synthesized (advanced).

=========================================================================
Advanced HDL Synthesis Report

Macro Statistics
# Adders/Subtractors                                   : 1
 4-bit adder                                           : 1
# Counters                                             : 2
 3-bit up counter                                      : 1
 6-bit up counter                                      : 1
# Registers                                            : 13
 Flip-Flops                                            : 13
# Multiplexers                                         : 7
 4-bit 2-to-1 multiplexer                              : 5
 4-bit 4-to-1 multiplexer                              : 1
 8-bit 2-to-1 multiplexer                              : 1
# FSMs                                                 : 1

=========================================================================

=========================================================================
*                         Low Level Synthesis                           *
=========================================================================
Analyzing FSM <MFsm> for best encoding.
Optimizing FSM <u1/FSM_0> on signal <state_reg[1:2]> with gray encoding.
--------------------
 State  | Encoding
--------------------
 idle   | 00
 inicio | 01
 dato   | 11
 stop   | 10
--------------------

Optimizing unit <RS232_TX> ...

Optimizing unit <mod_tx> ...

Mapping all equations...
Building and optimizing final netlist ...
Found area constraint ratio of 100 (+ 5) on block RS232_TX, actual ratio is 0.

Final Macro Processing ...

=========================================================================
Final Register Report

Macro Statistics
# Registers                                            : 24
 Flip-Flops                                            : 24

=========================================================================

=========================================================================
*                           Partition Report                            *
=========================================================================

Partition Implementation Status
-------------------------------

  No Partitions were found in this design.

-------------------------------

=========================================================================
*                            Design Summary                             *
=========================================================================

Top Level Output File Name         : RS232_TX.ngc

Primitive and Black Box Usage:
------------------------------
# BELS                             : 44
#      INV                         : 1
#      LUT2                        : 3
#      LUT3                        : 12
#      LUT4                        : 3
#      LUT5                        : 5
#      LUT6                        : 16
#      MUXF7                       : 4
# FlipFlops/Latches                : 24
#      FDC                         : 13
#      FDCE                        : 11
# Clock Buffers                    : 1
#      BUFGP                       : 1
# IO Buffers                       : 12
#      IBUF                        : 10
#      OBUF                        : 2

Device utilization summary:
---------------------------

Selected Device : 6slx16csg324-3 


Slice Logic Utilization: 
 Number of Slice Registers:              24  out of  18224     0%  
 Number of Slice LUTs:                   40  out of   9112     0%  
    Number used as Logic:                40  out of   9112     0%  

Slice Logic Distribution: 
 Number of LUT Flip Flop pairs used:     40
   Number with an unused Flip Flop:      16  out of     40    40%  
   Number with an unused LUT:             0  out of     40     0%  
   Number of fully used LUT-FF pairs:    24  out of     40    60%  
   Number of unique control sets:         3

IO Utilization: 
 Number of IOs:                          13
 Number of bonded IOBs:                  13  out of    232     5%  

Specific Feature Utilization:
 Number of BUFG/BUFGCTRLs:                1  out of     16     6%  

---------------------------
Partition Resource Summary:
---------------------------

  No Partitions were found in this design.

---------------------------


=========================================================================
Timing Report

NOTE: THESE TIMING NUMBERS ARE ONLY A SYNTHESIS ESTIMATE.
      FOR ACCURATE TIMING INFORMATION PLEASE REFER TO THE TRACE REPORT
      GENERATED AFTER PLACE-and-ROUTE.

Clock Information:
------------------
-----------------------------------+------------------------+-------+
Clock Signal                       | Clock buffer(FF name)  | Load  |
-----------------------------------+------------------------+-------+
clk                                | BUFGP                  | 24    |
-----------------------------------+------------------------+-------+

Asynchronous Control Signals Information:
----------------------------------------
No asynchronous control signals found in this design

Timing Summary:
---------------
Speed Grade: -3

   Minimum period: 3.812ns (Maximum Frequency: 262.333MHz)
   Minimum input arrival time before clock: 3.855ns
   Maximum output required time after clock: 5.080ns
   Maximum combinational path delay: No path found

Timing Details:
---------------
All values displayed in nanoseconds (ns)

=========================================================================
Timing constraint: Default period analysis for Clock 'clk'
  Clock period: 3.812ns (frequency: 262.333MHz)
  Total number of paths / destination ports: 224 / 35
-------------------------------------------------------------------------
Delay:               3.812ns (Levels of Logic = 2)
  Source:            u1/s_reg_2 (FF)
  Destination:       u1/b_reg_7 (FF)
  Source Clock:      clk rising
  Destination Clock: clk rising

  Data Path: u1/s_reg_2 to u1/b_reg_7
                                Gate     Net
    Cell:in->out      fanout   Delay   Delay  Logical Name (Net Name)
    ----------------------------------------  ------------
     FDC:C->Q              7   0.447   1.002  u1/s_reg_2 (u1/s_reg_2)
     LUT4:I1->O            9   0.205   0.830  u1/s_reg[3]_PWR_6_o_equal_16_o<3>1 (u1/s_reg[3]_PWR_6_o_equal_16_o)
     LUT5:I4->O            8   0.205   0.802  u1/_n0118_inv1 (u1/_n0118_inv)
     FDCE:CE                   0.322          u1/b_reg_0
    ----------------------------------------
    Total                      3.812ns (1.179ns logic, 2.633ns route)
                                       (30.9% logic, 69.1% route)

=========================================================================
Timing constraint: Default OFFSET IN BEFORE for Clock 'clk'
  Total number of paths / destination ports: 49 / 45
-------------------------------------------------------------------------
Offset:              3.855ns (Levels of Logic = 3)
  Source:            Start (PAD)
  Destination:       u1/s_reg_2 (FF)
  Destination Clock: clk rising

  Data Path: Start to u1/s_reg_2
                                Gate     Net
    Cell:in->out      fanout   Delay   Delay  Logical Name (Net Name)
    ----------------------------------------  ------------
     IBUF:I->O            10   1.222   1.201  Start_IBUF (Start_IBUF)
     LUT5:I0->O            1   0.203   0.924  u1/Mmux_s_next212_SW0 (N11)
     LUT6:I1->O            1   0.203   0.000  u1/Mmux_s_next31 (u1/s_next<2>)
     FDC:D                     0.102          u1/s_reg_2
    ----------------------------------------
    Total                      3.855ns (1.730ns logic, 2.125ns route)
                                       (44.9% logic, 55.1% route)

=========================================================================
Timing constraint: Default OFFSET OUT AFTER for Clock 'clk'
  Total number of paths / destination ports: 5 / 2
-------------------------------------------------------------------------
Offset:              5.080ns (Levels of Logic = 2)
  Source:            u1/state_reg_FSM_FFd2 (FF)
  Destination:       TX (PAD)
  Source Clock:      clk rising

  Data Path: u1/state_reg_FSM_FFd2 to TX
                                Gate     Net
    Cell:in->out      fanout   Delay   Delay  Logical Name (Net Name)
    ----------------------------------------  ------------
     FDC:C->Q             18   0.447   1.278  u1/state_reg_FSM_FFd2 (u1/state_reg_FSM_FFd2)
     LUT3:I0->O            1   0.205   0.579  u1/TX1 (TX_OBUF)
     OBUF:I->O                 2.571          TX_OBUF (TX)
    ----------------------------------------
    Total                      5.080ns (3.223ns logic, 1.857ns route)
                                       (63.4% logic, 36.6% route)

=========================================================================

Cross Clock Domains Report:
--------------------------

Clock to Setup on destination clock clk
---------------+---------+---------+---------+---------+
               | Src:Rise| Src:Fall| Src:Rise| Src:Fall|
Source Clock   |Dest:Rise|Dest:Rise|Dest:Fall|Dest:Fall|
---------------+---------+---------+---------+---------+
clk            |    3.812|         |         |         |
---------------+---------+---------+---------+---------+

=========================================================================


Total REAL time to Xst completion: 18.00 secs
Total CPU time to Xst completion: 11.23 secs
 
--> 


Total memory usage is 386972 kilobytes

Number of errors   :    0 (   0 filtered)
Number of warnings :    0 (   0 filtered)
Number of infos    :    0 (   0 filtered)

