Command line:
   Tes0_isim_beh.exe
     -simmode  gui
     -simrunnum  0
     -socket  42031

Mon Apr 20 19:33:04 2020


 Elaboration Time: 0.04 sec

 Current Memory Usage: 196.436 Meg

 Total Signals          : 13
 Total Nets             : 21
 Total Signal Drivers   : 6
 Total Blocks           : 3
 Total Primitive Blocks : 2
 Total Processes        : 6
 Total Traceable Variables  : 9
 Total Scalar Nets and Variables : 382
Total Line Count : 27

 Total Simulation Time: 0.05 sec

 Current Memory Usage: 274.035 Meg

Mon Apr 20 19:37:16 2020

