Release 14.7 - xst P.20160913 (lin64)
Copyright (c) 1995-2013 Xilinx, Inc.  All rights reserved.
--> 
Parameter TMPDIR set to xst/projnav.tmp


Total REAL time to Xst completion: 0.00 secs
Total CPU time to Xst completion: 0.03 secs
 
--> 
Parameter xsthdpdir set to xst


Total REAL time to Xst completion: 0.00 secs
Total CPU time to Xst completion: 0.03 secs
 
--> 
Reading design: main.prj

TABLE OF CONTENTS
  1) Synthesis Options Summary
  2) HDL Parsing
  3) HDL Elaboration
  4) HDL Synthesis
       4.1) HDL Synthesis Report
  5) Advanced HDL Synthesis
       5.1) Advanced HDL Synthesis Report
  6) Low Level Synthesis
  7) Partition Report
  8) Design Summary
       8.1) Primitive and Black Box Usage
       8.2) Device utilization summary
       8.3) Partition Resource Summary
       8.4) Timing Report
            8.4.1) Clock Information
            8.4.2) Asynchronous Control Signals Information
            8.4.3) Timing Summary
            8.4.4) Timing Details
            8.4.5) Cross Clock Domains Report


=========================================================================
*                      Synthesis Options Summary                        *
=========================================================================
---- Source Parameters
Input File Name                    : "main.prj"
Ignore Synthesis Constraint File   : NO

---- Target Parameters
Output File Name                   : "main"
Output Format                      : NGC
Target Device                      : xc6slx16-3-csg324

---- Source Options
Top Module Name                    : main
Automatic FSM Extraction           : YES
FSM Encoding Algorithm             : Auto
Safe Implementation                : No
FSM Style                          : LUT
RAM Extraction                     : Yes
RAM Style                          : Auto
ROM Extraction                     : Yes
Shift Register Extraction          : YES
ROM Style                          : Auto
Resource Sharing                   : YES
Asynchronous To Synchronous        : NO
Shift Register Minimum Size        : 2
Use DSP Block                      : Auto
Automatic Register Balancing       : No

---- Target Options
LUT Combining                      : Auto
Reduce Control Sets                : Auto
Add IO Buffers                     : YES
Global Maximum Fanout              : 100000
Add Generic Clock Buffer(BUFG)     : 16
Register Duplication               : YES
Optimize Instantiated Primitives   : NO
Use Clock Enable                   : Auto
Use Synchronous Set                : Auto
Use Synchronous Reset              : Auto
Pack IO Registers into IOBs        : Auto
Equivalent register Removal        : YES

---- General Options
Optimization Goal                  : Speed
Optimization Effort                : 1
Power Reduction                    : NO
Keep Hierarchy                     : No
Netlist Hierarchy                  : As_Optimized
RTL Output                         : Yes
Global Optimization                : AllClockNets
Read Cores                         : YES
Write Timing Constraints           : NO
Cross Clock Analysis               : NO
Hierarchy Separator                : /
Bus Delimiter                      : <>
Case Specifier                     : Maintain
Slice Utilization Ratio            : 100
BRAM Utilization Ratio             : 100
DSP48 Utilization Ratio            : 100
Auto BRAM Packing                  : NO
Slice Utilization Ratio Delta      : 5

=========================================================================


=========================================================================
*                          HDL Parsing                                  *
=========================================================================
Parsing VHDL file "/home/ise/gitVHDL2023/VHDL-Basico-Nexys3/Driver-VGA/Ejemplo1VGA/Sync.vhd" into library work
Parsing entity <Sync>.
Parsing architecture <Behavioral> of entity <sync>.
Parsing VHDL file "/home/ise/gitVHDL2023/VHDL-Basico-Nexys3/Driver-VGA/Ejemplo1VGA/DivisorFreq.vhd" into library work
Parsing entity <DivisorFreq>.
Parsing architecture <Behavioral> of entity <divisorfreq>.
Parsing VHDL file "/home/ise/gitVHDL2023/VHDL-Basico-Nexys3/Driver-VGA/Ejemplo1VGA/main.vhd" into library work
Parsing entity <main>.
Parsing architecture <Behavioral> of entity <main>.

=========================================================================
*                            HDL Elaboration                            *
=========================================================================

Elaborating entity <main> (architecture <Behavioral>) from library <work>.

Elaborating entity <DivisorFreq> (architecture <Behavioral>) from library <work>.

Elaborating entity <Sync> (architecture <Behavioral>) from library <work>.

=========================================================================
*                           HDL Synthesis                               *
=========================================================================

Synthesizing Unit <main>.
    Related source file is "/home/ise/gitVHDL2023/VHDL-Basico-Nexys3/Driver-VGA/Ejemplo1VGA/main.vhd".
    Summary:
	no macro.
Unit <main> synthesized.

Synthesizing Unit <DivisorFreq>.
    Related source file is "/home/ise/gitVHDL2023/VHDL-Basico-Nexys3/Driver-VGA/Ejemplo1VGA/DivisorFreq.vhd".
    Found 2-bit register for signal <cuenta>.
    Found 1-bit register for signal <unseg>.
    Found 1-bit register for signal <aux>.
    Found 2-bit adder for signal <cuenta[1]_GND_5_o_add_1_OUT> created at line 29.
    Summary:
	inferred   1 Adder/Subtractor(s).
	inferred   4 D-type flip-flop(s).
	inferred   1 Multiplexer(s).
Unit <DivisorFreq> synthesized.

Synthesizing Unit <Sync>.
    Related source file is "/home/ise/gitVHDL2023/VHDL-Basico-Nexys3/Driver-VGA/Ejemplo1VGA/Sync.vhd".
    Found 2-bit register for signal <B>.
    Found 11-bit register for signal <HPosition>.
    Found 10-bit register for signal <VPosition>.
    Found 1-bit register for signal <HSync>.
    Found 1-bit register for signal <VSync>.
    Found 11-bit adder for signal <HPosition[10]_GND_6_o_add_4_OUT> created at line 36.
    Found 10-bit adder for signal <VPosition[9]_GND_6_o_add_6_OUT> created at line 41.
    Found 11-bit comparator greater for signal <HPosition[10]_PWR_6_o_LessThan_4_o> created at line 35
    Found 10-bit comparator lessequal for signal <VPosition[9]_PWR_6_o_LessThan_6_o> created at line 40
    Found 11-bit comparator greater for signal <GND_6_o_HPosition[10]_LessThan_11_o> created at line 48
    Found 11-bit comparator greater for signal <HPosition[10]_GND_6_o_LessThan_12_o> created at line 48
    Found 10-bit comparator greater for signal <GND_6_o_VPosition[9]_LessThan_13_o> created at line 54
    Found 10-bit comparator greater for signal <VPosition[9]_GND_6_o_LessThan_14_o> created at line 54
    Found 11-bit comparator greater for signal <GND_6_o_HPosition[10]_LessThan_15_o> created at line 61
    Found 11-bit comparator greater for signal <HPosition[10]_GND_6_o_LessThan_16_o> created at line 61
    Found 10-bit comparator greater for signal <GND_6_o_VPosition[9]_LessThan_17_o> created at line 61
    Found 10-bit comparator greater for signal <VPosition[9]_GND_6_o_LessThan_18_o> created at line 61
    WARNING:Xst:2404 -  FFs/Latches <G<1:3>> (without init value) have a constant value of 0 in block <Sync>.
    WARNING:Xst:2404 -  FFs/Latches <R<2:0>> (without init value) have a constant value of 0 in block <Sync>.
    Summary:
	inferred   2 Adder/Subtractor(s).
	inferred  25 D-type flip-flop(s).
	inferred  10 Comparator(s).
Unit <Sync> synthesized.

=========================================================================
HDL Synthesis Report

Macro Statistics
# Adders/Subtractors                                   : 3
 10-bit adder                                          : 1
 11-bit adder                                          : 1
 2-bit adder                                           : 1
# Registers                                            : 8
 1-bit register                                        : 4
 10-bit register                                       : 1
 11-bit register                                       : 1
 2-bit register                                        : 2
# Comparators                                          : 10
 10-bit comparator greater                             : 4
 10-bit comparator lessequal                           : 1
 11-bit comparator greater                             : 5
# Multiplexers                                         : 1
 2-bit 2-to-1 multiplexer                              : 1

=========================================================================

=========================================================================
*                       Advanced HDL Synthesis                          *
=========================================================================

INFO:Xst:2261 - The FF/Latch <B_0> in Unit <U1> is equivalent to the following FF/Latch, which will be removed : <B_1> 

Synthesizing (advanced) Unit <Sync>.
The following registers are absorbed into counter <HPosition>: 1 register on signal <HPosition>.
The following registers are absorbed into counter <VPosition>: 1 register on signal <VPosition>.
Unit <Sync> synthesized (advanced).

=========================================================================
Advanced HDL Synthesis Report

Macro Statistics
# Adders/Subtractors                                   : 1
 2-bit adder                                           : 1
# Counters                                             : 2
 10-bit up counter                                     : 1
 11-bit up counter                                     : 1
# Registers                                            : 8
 Flip-Flops                                            : 8
# Comparators                                          : 10
 10-bit comparator greater                             : 4
 10-bit comparator lessequal                           : 1
 11-bit comparator greater                             : 5

=========================================================================

=========================================================================
*                         Low Level Synthesis                           *
=========================================================================
INFO:Xst:2261 - The FF/Latch <B_0> in Unit <Sync> is equivalent to the following FF/Latch, which will be removed : <B_1> 

Optimizing unit <main> ...

Optimizing unit <DivisorFreq> ...

Optimizing unit <Sync> ...

Mapping all equations...
Building and optimizing final netlist ...
Found area constraint ratio of 100 (+ 5) on block main, actual ratio is 0.
FlipFlop U1/HPosition_10 has been replicated 1 time(s)

Final Macro Processing ...

=========================================================================
Final Register Report

Macro Statistics
# Registers                                            : 29
 Flip-Flops                                            : 29

=========================================================================

=========================================================================
*                           Partition Report                            *
=========================================================================

Partition Implementation Status
-------------------------------

  No Partitions were found in this design.

-------------------------------

=========================================================================
*                            Design Summary                             *
=========================================================================

Top Level Output File Name         : main.ngc

Primitive and Black Box Usage:
------------------------------
# BELS                             : 111
#      GND                         : 1
#      INV                         : 2
#      LUT1                        : 19
#      LUT2                        : 5
#      LUT3                        : 14
#      LUT4                        : 1
#      LUT5                        : 16
#      LUT6                        : 12
#      MUXCY                       : 19
#      VCC                         : 1
#      XORCY                       : 21
# FlipFlops/Latches                : 29
#      FD                          : 25
#      FDC                         : 4
# Clock Buffers                    : 2
#      BUFG                        : 1
#      BUFGP                       : 1
# IO Buffers                       : 11
#      IBUF                        : 1
#      OBUF                        : 10

Device utilization summary:
---------------------------

Selected Device : 6slx16csg324-3 


Slice Logic Utilization: 
 Number of Slice Registers:              29  out of  18224     0%  
 Number of Slice LUTs:                   69  out of   9112     0%  
    Number used as Logic:                69  out of   9112     0%  

Slice Logic Distribution: 
 Number of LUT Flip Flop pairs used:     70
   Number with an unused Flip Flop:      41  out of     70    58%  
   Number with an unused LUT:             1  out of     70     1%  
   Number of fully used LUT-FF pairs:    28  out of     70    40%  
   Number of unique control sets:         2

IO Utilization: 
 Number of IOs:                          12
 Number of bonded IOBs:                  12  out of    232     5%  

Specific Feature Utilization:
 Number of BUFG/BUFGCTRLs:                2  out of     16    12%  

---------------------------
Partition Resource Summary:
---------------------------

  No Partitions were found in this design.

---------------------------


=========================================================================
Timing Report

NOTE: THESE TIMING NUMBERS ARE ONLY A SYNTHESIS ESTIMATE.
      FOR ACCURATE TIMING INFORMATION PLEASE REFER TO THE TRACE REPORT
      GENERATED AFTER PLACE-and-ROUTE.

Clock Information:
------------------
-----------------------------------+------------------------+-------+
Clock Signal                       | Clock buffer(FF name)  | Load  |
-----------------------------------+------------------------+-------+
clk                                | BUFGP                  | 4     |
U0/aux                             | BUFG                   | 25    |
-----------------------------------+------------------------+-------+

Asynchronous Control Signals Information:
----------------------------------------
No asynchronous control signals found in this design

Timing Summary:
---------------
Speed Grade: -3

   Minimum period: 3.810ns (Maximum Frequency: 262.498MHz)
   Minimum input arrival time before clock: 2.335ns
   Maximum output required time after clock: 3.634ns
   Maximum combinational path delay: No path found

Timing Details:
---------------
All values displayed in nanoseconds (ns)

=========================================================================
Timing constraint: Default period analysis for Clock 'clk'
  Clock period: 1.507ns (frequency: 663.460MHz)
  Total number of paths / destination ports: 8 / 4
-------------------------------------------------------------------------
Delay:               1.507ns (Levels of Logic = 1)
  Source:            U0/cuenta_1 (FF)
  Destination:       U0/unseg (FF)
  Source Clock:      clk rising
  Destination Clock: clk rising

  Data Path: U0/cuenta_1 to U0/unseg
                                Gate     Net
    Cell:in->out      fanout   Delay   Delay  Logical Name (Net Name)
    ----------------------------------------  ------------
     FDC:C->Q              3   0.447   0.755  U0/cuenta_1 (U0/cuenta_1)
     LUT2:I0->O            1   0.203   0.000  U0/Mmux_cuenta[1]_GND_5_o_mux_2_OUT11 (U0/cuenta[1]_GND_5_o_mux_2_OUT<0>)
     FDC:D                     0.102          U0/cuenta_0
    ----------------------------------------
    Total                      1.507ns (0.752ns logic, 0.755ns route)
                                       (49.9% logic, 50.1% route)

=========================================================================
Timing constraint: Default period analysis for Clock 'U0/aux'
  Clock period: 3.810ns (frequency: 262.498MHz)
  Total number of paths / destination ports: 554 / 25
-------------------------------------------------------------------------
Delay:               3.810ns (Levels of Logic = 3)
  Source:            U1/HPosition_9 (FF)
  Destination:       U1/VPosition_9 (FF)
  Source Clock:      U0/aux rising
  Destination Clock: U0/aux rising

  Data Path: U1/HPosition_9 to U1/VPosition_9
                                Gate     Net
    Cell:in->out      fanout   Delay   Delay  Logical Name (Net Name)
    ----------------------------------------  ------------
     FD:C->Q               6   0.447   1.109  U1/HPosition_9 (U1/HPosition_9)
     LUT6:I0->O            1   0.203   0.684  U1/_n005311_1 (U1/_n005311)
     LUT6:I4->O           10   0.203   0.857  U1/_n0053 (U1/_n0053)
     LUT5:I4->O            1   0.205   0.000  U1/VPosition_9_rstpot (U1/VPosition_9_rstpot)
     FD:D                      0.102          U1/VPosition_9
    ----------------------------------------
    Total                      3.810ns (1.160ns logic, 2.650ns route)
                                       (30.4% logic, 69.6% route)

=========================================================================
Timing constraint: Default OFFSET IN BEFORE for Clock 'clk'
  Total number of paths / destination ports: 4 / 4
-------------------------------------------------------------------------
Offset:              2.335ns (Levels of Logic = 1)
  Source:            reset (PAD)
  Destination:       U0/unseg (FF)
  Destination Clock: clk rising

  Data Path: reset to U0/unseg
                                Gate     Net
    Cell:in->out      fanout   Delay   Delay  Logical Name (Net Name)
    ----------------------------------------  ------------
     IBUF:I->O             4   1.222   0.683  reset_IBUF (reset_IBUF)
     FDC:CLR                   0.430          U0/cuenta_0
    ----------------------------------------
    Total                      2.335ns (1.652ns logic, 0.683ns route)
                                       (70.8% logic, 29.2% route)

=========================================================================
Timing constraint: Default OFFSET OUT AFTER for Clock 'U0/aux'
  Total number of paths / destination ports: 4 / 4
-------------------------------------------------------------------------
Offset:              3.634ns (Levels of Logic = 1)
  Source:            U1/B_0 (FF)
  Destination:       Blue<1> (PAD)
  Source Clock:      U0/aux rising

  Data Path: U1/B_0 to Blue<1>
                                Gate     Net
    Cell:in->out      fanout   Delay   Delay  Logical Name (Net Name)
    ----------------------------------------  ------------
     FD:C->Q               2   0.447   0.616  U1/B_0 (U1/B_0)
     OBUF:I->O                 2.571          Blue_1_OBUF (Blue<1>)
    ----------------------------------------
    Total                      3.634ns (3.018ns logic, 0.616ns route)
                                       (83.0% logic, 17.0% route)

=========================================================================

Cross Clock Domains Report:
--------------------------

Clock to Setup on destination clock U0/aux
---------------+---------+---------+---------+---------+
               | Src:Rise| Src:Fall| Src:Rise| Src:Fall|
Source Clock   |Dest:Rise|Dest:Rise|Dest:Fall|Dest:Fall|
---------------+---------+---------+---------+---------+
U0/aux         |    3.810|         |         |         |
---------------+---------+---------+---------+---------+

Clock to Setup on destination clock clk
---------------+---------+---------+---------+---------+
               | Src:Rise| Src:Fall| Src:Rise| Src:Fall|
Source Clock   |Dest:Rise|Dest:Rise|Dest:Fall|Dest:Fall|
---------------+---------+---------+---------+---------+
clk            |    1.507|         |         |         |
---------------+---------+---------+---------+---------+

=========================================================================


Total REAL time to Xst completion: 12.00 secs
Total CPU time to Xst completion: 10.94 secs
 
--> 


Total memory usage is 484844 kilobytes

Number of errors   :    0 (   0 filtered)
Number of warnings :    2 (   0 filtered)
Number of infos    :    2 (   0 filtered)

