--------------------------------------------------------------------------------
Release 14.7 Trace  (lin64)
Copyright (c) 1995-2013 Xilinx, Inc.  All rights reserved.

/opt/Xilinx/14.7/ISE_DS/ISE/bin/lin64/unwrapped/trce -intstyle ise -v 3 -s 3 -n
3 -fastpaths -xml main.twx main.ncd -o main.twr main.pcf -ucf pines.ucf

Design file:              main.ncd
Physical constraint file: main.pcf
Device,package,speed:     xc6slx16,csg324,C,-3 (PRODUCTION 1.23 2016-11-22)
Report level:             verbose report

Environment Variable      Effect 
--------------------      ------ 
NONE                      No environment variables were set
--------------------------------------------------------------------------------

INFO:Timing:3412 - To improve timing, see the Timing Closure User Guide (UG612).
INFO:Timing:2752 - To get complete path coverage, use the unconstrained paths 
   option. All paths that are not constrained will be reported in the 
   unconstrained paths section(s) of the report.
INFO:Timing:3339 - The clock-to-out numbers in this timing report are based on 
   a 50 Ohm transmission line loading model.  For the details of this model, 
   and for more information on accounting for different loading conditions, 
   please see the device datasheet.

================================================================================
Timing constraint: TS_sys_clk_pin = PERIOD TIMEGRP "sys_clk_pin" 100 MHz HIGH 
50%;
For more information, see Period Analysis in the Timing Closure User Guide (UG612).

 8 paths analyzed, 8 endpoints analyzed, 0 failing endpoints
 0 timing errors detected. (0 setup errors, 0 hold errors, 0 component switching limit errors)
 Minimum period is   1.730ns.
--------------------------------------------------------------------------------

Paths for end point U0/unseg (SLICE_X17Y44.C1), 1 path
--------------------------------------------------------------------------------
Slack (setup path):     8.666ns (requirement - (data path - clock path skew + uncertainty))
  Source:               U0/cuenta_0 (FF)
  Destination:          U0/unseg (FF)
  Requirement:          10.000ns
  Data Path Delay:      1.299ns (Levels of Logic = 1)
  Clock Path Skew:      0.000ns
  Source Clock:         clk_BUFGP rising at 0.000ns
  Destination Clock:    clk_BUFGP rising at 10.000ns
  Clock Uncertainty:    0.035ns

  Clock Uncertainty:          0.035ns  ((TSJ^2 + TIJ^2)^1/2 + DJ) / 2 + PE
    Total System Jitter (TSJ):  0.070ns
    Total Input Jitter (TIJ):   0.000ns
    Discrete Jitter (DJ):       0.000ns
    Phase Error (PE):           0.000ns

  Maximum Data Path at Slow Process Corner: U0/cuenta_0 to U0/unseg
    Location             Delay type         Delay(ns)  Physical Resource
                                                       Logical Resource(s)
    -------------------------------------------------  -------------------
    SLICE_X17Y44.BQ      Tcko                  0.391   U0/aux
                                                       U0/cuenta_0
    SLICE_X17Y44.C1      net (fanout=2)        0.586   U0/cuenta<0>
    SLICE_X17Y44.CLK     Tas                   0.322   U0/aux
                                                       U0/GND_5_o_cuenta[1]_equal_1_o<1>1
                                                       U0/unseg
    -------------------------------------------------  ---------------------------
    Total                                      1.299ns (0.713ns logic, 0.586ns route)
                                                       (54.9% logic, 45.1% route)

--------------------------------------------------------------------------------

Paths for end point U0/cuenta_0 (SLICE_X17Y44.B2), 1 path
--------------------------------------------------------------------------------
Slack (setup path):     8.735ns (requirement - (data path - clock path skew + uncertainty))
  Source:               U0/cuenta_1 (FF)
  Destination:          U0/cuenta_0 (FF)
  Requirement:          10.000ns
  Data Path Delay:      1.230ns (Levels of Logic = 1)
  Clock Path Skew:      0.000ns
  Source Clock:         clk_BUFGP rising at 0.000ns
  Destination Clock:    clk_BUFGP rising at 10.000ns
  Clock Uncertainty:    0.035ns

  Clock Uncertainty:          0.035ns  ((TSJ^2 + TIJ^2)^1/2 + DJ) / 2 + PE
    Total System Jitter (TSJ):  0.070ns
    Total Input Jitter (TIJ):   0.000ns
    Discrete Jitter (DJ):       0.000ns
    Phase Error (PE):           0.000ns

  Maximum Data Path at Slow Process Corner: U0/cuenta_1 to U0/cuenta_0
    Location             Delay type         Delay(ns)  Physical Resource
                                                       Logical Resource(s)
    -------------------------------------------------  -------------------
    SLICE_X17Y44.BMUX    Tshcko                0.461   U0/aux
                                                       U0/cuenta_1
    SLICE_X17Y44.B2      net (fanout=2)        0.447   U0/cuenta<1>
    SLICE_X17Y44.CLK     Tas                   0.322   U0/aux
                                                       U0/Mmux_cuenta[1]_GND_5_o_mux_2_OUT11
                                                       U0/cuenta_0
    -------------------------------------------------  ---------------------------
    Total                                      1.230ns (0.783ns logic, 0.447ns route)
                                                       (63.7% logic, 36.3% route)

--------------------------------------------------------------------------------

Paths for end point U0/aux (SLICE_X17Y44.D1), 1 path
--------------------------------------------------------------------------------
Slack (setup path):     8.789ns (requirement - (data path - clock path skew + uncertainty))
  Source:               U0/unseg (FF)
  Destination:          U0/aux (FF)
  Requirement:          10.000ns
  Data Path Delay:      1.176ns (Levels of Logic = 1)
  Clock Path Skew:      0.000ns
  Source Clock:         clk_BUFGP rising at 0.000ns
  Destination Clock:    clk_BUFGP rising at 10.000ns
  Clock Uncertainty:    0.035ns

  Clock Uncertainty:          0.035ns  ((TSJ^2 + TIJ^2)^1/2 + DJ) / 2 + PE
    Total System Jitter (TSJ):  0.070ns
    Total Input Jitter (TIJ):   0.000ns
    Discrete Jitter (DJ):       0.000ns
    Phase Error (PE):           0.000ns

  Maximum Data Path at Slow Process Corner: U0/unseg to U0/aux
    Location             Delay type         Delay(ns)  Physical Resource
                                                       Logical Resource(s)
    -------------------------------------------------  -------------------
    SLICE_X17Y44.CQ      Tcko                  0.391   U0/aux
                                                       U0/unseg
    SLICE_X17Y44.D1      net (fanout=1)        0.463   U0/unseg
    SLICE_X17Y44.CLK     Tas                   0.322   U0/aux
                                                       U0/aux_rstpot
                                                       U0/aux
    -------------------------------------------------  ---------------------------
    Total                                      1.176ns (0.713ns logic, 0.463ns route)
                                                       (60.6% logic, 39.4% route)

--------------------------------------------------------------------------------

Hold Paths: TS_sys_clk_pin = PERIOD TIMEGRP "sys_clk_pin" 100 MHz HIGH 50%;
--------------------------------------------------------------------------------

Paths for end point U0/cuenta_1 (SLICE_X17Y44.B5), 1 path
--------------------------------------------------------------------------------
Slack (hold path):      0.425ns (requirement - (clock path skew + uncertainty - data path))
  Source:               U0/cuenta_0 (FF)
  Destination:          U0/cuenta_1 (FF)
  Requirement:          0.000ns
  Data Path Delay:      0.425ns (Levels of Logic = 1)
  Clock Path Skew:      0.000ns
  Source Clock:         clk_BUFGP rising at 10.000ns
  Destination Clock:    clk_BUFGP rising at 10.000ns
  Clock Uncertainty:    0.000ns

  Minimum Data Path at Fast Process Corner: U0/cuenta_0 to U0/cuenta_1
    Location             Delay type         Delay(ns)  Physical Resource
                                                       Logical Resource(s)
    -------------------------------------------------  -------------------
    SLICE_X17Y44.BQ      Tcko                  0.198   U0/aux
                                                       U0/cuenta_0
    SLICE_X17Y44.B5      net (fanout=2)        0.072   U0/cuenta<0>
    SLICE_X17Y44.CLK     Tah         (-Th)    -0.155   U0/aux
                                                       U0/Mmux_cuenta[1]_GND_5_o_mux_2_OUT21
                                                       U0/cuenta_1
    -------------------------------------------------  ---------------------------
    Total                                      0.425ns (0.353ns logic, 0.072ns route)
                                                       (83.1% logic, 16.9% route)

--------------------------------------------------------------------------------

Paths for end point U0/aux (SLICE_X17Y44.D6), 1 path
--------------------------------------------------------------------------------
Slack (hold path):      0.439ns (requirement - (clock path skew + uncertainty - data path))
  Source:               U0/aux (FF)
  Destination:          U0/aux (FF)
  Requirement:          0.000ns
  Data Path Delay:      0.439ns (Levels of Logic = 1)
  Clock Path Skew:      0.000ns
  Source Clock:         clk_BUFGP rising at 10.000ns
  Destination Clock:    clk_BUFGP rising at 10.000ns
  Clock Uncertainty:    0.000ns

  Minimum Data Path at Fast Process Corner: U0/aux to U0/aux
    Location             Delay type         Delay(ns)  Physical Resource
                                                       Logical Resource(s)
    -------------------------------------------------  -------------------
    SLICE_X17Y44.DQ      Tcko                  0.198   U0/aux
                                                       U0/aux
    SLICE_X17Y44.D6      net (fanout=2)        0.026   U0/aux
    SLICE_X17Y44.CLK     Tah         (-Th)    -0.215   U0/aux
                                                       U0/aux_rstpot
                                                       U0/aux
    -------------------------------------------------  ---------------------------
    Total                                      0.439ns (0.413ns logic, 0.026ns route)
                                                       (94.1% logic, 5.9% route)

--------------------------------------------------------------------------------

Paths for end point U0/unseg (SLICE_X17Y44.C6), 1 path
--------------------------------------------------------------------------------
Slack (hold path):      0.480ns (requirement - (clock path skew + uncertainty - data path))
  Source:               U0/cuenta_1 (FF)
  Destination:          U0/unseg (FF)
  Requirement:          0.000ns
  Data Path Delay:      0.480ns (Levels of Logic = 1)
  Clock Path Skew:      0.000ns
  Source Clock:         clk_BUFGP rising at 10.000ns
  Destination Clock:    clk_BUFGP rising at 10.000ns
  Clock Uncertainty:    0.000ns

  Minimum Data Path at Fast Process Corner: U0/cuenta_1 to U0/unseg
    Location             Delay type         Delay(ns)  Physical Resource
                                                       Logical Resource(s)
    -------------------------------------------------  -------------------
    SLICE_X17Y44.BMUX    Tshcko                0.244   U0/aux
                                                       U0/cuenta_1
    SLICE_X17Y44.C6      net (fanout=2)        0.021   U0/cuenta<1>
    SLICE_X17Y44.CLK     Tah         (-Th)    -0.215   U0/aux
                                                       U0/GND_5_o_cuenta[1]_equal_1_o<1>1
                                                       U0/unseg
    -------------------------------------------------  ---------------------------
    Total                                      0.480ns (0.459ns logic, 0.021ns route)
                                                       (95.6% logic, 4.4% route)

--------------------------------------------------------------------------------

Component Switching Limit Checks: TS_sys_clk_pin = PERIOD TIMEGRP "sys_clk_pin" 100 MHz HIGH 50%;
--------------------------------------------------------------------------------
Slack: 8.270ns (period - min period limit)
  Period: 10.000ns
  Min period limit: 1.730ns (578.035MHz) (Tbcper_I)
  Physical resource: clk_BUFGP/BUFG/I0
  Logical resource: clk_BUFGP/BUFG/I0
  Location pin: BUFGMUX_X3Y13.I0
  Clock network: clk_BUFGP/IBUFG
--------------------------------------------------------------------------------
Slack: 9.606ns (period - min period limit)
  Period: 10.000ns
  Min period limit: 0.394ns (2538.071MHz) (Tcp)
  Physical resource: U0/aux/CLK
  Logical resource: U0/cuenta_1/CK
  Location pin: SLICE_X17Y44.CLK
  Clock network: clk_BUFGP
--------------------------------------------------------------------------------
Slack: 9.606ns (period - (min high pulse limit / (high pulse / period)))
  Period: 10.000ns
  High pulse: 5.000ns
  High pulse limit: 0.197ns (Trpw)
  Physical resource: U0/aux/SR
  Logical resource: U0/cuenta_1/SR
  Location pin: SLICE_X17Y44.SR
  Clock network: reset_IBUF
--------------------------------------------------------------------------------


All constraints were met.


Data Sheet report:
-----------------
All values displayed in nanoseconds (ns)

Clock to Setup on destination clock clk
---------------+---------+---------+---------+---------+
               | Src:Rise| Src:Fall| Src:Rise| Src:Fall|
Source Clock   |Dest:Rise|Dest:Rise|Dest:Fall|Dest:Fall|
---------------+---------+---------+---------+---------+
clk            |    1.334|         |         |         |
---------------+---------+---------+---------+---------+


Timing summary:
---------------

Timing errors: 0  Score: 0  (Setup/Max: 0, Hold: 0)

Constraints cover 8 paths, 0 nets, and 8 connections

Design statistics:
   Minimum period:   1.730ns{1}   (Maximum frequency: 578.035MHz)


------------------------------------Footnotes-----------------------------------
1)  The minimum period statistic assumes all single cycle delays.

Analysis completed Sat May 27 09:15:34 2023 
--------------------------------------------------------------------------------

Trace Settings:
-------------------------
Trace Settings 

Peak Memory Usage: 396 MB



