Release 14.7 - xst P.20160913 (lin64)
Copyright (c) 1995-2013 Xilinx, Inc.  All rights reserved.
--> 
Parameter TMPDIR set to xst/projnav.tmp


Total REAL time to Xst completion: 0.00 secs
Total CPU time to Xst completion: 0.04 secs
 
--> 
Parameter xsthdpdir set to xst


Total REAL time to Xst completion: 0.00 secs
Total CPU time to Xst completion: 0.04 secs
 
--> 
Reading design: Enable60hz.prj

TABLE OF CONTENTS
  1) Synthesis Options Summary
  2) HDL Parsing
  3) HDL Elaboration
  4) HDL Synthesis
       4.1) HDL Synthesis Report
  5) Advanced HDL Synthesis
       5.1) Advanced HDL Synthesis Report
  6) Low Level Synthesis
  7) Partition Report
  8) Design Summary
       8.1) Primitive and Black Box Usage
       8.2) Device utilization summary
       8.3) Partition Resource Summary
       8.4) Timing Report
            8.4.1) Clock Information
            8.4.2) Asynchronous Control Signals Information
            8.4.3) Timing Summary
            8.4.4) Timing Details
            8.4.5) Cross Clock Domains Report


=========================================================================
*                      Synthesis Options Summary                        *
=========================================================================
---- Source Parameters
Input File Name                    : "Enable60hz.prj"
Ignore Synthesis Constraint File   : NO

---- Target Parameters
Output File Name                   : "Enable60hz"
Output Format                      : NGC
Target Device                      : xc6slx16-3-csg324

---- Source Options
Top Module Name                    : Enable60hz
Automatic FSM Extraction           : YES
FSM Encoding Algorithm             : Auto
Safe Implementation                : No
FSM Style                          : LUT
RAM Extraction                     : Yes
RAM Style                          : Auto
ROM Extraction                     : Yes
Shift Register Extraction          : YES
ROM Style                          : Auto
Resource Sharing                   : YES
Asynchronous To Synchronous        : NO
Shift Register Minimum Size        : 2
Use DSP Block                      : Auto
Automatic Register Balancing       : No

---- Target Options
LUT Combining                      : Auto
Reduce Control Sets                : Auto
Add IO Buffers                     : YES
Global Maximum Fanout              : 100000
Add Generic Clock Buffer(BUFG)     : 16
Register Duplication               : YES
Optimize Instantiated Primitives   : NO
Use Clock Enable                   : Auto
Use Synchronous Set                : Auto
Use Synchronous Reset              : Auto
Pack IO Registers into IOBs        : Auto
Equivalent register Removal        : YES

---- General Options
Optimization Goal                  : Speed
Optimization Effort                : 1
Power Reduction                    : NO
Keep Hierarchy                     : No
Netlist Hierarchy                  : As_Optimized
RTL Output                         : Yes
Global Optimization                : AllClockNets
Read Cores                         : YES
Write Timing Constraints           : NO
Cross Clock Analysis               : NO
Hierarchy Separator                : /
Bus Delimiter                      : <>
Case Specifier                     : Maintain
Slice Utilization Ratio            : 100
BRAM Utilization Ratio             : 100
DSP48 Utilization Ratio            : 100
Auto BRAM Packing                  : NO
Slice Utilization Ratio Delta      : 5

=========================================================================


=========================================================================
*                          HDL Parsing                                  *
=========================================================================
Parsing VHDL file "/home/ise/OSwin7/Cronometro/Enable60hz/Enable60hz.vhd" into library work
Parsing entity <Enable60hz>.
Parsing architecture <Behavioral> of entity <enable60hz>.

=========================================================================
*                            HDL Elaboration                            *
=========================================================================

Elaborating entity <Enable60hz> (architecture <Behavioral>) from library <work>.

=========================================================================
*                           HDL Synthesis                               *
=========================================================================

Synthesizing Unit <Enable60hz>.
    Related source file is "/home/ise/OSwin7/Cronometro/Enable60hz/Enable60hz.vhd".
    Found 29-bit register for signal <cuenta>.
    Found 1-bit register for signal <unseg>.
    Found 29-bit adder for signal <cuenta[28]_GND_3_o_add_1_OUT> created at line 37.
    Summary:
	inferred   1 Adder/Subtractor(s).
	inferred  30 D-type flip-flop(s).
	inferred   2 Multiplexer(s).
Unit <Enable60hz> synthesized.

=========================================================================
HDL Synthesis Report

Macro Statistics
# Adders/Subtractors                                   : 1
 29-bit adder                                          : 1
# Registers                                            : 2
 1-bit register                                        : 1
 29-bit register                                       : 1
# Multiplexers                                         : 2
 1-bit 2-to-1 multiplexer                              : 1
 29-bit 2-to-1 multiplexer                             : 1

=========================================================================

=========================================================================
*                       Advanced HDL Synthesis                          *
=========================================================================


Synthesizing (advanced) Unit <Enable60hz>.
The following registers are absorbed into counter <cuenta>: 1 register on signal <cuenta>.
Unit <Enable60hz> synthesized (advanced).

=========================================================================
Advanced HDL Synthesis Report

Macro Statistics
# Counters                                             : 1
 29-bit up counter                                     : 1
# Registers                                            : 1
 Flip-Flops                                            : 1
# Multiplexers                                         : 1
 1-bit 2-to-1 multiplexer                              : 1

=========================================================================

=========================================================================
*                         Low Level Synthesis                           *
=========================================================================

Optimizing unit <Enable60hz> ...

Mapping all equations...
Building and optimizing final netlist ...
Found area constraint ratio of 100 (+ 5) on block Enable60hz, actual ratio is 0.

Final Macro Processing ...

=========================================================================
Final Register Report

Macro Statistics
# Registers                                            : 30
 Flip-Flops                                            : 30

=========================================================================

=========================================================================
*                           Partition Report                            *
=========================================================================

Partition Implementation Status
-------------------------------

  No Partitions were found in this design.

-------------------------------

=========================================================================
*                            Design Summary                             *
=========================================================================

Top Level Output File Name         : Enable60hz.ngc

Primitive and Black Box Usage:
------------------------------
# BELS                             : 126
#      GND                         : 1
#      INV                         : 2
#      LUT1                        : 28
#      LUT2                        : 30
#      LUT4                        : 1
#      LUT6                        : 6
#      MUXCY                       : 28
#      VCC                         : 1
#      XORCY                       : 29
# FlipFlops/Latches                : 30
#      FDC                         : 1
#      FDCE                        : 29
# Clock Buffers                    : 1
#      BUFGP                       : 1
# IO Buffers                       : 3
#      IBUF                        : 2
#      OBUF                        : 1

Device utilization summary:
---------------------------

Selected Device : 6slx16csg324-3 


Slice Logic Utilization: 
 Number of Slice Registers:              30  out of  18224     0%  
 Number of Slice LUTs:                   67  out of   9112     0%  
    Number used as Logic:                67  out of   9112     0%  

Slice Logic Distribution: 
 Number of LUT Flip Flop pairs used:     67
   Number with an unused Flip Flop:      37  out of     67    55%  
   Number with an unused LUT:             0  out of     67     0%  
   Number of fully used LUT-FF pairs:    30  out of     67    44%  
   Number of unique control sets:         2

IO Utilization: 
 Number of IOs:                           4
 Number of bonded IOBs:                   4  out of    232     1%  

Specific Feature Utilization:
 Number of BUFG/BUFGCTRLs:                1  out of     16     6%  

---------------------------
Partition Resource Summary:
---------------------------

  No Partitions were found in this design.

---------------------------


=========================================================================
Timing Report

NOTE: THESE TIMING NUMBERS ARE ONLY A SYNTHESIS ESTIMATE.
      FOR ACCURATE TIMING INFORMATION PLEASE REFER TO THE TRACE REPORT
      GENERATED AFTER PLACE-and-ROUTE.

Clock Information:
------------------
-----------------------------------+------------------------+-------+
Clock Signal                       | Clock buffer(FF name)  | Load  |
-----------------------------------+------------------------+-------+
clk                                | BUFGP                  | 30    |
-----------------------------------+------------------------+-------+

Asynchronous Control Signals Information:
----------------------------------------
No asynchronous control signals found in this design

Timing Summary:
---------------
Speed Grade: -3

   Minimum period: 4.010ns (Maximum Frequency: 249.355MHz)
   Minimum input arrival time before clock: 3.615ns
   Maximum output required time after clock: 3.597ns
   Maximum combinational path delay: No path found

Timing Details:
---------------
All values displayed in nanoseconds (ns)

=========================================================================
Timing constraint: Default period analysis for Clock 'clk'
  Clock period: 4.010ns (frequency: 249.355MHz)
  Total number of paths / destination ports: 1305 / 30
-------------------------------------------------------------------------
Delay:               4.010ns (Levels of Logic = 3)
  Source:            cuenta_24 (FF)
  Destination:       unseg (FF)
  Source Clock:      clk rising
  Destination Clock: clk rising

  Data Path: cuenta_24 to unseg
                                Gate     Net
    Cell:in->out      fanout   Delay   Delay  Logical Name (Net Name)
    ----------------------------------------  ------------
     FDCE:C->Q             2   0.447   0.981  cuenta_24 (cuenta_24)
     LUT6:I0->O            2   0.203   0.864  PWR_3_o_cuenta[28]_equal_1_o<28>7_SW0 (N3)
     LUT6:I2->O           16   0.203   1.005  PWR_3_o_cuenta[28]_equal_1_o<28>7 (PWR_3_o_cuenta[28]_equal_1_o)
     LUT2:I1->O            1   0.205   0.000  Mmux_PWR_3_o_GND_3_o_MUX_1_o11 (PWR_3_o_GND_3_o_MUX_1_o)
     FDC:D                     0.102          unseg
    ----------------------------------------
    Total                      4.010ns (1.160ns logic, 2.850ns route)
                                       (28.9% logic, 71.1% route)

=========================================================================
Timing constraint: Default OFFSET IN BEFORE for Clock 'clk'
  Total number of paths / destination ports: 60 / 60
-------------------------------------------------------------------------
Offset:              3.615ns (Levels of Logic = 2)
  Source:            ce (PAD)
  Destination:       cuenta_0 (FF)
  Destination Clock: clk rising

  Data Path: ce to cuenta_0
                                Gate     Net
    Cell:in->out      fanout   Delay   Delay  Logical Name (Net Name)
    ----------------------------------------  ------------
     IBUF:I->O             2   1.222   0.616  ce_IBUF (ce_IBUF)
     INV:I->O             29   0.206   1.249  ce_inv1_INV_0 (ce_inv)
     FDCE:CE                   0.322          cuenta_0
    ----------------------------------------
    Total                      3.615ns (1.750ns logic, 1.865ns route)
                                       (48.4% logic, 51.6% route)

=========================================================================
Timing constraint: Default OFFSET OUT AFTER for Clock 'clk'
  Total number of paths / destination ports: 1 / 1
-------------------------------------------------------------------------
Offset:              3.597ns (Levels of Logic = 1)
  Source:            unseg (FF)
  Destination:       Fout60hz (PAD)
  Source Clock:      clk rising

  Data Path: unseg to Fout60hz
                                Gate     Net
    Cell:in->out      fanout   Delay   Delay  Logical Name (Net Name)
    ----------------------------------------  ------------
     FDC:C->Q              1   0.447   0.579  unseg (unseg)
     OBUF:I->O                 2.571          Fout60hz_OBUF (Fout60hz)
    ----------------------------------------
    Total                      3.597ns (3.018ns logic, 0.579ns route)
                                       (83.9% logic, 16.1% route)

=========================================================================

Cross Clock Domains Report:
--------------------------

Clock to Setup on destination clock clk
---------------+---------+---------+---------+---------+
               | Src:Rise| Src:Fall| Src:Rise| Src:Fall|
Source Clock   |Dest:Rise|Dest:Rise|Dest:Fall|Dest:Fall|
---------------+---------+---------+---------+---------+
clk            |    4.010|         |         |         |
---------------+---------+---------+---------+---------+

=========================================================================


Total REAL time to Xst completion: 11.00 secs
Total CPU time to Xst completion: 10.55 secs
 
--> 


Total memory usage is 385312 kilobytes

Number of errors   :    0 (   0 filtered)
Number of warnings :    0 (   0 filtered)
Number of infos    :    0 (   0 filtered)

