Running: /opt/Xilinx/14.7/ISE_DS/ISE/bin/lin64/unwrapped/fuse -intstyle ise -incremental -lib secureip -o /home/ise/Codigos_VHDL/BloquesAritmeticos/SumadorPropagacion/tes_isim_beh.exe -prj /home/ise/Codigos_VHDL/BloquesAritmeticos/SumadorPropagacion/tes_beh.prj work.tes 
ISim P.20160913 (signature 0xfbc00daa)
Number of CPUs detected in this system: 1
Turning on mult-threading, number of parallel sub-compilation jobs: 0 
Determining compilation order of HDL files
Parsing VHDL file "/home/ise/Codigos_VHDL/BloquesAritmeticos/SumadorPropagacion/CarryLookAhead.vhd" into library work
Parsing VHDL file "/home/ise/Codigos_VHDL/BloquesAritmeticos/SumadorPropagacion/bitFullAdder1.vhd" into library work
Parsing VHDL file "/home/ise/Codigos_VHDL/BloquesAritmeticos/SumadorPropagacion/TopAdditionSpeed.vhd" into library work
Parsing VHDL file "/home/ise/Codigos_VHDL/BloquesAritmeticos/SumadorPropagacion/tes.vhd" into library work
Starting static elaboration
Completed static elaboration
Fuse Memory Usage: 95444 KB
Fuse CPU Usage: 1120 ms
Compiling package standard
Compiling package std_logic_1164
Compiling architecture behavioral of entity bitFullAdder1 [bitfulladder1_default]
Compiling architecture behavioral of entity CarryLookAhead [carrylookahead_default]
Compiling architecture behavioral of entity TopAdditionSpeed [topadditionspeed_default]
Compiling architecture behavior of entity tes
Time Resolution for simulation is 1ps.
Compiled 9 VHDL Units
Built simulation executable /home/ise/Codigos_VHDL/BloquesAritmeticos/SumadorPropagacion/tes_isim_beh.exe
Fuse Memory Usage: 104052 KB
Fuse CPU Usage: 1190 ms
GCC CPU Usage: 290 ms
