--------------------------------------------------------------------------------
Release 14.7 Trace  (lin64)
Copyright (c) 1995-2013 Xilinx, Inc.  All rights reserved.

/opt/Xilinx/14.7/ISE_DS/ISE/bin/lin64/unwrapped/trce -intstyle ise -v 3 -s 3 -n
3 -fastpaths -xml TopAdditionSpeed.twx TopAdditionSpeed.ncd -o
TopAdditionSpeed.twr TopAdditionSpeed.pcf -ucf pines.ucf

Design file:              TopAdditionSpeed.ncd
Physical constraint file: TopAdditionSpeed.pcf
Device,package,speed:     xc6slx16,csg324,C,-3 (PRODUCTION 1.23 2016-11-22)
Report level:             verbose report

Environment Variable      Effect 
--------------------      ------ 
NONE                      No environment variables were set
--------------------------------------------------------------------------------

INFO:Timing:2698 - No timing constraints found, doing default enumeration.
INFO:Timing:3412 - To improve timing, see the Timing Closure User Guide (UG612).
INFO:Timing:2752 - To get complete path coverage, use the unconstrained paths 
   option. All paths that are not constrained will be reported in the 
   unconstrained paths section(s) of the report.
INFO:Timing:3339 - The clock-to-out numbers in this timing report are based on 
   a 50 Ohm transmission line loading model.  For the details of this model, 
   and for more information on accounting for different loading conditions, 
   please see the device datasheet.



Data Sheet report:
-----------------
All values displayed in nanoseconds (ns)

Pad to Pad
---------------+---------------+---------+
Source Pad     |Destination Pad|  Delay  |
---------------+---------------+---------+
a<0>           |s<0>           |    8.266|
a<0>           |s<1>           |    8.261|
a<0>           |s<2>           |    8.833|
a<0>           |s<3>           |    9.109|
a<0>           |s<4>           |    8.320|
a<1>           |s<1>           |    8.171|
a<1>           |s<2>           |    8.743|
a<1>           |s<3>           |    9.019|
a<1>           |s<4>           |    8.230|
a<2>           |s<2>           |    8.677|
a<2>           |s<3>           |    8.631|
a<2>           |s<4>           |    7.842|
a<3>           |s<3>           |    8.853|
a<3>           |s<4>           |    8.064|
b<0>           |s<0>           |    8.340|
b<0>           |s<1>           |    8.355|
b<0>           |s<2>           |    8.927|
b<0>           |s<3>           |    9.203|
b<0>           |s<4>           |    8.414|
b<1>           |s<1>           |    8.696|
b<1>           |s<2>           |    9.268|
b<1>           |s<3>           |    9.544|
b<1>           |s<4>           |    8.755|
b<2>           |s<2>           |    8.635|
b<2>           |s<3>           |    8.559|
b<2>           |s<4>           |    7.770|
b<3>           |s<3>           |    9.342|
b<3>           |s<4>           |    8.553|
cin            |s<0>           |   11.698|
cin            |s<1>           |   11.591|
cin            |s<2>           |   12.163|
cin            |s<3>           |   12.439|
cin            |s<4>           |   11.650|
---------------+---------------+---------+


Analysis completed Wed Dec 11 15:01:47 2019 
--------------------------------------------------------------------------------

Trace Settings:
-------------------------
Trace Settings 

Peak Memory Usage: 389 MB



