Command line:
   tes_isim_beh.exe
     -simmode  gui
     -simrunnum  0
     -socket  35031

Thu Dec 19 13:52:13 2019


 Elaboration Time: 0.16 sec

 Current Memory Usage: 196.436 Meg

 Total Signals          : 21
 Total Nets             : 26
 Total Signal Drivers   : 7
 Total Blocks           : 6
 Total Primitive Blocks : 4
 Total Processes        : 7
 Total Traceable Variables  : 8
 Total Scalar Nets and Variables : 386
Total Line Count : 34

 Total Simulation Time: 0.16 sec

 Current Memory Usage: 274.035 Meg

Thu Dec 19 13:52:22 2019

