Command line:
   tes_isim_beh.exe
     -simmode  gui
     -simrunnum  0
     -socket  59963

Wed Dec 18 14:23:07 2019


 Elaboration Time: 0.05 sec

 Current Memory Usage: 196.432 Meg

 Total Signals          : 10
 Total Nets             : 11
 Total Signal Drivers   : 5
 Total Blocks           : 3
 Total Primitive Blocks : 2
 Total Processes        : 2
 Total Traceable Variables  : 9
 Total Scalar Nets and Variables : 372
Total Line Count : 16

 Total Simulation Time: 0.07 sec

 Current Memory Usage: 274.031 Meg

Wed Dec 18 14:29:08 2019

