Running: /opt/Xilinx/14.7/ISE_DS/ISE/bin/lin64/unwrapped/fuse -relaunch -intstyle "ise" -incremental -lib "secureip" -o "/home/ise/Secuencial_Nexys3/MaquinasDeEstados/MaqEstadosTres/tes0_isim_beh.exe" -prj "/home/ise/Secuencial_Nexys3/MaquinasDeEstados/MaqEstadosTres/tes0_beh.prj" "work.tes0" 
ISim P.20160913 (signature 0xfbc00daa)
Number of CPUs detected in this system: 3
Turning on mult-threading, number of parallel sub-compilation jobs: 6 
Determining compilation order of HDL files
Parsing VHDL file "/home/ise/Secuencial_Nexys3/MaquinasDeEstados/MaqEstadosTres/Maq_estado.vhd" into library work
Parsing VHDL file "/home/ise/Secuencial_Nexys3/MaquinasDeEstados/MaqEstadosTres/tes0.vhd" into library work
Starting static elaboration
Completed static elaboration
Fuse Memory Usage: 95316 KB
Fuse CPU Usage: 1150 ms
Compiling package standard
Compiling package std_logic_1164
Compiling architecture behavioral of entity Maq_estado [maq_estado_default]
Compiling architecture behavior of entity tes0
Time Resolution for simulation is 1ps.
Waiting for 1 sub-compilation(s) to finish...
Compiled 5 VHDL Units
Built simulation executable /home/ise/Secuencial_Nexys3/MaquinasDeEstados/MaqEstadosTres/tes0_isim_beh.exe
Fuse Memory Usage: 527932 KB
Fuse CPU Usage: 1210 ms
GCC CPU Usage: 130 ms
