Command line:
   Tes1_isim_beh.exe
     -simmode  gui
     -simrunnum  0
     -socket  48136

Thu Nov 17 00:18:00 2022


 Elaboration Time: 0.04 sec

 Current Memory Usage: 197.546 Meg

 Total Signals          : 31
 Total Nets             : 27
 Total Signal Drivers   : 12
 Total Blocks           : 5
 Total Primitive Blocks : 3
 Total Processes        : 9
 Total Traceable Variables  : 10
 Total Scalar Nets and Variables : 389
Total Line Count : 89

 Total Simulation Time: 121.72 sec

 Current Memory Usage: 274.1 Meg

Thu Nov 17 00:39:57 2022

