Command line:
   tes0_isim_beh.exe
     -simmode  gui
     -simrunnum  0
     -socket  51662

Wed Oct  9 15:48:49 2019


 Elaboration Time: 0.07 sec

 Current Memory Usage: 196.432 Meg

 Total Signals          : 11
 Total Nets             : 7
 Total Signal Drivers   : 5
 Total Blocks           : 3
 Total Primitive Blocks : 2
 Total Processes        : 4
 Total Traceable Variables  : 10
 Total Scalar Nets and Variables : 369
Total Line Count : 20

 Total Simulation Time: 9.66 sec

 Current Memory Usage: 274.031 Meg

Wed Oct  9 15:51:44 2019

