Running: /opt/Xilinx/14.7/ISE_DS/ISE/bin/lin64/unwrapped/fuse -intstyle ise -incremental -lib secureip -o /home/ise/Secuencial_Nexys3/BloquesSecuenciales/contadorControl/tes0_isim_beh.exe -prj /home/ise/Secuencial_Nexys3/BloquesSecuenciales/contadorControl/tes0_beh.prj work.tes0 
ISim P.20160913 (signature 0xfbc00daa)
Number of CPUs detected in this system: 1
Turning on mult-threading, number of parallel sub-compilation jobs: 0 
Determining compilation order of HDL files
Parsing VHDL file "/home/ise/Secuencial_Nexys3/BloquesSecuenciales/contadorControl/ContadorControl.vhd" into library work
Parsing VHDL file "/home/ise/Secuencial_Nexys3/BloquesSecuenciales/contadorControl/tes0.vhd" into library work
Starting static elaboration
Completed static elaboration
Fuse Memory Usage: 96592 KB
Fuse CPU Usage: 1090 ms
Compiling package standard
Compiling package std_logic_1164
Compiling package std_logic_arith
Compiling package std_logic_unsigned
Compiling architecture behavioral of entity ContadorControl [contadorcontrol_default]
Compiling architecture behavior of entity tes0
Time Resolution for simulation is 1ps.
Compiled 7 VHDL Units
Built simulation executable /home/ise/Secuencial_Nexys3/BloquesSecuenciales/contadorControl/tes0_isim_beh.exe
Fuse Memory Usage: 111884 KB
Fuse CPU Usage: 1250 ms
GCC CPU Usage: 1870 ms
