Release 14.7 - xst P.20160913 (lin64)
Copyright (c) 1995-2013 Xilinx, Inc.  All rights reserved.
--> 
Parameter TMPDIR set to xst/projnav.tmp


Total REAL time to Xst completion: 0.00 secs
Total CPU time to Xst completion: 0.04 secs
 
--> 
Parameter xsthdpdir set to xst


Total REAL time to Xst completion: 0.00 secs
Total CPU time to Xst completion: 0.04 secs
 
--> 
Reading design: SuperiorContadorControl.prj

TABLE OF CONTENTS
  1) Synthesis Options Summary
  2) HDL Parsing
  3) HDL Elaboration
  4) HDL Synthesis
       4.1) HDL Synthesis Report
  5) Advanced HDL Synthesis
       5.1) Advanced HDL Synthesis Report
  6) Low Level Synthesis
  7) Partition Report
  8) Design Summary
       8.1) Primitive and Black Box Usage
       8.2) Device utilization summary
       8.3) Partition Resource Summary
       8.4) Timing Report
            8.4.1) Clock Information
            8.4.2) Asynchronous Control Signals Information
            8.4.3) Timing Summary
            8.4.4) Timing Details
            8.4.5) Cross Clock Domains Report


=========================================================================
*                      Synthesis Options Summary                        *
=========================================================================
---- Source Parameters
Input File Name                    : "SuperiorContadorControl.prj"
Ignore Synthesis Constraint File   : NO

---- Target Parameters
Output File Name                   : "SuperiorContadorControl"
Output Format                      : NGC
Target Device                      : xc6slx16-3-csg324

---- Source Options
Top Module Name                    : SuperiorContadorControl
Automatic FSM Extraction           : YES
FSM Encoding Algorithm             : Auto
Safe Implementation                : No
FSM Style                          : LUT
RAM Extraction                     : Yes
RAM Style                          : Auto
ROM Extraction                     : Yes
Shift Register Extraction          : YES
ROM Style                          : Auto
Resource Sharing                   : YES
Asynchronous To Synchronous        : NO
Shift Register Minimum Size        : 2
Use DSP Block                      : Auto
Automatic Register Balancing       : No

---- Target Options
LUT Combining                      : Auto
Reduce Control Sets                : Auto
Add IO Buffers                     : YES
Global Maximum Fanout              : 100000
Add Generic Clock Buffer(BUFG)     : 16
Register Duplication               : YES
Optimize Instantiated Primitives   : NO
Use Clock Enable                   : Auto
Use Synchronous Set                : Auto
Use Synchronous Reset              : Auto
Pack IO Registers into IOBs        : Auto
Equivalent register Removal        : YES

---- General Options
Optimization Goal                  : Speed
Optimization Effort                : 1
Power Reduction                    : NO
Keep Hierarchy                     : No
Netlist Hierarchy                  : As_Optimized
RTL Output                         : Yes
Global Optimization                : AllClockNets
Read Cores                         : YES
Write Timing Constraints           : NO
Cross Clock Analysis               : NO
Hierarchy Separator                : /
Bus Delimiter                      : <>
Case Specifier                     : Maintain
Slice Utilization Ratio            : 100
BRAM Utilization Ratio             : 100
DSP48 Utilization Ratio            : 100
Auto BRAM Packing                  : NO
Slice Utilization Ratio Delta      : 5

=========================================================================


=========================================================================
*                          HDL Parsing                                  *
=========================================================================
Parsing VHDL file "/home/ise/gitVHDL2023/VHDL-Basico-Nexys3/BloquesSecuenciales/contadorControl/ModuloDisplay.vhd" into library work
Parsing entity <ModuloDisplay>.
Parsing architecture <Behavioral> of entity <modulodisplay>.
Parsing VHDL file "/home/ise/gitVHDL2023/VHDL-Basico-Nexys3/BloquesSecuenciales/contadorControl/divide.vhd" into library work
Parsing entity <divide>.
Parsing architecture <Behavioral> of entity <divide>.
Parsing VHDL file "/home/ise/gitVHDL2023/VHDL-Basico-Nexys3/BloquesSecuenciales/contadorControl/ContadorControl.vhd" into library work
Parsing entity <ContadorControl>.
Parsing architecture <Behavioral> of entity <contadorcontrol>.
Parsing VHDL file "/home/ise/gitVHDL2023/VHDL-Basico-Nexys3/BloquesSecuenciales/contadorControl/SuperiorContadorControl.vhf" into library work
Parsing entity <SuperiorContadorControl>.
Parsing architecture <BEHAVIORAL> of entity <superiorcontadorcontrol>.

=========================================================================
*                            HDL Elaboration                            *
=========================================================================

Elaborating entity <SuperiorContadorControl> (architecture <BEHAVIORAL>) from library <work>.

Elaborating entity <ContadorControl> (architecture <Behavioral>) from library <work>.

Elaborating entity <ModuloDisplay> (architecture <Behavioral>) from library <work>.
INFO:HDLCompiler:679 - "/home/ise/gitVHDL2023/VHDL-Basico-Nexys3/BloquesSecuenciales/contadorControl/ModuloDisplay.vhd" Line 33. Case statement is complete. others clause is never selected

Elaborating entity <divide> (architecture <Behavioral>) from library <work>.

=========================================================================
*                           HDL Synthesis                               *
=========================================================================

Synthesizing Unit <SuperiorContadorControl>.
    Related source file is "/home/ise/gitVHDL2023/VHDL-Basico-Nexys3/BloquesSecuenciales/contadorControl/SuperiorContadorControl.vhf".
    Summary:
	no macro.
Unit <SuperiorContadorControl> synthesized.

Synthesizing Unit <ContadorControl>.
    Related source file is "/home/ise/gitVHDL2023/VHDL-Basico-Nexys3/BloquesSecuenciales/contadorControl/ContadorControl.vhd".
    Found 4-bit register for signal <led>.
    Found 3-bit register for signal <a>.
    Found 1-bit register for signal <f>.
    Found 4-bit adder for signal <GND_8_o_GND_8_o_add_2_OUT> created at line 37.
    Found 4-bit adder for signal <a[2]_GND_8_o_add_3_OUT> created at line 41.
    Found 3-bit adder for signal <a[2]_GND_8_o_add_10_OUT> created at line 45.
    Found 3-bit subtractor for signal <GND_8_o_GND_8_o_sub_2_OUT<2:0>> created at line 36.
    Summary:
	inferred   3 Adder/Subtractor(s).
	inferred   8 D-type flip-flop(s).
	inferred   4 Multiplexer(s).
Unit <ContadorControl> synthesized.

Synthesizing Unit <ModuloDisplay>.
    Related source file is "/home/ise/gitVHDL2023/VHDL-Basico-Nexys3/BloquesSecuenciales/contadorControl/ModuloDisplay.vhd".
    Found 16x7-bit Read Only RAM for signal <segmento>
    Summary:
	inferred   1 RAM(s).
Unit <ModuloDisplay> synthesized.

Synthesizing Unit <divide>.
    Related source file is "/home/ise/gitVHDL2023/VHDL-Basico-Nexys3/BloquesSecuenciales/contadorControl/divide.vhd".
    Found 26-bit register for signal <cuenta>.
    Found 1-bit register for signal <unseg>.
    Found 1-bit register for signal <aux>.
    Found 26-bit adder for signal <cuenta[25]_GND_10_o_add_1_OUT> created at line 41.
    Summary:
	inferred   1 Adder/Subtractor(s).
	inferred  28 D-type flip-flop(s).
	inferred   1 Multiplexer(s).
Unit <divide> synthesized.

=========================================================================
HDL Synthesis Report

Macro Statistics
# RAMs                                                 : 1
 16x7-bit single-port Read Only RAM                    : 1
# Adders/Subtractors                                   : 4
 26-bit adder                                          : 1
 3-bit adder                                           : 1
 3-bit subtractor                                      : 1
 4-bit adder                                           : 1
# Registers                                            : 6
 1-bit register                                        : 3
 26-bit register                                       : 1
 3-bit register                                        : 1
 4-bit register                                        : 1
# Multiplexers                                         : 5
 26-bit 2-to-1 multiplexer                             : 1
 3-bit 2-to-1 multiplexer                              : 2
 4-bit 2-to-1 multiplexer                              : 2

=========================================================================
INFO:Xst:1767 - HDL ADVISOR - Resource sharing has identified that some arithmetic operations in this design can share the same physical resources for reduced device utilization. For improved clock frequency you may try to disable resource sharing.

=========================================================================
*                       Advanced HDL Synthesis                          *
=========================================================================


Synthesizing (advanced) Unit <ModuloDisplay>.
INFO:Xst:3218 - HDL ADVISOR - The RAM <Mram_segmento> will be implemented on LUTs either because you have described an asynchronous read or because of currently unsupported block RAM features. If you have described an asynchronous read, making it synchronous would allow you to take advantage of available block RAM resources, for optimized device usage and improved timings. Please refer to your documentation for coding guidelines.
    -----------------------------------------------------------------------
    | ram_type           | Distributed                         |          |
    -----------------------------------------------------------------------
    | Port A                                                              |
    |     aspect ratio   | 16-word x 7-bit                     |          |
    |     weA            | connected to signal <GND>           | high     |
    |     addrA          | connected to signal <A>             |          |
    |     diA            | connected to signal <GND>           |          |
    |     doA            | connected to signal <segmento>      |          |
    -----------------------------------------------------------------------
Unit <ModuloDisplay> synthesized (advanced).

Synthesizing (advanced) Unit <divide>.
The following registers are absorbed into counter <cuenta>: 1 register on signal <cuenta>.
Unit <divide> synthesized (advanced).

=========================================================================
Advanced HDL Synthesis Report

Macro Statistics
# RAMs                                                 : 1
 16x7-bit single-port distributed Read Only RAM        : 1
# Adders/Subtractors                                   : 3
 3-bit adder                                           : 1
 3-bit subtractor                                      : 1
 4-bit adder                                           : 1
# Counters                                             : 1
 26-bit up counter                                     : 1
# Registers                                            : 10
 Flip-Flops                                            : 10
# Multiplexers                                         : 4
 3-bit 2-to-1 multiplexer                              : 2
 4-bit 2-to-1 multiplexer                              : 2

=========================================================================

=========================================================================
*                         Low Level Synthesis                           *
=========================================================================

Optimizing unit <SuperiorContadorControl> ...

Optimizing unit <ContadorControl> ...

Mapping all equations...
Building and optimizing final netlist ...
Found area constraint ratio of 100 (+ 5) on block SuperiorContadorControl, actual ratio is 1.

Final Macro Processing ...

=========================================================================
Final Register Report

Macro Statistics
# Registers                                            : 36
 Flip-Flops                                            : 36

=========================================================================

=========================================================================
*                           Partition Report                            *
=========================================================================

Partition Implementation Status
-------------------------------

  No Partitions were found in this design.

-------------------------------

=========================================================================
*                            Design Summary                             *
=========================================================================

Top Level Output File Name         : SuperiorContadorControl.ngc

Primitive and Black Box Usage:
------------------------------
# BELS                             : 127
#      GND                         : 1
#      INV                         : 3
#      LUT1                        : 25
#      LUT2                        : 27
#      LUT3                        : 2
#      LUT4                        : 9
#      LUT5                        : 2
#      LUT6                        : 6
#      MUXCY                       : 25
#      VCC                         : 1
#      XORCY                       : 26
# FlipFlops/Latches                : 36
#      FDC                         : 34
#      FDCE                        : 2
# Clock Buffers                    : 1
#      BUFGP                       : 1
# IO Buffers                       : 13
#      IBUF                        : 2
#      OBUF                        : 11

Device utilization summary:
---------------------------

Selected Device : 6slx16csg324-3 


Slice Logic Utilization: 
 Number of Slice Registers:              36  out of  18224     0%  
 Number of Slice LUTs:                   74  out of   9112     0%  
    Number used as Logic:                74  out of   9112     0%  

Slice Logic Distribution: 
 Number of LUT Flip Flop pairs used:     75
   Number with an unused Flip Flop:      39  out of     75    52%  
   Number with an unused LUT:             1  out of     75     1%  
   Number of fully used LUT-FF pairs:    35  out of     75    46%  
   Number of unique control sets:         4

IO Utilization: 
 Number of IOs:                          14
 Number of bonded IOBs:                  14  out of    232     6%  

Specific Feature Utilization:
 Number of BUFG/BUFGCTRLs:                1  out of     16     6%  

---------------------------
Partition Resource Summary:
---------------------------

  No Partitions were found in this design.

---------------------------


=========================================================================
Timing Report

NOTE: THESE TIMING NUMBERS ARE ONLY A SYNTHESIS ESTIMATE.
      FOR ACCURATE TIMING INFORMATION PLEASE REFER TO THE TRACE REPORT
      GENERATED AFTER PLACE-and-ROUTE.

Clock Information:
------------------
-----------------------------------+------------------------+-------+
Clock Signal                       | Clock buffer(FF name)  | Load  |
-----------------------------------+------------------------+-------+
clk                                | BUFGP                  | 28    |
XLXI_3/aux                         | NONE(XLXI_1/led_3)     | 8     |
-----------------------------------+------------------------+-------+
INFO:Xst:2169 - HDL ADVISOR - Some clock signals were not automatically buffered by XST with BUFG/BUFR resources. Please use the buffer_type constraint in order to insert these buffers to the clock signals to help prevent skew problems.

Asynchronous Control Signals Information:
----------------------------------------
No asynchronous control signals found in this design

Timing Summary:
---------------
Speed Grade: -3

   Minimum period: 3.964ns (Maximum Frequency: 252.296MHz)
   Minimum input arrival time before clock: 3.260ns
   Maximum output required time after clock: 4.821ns
   Maximum combinational path delay: No path found

Timing Details:
---------------
All values displayed in nanoseconds (ns)

=========================================================================
Timing constraint: Default period analysis for Clock 'clk'
  Clock period: 3.964ns (frequency: 252.296MHz)
  Total number of paths / destination ports: 1055 / 29
-------------------------------------------------------------------------
Delay:               3.964ns (Levels of Logic = 3)
  Source:            XLXI_3/cuenta_8 (FF)
  Destination:       XLXI_3/cuenta_0 (FF)
  Source Clock:      clk rising
  Destination Clock: clk rising

  Data Path: XLXI_3/cuenta_8 to XLXI_3/cuenta_0
                                Gate     Net
    Cell:in->out      fanout   Delay   Delay  Logical Name (Net Name)
    ----------------------------------------  ------------
     FDC:C->Q              2   0.447   0.981  XLXI_3/cuenta_8 (XLXI_3/cuenta_8)
     LUT6:I0->O            2   0.203   0.864  XLXI_3/PWR_11_o_cuenta[25]_equal_1_o<25>4 (XLXI_3/PWR_11_o_cuenta[25]_equal_1_o<25>3)
     LUT6:I2->O           14   0.203   0.958  XLXI_3/PWR_11_o_cuenta[25]_equal_1_o<25>5 (XLXI_3/PWR_11_o_cuenta[25]_equal_1_o)
     LUT2:I1->O            1   0.205   0.000  XLXI_3/Mcount_cuenta_eqn_01 (XLXI_3/Mcount_cuenta_eqn_0)
     FDC:D                     0.102          XLXI_3/cuenta_0
    ----------------------------------------
    Total                      3.964ns (1.160ns logic, 2.804ns route)
                                       (29.3% logic, 70.7% route)

=========================================================================
Timing constraint: Default period analysis for Clock 'XLXI_3/aux'
  Clock period: 2.326ns (frequency: 429.830MHz)
  Total number of paths / destination ports: 19 / 7
-------------------------------------------------------------------------
Delay:               2.326ns (Levels of Logic = 1)
  Source:            XLXI_1/f_0 (FF)
  Destination:       XLXI_1/f_0 (FF)
  Source Clock:      XLXI_3/aux rising
  Destination Clock: XLXI_3/aux rising

  Data Path: XLXI_1/f_0 to XLXI_1/f_0
                                Gate     Net
    Cell:in->out      fanout   Delay   Delay  Logical Name (Net Name)
    ----------------------------------------  ------------
     FDCE:C->Q             7   0.447   0.774  XLXI_1/f_0 (XLXI_1/f_0)
     LUT2:I1->O            1   0.205   0.579  XLXI_1/_n0040_inv1 (XLXI_1/_n0040_inv)
     FDCE:CE                   0.322          XLXI_1/f_0
    ----------------------------------------
    Total                      2.326ns (0.974ns logic, 1.353ns route)
                                       (41.9% logic, 58.1% route)

=========================================================================
Timing constraint: Default OFFSET IN BEFORE for Clock 'clk'
  Total number of paths / destination ports: 28 / 28
-------------------------------------------------------------------------
Offset:              3.000ns (Levels of Logic = 1)
  Source:            reset (PAD)
  Destination:       XLXI_3/aux (FF)
  Destination Clock: clk rising

  Data Path: reset to XLXI_3/aux
                                Gate     Net
    Cell:in->out      fanout   Delay   Delay  Logical Name (Net Name)
    ----------------------------------------  ------------
     IBUF:I->O            36   1.222   1.348  reset_IBUF (reset_IBUF)
     FDC:CLR                   0.430          XLXI_3/unseg
    ----------------------------------------
    Total                      3.000ns (1.652ns logic, 1.348ns route)
                                       (55.1% logic, 44.9% route)

=========================================================================
Timing constraint: Default OFFSET IN BEFORE for Clock 'XLXI_3/aux'
  Total number of paths / destination ports: 17 / 17
-------------------------------------------------------------------------
Offset:              3.260ns (Levels of Logic = 2)
  Source:            selec (PAD)
  Destination:       XLXI_1/f_0 (FF)
  Destination Clock: XLXI_3/aux rising

  Data Path: selec to XLXI_1/f_0
                                Gate     Net
    Cell:in->out      fanout   Delay   Delay  Logical Name (Net Name)
    ----------------------------------------  ------------
     IBUF:I->O             9   1.222   0.934  selec_IBUF (selec_IBUF)
     LUT2:I0->O            1   0.203   0.579  XLXI_1/_n0040_inv1 (XLXI_1/_n0040_inv)
     FDCE:CE                   0.322          XLXI_1/f_0
    ----------------------------------------
    Total                      3.260ns (1.747ns logic, 1.513ns route)
                                       (53.6% logic, 46.4% route)

=========================================================================
Timing constraint: Default OFFSET OUT AFTER for Clock 'XLXI_3/aux'
  Total number of paths / destination ports: 28 / 7
-------------------------------------------------------------------------
Offset:              4.821ns (Levels of Logic = 2)
  Source:            XLXI_1/led_1 (FF)
  Destination:       seg<6> (PAD)
  Source Clock:      XLXI_3/aux rising

  Data Path: XLXI_1/led_1 to seg<6>
                                Gate     Net
    Cell:in->out      fanout   Delay   Delay  Logical Name (Net Name)
    ----------------------------------------  ------------
     FDC:C->Q              7   0.447   1.021  XLXI_1/led_1 (XLXI_1/led_1)
     LUT4:I0->O            1   0.203   0.579  XLXI_2/Mram_segmento61 (seg_6_OBUF)
     OBUF:I->O                 2.571          seg_6_OBUF (seg<6>)
    ----------------------------------------
    Total                      4.821ns (3.221ns logic, 1.600ns route)
                                       (66.8% logic, 33.2% route)

=========================================================================

Cross Clock Domains Report:
--------------------------

Clock to Setup on destination clock XLXI_3/aux
---------------+---------+---------+---------+---------+
               | Src:Rise| Src:Fall| Src:Rise| Src:Fall|
Source Clock   |Dest:Rise|Dest:Rise|Dest:Fall|Dest:Fall|
---------------+---------+---------+---------+---------+
XLXI_3/aux     |    2.326|         |         |         |
---------------+---------+---------+---------+---------+

Clock to Setup on destination clock clk
---------------+---------+---------+---------+---------+
               | Src:Rise| Src:Fall| Src:Rise| Src:Fall|
Source Clock   |Dest:Rise|Dest:Rise|Dest:Fall|Dest:Fall|
---------------+---------+---------+---------+---------+
clk            |    3.964|         |         |         |
---------------+---------+---------+---------+---------+

=========================================================================


Total REAL time to Xst completion: 12.00 secs
Total CPU time to Xst completion: 11.00 secs
 
--> 


Total memory usage is 499636 kilobytes

Number of errors   :    0 (   0 filtered)
Number of warnings :    0 (   0 filtered)
Number of infos    :    3 (   0 filtered)

