Command line:
   tes_isim_beh.exe
     -simmode  gui
     -simrunnum  0
     -socket  42358

Thu Dec 19 13:55:31 2019


 Elaboration Time: 0.04 sec

 Current Memory Usage: 196.538 Meg

 Total Signals          : 4
 Total Nets             : 11
 Total Signal Drivers   : 4
 Total Blocks           : 5
 Total Primitive Blocks : 4
 Total Processes        : 4
 Total Traceable Variables  : 11
 Total Scalar Nets and Variables : 390
Total Line Count : 17

 Total Simulation Time: 0.05 sec

 Current Memory Usage: 274.137 Meg

Thu Dec 19 13:55:41 2019

