Release 14.7 - xst P.20160913 (lin64)
Copyright (c) 1995-2013 Xilinx, Inc.  All rights reserved.
--> 
Parameter TMPDIR set to xst/projnav.tmp


Total REAL time to Xst completion: 0.00 secs
Total CPU time to Xst completion: 0.04 secs
 
--> 
Parameter xsthdpdir set to xst


Total REAL time to Xst completion: 0.00 secs
Total CPU time to Xst completion: 0.04 secs
 
--> 
Reading design: SupRegistro2.prj

TABLE OF CONTENTS
  1) Synthesis Options Summary
  2) HDL Parsing
  3) HDL Elaboration
  4) HDL Synthesis
       4.1) HDL Synthesis Report
  5) Advanced HDL Synthesis
       5.1) Advanced HDL Synthesis Report
  6) Low Level Synthesis
  7) Partition Report
  8) Design Summary
       8.1) Primitive and Black Box Usage
       8.2) Device utilization summary
       8.3) Partition Resource Summary
       8.4) Timing Report
            8.4.1) Clock Information
            8.4.2) Asynchronous Control Signals Information
            8.4.3) Timing Summary
            8.4.4) Timing Details
            8.4.5) Cross Clock Domains Report


=========================================================================
*                      Synthesis Options Summary                        *
=========================================================================
---- Source Parameters
Input File Name                    : "SupRegistro2.prj"
Ignore Synthesis Constraint File   : NO

---- Target Parameters
Output File Name                   : "SupRegistro2"
Output Format                      : NGC
Target Device                      : xc6slx16-3-csg324

---- Source Options
Top Module Name                    : SupRegistro2
Automatic FSM Extraction           : YES
FSM Encoding Algorithm             : Auto
Safe Implementation                : No
FSM Style                          : LUT
RAM Extraction                     : Yes
RAM Style                          : Auto
ROM Extraction                     : Yes
Shift Register Extraction          : YES
ROM Style                          : Auto
Resource Sharing                   : YES
Asynchronous To Synchronous        : NO
Shift Register Minimum Size        : 2
Use DSP Block                      : Auto
Automatic Register Balancing       : No

---- Target Options
LUT Combining                      : Auto
Reduce Control Sets                : Auto
Add IO Buffers                     : YES
Global Maximum Fanout              : 100000
Add Generic Clock Buffer(BUFG)     : 16
Register Duplication               : YES
Optimize Instantiated Primitives   : NO
Use Clock Enable                   : Auto
Use Synchronous Set                : Auto
Use Synchronous Reset              : Auto
Pack IO Registers into IOBs        : Auto
Equivalent register Removal        : YES

---- General Options
Optimization Goal                  : Speed
Optimization Effort                : 1
Power Reduction                    : NO
Keep Hierarchy                     : No
Netlist Hierarchy                  : As_Optimized
RTL Output                         : Yes
Global Optimization                : AllClockNets
Read Cores                         : YES
Write Timing Constraints           : NO
Cross Clock Analysis               : NO
Hierarchy Separator                : /
Bus Delimiter                      : <>
Case Specifier                     : Maintain
Slice Utilization Ratio            : 100
BRAM Utilization Ratio             : 100
DSP48 Utilization Ratio            : 100
Auto BRAM Packing                  : NO
Slice Utilization Ratio Delta      : 5

=========================================================================


=========================================================================
*                          HDL Parsing                                  *
=========================================================================
Parsing VHDL file "/home/ise/Codigos_VHDL_Nexys3/BloquesRegistros/registro2/divfre.vhd" into library work
Parsing entity <divfre>.
Parsing architecture <Behavioral> of entity <divfre>.
Parsing VHDL file "/home/ise/Codigos_VHDL_Nexys3/BloquesRegistros/registro2/arreglo_reg.vhd" into library work
Parsing entity <arreglo_reg>.
Parsing architecture <Behavioral> of entity <arreglo_reg>.
Parsing VHDL file "/home/ise/Codigos_VHDL_Nexys3/BloquesRegistros/registro2/SupRegistro2.vhd" into library work
Parsing entity <SupRegistro2>.
Parsing architecture <Behavioral> of entity <supregistro2>.

=========================================================================
*                            HDL Elaboration                            *
=========================================================================

Elaborating entity <SupRegistro2> (architecture <Behavioral>) from library <work>.

Elaborating entity <divfre> (architecture <Behavioral>) from library <work>.

Elaborating entity <arreglo_reg> (architecture <Behavioral>) from library <work>.

=========================================================================
*                           HDL Synthesis                               *
=========================================================================

Synthesizing Unit <SupRegistro2>.
    Related source file is "/home/ise/Codigos_VHDL_Nexys3/BloquesRegistros/registro2/SupRegistro2.vhd".
    Summary:
	no macro.
Unit <SupRegistro2> synthesized.

Synthesizing Unit <divfre>.
    Related source file is "/home/ise/Codigos_VHDL_Nexys3/BloquesRegistros/registro2/divfre.vhd".
    Found 26-bit register for signal <temp>.
    Found 26-bit adder for signal <temp[25]_GND_6_o_add_0_OUT> created at line 21.
    Summary:
	inferred   1 Adder/Subtractor(s).
	inferred  26 D-type flip-flop(s).
Unit <divfre> synthesized.

Synthesizing Unit <arreglo_reg>.
    Related source file is "/home/ise/Codigos_VHDL_Nexys3/BloquesRegistros/registro2/arreglo_reg.vhd".
    Found 64-bit register for signal <mensa>.
    Summary:
	inferred  64 D-type flip-flop(s).
Unit <arreglo_reg> synthesized.

=========================================================================
HDL Synthesis Report

Macro Statistics
# Adders/Subtractors                                   : 1
 26-bit adder                                          : 1
# Registers                                            : 2
 26-bit register                                       : 1
 64-bit register                                       : 1

=========================================================================

=========================================================================
*                       Advanced HDL Synthesis                          *
=========================================================================


Synthesizing (advanced) Unit <divfre>.
The following registers are absorbed into counter <temp>: 1 register on signal <temp>.
Unit <divfre> synthesized (advanced).

=========================================================================
Advanced HDL Synthesis Report

Macro Statistics
# Counters                                             : 1
 26-bit up counter                                     : 1
# Registers                                            : 64
 Flip-Flops                                            : 64

=========================================================================

=========================================================================
*                         Low Level Synthesis                           *
=========================================================================

Optimizing unit <SupRegistro2> ...

Optimizing unit <arreglo_reg> ...

Mapping all equations...
Building and optimizing final netlist ...
Found area constraint ratio of 100 (+ 5) on block SupRegistro2, actual ratio is 1.

Final Macro Processing ...

Processing Unit <SupRegistro2> :
	Found 7-bit shift register for signal <u1/mensa_59>.
	Found 4-bit shift register for signal <u1/mensa_46>.
	Found 8-bit shift register for signal <u1/mensa_31>.
	Found 4-bit shift register for signal <u1/mensa_30>.
	Found 4-bit shift register for signal <u1/mensa_14>.
Unit <SupRegistro2> processed.

=========================================================================
Final Register Report

Macro Statistics
# Registers                                            : 63
 Flip-Flops                                            : 63
# Shift Registers                                      : 5
 4-bit shift register                                  : 3
 7-bit shift register                                  : 1
 8-bit shift register                                  : 1

=========================================================================

=========================================================================
*                           Partition Report                            *
=========================================================================

Partition Implementation Status
-------------------------------

  No Partitions were found in this design.

-------------------------------

=========================================================================
*                            Design Summary                             *
=========================================================================

Top Level Output File Name         : SupRegistro2.ngc

Primitive and Black Box Usage:
------------------------------
# BELS                             : 84
#      GND                         : 1
#      INV                         : 1
#      LUT1                        : 25
#      LUT2                        : 5
#      MUXCY                       : 25
#      VCC                         : 1
#      XORCY                       : 26
# FlipFlops/Latches                : 85
#      FDC                         : 47
#      FDCE                        : 8
#      FDE                         : 4
#      FDP                         : 16
#      FDPE                        : 10
# Shift Registers                  : 5
#      SRLC16E                     : 5
# Clock Buffers                    : 2
#      BUFG                        : 1
#      BUFGP                       : 1
# IO Buffers                       : 9
#      IBUF                        : 1
#      OBUF                        : 8

Device utilization summary:
---------------------------

Selected Device : 6slx16csg324-3 


Slice Logic Utilization: 
 Number of Slice Registers:              85  out of  18224     0%  
 Number of Slice LUTs:                   36  out of   9112     0%  
    Number used as Logic:                31  out of   9112     0%  
    Number used as Memory:                5  out of   2176     0%  
       Number used as SRL:                5

Slice Logic Distribution: 
 Number of LUT Flip Flop pairs used:     86
   Number with an unused Flip Flop:       1  out of     86     1%  
   Number with an unused LUT:            50  out of     86    58%  
   Number of fully used LUT-FF pairs:    35  out of     86    40%  
   Number of unique control sets:         4

IO Utilization: 
 Number of IOs:                          10
 Number of bonded IOBs:                  10  out of    232     4%  

Specific Feature Utilization:
 Number of BUFG/BUFGCTRLs:                2  out of     16    12%  

---------------------------
Partition Resource Summary:
---------------------------

  No Partitions were found in this design.

---------------------------


=========================================================================
Timing Report

NOTE: THESE TIMING NUMBERS ARE ONLY A SYNTHESIS ESTIMATE.
      FOR ACCURATE TIMING INFORMATION PLEASE REFER TO THE TRACE REPORT
      GENERATED AFTER PLACE-and-ROUTE.

Clock Information:
------------------
-----------------------------------+------------------------+-------+
Clock Signal                       | Clock buffer(FF name)  | Load  |
-----------------------------------+------------------------+-------+
clk                                | BUFGP                  | 26    |
u0/temp_25                         | BUFG                   | 64    |
-----------------------------------+------------------------+-------+

Asynchronous Control Signals Information:
----------------------------------------
No asynchronous control signals found in this design

Timing Summary:
---------------
Speed Grade: -3

   Minimum period: 2.302ns (Maximum Frequency: 434.433MHz)
   Minimum input arrival time before clock: 3.403ns
   Maximum output required time after clock: 3.634ns
   Maximum combinational path delay: No path found

Timing Details:
---------------
All values displayed in nanoseconds (ns)

=========================================================================
Timing constraint: Default period analysis for Clock 'clk'
  Clock period: 2.142ns (frequency: 466.886MHz)
  Total number of paths / destination ports: 351 / 26
-------------------------------------------------------------------------
Delay:               2.142ns (Levels of Logic = 27)
  Source:            u0/temp_0 (FF)
  Destination:       u0/temp_25 (FF)
  Source Clock:      clk rising
  Destination Clock: clk rising

  Data Path: u0/temp_0 to u0/temp_25
                                Gate     Net
    Cell:in->out      fanout   Delay   Delay  Logical Name (Net Name)
    ----------------------------------------  ------------
     FDC:C->Q              1   0.447   0.579  u0/temp_0 (u0/temp_0)
     INV:I->O              1   0.206   0.000  u0/Mcount_temp_lut<0>_INV_0 (u0/Mcount_temp_lut<0>)
     MUXCY:S->O            1   0.172   0.000  u0/Mcount_temp_cy<0> (u0/Mcount_temp_cy<0>)
     MUXCY:CI->O           1   0.019   0.000  u0/Mcount_temp_cy<1> (u0/Mcount_temp_cy<1>)
     MUXCY:CI->O           1   0.019   0.000  u0/Mcount_temp_cy<2> (u0/Mcount_temp_cy<2>)
     MUXCY:CI->O           1   0.019   0.000  u0/Mcount_temp_cy<3> (u0/Mcount_temp_cy<3>)
     MUXCY:CI->O           1   0.019   0.000  u0/Mcount_temp_cy<4> (u0/Mcount_temp_cy<4>)
     MUXCY:CI->O           1   0.019   0.000  u0/Mcount_temp_cy<5> (u0/Mcount_temp_cy<5>)
     MUXCY:CI->O           1   0.019   0.000  u0/Mcount_temp_cy<6> (u0/Mcount_temp_cy<6>)
     MUXCY:CI->O           1   0.019   0.000  u0/Mcount_temp_cy<7> (u0/Mcount_temp_cy<7>)
     MUXCY:CI->O           1   0.019   0.000  u0/Mcount_temp_cy<8> (u0/Mcount_temp_cy<8>)
     MUXCY:CI->O           1   0.019   0.000  u0/Mcount_temp_cy<9> (u0/Mcount_temp_cy<9>)
     MUXCY:CI->O           1   0.019   0.000  u0/Mcount_temp_cy<10> (u0/Mcount_temp_cy<10>)
     MUXCY:CI->O           1   0.019   0.000  u0/Mcount_temp_cy<11> (u0/Mcount_temp_cy<11>)
     MUXCY:CI->O           1   0.019   0.000  u0/Mcount_temp_cy<12> (u0/Mcount_temp_cy<12>)
     MUXCY:CI->O           1   0.019   0.000  u0/Mcount_temp_cy<13> (u0/Mcount_temp_cy<13>)
     MUXCY:CI->O           1   0.019   0.000  u0/Mcount_temp_cy<14> (u0/Mcount_temp_cy<14>)
     MUXCY:CI->O           1   0.019   0.000  u0/Mcount_temp_cy<15> (u0/Mcount_temp_cy<15>)
     MUXCY:CI->O           1   0.019   0.000  u0/Mcount_temp_cy<16> (u0/Mcount_temp_cy<16>)
     MUXCY:CI->O           1   0.019   0.000  u0/Mcount_temp_cy<17> (u0/Mcount_temp_cy<17>)
     MUXCY:CI->O           1   0.019   0.000  u0/Mcount_temp_cy<18> (u0/Mcount_temp_cy<18>)
     MUXCY:CI->O           1   0.019   0.000  u0/Mcount_temp_cy<19> (u0/Mcount_temp_cy<19>)
     MUXCY:CI->O           1   0.019   0.000  u0/Mcount_temp_cy<20> (u0/Mcount_temp_cy<20>)
     MUXCY:CI->O           1   0.019   0.000  u0/Mcount_temp_cy<21> (u0/Mcount_temp_cy<21>)
     MUXCY:CI->O           1   0.019   0.000  u0/Mcount_temp_cy<22> (u0/Mcount_temp_cy<22>)
     MUXCY:CI->O           1   0.019   0.000  u0/Mcount_temp_cy<23> (u0/Mcount_temp_cy<23>)
     MUXCY:CI->O           0   0.019   0.000  u0/Mcount_temp_cy<24> (u0/Mcount_temp_cy<24>)
     XORCY:CI->O           1   0.180   0.000  u0/Mcount_temp_xor<25> (Result<25>)
     FDC:D                     0.102          u0/temp_25
    ----------------------------------------
    Total                      2.142ns (1.563ns logic, 0.579ns route)
                                       (73.0% logic, 27.0% route)

=========================================================================
Timing constraint: Default period analysis for Clock 'u0/temp_25'
  Clock period: 2.302ns (frequency: 434.433MHz)
  Total number of paths / destination ports: 67 / 62
-------------------------------------------------------------------------
Delay:               2.302ns (Levels of Logic = 1)
  Source:            u1/Mshreg_mensa_46 (FF)
  Destination:       u1/mensa_46 (FF)
  Source Clock:      u0/temp_25 rising
  Destination Clock: u0/temp_25 rising

  Data Path: u1/Mshreg_mensa_46 to u1/mensa_46
                                Gate     Net
    Cell:in->out      fanout   Delay   Delay  Logical Name (Net Name)
    ----------------------------------------  ------------
     SRLC16E:CLK->Q        1   1.313   0.684  u1/Mshreg_mensa_46 (u1/Mshreg_mensa_46)
     LUT2:I0->O            1   0.203   0.000  u1/Mshreg_mensa_461 (u1/Mshreg_mensa_461)
     FDPE:D                    0.102          u1/mensa_46
    ----------------------------------------
    Total                      2.302ns (1.618ns logic, 0.684ns route)
                                       (70.3% logic, 29.7% route)

=========================================================================
Timing constraint: Default OFFSET IN BEFORE for Clock 'clk'
  Total number of paths / destination ports: 26 / 26
-------------------------------------------------------------------------
Offset:              3.403ns (Levels of Logic = 1)
  Source:            clear (PAD)
  Destination:       u0/temp_0 (FF)
  Destination Clock: clk rising

  Data Path: clear to u0/temp_0
                                Gate     Net
    Cell:in->out      fanout   Delay   Delay  Logical Name (Net Name)
    ----------------------------------------  ------------
     IBUF:I->O            81   1.222   1.751  clear_IBUF (clear_IBUF)
     FDC:CLR                   0.430          u0/temp_0
    ----------------------------------------
    Total                      3.403ns (1.652ns logic, 1.751ns route)
                                       (48.5% logic, 51.5% route)

=========================================================================
Timing constraint: Default OFFSET IN BEFORE for Clock 'u0/temp_25'
  Total number of paths / destination ports: 55 / 55
-------------------------------------------------------------------------
Offset:              3.403ns (Levels of Logic = 1)
  Source:            clear (PAD)
  Destination:       u1/mensa_63 (FF)
  Destination Clock: u0/temp_25 rising

  Data Path: clear to u1/mensa_63
                                Gate     Net
    Cell:in->out      fanout   Delay   Delay  Logical Name (Net Name)
    ----------------------------------------  ------------
     IBUF:I->O            81   1.222   1.751  clear_IBUF (clear_IBUF)
     FDP:PRE                   0.430          u1/mensa_0
    ----------------------------------------
    Total                      3.403ns (1.652ns logic, 1.751ns route)
                                       (48.5% logic, 51.5% route)

=========================================================================
Timing constraint: Default OFFSET OUT AFTER for Clock 'u0/temp_25'
  Total number of paths / destination ports: 8 / 8
-------------------------------------------------------------------------
Offset:              3.634ns (Levels of Logic = 1)
  Source:            u1/mensa_63 (FF)
  Destination:       Datout<7> (PAD)
  Source Clock:      u0/temp_25 rising

  Data Path: u1/mensa_63 to Datout<7>
                                Gate     Net
    Cell:in->out      fanout   Delay   Delay  Logical Name (Net Name)
    ----------------------------------------  ------------
     FDC:C->Q              2   0.447   0.616  u1/mensa_63 (u1/mensa_63)
     OBUF:I->O                 2.571          Datout_7_OBUF (Datout<7>)
    ----------------------------------------
    Total                      3.634ns (3.018ns logic, 0.616ns route)
                                       (83.0% logic, 17.0% route)

=========================================================================

Cross Clock Domains Report:
--------------------------

Clock to Setup on destination clock clk
---------------+---------+---------+---------+---------+
               | Src:Rise| Src:Fall| Src:Rise| Src:Fall|
Source Clock   |Dest:Rise|Dest:Rise|Dest:Fall|Dest:Fall|
---------------+---------+---------+---------+---------+
clk            |    2.142|         |         |         |
---------------+---------+---------+---------+---------+

Clock to Setup on destination clock u0/temp_25
---------------+---------+---------+---------+---------+
               | Src:Rise| Src:Fall| Src:Rise| Src:Fall|
Source Clock   |Dest:Rise|Dest:Rise|Dest:Fall|Dest:Fall|
---------------+---------+---------+---------+---------+
u0/temp_25     |    2.302|         |         |         |
---------------+---------+---------+---------+---------+

=========================================================================


Total REAL time to Xst completion: 12.00 secs
Total CPU time to Xst completion: 10.66 secs
 
--> 


Total memory usage is 385732 kilobytes

Number of errors   :    0 (   0 filtered)
Number of warnings :    0 (   0 filtered)
Number of infos    :    0 (   0 filtered)

