Release 14.7 - xst P.20160913 (lin64)
Copyright (c) 1995-2013 Xilinx, Inc.  All rights reserved.
--> 
Parameter TMPDIR set to xst/projnav.tmp


Total REAL time to Xst completion: 0.00 secs
Total CPU time to Xst completion: 0.04 secs
 
--> 
Parameter xsthdpdir set to xst


Total REAL time to Xst completion: 0.00 secs
Total CPU time to Xst completion: 0.04 secs
 
--> 
Reading design: RS232_RX.prj

TABLE OF CONTENTS
  1) Synthesis Options Summary
  2) HDL Parsing
  3) HDL Elaboration
  4) HDL Synthesis
       4.1) HDL Synthesis Report
  5) Advanced HDL Synthesis
       5.1) Advanced HDL Synthesis Report
  6) Low Level Synthesis
  7) Partition Report
  8) Design Summary
       8.1) Primitive and Black Box Usage
       8.2) Device utilization summary
       8.3) Partition Resource Summary
       8.4) Timing Report
            8.4.1) Clock Information
            8.4.2) Asynchronous Control Signals Information
            8.4.3) Timing Summary
            8.4.4) Timing Details
            8.4.5) Cross Clock Domains Report


=========================================================================
*                      Synthesis Options Summary                        *
=========================================================================
---- Source Parameters
Input File Name                    : "RS232_RX.prj"
Ignore Synthesis Constraint File   : NO

---- Target Parameters
Output File Name                   : "RS232_RX"
Output Format                      : NGC
Target Device                      : xc6slx16-3-csg324

---- Source Options
Top Module Name                    : RS232_RX
Automatic FSM Extraction           : YES
FSM Encoding Algorithm             : Auto
Safe Implementation                : No
FSM Style                          : LUT
RAM Extraction                     : Yes
RAM Style                          : Auto
ROM Extraction                     : Yes
Shift Register Extraction          : YES
ROM Style                          : Auto
Resource Sharing                   : YES
Asynchronous To Synchronous        : NO
Shift Register Minimum Size        : 2
Use DSP Block                      : Auto
Automatic Register Balancing       : No

---- Target Options
LUT Combining                      : Auto
Reduce Control Sets                : Auto
Add IO Buffers                     : YES
Global Maximum Fanout              : 100000
Add Generic Clock Buffer(BUFG)     : 16
Register Duplication               : YES
Optimize Instantiated Primitives   : NO
Use Clock Enable                   : Auto
Use Synchronous Set                : Auto
Use Synchronous Reset              : Auto
Pack IO Registers into IOBs        : Auto
Equivalent register Removal        : YES

---- General Options
Optimization Goal                  : Speed
Optimization Effort                : 1
Power Reduction                    : NO
Keep Hierarchy                     : No
Netlist Hierarchy                  : As_Optimized
RTL Output                         : Yes
Global Optimization                : AllClockNets
Read Cores                         : YES
Write Timing Constraints           : NO
Cross Clock Analysis               : NO
Hierarchy Separator                : /
Bus Delimiter                      : <>
Case Specifier                     : Maintain
Slice Utilization Ratio            : 100
BRAM Utilization Ratio             : 100
DSP48 Utilization Ratio            : 100
Auto BRAM Packing                  : NO
Slice Utilization Ratio Delta      : 5

=========================================================================


=========================================================================
*                          HDL Parsing                                  *
=========================================================================
Parsing VHDL file "/home/ise/OSwin7/RS232_RX/ShiftRegister.vhd" into library work
Parsing entity <ShiftRegister>.
Parsing architecture <Behavioral> of entity <shiftregister>.
Parsing VHDL file "/home/ise/OSwin7/RS232_RX/mod_rx.vhd" into library work
Parsing entity <mod_rx>.
Parsing architecture <Behavioral> of entity <mod_rx>.
Parsing VHDL file "/home/ise/OSwin7/RS232_RX/Baudios.vhd" into library work
Parsing entity <Baudios>.
Parsing architecture <Behavioral> of entity <baudios>.
Parsing VHDL file "/home/ise/OSwin7/RS232_RX/RS232_RX.vhd" into library work
Parsing entity <RS232_RX>.
Parsing architecture <Behavioral> of entity <rs232_rx>.

=========================================================================
*                            HDL Elaboration                            *
=========================================================================

Elaborating entity <RS232_RX> (architecture <Behavioral>) from library <work>.

Elaborating entity <Baudios> (architecture <Behavioral>) from library <work>.

Elaborating entity <mod_rx> (architecture <Behavioral>) from library <work>.

Elaborating entity <ShiftRegister> (architecture <Behavioral>) from library <work>.

=========================================================================
*                           HDL Synthesis                               *
=========================================================================

Synthesizing Unit <RS232_RX>.
    Related source file is "/home/ise/OSwin7/RS232_RX/RS232_RX.vhd".
    Summary:
	no macro.
Unit <RS232_RX> synthesized.

Synthesizing Unit <Baudios>.
    Related source file is "/home/ise/OSwin7/RS232_RX/Baudios.vhd".
    Found 6-bit register for signal <cuenta>.
    Found 1-bit register for signal <unseg>.
    Found 6-bit adder for signal <cuenta[5]_GND_4_o_add_1_OUT> created at line 38.
    Summary:
	inferred   1 Adder/Subtractor(s).
	inferred   7 D-type flip-flop(s).
	inferred   1 Multiplexer(s).
Unit <Baudios> synthesized.

Synthesizing Unit <mod_rx>.
    Related source file is "/home/ise/OSwin7/RS232_RX/mod_rx.vhd".
    Found 4-bit register for signal <s_reg>.
    Found 3-bit register for signal <n_reg>.
    Found 2-bit register for signal <state_reg>.
    Found finite state machine <FSM_0> for signal <state_reg>.
    -----------------------------------------------------------------------
    | States             | 4                                              |
    | Transitions        | 12                                             |
    | Inputs             | 5                                              |
    | Outputs            | 2                                              |
    | Clock              | Clk (rising_edge)                              |
    | Reset              | Reset (negative)                               |
    | Reset type         | asynchronous                                   |
    | Reset State        | idle                                           |
    | Power Up State     | idle                                           |
    | Encoding           | auto                                           |
    | Implementation     | LUT                                            |
    -----------------------------------------------------------------------
    Found 3-bit adder for signal <n_reg[2]_GND_6_o_add_15_OUT> created at line 1241.
    Found 4-bit adder for signal <s_reg[3]_GND_6_o_add_26_OUT> created at line 1241.
    Found 4-bit 4-to-1 multiplexer for signal <s_next> created at line 44.
WARNING:Xst:737 - Found 1-bit latch for signal <Code_out>. Latches may be generated from incomplete case or if statements. We do not recommend the use of latches in FPGA/CPLD designs, as they may lead to timing problems.
    Summary:
	inferred   2 Adder/Subtractor(s).
	inferred   7 D-type flip-flop(s).
	inferred   1 Latch(s).
	inferred  12 Multiplexer(s).
	inferred   1 Finite State Machine(s).
Unit <mod_rx> synthesized.

Synthesizing Unit <ShiftRegister>.
    Related source file is "/home/ise/OSwin7/RS232_RX/ShiftRegister.vhd".
    Found 8-bit register for signal <s_q>.
    Summary:
	inferred   8 D-type flip-flop(s).
Unit <ShiftRegister> synthesized.

=========================================================================
HDL Synthesis Report

Macro Statistics
# Adders/Subtractors                                   : 3
 3-bit adder                                           : 1
 4-bit adder                                           : 1
 6-bit adder                                           : 1
# Registers                                            : 5
 1-bit register                                        : 1
 3-bit register                                        : 1
 4-bit register                                        : 1
 6-bit register                                        : 1
 8-bit register                                        : 1
# Latches                                              : 1
 1-bit latch                                           : 1
# Multiplexers                                         : 13
 1-bit 2-to-1 multiplexer                              : 3
 3-bit 2-to-1 multiplexer                              : 1
 4-bit 2-to-1 multiplexer                              : 7
 4-bit 4-to-1 multiplexer                              : 1
 6-bit 2-to-1 multiplexer                              : 1
# FSMs                                                 : 1

=========================================================================

=========================================================================
*                       Advanced HDL Synthesis                          *
=========================================================================


Synthesizing (advanced) Unit <Baudios>.
The following registers are absorbed into counter <cuenta>: 1 register on signal <cuenta>.
Unit <Baudios> synthesized (advanced).

Synthesizing (advanced) Unit <mod_rx>.
The following registers are absorbed into counter <n_reg>: 1 register on signal <n_reg>.
Unit <mod_rx> synthesized (advanced).

=========================================================================
Advanced HDL Synthesis Report

Macro Statistics
# Adders/Subtractors                                   : 1
 4-bit adder                                           : 1
# Counters                                             : 2
 3-bit up counter                                      : 1
 6-bit up counter                                      : 1
# Registers                                            : 13
 Flip-Flops                                            : 13
# Multiplexers                                         : 11
 1-bit 2-to-1 multiplexer                              : 3
 4-bit 2-to-1 multiplexer                              : 7
 4-bit 4-to-1 multiplexer                              : 1
# FSMs                                                 : 1

=========================================================================

=========================================================================
*                         Low Level Synthesis                           *
=========================================================================
Analyzing FSM <MFsm> for best encoding.
Optimizing FSM <u1/FSM_0> on signal <state_reg[1:2]> with gray encoding.
-------------------
 State | Encoding
-------------------
 idle  | 00
 start | 01
 data  | 11
 stop  | 10
-------------------

Optimizing unit <RS232_RX> ...

Optimizing unit <mod_rx> ...

Optimizing unit <ShiftRegister> ...

Mapping all equations...
Building and optimizing final netlist ...
Found area constraint ratio of 100 (+ 5) on block RS232_RX, actual ratio is 0.

Final Macro Processing ...

=========================================================================
Final Register Report

Macro Statistics
# Registers                                            : 24
 Flip-Flops                                            : 24

=========================================================================

=========================================================================
*                           Partition Report                            *
=========================================================================

Partition Implementation Status
-------------------------------

  No Partitions were found in this design.

-------------------------------

=========================================================================
*                            Design Summary                             *
=========================================================================

Top Level Output File Name         : RS232_RX.ngc

Primitive and Black Box Usage:
------------------------------
# BELS                             : 35
#      INV                         : 1
#      LUT2                        : 1
#      LUT3                        : 3
#      LUT4                        : 5
#      LUT5                        : 2
#      LUT6                        : 22
#      MUXF7                       : 1
# FlipFlops/Latches                : 25
#      FDC                         : 21
#      FDCE                        : 3
#      LD                          : 1
# Clock Buffers                    : 1
#      BUFGP                       : 1
# IO Buffers                       : 11
#      IBUF                        : 2
#      OBUF                        : 9

Device utilization summary:
---------------------------

Selected Device : 6slx16csg324-3 


Slice Logic Utilization: 
 Number of Slice Registers:              25  out of  18224     0%  
 Number of Slice LUTs:                   34  out of   9112     0%  
    Number used as Logic:                34  out of   9112     0%  

Slice Logic Distribution: 
 Number of LUT Flip Flop pairs used:     35
   Number with an unused Flip Flop:      10  out of     35    28%  
   Number with an unused LUT:             1  out of     35     2%  
   Number of fully used LUT-FF pairs:    24  out of     35    68%  
   Number of unique control sets:         3

IO Utilization: 
 Number of IOs:                          12
 Number of bonded IOBs:                  12  out of    232     5%  

Specific Feature Utilization:
 Number of BUFG/BUFGCTRLs:                1  out of     16     6%  

---------------------------
Partition Resource Summary:
---------------------------

  No Partitions were found in this design.

---------------------------


=========================================================================
Timing Report

NOTE: THESE TIMING NUMBERS ARE ONLY A SYNTHESIS ESTIMATE.
      FOR ACCURATE TIMING INFORMATION PLEASE REFER TO THE TRACE REPORT
      GENERATED AFTER PLACE-and-ROUTE.

Clock Information:
------------------
--------------------------------------------------------------+------------------------+-------+
Clock Signal                                                  | Clock buffer(FF name)  | Load  |
--------------------------------------------------------------+------------------------+-------+
Clk                                                           | BUFGP                  | 24    |
u1/state_reg[1]_tick_Mux_38_o(u1/state_reg[1]_tick_Mux_38_o:O)| NONE(*)(u1/Code_out)   | 1     |
--------------------------------------------------------------+------------------------+-------+
(*) This 1 clock signal(s) are generated by combinatorial logic,
and XST is not able to identify which are the primary clock signals.
Please use the CLOCK_SIGNAL constraint to specify the clock signal(s) generated by combinatorial logic.
INFO:Xst:2169 - HDL ADVISOR - Some clock signals were not automatically buffered by XST with BUFG/BUFR resources. Please use the buffer_type constraint in order to insert these buffers to the clock signals to help prevent skew problems.

Asynchronous Control Signals Information:
----------------------------------------
No asynchronous control signals found in this design

Timing Summary:
---------------
Speed Grade: -3

   Minimum period: 2.886ns (Maximum Frequency: 346.446MHz)
   Minimum input arrival time before clock: 3.609ns
   Maximum output required time after clock: 6.179ns
   Maximum combinational path delay: No path found

Timing Details:
---------------
All values displayed in nanoseconds (ns)

=========================================================================
Timing constraint: Default period analysis for Clock 'Clk'
  Clock period: 2.886ns (frequency: 346.446MHz)
  Total number of paths / destination ports: 190 / 27
-------------------------------------------------------------------------
Delay:               2.886ns (Levels of Logic = 2)
  Source:            u0/unseg (FF)
  Destination:       u1/state_reg_FSM_FFd1 (FF)
  Source Clock:      Clk rising
  Destination Clock: Clk rising

  Data Path: u0/unseg to u1/state_reg_FSM_FFd1
                                Gate     Net
    Cell:in->out      fanout   Delay   Delay  Logical Name (Net Name)
    ----------------------------------------  ------------
     FDC:C->Q              7   0.447   1.021  u0/unseg (u0/unseg)
     LUT4:I0->O           12   0.203   0.909  u1/Mmux_s_next411 (u1/Mmux_s_next41)
     LUT5:I4->O            1   0.205   0.000  u1/Mmux_s_next41 (u1/s_next<3>)
     FDC:D                     0.102          u1/s_reg_3
    ----------------------------------------
    Total                      2.886ns (0.957ns logic, 1.929ns route)
                                       (33.2% logic, 66.8% route)

=========================================================================
Timing constraint: Default OFFSET IN BEFORE for Clock 'Clk'
  Total number of paths / destination ports: 29 / 29
-------------------------------------------------------------------------
Offset:              3.609ns (Levels of Logic = 2)
  Source:            Reset (PAD)
  Destination:       u0/unseg (FF)
  Destination Clock: Clk rising

  Data Path: Reset to u0/unseg
                                Gate     Net
    Cell:in->out      fanout   Delay   Delay  Logical Name (Net Name)
    ----------------------------------------  ------------
     IBUF:I->O             1   1.222   0.579  Reset_IBUF (Reset_IBUF)
     INV:I->O             24   0.206   1.172  Reset_inv1_INV_0 (Reset_inv)
     FDC:CLR                   0.430          u0/cuenta_0
    ----------------------------------------
    Total                      3.609ns (1.858ns logic, 1.751ns route)
                                       (51.5% logic, 48.5% route)

=========================================================================
Timing constraint: Default OFFSET IN BEFORE for Clock 'u1/state_reg[1]_tick_Mux_38_o'
  Total number of paths / destination ports: 1 / 1
-------------------------------------------------------------------------
Offset:              2.003ns (Levels of Logic = 1)
  Source:            LineRD_in (PAD)
  Destination:       u1/Code_out (LATCH)
  Destination Clock: u1/state_reg[1]_tick_Mux_38_o falling

  Data Path: LineRD_in to u1/Code_out
                                Gate     Net
    Cell:in->out      fanout   Delay   Delay  Logical Name (Net Name)
    ----------------------------------------  ------------
     IBUF:I->O             6   1.222   0.744  LineRD_in_IBUF (LineRD_in_IBUF)
     LD:D                      0.037          u1/Code_out
    ----------------------------------------
    Total                      2.003ns (1.259ns logic, 0.744ns route)
                                       (62.9% logic, 37.1% route)

=========================================================================
Timing constraint: Default OFFSET OUT AFTER for Clock 'Clk'
  Total number of paths / destination ports: 15 / 9
-------------------------------------------------------------------------
Offset:              6.179ns (Levels of Logic = 3)
  Source:            u0/unseg (FF)
  Destination:       Store_out (PAD)
  Source Clock:      Clk rising

  Data Path: u0/unseg to Store_out
                                Gate     Net
    Cell:in->out      fanout   Delay   Delay  Logical Name (Net Name)
    ----------------------------------------  ------------
     FDC:C->Q              7   0.447   1.021  u0/unseg (u0/unseg)
     LUT4:I0->O           12   0.203   1.156  u1/Mmux_s_next411 (u1/Mmux_s_next41)
     LUT4:I0->O            1   0.203   0.579  u1/Mmux_Store_out11 (Store_out_OBUF)
     OBUF:I->O                 2.571          Store_out_OBUF (Store_out)
    ----------------------------------------
    Total                      6.179ns (3.424ns logic, 2.755ns route)
                                       (55.4% logic, 44.6% route)

=========================================================================

Cross Clock Domains Report:
--------------------------

Clock to Setup on destination clock Clk
-----------------------------+---------+---------+---------+---------+
                             | Src:Rise| Src:Fall| Src:Rise| Src:Fall|
Source Clock                 |Dest:Rise|Dest:Rise|Dest:Fall|Dest:Fall|
-----------------------------+---------+---------+---------+---------+
Clk                          |    2.886|         |         |         |
u1/state_reg[1]_tick_Mux_38_o|         |    1.747|         |         |
-----------------------------+---------+---------+---------+---------+

=========================================================================


Total REAL time to Xst completion: 13.00 secs
Total CPU time to Xst completion: 10.73 secs
 
--> 


Total memory usage is 386252 kilobytes

Number of errors   :    0 (   0 filtered)
Number of warnings :    1 (   0 filtered)
Number of infos    :    1 (   0 filtered)

