Command line:
   tes_isim_beh.exe
     -simmode  gui
     -simrunnum  0
     -socket  46276

Tue Apr 21 19:41:34 2020


 Elaboration Time: 0.04 sec

 Current Memory Usage: 196.432 Meg

 Total Signals          : 7
 Total Nets             : 74
 Total Signal Drivers   : 4
 Total Blocks           : 3
 Total Primitive Blocks : 2
 Total Processes        : 4
 Total Traceable Variables  : 10
 Total Scalar Nets and Variables : 499
Total Line Count : 13

 Total Simulation Time: 0.05 sec

 Current Memory Usage: 274.031 Meg

Tue Apr 21 19:42:37 2020

