Command line:
   tes0_isim_beh.exe
     -simmode  gui
     -simrunnum  0
     -socket  57858

Thu Oct 10 10:21:25 2019


 Elaboration Time: 0.03 sec

 Current Memory Usage: 196.432 Meg

 Total Signals          : 7
 Total Nets             : 5
 Total Signal Drivers   : 4
 Total Blocks           : 3
 Total Primitive Blocks : 2
 Total Processes        : 3
 Total Traceable Variables  : 10
 Total Scalar Nets and Variables : 367
Total Line Count : 11

 Total Simulation Time: 0.36 sec

 Current Memory Usage: 274.031 Meg

Thu Oct 10 10:23:46 2019

