Command line:
   tes_isim_beh.exe
     -simmode  gui
     -simrunnum  0
     -socket  56765

Fri Feb 17 16:11:42 2023


 Elaboration Time: 0.03 sec

 Current Memory Usage: 197.542 Meg

 Total Signals          : 12
 Total Nets             : 22
 Total Signal Drivers   : 7
 Total Blocks           : 3
 Total Primitive Blocks : 2
 Total Processes        : 4
 Total Traceable Variables  : 9
 Total Scalar Nets and Variables : 383
Total Line Count : 18

 Total Simulation Time: 0.06 sec

 Current Memory Usage: 274.096 Meg

Fri Feb 17 16:12:42 2023

