Release 14.7 - xst P.20160913 (lin64)
Copyright (c) 1995-2013 Xilinx, Inc.  All rights reserved.
--> 
Parameter TMPDIR set to xst/projnav.tmp


Total REAL time to Xst completion: 0.00 secs
Total CPU time to Xst completion: 0.04 secs
 
--> 
Parameter xsthdpdir set to xst


Total REAL time to Xst completion: 0.00 secs
Total CPU time to Xst completion: 0.04 secs
 
--> 
Reading design: SupMuxDisplay.prj

TABLE OF CONTENTS
  1) Synthesis Options Summary
  2) HDL Parsing
  3) HDL Elaboration
  4) HDL Synthesis
       4.1) HDL Synthesis Report
  5) Advanced HDL Synthesis
       5.1) Advanced HDL Synthesis Report
  6) Low Level Synthesis
  7) Partition Report
  8) Design Summary
       8.1) Primitive and Black Box Usage
       8.2) Device utilization summary
       8.3) Partition Resource Summary
       8.4) Timing Report
            8.4.1) Clock Information
            8.4.2) Asynchronous Control Signals Information
            8.4.3) Timing Summary
            8.4.4) Timing Details
            8.4.5) Cross Clock Domains Report


=========================================================================
*                      Synthesis Options Summary                        *
=========================================================================
---- Source Parameters
Input File Name                    : "SupMuxDisplay.prj"
Ignore Synthesis Constraint File   : NO

---- Target Parameters
Output File Name                   : "SupMuxDisplay"
Output Format                      : NGC
Target Device                      : xc6slx16-3-csg324

---- Source Options
Top Module Name                    : SupMuxDisplay
Automatic FSM Extraction           : YES
FSM Encoding Algorithm             : Auto
Safe Implementation                : No
FSM Style                          : LUT
RAM Extraction                     : Yes
RAM Style                          : Auto
ROM Extraction                     : Yes
Shift Register Extraction          : YES
ROM Style                          : Auto
Resource Sharing                   : YES
Asynchronous To Synchronous        : NO
Shift Register Minimum Size        : 2
Use DSP Block                      : Auto
Automatic Register Balancing       : No

---- Target Options
LUT Combining                      : Auto
Reduce Control Sets                : Auto
Add IO Buffers                     : YES
Global Maximum Fanout              : 100000
Add Generic Clock Buffer(BUFG)     : 16
Register Duplication               : YES
Optimize Instantiated Primitives   : NO
Use Clock Enable                   : Auto
Use Synchronous Set                : Auto
Use Synchronous Reset              : Auto
Pack IO Registers into IOBs        : Auto
Equivalent register Removal        : YES

---- General Options
Optimization Goal                  : Speed
Optimization Effort                : 1
Power Reduction                    : NO
Keep Hierarchy                     : No
Netlist Hierarchy                  : As_Optimized
RTL Output                         : Yes
Global Optimization                : AllClockNets
Read Cores                         : YES
Write Timing Constraints           : NO
Cross Clock Analysis               : NO
Hierarchy Separator                : /
Bus Delimiter                      : <>
Case Specifier                     : Maintain
Slice Utilization Ratio            : 100
BRAM Utilization Ratio             : 100
DSP48 Utilization Ratio            : 100
Auto BRAM Packing                  : NO
Slice Utilization Ratio Delta      : 5

=========================================================================


=========================================================================
*                          HDL Parsing                                  *
=========================================================================
Parsing VHDL file "/home/ise/Codigos_VHDL_Nexys3/BloquesSecuenciales/MuxDisplayAuto/negacion.vhd" into library work
Parsing entity <negacion>.
Parsing architecture <Behavioral> of entity <negacion>.
Parsing VHDL file "/home/ise/Codigos_VHDL_Nexys3/BloquesSecuenciales/MuxDisplayAuto/mux4a1.vhd" into library work
Parsing entity <mux4a1>.
Parsing architecture <Behavioral> of entity <mux4a1>.
Parsing VHDL file "/home/ise/Codigos_VHDL_Nexys3/BloquesSecuenciales/MuxDisplayAuto/divide.vhd" into library work
Parsing entity <divide>.
Parsing architecture <Behavioral> of entity <divide>.
Parsing VHDL file "/home/ise/Codigos_VHDL_Nexys3/BloquesSecuenciales/MuxDisplayAuto/display.vhd" into library work
Parsing entity <display>.
Parsing architecture <Behavioral> of entity <display>.
Parsing VHDL file "/home/ise/Codigos_VHDL_Nexys3/BloquesSecuenciales/MuxDisplayAuto/SupMuxDisplay.vhd" into library work
Parsing entity <SupMuxDisplay>.
Parsing architecture <Behavioral> of entity <supmuxdisplay>.

=========================================================================
*                            HDL Elaboration                            *
=========================================================================

Elaborating entity <SupMuxDisplay> (architecture <Behavioral>) from library <work>.

Elaborating entity <divide> (architecture <Behavioral>) from library <work>.

Elaborating entity <mux4a1> (architecture <Behavioral>) from library <work>.
INFO:HDLCompiler:679 - "/home/ise/Codigos_VHDL_Nexys3/BloquesSecuenciales/MuxDisplayAuto/mux4a1.vhd" Line 19. Case statement is complete. others clause is never selected

Elaborating entity <negacion> (architecture <Behavioral>) from library <work>.
INFO:HDLCompiler:679 - "/home/ise/Codigos_VHDL_Nexys3/BloquesSecuenciales/MuxDisplayAuto/negacion.vhd" Line 18. Case statement is complete. others clause is never selected

Elaborating entity <display> (architecture <Behavioral>) from library <work>.

=========================================================================
*                           HDL Synthesis                               *
=========================================================================

Synthesizing Unit <SupMuxDisplay>.
    Related source file is "/home/ise/Codigos_VHDL_Nexys3/BloquesSecuenciales/MuxDisplayAuto/SupMuxDisplay.vhd".
    Summary:
	no macro.
Unit <SupMuxDisplay> synthesized.

Synthesizing Unit <divide>.
    Related source file is "/home/ise/Codigos_VHDL_Nexys3/BloquesSecuenciales/MuxDisplayAuto/divide.vhd".
    Found 20-bit register for signal <cuenta>.
    Found 1-bit register for signal <unseg>.
    Found 1-bit register for signal <aux>.
    Found 20-bit adder for signal <cuenta[19]_GND_4_o_add_1_OUT> created at line 39.
    Summary:
	inferred   1 Adder/Subtractor(s).
	inferred  22 D-type flip-flop(s).
	inferred   1 Multiplexer(s).
Unit <divide> synthesized.

Synthesizing Unit <mux4a1>.
    Related source file is "/home/ise/Codigos_VHDL_Nexys3/BloquesSecuenciales/MuxDisplayAuto/mux4a1.vhd".
    Summary:
	inferred   1 Multiplexer(s).
Unit <mux4a1> synthesized.

Synthesizing Unit <negacion>.
    Related source file is "/home/ise/Codigos_VHDL_Nexys3/BloquesSecuenciales/MuxDisplayAuto/negacion.vhd".
    Summary:
	no macro.
Unit <negacion> synthesized.

Synthesizing Unit <display>.
    Related source file is "/home/ise/Codigos_VHDL_Nexys3/BloquesSecuenciales/MuxDisplayAuto/display.vhd".
    Found 16x7-bit Read Only RAM for signal <segmento>
    Summary:
	inferred   1 RAM(s).
Unit <display> synthesized.

=========================================================================
HDL Synthesis Report

Macro Statistics
# RAMs                                                 : 1
 16x7-bit single-port Read Only RAM                    : 1
# Adders/Subtractors                                   : 1
 20-bit adder                                          : 1
# Registers                                            : 3
 1-bit register                                        : 2
 20-bit register                                       : 1
# Multiplexers                                         : 2
 20-bit 2-to-1 multiplexer                             : 1
 4-bit 2-to-1 multiplexer                              : 1

=========================================================================

=========================================================================
*                       Advanced HDL Synthesis                          *
=========================================================================


Synthesizing (advanced) Unit <display>.
INFO:Xst:3218 - HDL ADVISOR - The RAM <Mram_segmento> will be implemented on LUTs either because you have described an asynchronous read or because of currently unsupported block RAM features. If you have described an asynchronous read, making it synchronous would allow you to take advantage of available block RAM resources, for optimized device usage and improved timings. Please refer to your documentation for coding guidelines.
    -----------------------------------------------------------------------
    | ram_type           | Distributed                         |          |
    -----------------------------------------------------------------------
    | Port A                                                              |
    |     aspect ratio   | 16-word x 7-bit                     |          |
    |     weA            | connected to signal <GND>           | high     |
    |     addrA          | connected to signal <digito>        |          |
    |     diA            | connected to signal <GND>           |          |
    |     doA            | connected to signal <segmento>      |          |
    -----------------------------------------------------------------------
Unit <display> synthesized (advanced).

Synthesizing (advanced) Unit <divide>.
The following registers are absorbed into counter <cuenta>: 1 register on signal <cuenta>.
Unit <divide> synthesized (advanced).

=========================================================================
Advanced HDL Synthesis Report

Macro Statistics
# RAMs                                                 : 1
 16x7-bit single-port distributed Read Only RAM        : 1
# Counters                                             : 1
 20-bit up counter                                     : 1
# Registers                                            : 2
 Flip-Flops                                            : 2
# Multiplexers                                         : 1
 4-bit 2-to-1 multiplexer                              : 1

=========================================================================

=========================================================================
*                         Low Level Synthesis                           *
=========================================================================

Optimizing unit <SupMuxDisplay> ...

Mapping all equations...
Building and optimizing final netlist ...
Found area constraint ratio of 100 (+ 5) on block SupMuxDisplay, actual ratio is 0.

Final Macro Processing ...

=========================================================================
Final Register Report

Macro Statistics
# Registers                                            : 22
 Flip-Flops                                            : 22

=========================================================================

=========================================================================
*                           Partition Report                            *
=========================================================================

Partition Implementation Status
-------------------------------

  No Partitions were found in this design.

-------------------------------

=========================================================================
*                            Design Summary                             *
=========================================================================

Top Level Output File Name         : SupMuxDisplay.ngc

Primitive and Black Box Usage:
------------------------------
# BELS                             : 97
#      GND                         : 1
#      INV                         : 2
#      LUT1                        : 19
#      LUT2                        : 20
#      LUT3                        : 3
#      LUT5                        : 1
#      LUT6                        : 11
#      MUXCY                       : 19
#      VCC                         : 1
#      XORCY                       : 20
# FlipFlops/Latches                : 22
#      FDC                         : 21
#      FDCE                        : 1
# Clock Buffers                    : 1
#      BUFGP                       : 1
# IO Buffers                       : 20
#      IBUF                        : 9
#      OBUF                        : 11

Device utilization summary:
---------------------------

Selected Device : 6slx16csg324-3 


Slice Logic Utilization: 
 Number of Slice Registers:              22  out of  18224     0%  
 Number of Slice LUTs:                   56  out of   9112     0%  
    Number used as Logic:                56  out of   9112     0%  

Slice Logic Distribution: 
 Number of LUT Flip Flop pairs used:     56
   Number with an unused Flip Flop:      34  out of     56    60%  
   Number with an unused LUT:             0  out of     56     0%  
   Number of fully used LUT-FF pairs:    22  out of     56    39%  
   Number of unique control sets:         2

IO Utilization: 
 Number of IOs:                          21
 Number of bonded IOBs:                  21  out of    232     9%  

Specific Feature Utilization:
 Number of BUFG/BUFGCTRLs:                1  out of     16     6%  

---------------------------
Partition Resource Summary:
---------------------------

  No Partitions were found in this design.

---------------------------


=========================================================================
Timing Report

NOTE: THESE TIMING NUMBERS ARE ONLY A SYNTHESIS ESTIMATE.
      FOR ACCURATE TIMING INFORMATION PLEASE REFER TO THE TRACE REPORT
      GENERATED AFTER PLACE-and-ROUTE.

Clock Information:
------------------
-----------------------------------+------------------------+-------+
Clock Signal                       | Clock buffer(FF name)  | Load  |
-----------------------------------+------------------------+-------+
clk                                | BUFGP                  | 22    |
-----------------------------------+------------------------+-------+

Asynchronous Control Signals Information:
----------------------------------------
No asynchronous control signals found in this design

Timing Summary:
---------------
Speed Grade: -3

   Minimum period: 3.852ns (Maximum Frequency: 259.619MHz)
   Minimum input arrival time before clock: 2.785ns
   Maximum output required time after clock: 6.279ns
   Maximum combinational path delay: 6.599ns

Timing Details:
---------------
All values displayed in nanoseconds (ns)

=========================================================================
Timing constraint: Default period analysis for Clock 'clk'
  Clock period: 3.852ns (frequency: 259.619MHz)
  Total number of paths / destination ports: 632 / 23
-------------------------------------------------------------------------
Delay:               3.852ns (Levels of Logic = 3)
  Source:            u0/cuenta_12 (FF)
  Destination:       u0/cuenta_0 (FF)
  Source Clock:      clk rising
  Destination Clock: clk rising

  Data Path: u0/cuenta_12 to u0/cuenta_0
                                Gate     Net
    Cell:in->out      fanout   Delay   Delay  Logical Name (Net Name)
    ----------------------------------------  ------------
     FDC:C->Q              2   0.447   0.961  u0/cuenta_12 (u0/cuenta_12)
     LUT5:I0->O            2   0.203   0.845  u0/PWR_4_o_cuenta[19]_equal_1_o<19>2 (u0/PWR_4_o_cuenta[19]_equal_1_o<19>1)
     LUT6:I3->O           11   0.205   0.883  u0/PWR_4_o_cuenta[19]_equal_1_o<19>4 (u0/PWR_4_o_cuenta[19]_equal_1_o)
     LUT2:I1->O            1   0.205   0.000  u0/Mcount_cuenta_eqn_01 (u0/Mcount_cuenta_eqn_0)
     FDC:D                     0.102          u0/cuenta_0
    ----------------------------------------
    Total                      3.852ns (1.162ns logic, 2.690ns route)
                                       (30.2% logic, 69.8% route)

=========================================================================
Timing constraint: Default OFFSET IN BEFORE for Clock 'clk'
  Total number of paths / destination ports: 22 / 22
-------------------------------------------------------------------------
Offset:              2.785ns (Levels of Logic = 1)
  Source:            reset (PAD)
  Destination:       u0/aux (FF)
  Destination Clock: clk rising

  Data Path: reset to u0/aux
                                Gate     Net
    Cell:in->out      fanout   Delay   Delay  Logical Name (Net Name)
    ----------------------------------------  ------------
     IBUF:I->O            22   1.222   1.133  reset_IBUF (reset_IBUF)
     FDC:CLR                   0.430          u0/unseg
    ----------------------------------------
    Total                      2.785ns (1.652ns logic, 1.133ns route)
                                       (59.3% logic, 40.7% route)

=========================================================================
Timing constraint: Default OFFSET OUT AFTER for Clock 'clk'
  Total number of paths / destination ports: 30 / 9
-------------------------------------------------------------------------
Offset:              6.279ns (Levels of Logic = 3)
  Source:            u0/aux (FF)
  Destination:       segmentos<6> (PAD)
  Source Clock:      clk rising

  Data Path: u0/aux to segmentos<6>
                                Gate     Net
    Cell:in->out      fanout   Delay   Delay  Logical Name (Net Name)
    ----------------------------------------  ------------
     FDCE:C->Q            12   0.447   1.137  u0/aux (u0/aux)
     LUT3:I0->O            7   0.205   1.138  u1/Mmux_fout31 (sg_datos<2>)
     LUT6:I0->O            1   0.203   0.579  u3/Mram_segmento51 (segmentos_5_OBUF)
     OBUF:I->O                 2.571          segmentos_5_OBUF (segmentos<5>)
    ----------------------------------------
    Total                      6.279ns (3.426ns logic, 2.853ns route)
                                       (54.6% logic, 45.4% route)

=========================================================================
Timing constraint: Default path analysis
  Total number of paths / destination ports: 56 / 7
-------------------------------------------------------------------------
Delay:               6.599ns (Levels of Logic = 4)
  Source:            EntrB<1> (PAD)
  Destination:       segmentos<6> (PAD)

  Data Path: EntrB<1> to segmentos<6>
                                Gate     Net
    Cell:in->out      fanout   Delay   Delay  Logical Name (Net Name)
    ----------------------------------------  ------------
     IBUF:I->O             1   1.222   0.684  EntrB_1_IBUF (EntrB_1_IBUF)
     LUT3:I1->O            7   0.203   1.138  u1/Mmux_fout21 (sg_datos<1>)
     LUT6:I0->O            1   0.203   0.579  u3/Mram_segmento41 (segmentos_4_OBUF)
     OBUF:I->O                 2.571          segmentos_4_OBUF (segmentos<4>)
    ----------------------------------------
    Total                      6.599ns (4.199ns logic, 2.400ns route)
                                       (63.6% logic, 36.4% route)

=========================================================================

Cross Clock Domains Report:
--------------------------

Clock to Setup on destination clock clk
---------------+---------+---------+---------+---------+
               | Src:Rise| Src:Fall| Src:Rise| Src:Fall|
Source Clock   |Dest:Rise|Dest:Rise|Dest:Fall|Dest:Fall|
---------------+---------+---------+---------+---------+
clk            |    3.852|         |         |         |
---------------+---------+---------+---------+---------+

=========================================================================


Total REAL time to Xst completion: 12.00 secs
Total CPU time to Xst completion: 10.90 secs
 
--> 


Total memory usage is 384672 kilobytes

Number of errors   :    0 (   0 filtered)
Number of warnings :    0 (   0 filtered)
Number of infos    :    1 (   0 filtered)

