Running: /opt/Xilinx/14.7/ISE_DS/ISE/bin/lin64/unwrapped/fuse -intstyle ise -incremental -lib secureip -o /home/ise/Codigos_VHDL/BloquesCombinacionales/Codigeneric/tes_isim_beh.exe -prj /home/ise/Codigos_VHDL/BloquesCombinacionales/Codigeneric/tes_beh.prj work.tes 
ISim P.20160913 (signature 0xfbc00daa)
Number of CPUs detected in this system: 1
Turning on mult-threading, number of parallel sub-compilation jobs: 0 
Determining compilation order of HDL files
Parsing VHDL file "/home/ise/Codigos_VHDL/BloquesCombinacionales/Codigeneric/codigeneric.vhd" into library work
Parsing VHDL file "/home/ise/Codigos_VHDL/BloquesCombinacionales/Codigeneric/tes.vhd" into library work
Starting static elaboration
Completed static elaboration
Fuse Memory Usage: 96412 KB
Fuse CPU Usage: 1130 ms
Compiling package standard
Compiling package std_logic_1164
Compiling package std_logic_arith
Compiling architecture behavioral of entity codigeneric [\codigeneric(3)\]
Compiling architecture behavior of entity tes
Time Resolution for simulation is 1ps.
Compiled 6 VHDL Units
Built simulation executable /home/ise/Codigos_VHDL/BloquesCombinacionales/Codigeneric/tes_isim_beh.exe
Fuse Memory Usage: 109660 KB
Fuse CPU Usage: 1280 ms
GCC CPU Usage: 250 ms
