Command line:
   tes0_isim_beh.exe
     -simmode  gui
     -simrunnum  0
     -socket  58131

Thu Oct 10 16:07:29 2019


 Elaboration Time: 0.03 sec

 Current Memory Usage: 196.542 Meg

 Total Signals          : 9
 Total Nets             : 11
 Total Signal Drivers   : 5
 Total Blocks           : 5
 Total Primitive Blocks : 4
 Total Processes        : 5
 Total Traceable Variables  : 11
 Total Scalar Nets and Variables : 390
Total Line Count : 24

 Total Simulation Time: 0.04 sec

 Current Memory Usage: 274.141 Meg

Thu Oct 10 16:08:25 2019

