Release 14.7 - xst P.20160913 (lin64)
Copyright (c) 1995-2013 Xilinx, Inc.  All rights reserved.
--> 
Parameter TMPDIR set to xst/projnav.tmp


Total REAL time to Xst completion: 0.00 secs
Total CPU time to Xst completion: 0.05 secs
 
--> 
Parameter xsthdpdir set to xst


Total REAL time to Xst completion: 0.00 secs
Total CPU time to Xst completion: 0.05 secs
 
--> 
Reading design: Superior.prj

TABLE OF CONTENTS
  1) Synthesis Options Summary
  2) HDL Parsing
  3) HDL Elaboration
  4) HDL Synthesis
       4.1) HDL Synthesis Report
  5) Advanced HDL Synthesis
       5.1) Advanced HDL Synthesis Report
  6) Low Level Synthesis
  7) Partition Report
  8) Design Summary
       8.1) Primitive and Black Box Usage
       8.2) Device utilization summary
       8.3) Partition Resource Summary
       8.4) Timing Report
            8.4.1) Clock Information
            8.4.2) Asynchronous Control Signals Information
            8.4.3) Timing Summary
            8.4.4) Timing Details
            8.4.5) Cross Clock Domains Report


=========================================================================
*                      Synthesis Options Summary                        *
=========================================================================
---- Source Parameters
Input File Name                    : "Superior.prj"
Ignore Synthesis Constraint File   : NO

---- Target Parameters
Output File Name                   : "Superior"
Output Format                      : NGC
Target Device                      : xc6slx16-3-csg324

---- Source Options
Top Module Name                    : Superior
Automatic FSM Extraction           : YES
FSM Encoding Algorithm             : Auto
Safe Implementation                : No
FSM Style                          : LUT
RAM Extraction                     : Yes
RAM Style                          : Auto
ROM Extraction                     : Yes
Shift Register Extraction          : YES
ROM Style                          : Auto
Resource Sharing                   : YES
Asynchronous To Synchronous        : NO
Shift Register Minimum Size        : 2
Use DSP Block                      : Auto
Automatic Register Balancing       : No

---- Target Options
LUT Combining                      : Auto
Reduce Control Sets                : Auto
Add IO Buffers                     : YES
Global Maximum Fanout              : 100000
Add Generic Clock Buffer(BUFG)     : 16
Register Duplication               : YES
Optimize Instantiated Primitives   : NO
Use Clock Enable                   : Auto
Use Synchronous Set                : Auto
Use Synchronous Reset              : Auto
Pack IO Registers into IOBs        : Auto
Equivalent register Removal        : YES

---- General Options
Optimization Goal                  : Speed
Optimization Effort                : 1
Power Reduction                    : NO
Keep Hierarchy                     : No
Netlist Hierarchy                  : As_Optimized
RTL Output                         : Yes
Global Optimization                : AllClockNets
Read Cores                         : YES
Write Timing Constraints           : NO
Cross Clock Analysis               : NO
Hierarchy Separator                : /
Bus Delimiter                      : <>
Case Specifier                     : Maintain
Slice Utilization Ratio            : 100
BRAM Utilization Ratio             : 100
DSP48 Utilization Ratio            : 100
Auto BRAM Packing                  : NO
Slice Utilization Ratio Delta      : 5

=========================================================================


=========================================================================
*                          HDL Parsing                                  *
=========================================================================
Parsing VHDL file "/home/ise/Secuencial_Nexys3/MaquinasDeEstados/MaqEstadoUnoA/ModuloDisplay.vhd" into library work
Parsing entity <ModuloDisplay>.
Parsing architecture <Behavioral> of entity <modulodisplay>.
Parsing VHDL file "/home/ise/Secuencial_Nexys3/MaquinasDeEstados/MaqEstadoUnoA/Estados.vhd" into library work
Parsing entity <Estados>.
Parsing architecture <Behavioral> of entity <estados>.
Parsing VHDL file "/home/ise/Secuencial_Nexys3/MaquinasDeEstados/MaqEstadoUnoA/divide.vhd" into library work
Parsing entity <divide>.
Parsing architecture <Behavioral> of entity <divide>.
Parsing VHDL file "/home/ise/Secuencial_Nexys3/MaquinasDeEstados/MaqEstadoUnoA/Superior.vhd" into library work
Parsing entity <Superior>.
Parsing architecture <Behavioral> of entity <superior>.

=========================================================================
*                            HDL Elaboration                            *
=========================================================================

Elaborating entity <Superior> (architecture <Behavioral>) from library <work>.

Elaborating entity <divide> (architecture <Behavioral>) from library <work>.

Elaborating entity <Estados> (architecture <Behavioral>) from library <work>.

Elaborating entity <ModuloDisplay> (architecture <Behavioral>) from library <work>.

=========================================================================
*                           HDL Synthesis                               *
=========================================================================

Synthesizing Unit <Superior>.
    Related source file is "/home/ise/Secuencial_Nexys3/MaquinasDeEstados/MaqEstadoUnoA/Superior.vhd".
    Summary:
	no macro.
Unit <Superior> synthesized.

Synthesizing Unit <divide>.
    Related source file is "/home/ise/Secuencial_Nexys3/MaquinasDeEstados/MaqEstadoUnoA/divide.vhd".
    Found 26-bit register for signal <cuenta>.
    Found 1-bit register for signal <unseg>.
    Found 1-bit register for signal <aux>.
    Found 26-bit adder for signal <cuenta[25]_GND_4_o_add_1_OUT> created at line 44.
    Summary:
	inferred   1 Adder/Subtractor(s).
	inferred  28 D-type flip-flop(s).
	inferred   1 Multiplexer(s).
Unit <divide> synthesized.

Synthesizing Unit <Estados>.
    Related source file is "/home/ise/Secuencial_Nexys3/MaquinasDeEstados/MaqEstadoUnoA/Estados.vhd".
    Found 3-bit register for signal <estadoActual>.
    Found finite state machine <FSM_0> for signal <estadoActual>.
    -----------------------------------------------------------------------
    | States             | 6                                              |
    | Transitions        | 6                                              |
    | Inputs             | 0                                              |
    | Outputs            | 3                                              |
    | Clock              | clk (rising_edge)                              |
    | Reset              | reset (positive)                               |
    | Reset type         | asynchronous                                   |
    | Reset State        | s0                                             |
    | Power Up State     | s0                                             |
    | Encoding           | auto                                           |
    | Implementation     | LUT                                            |
    -----------------------------------------------------------------------
    Summary:
	inferred   1 Finite State Machine(s).
Unit <Estados> synthesized.

Synthesizing Unit <ModuloDisplay>.
    Related source file is "/home/ise/Secuencial_Nexys3/MaquinasDeEstados/MaqEstadoUnoA/ModuloDisplay.vhd".
    Found 1-bit tristate buffer for signal <segmento<6>> created at line 14
    Found 1-bit tristate buffer for signal <segmento<5>> created at line 14
    Found 1-bit tristate buffer for signal <segmento<4>> created at line 14
    Found 1-bit tristate buffer for signal <segmento<3>> created at line 14
    Found 1-bit tristate buffer for signal <segmento<2>> created at line 14
    Found 1-bit tristate buffer for signal <segmento<1>> created at line 14
    Found 1-bit tristate buffer for signal <segmento<0>> created at line 14
    Summary:
	inferred   7 Tristate(s).
Unit <ModuloDisplay> synthesized.

=========================================================================
HDL Synthesis Report

Macro Statistics
# Adders/Subtractors                                   : 1
 26-bit adder                                          : 1
# Registers                                            : 3
 1-bit register                                        : 2
 26-bit register                                       : 1
# Multiplexers                                         : 1
 26-bit 2-to-1 multiplexer                             : 1
# Tristates                                            : 7
 1-bit tristate buffer                                 : 7
# FSMs                                                 : 1

=========================================================================

=========================================================================
*                       Advanced HDL Synthesis                          *
=========================================================================


Synthesizing (advanced) Unit <divide>.
The following registers are absorbed into counter <cuenta>: 1 register on signal <cuenta>.
Unit <divide> synthesized (advanced).

=========================================================================
Advanced HDL Synthesis Report

Macro Statistics
# Counters                                             : 1
 26-bit up counter                                     : 1
# Registers                                            : 2
 Flip-Flops                                            : 2
# FSMs                                                 : 1

=========================================================================

=========================================================================
*                         Low Level Synthesis                           *
=========================================================================
Analyzing FSM <MFsm> for best encoding.
Optimizing FSM <FSM_0> on signal <estadoActual[1:6]> with one-hot encoding.
-------------------
 State | Encoding
-------------------
 s0    | 000001
 s1    | 000010
 s2    | 000100
 s3    | 001000
 s4    | 010000
 s5    | 100000
-------------------

Optimizing unit <Superior> ...

Mapping all equations...
Building and optimizing final netlist ...
Found area constraint ratio of 100 (+ 5) on block Superior, actual ratio is 0.

Final Macro Processing ...

=========================================================================
Final Register Report

Macro Statistics
# Registers                                            : 34
 Flip-Flops                                            : 34

=========================================================================

=========================================================================
*                           Partition Report                            *
=========================================================================

Partition Implementation Status
-------------------------------

  No Partitions were found in this design.

-------------------------------

=========================================================================
*                            Design Summary                             *
=========================================================================

Top Level Output File Name         : Superior.ngc

Primitive and Black Box Usage:
------------------------------
# BELS                             : 119
#      GND                         : 1
#      INV                         : 1
#      LUT1                        : 25
#      LUT2                        : 27
#      LUT5                        : 7
#      LUT6                        : 6
#      MUXCY                       : 25
#      VCC                         : 1
#      XORCY                       : 26
# FlipFlops/Latches                : 34
#      FDC                         : 33
#      FDP                         : 1
# Clock Buffers                    : 1
#      BUFGP                       : 1
# IO Buffers                       : 12
#      IBUF                        : 1
#      OBUF                        : 11

Device utilization summary:
---------------------------

Selected Device : 6slx16csg324-3 


Slice Logic Utilization: 
 Number of Slice Registers:              34  out of  18224     0%  
 Number of Slice LUTs:                   66  out of   9112     0%  
    Number used as Logic:                66  out of   9112     0%  

Slice Logic Distribution: 
 Number of LUT Flip Flop pairs used:     71
   Number with an unused Flip Flop:      37  out of     71    52%  
   Number with an unused LUT:             5  out of     71     7%  
   Number of fully used LUT-FF pairs:    29  out of     71    40%  
   Number of unique control sets:         2

IO Utilization: 
 Number of IOs:                          13
 Number of bonded IOBs:                  13  out of    232     5%  

Specific Feature Utilization:
 Number of BUFG/BUFGCTRLs:                1  out of     16     6%  

---------------------------
Partition Resource Summary:
---------------------------

  No Partitions were found in this design.

---------------------------


=========================================================================
Timing Report

NOTE: THESE TIMING NUMBERS ARE ONLY A SYNTHESIS ESTIMATE.
      FOR ACCURATE TIMING INFORMATION PLEASE REFER TO THE TRACE REPORT
      GENERATED AFTER PLACE-and-ROUTE.

Clock Information:
------------------
-----------------------------------+-------------------------------+-------+
Clock Signal                       | Clock buffer(FF name)         | Load  |
-----------------------------------+-------------------------------+-------+
clk                                | BUFGP                         | 28    |
u0/aux                             | NONE(u1/estadoActual_FSM_FFd5)| 6     |
-----------------------------------+-------------------------------+-------+
INFO:Xst:2169 - HDL ADVISOR - Some clock signals were not automatically buffered by XST with BUFG/BUFR resources. Please use the buffer_type constraint in order to insert these buffers to the clock signals to help prevent skew problems.

Asynchronous Control Signals Information:
----------------------------------------
No asynchronous control signals found in this design

Timing Summary:
---------------
Speed Grade: -3

   Minimum period: 3.964ns (Maximum Frequency: 252.296MHz)
   Minimum input arrival time before clock: 2.972ns
   Maximum output required time after clock: 4.946ns
   Maximum combinational path delay: No path found

Timing Details:
---------------
All values displayed in nanoseconds (ns)

=========================================================================
Timing constraint: Default period analysis for Clock 'clk'
  Clock period: 3.964ns (frequency: 252.296MHz)
  Total number of paths / destination ports: 1055 / 28
-------------------------------------------------------------------------
Delay:               3.964ns (Levels of Logic = 3)
  Source:            u0/cuenta_8 (FF)
  Destination:       u0/cuenta_0 (FF)
  Source Clock:      clk rising
  Destination Clock: clk rising

  Data Path: u0/cuenta_8 to u0/cuenta_0
                                Gate     Net
    Cell:in->out      fanout   Delay   Delay  Logical Name (Net Name)
    ----------------------------------------  ------------
     FDC:C->Q              2   0.447   0.981  u0/cuenta_8 (u0/cuenta_8)
     LUT6:I0->O            2   0.203   0.864  u0/PWR_4_o_cuenta[25]_equal_1_o<25>4 (u0/PWR_4_o_cuenta[25]_equal_1_o<25>3)
     LUT6:I2->O           14   0.203   0.958  u0/PWR_4_o_cuenta[25]_equal_1_o<25>5 (u0/PWR_4_o_cuenta[25]_equal_1_o)
     LUT2:I1->O            1   0.205   0.000  u0/Mcount_cuenta_eqn_01 (u0/Mcount_cuenta_eqn_0)
     FDC:D                     0.102          u0/cuenta_0
    ----------------------------------------
    Total                      3.964ns (1.160ns logic, 2.804ns route)
                                       (29.3% logic, 70.7% route)

=========================================================================
Timing constraint: Default period analysis for Clock 'u0/aux'
  Clock period: 1.351ns (frequency: 740.439MHz)
  Total number of paths / destination ports: 6 / 6
-------------------------------------------------------------------------
Delay:               1.351ns (Levels of Logic = 0)
  Source:            u1/estadoActual_FSM_FFd6 (FF)
  Destination:       u1/estadoActual_FSM_FFd5 (FF)
  Source Clock:      u0/aux rising
  Destination Clock: u0/aux rising

  Data Path: u1/estadoActual_FSM_FFd6 to u1/estadoActual_FSM_FFd5
                                Gate     Net
    Cell:in->out      fanout   Delay   Delay  Logical Name (Net Name)
    ----------------------------------------  ------------
     FDP:C->Q              8   0.447   0.802  u1/estadoActual_FSM_FFd6 (u1/estadoActual_FSM_FFd5-In)
     FDC:D                     0.102          u1/estadoActual_FSM_FFd5
    ----------------------------------------
    Total                      1.351ns (0.549ns logic, 0.802ns route)
                                       (40.7% logic, 59.3% route)

=========================================================================
Timing constraint: Default OFFSET IN BEFORE for Clock 'clk'
  Total number of paths / destination ports: 28 / 28
-------------------------------------------------------------------------
Offset:              2.972ns (Levels of Logic = 1)
  Source:            reset (PAD)
  Destination:       u0/unseg (FF)
  Destination Clock: clk rising

  Data Path: reset to u0/unseg
                                Gate     Net
    Cell:in->out      fanout   Delay   Delay  Logical Name (Net Name)
    ----------------------------------------  ------------
     IBUF:I->O            34   1.222   1.320  reset_IBUF (reset_IBUF)
     FDC:CLR                   0.430          u0/unseg
    ----------------------------------------
    Total                      2.972ns (1.652ns logic, 1.320ns route)
                                       (55.6% logic, 44.4% route)

=========================================================================
Timing constraint: Default OFFSET IN BEFORE for Clock 'u0/aux'
  Total number of paths / destination ports: 6 / 6
-------------------------------------------------------------------------
Offset:              2.972ns (Levels of Logic = 1)
  Source:            reset (PAD)
  Destination:       u1/estadoActual_FSM_FFd5 (FF)
  Destination Clock: u0/aux rising

  Data Path: reset to u1/estadoActual_FSM_FFd5
                                Gate     Net
    Cell:in->out      fanout   Delay   Delay  Logical Name (Net Name)
    ----------------------------------------  ------------
     IBUF:I->O            34   1.222   1.320  reset_IBUF (reset_IBUF)
     FDC:CLR                   0.430          u1/estadoActual_FSM_FFd5
    ----------------------------------------
    Total                      2.972ns (1.652ns logic, 1.320ns route)
                                       (55.6% logic, 44.4% route)

=========================================================================
Timing constraint: Default OFFSET OUT AFTER for Clock 'u0/aux'
  Total number of paths / destination ports: 35 / 7
-------------------------------------------------------------------------
Offset:              4.946ns (Levels of Logic = 2)
  Source:            u1/estadoActual_FSM_FFd1 (FF)
  Destination:       segmento<6> (PAD)
  Source Clock:      u0/aux rising

  Data Path: u1/estadoActual_FSM_FFd1 to segmento<6>
                                Gate     Net
    Cell:in->out      fanout   Delay   Delay  Logical Name (Net Name)
    ----------------------------------------  ------------
     FDC:C->Q              8   0.447   1.147  u1/estadoActual_FSM_FFd1 (u1/estadoActual_FSM_FFd1)
     LUT5:I0->O            1   0.203   0.579  u2/_n0035<0>1 (segmento_6_OBUF)
     OBUF:I->O                 2.571          segmento_6_OBUF (segmento<6>)
    ----------------------------------------
    Total                      4.946ns (3.221ns logic, 1.725ns route)
                                       (65.1% logic, 34.9% route)

=========================================================================

Cross Clock Domains Report:
--------------------------

Clock to Setup on destination clock clk
---------------+---------+---------+---------+---------+
               | Src:Rise| Src:Fall| Src:Rise| Src:Fall|
Source Clock   |Dest:Rise|Dest:Rise|Dest:Fall|Dest:Fall|
---------------+---------+---------+---------+---------+
clk            |    3.964|         |         |         |
---------------+---------+---------+---------+---------+

Clock to Setup on destination clock u0/aux
---------------+---------+---------+---------+---------+
               | Src:Rise| Src:Fall| Src:Rise| Src:Fall|
Source Clock   |Dest:Rise|Dest:Rise|Dest:Fall|Dest:Fall|
---------------+---------+---------+---------+---------+
u0/aux         |    1.351|         |         |         |
---------------+---------+---------+---------+---------+

=========================================================================


Total REAL time to Xst completion: 11.00 secs
Total CPU time to Xst completion: 11.33 secs
 
--> 


Total memory usage is 483604 kilobytes

Number of errors   :    0 (   0 filtered)
Number of warnings :    0 (   0 filtered)
Number of infos    :    1 (   0 filtered)

