--------------------------------------------------------------------------------
Release 13.4 Trace  (nt)
Copyright (c) 1995-2011 Xilinx, Inc.  All rights reserved.

C:\Xilinx\13.4\ISE_DS\ISE\bin\nt\unwrapped\trce.exe -intstyle ise -v 3 -s 3 -n
3 -fastpaths -xml SuperiorMuxDisplay.twx SuperiorMuxDisplay.ncd -o
SuperiorMuxDisplay.twr SuperiorMuxDisplay.pcf -ucf pines.ucf

Design file:              SuperiorMuxDisplay.ncd
Physical constraint file: SuperiorMuxDisplay.pcf
Device,package,speed:     xc6slx16,csg324,C,-3 (PRODUCTION 1.21 2012-01-07)
Report level:             verbose report

Environment Variable      Effect 
--------------------      ------ 
NONE                      No environment variables were set
--------------------------------------------------------------------------------

INFO:Timing:2698 - No timing constraints found, doing default enumeration.
INFO:Timing:3412 - To improve timing, see the Timing Closure User Guide (UG612).
INFO:Timing:2752 - To get complete path coverage, use the unconstrained paths 
   option. All paths that are not constrained will be reported in the 
   unconstrained paths section(s) of the report.
INFO:Timing:3339 - The clock-to-out numbers in this timing report are based on 
   a 50 Ohm transmission line loading model.  For the details of this model, 
   and for more information on accounting for different loading conditions, 
   please see the device datasheet.



Data Sheet report:
-----------------
All values displayed in nanoseconds (ns)

Pad to Pad
---------------+---------------+---------+
Source Pad     |Destination Pad|  Delay  |
---------------+---------------+---------+
EntA<0>        |seg<0>         |    9.302|
EntA<0>        |seg<1>         |    9.342|
EntA<0>        |seg<2>         |    9.620|
EntA<0>        |seg<3>         |    8.966|
EntA<0>        |seg<4>         |    9.107|
EntA<0>        |seg<5>         |    9.215|
EntA<0>        |seg<6>         |    9.147|
EntA<1>        |seg<0>         |    9.655|
EntA<1>        |seg<1>         |    9.703|
EntA<1>        |seg<2>         |    9.002|
EntA<1>        |seg<3>         |    9.165|
EntA<1>        |seg<4>         |    9.026|
EntA<1>        |seg<5>         |    9.096|
EntA<1>        |seg<6>         |    9.231|
EntA<2>        |seg<0>         |    9.194|
EntA<2>        |seg<1>         |    9.688|
EntA<2>        |seg<2>         |    8.614|
EntA<2>        |seg<3>         |    8.948|
EntA<2>        |seg<4>         |    9.210|
EntA<2>        |seg<5>         |    8.928|
EntA<2>        |seg<6>         |    9.082|
EntA<3>        |seg<0>         |    9.307|
EntA<3>        |seg<1>         |    9.320|
EntA<3>        |seg<2>         |    8.694|
EntA<3>        |seg<3>         |    8.541|
EntA<3>        |seg<4>         |    8.398|
EntA<3>        |seg<5>         |    8.263|
EntA<3>        |seg<6>         |    9.219|
EntB<0>        |seg<0>         |    9.370|
EntB<0>        |seg<1>         |    9.410|
EntB<0>        |seg<2>         |    9.688|
EntB<0>        |seg<3>         |    9.034|
EntB<0>        |seg<4>         |    9.175|
EntB<0>        |seg<5>         |    9.283|
EntB<0>        |seg<6>         |    9.215|
EntB<1>        |seg<0>         |    9.653|
EntB<1>        |seg<1>         |    9.701|
EntB<1>        |seg<2>         |    9.000|
EntB<1>        |seg<3>         |    9.163|
EntB<1>        |seg<4>         |    9.024|
EntB<1>        |seg<5>         |    9.094|
EntB<1>        |seg<6>         |    9.229|
EntB<2>        |seg<0>         |    9.124|
EntB<2>        |seg<1>         |    9.618|
EntB<2>        |seg<2>         |    8.544|
EntB<2>        |seg<3>         |    8.878|
EntB<2>        |seg<4>         |    9.140|
EntB<2>        |seg<5>         |    8.858|
EntB<2>        |seg<6>         |    9.012|
EntB<3>        |seg<0>         |    9.407|
EntB<3>        |seg<1>         |    9.685|
EntB<3>        |seg<2>         |    9.198|
EntB<3>        |seg<3>         |    9.027|
EntB<3>        |seg<4>         |    9.180|
EntB<3>        |seg<5>         |    8.855|
EntB<3>        |seg<6>         |    9.628|
Selec          |an<0>          |   11.379|
Selec          |an<1>          |   12.010|
Selec          |seg<0>         |   12.752|
Selec          |seg<1>         |   12.800|
Selec          |seg<2>         |   12.799|
Selec          |seg<3>         |   12.262|
Selec          |seg<4>         |   12.310|
Selec          |seg<5>         |   12.394|
Selec          |seg<6>         |   12.328|
---------------+---------------+---------+


Analysis completed Sun Jan 15 06:45:52 2017 
--------------------------------------------------------------------------------

Trace Settings:
-------------------------
Trace Settings 

Peak Memory Usage: 162 MB



