Release 14.7 - xst P.20160913 (lin64)
Copyright (c) 1995-2013 Xilinx, Inc.  All rights reserved.
--> 
Parameter TMPDIR set to xst/projnav.tmp


Total REAL time to Xst completion: 1.00 secs
Total CPU time to Xst completion: 0.03 secs
 
--> 
Parameter xsthdpdir set to xst


Total REAL time to Xst completion: 1.00 secs
Total CPU time to Xst completion: 0.03 secs
 
--> 
Reading design: operaciones.prj

TABLE OF CONTENTS
  1) Synthesis Options Summary
  2) HDL Parsing
  3) HDL Elaboration
  4) HDL Synthesis
       4.1) HDL Synthesis Report
  5) Advanced HDL Synthesis
       5.1) Advanced HDL Synthesis Report
  6) Low Level Synthesis
  7) Partition Report
  8) Design Summary
       8.1) Primitive and Black Box Usage
       8.2) Device utilization summary
       8.3) Partition Resource Summary
       8.4) Timing Report
            8.4.1) Clock Information
            8.4.2) Asynchronous Control Signals Information
            8.4.3) Timing Summary
            8.4.4) Timing Details
            8.4.5) Cross Clock Domains Report


=========================================================================
*                      Synthesis Options Summary                        *
=========================================================================
---- Source Parameters
Input File Name                    : "operaciones.prj"
Ignore Synthesis Constraint File   : NO

---- Target Parameters
Output File Name                   : "operaciones"
Output Format                      : NGC
Target Device                      : xa6slx4-3-csg225

---- Source Options
Top Module Name                    : operaciones
Automatic FSM Extraction           : YES
FSM Encoding Algorithm             : Auto
Safe Implementation                : No
FSM Style                          : LUT
RAM Extraction                     : Yes
RAM Style                          : Auto
ROM Extraction                     : Yes
Shift Register Extraction          : YES
ROM Style                          : Auto
Resource Sharing                   : YES
Asynchronous To Synchronous        : NO
Shift Register Minimum Size        : 2
Use DSP Block                      : Auto
Automatic Register Balancing       : No

---- Target Options
LUT Combining                      : Auto
Reduce Control Sets                : Auto
Add IO Buffers                     : YES
Global Maximum Fanout              : 100000
Add Generic Clock Buffer(BUFG)     : 24
Register Duplication               : YES
Optimize Instantiated Primitives   : NO
Use Clock Enable                   : Yes
Use Synchronous Set                : Yes
Use Synchronous Reset              : Yes
Pack IO Registers into IOBs        : Auto
Equivalent register Removal        : YES

---- General Options
Optimization Goal                  : Speed
Optimization Effort                : 1
Power Reduction                    : NO
Keep Hierarchy                     : No
Netlist Hierarchy                  : As_Optimized
RTL Output                         : Yes
Global Optimization                : AllClockNets
Read Cores                         : YES
Write Timing Constraints           : NO
Cross Clock Analysis               : NO
Hierarchy Separator                : /
Bus Delimiter                      : <>
Case Specifier                     : Maintain
Slice Utilization Ratio            : 100
BRAM Utilization Ratio             : 100
DSP48 Utilization Ratio            : 100
Auto BRAM Packing                  : NO
Slice Utilization Ratio Delta      : 5

=========================================================================


=========================================================================
*                          HDL Parsing                                  *
=========================================================================
Parsing VHDL file "/home/ise/Codigos_VHDL/BloquesAritmeticos/alu/operaciones.vhd" into library work
Parsing entity <operaciones>.
Parsing architecture <Behavioral> of entity <operaciones>.

=========================================================================
*                            HDL Elaboration                            *
=========================================================================

Elaborating entity <operaciones> (architecture <Behavioral>) from library <work>.

=========================================================================
*                           HDL Synthesis                               *
=========================================================================

Synthesizing Unit <operaciones>.
    Related source file is "/home/ise/Codigos_VHDL/BloquesAritmeticos/alu/operaciones.vhd".
    Found 5-bit subtractor for signal <a[3]_b[3]_sub_4_OUT> created at line 27.
    Found 5-bit adder for signal <n0028> created at line 25.
    Found 4x4-bit multiplier for signal <a[3]_b[3]_MuLt_5_OUT> created at line 29.
    Found 8-bit 4-to-1 multiplexer for signal <s> created at line 10.
    Summary:
	inferred   1 Multiplier(s).
	inferred   2 Adder/Subtractor(s).
	inferred   1 Multiplexer(s).
Unit <operaciones> synthesized.

=========================================================================
HDL Synthesis Report

Macro Statistics
# Multipliers                                          : 1
 4x4-bit multiplier                                    : 1
# Adders/Subtractors                                   : 2
 5-bit adder                                           : 1
 5-bit subtractor                                      : 1
# Multiplexers                                         : 1
 8-bit 4-to-1 multiplexer                              : 1
# Xors                                                 : 2
 1-bit xor2                                            : 2

=========================================================================

=========================================================================
*                       Advanced HDL Synthesis                          *
=========================================================================


=========================================================================
Advanced HDL Synthesis Report

Macro Statistics
# Multipliers                                          : 1
 4x4-bit multiplier                                    : 1
# Adders/Subtractors                                   : 2
 5-bit adder                                           : 1
 5-bit subtractor                                      : 1
# Multiplexers                                         : 1
 8-bit 4-to-1 multiplexer                              : 1
# Xors                                                 : 2
 1-bit xor2                                            : 2

=========================================================================

=========================================================================
*                         Low Level Synthesis                           *
=========================================================================

Optimizing unit <operaciones> ...

Mapping all equations...
Building and optimizing final netlist ...
Found area constraint ratio of 100 (+ 5) on block operaciones, actual ratio is 3.

Final Macro Processing ...

=========================================================================
Final Register Report

Found no macro
=========================================================================

=========================================================================
*                           Partition Report                            *
=========================================================================

Partition Implementation Status
-------------------------------

  No Partitions were found in this design.

-------------------------------

=========================================================================
*                            Design Summary                             *
=========================================================================

Top Level Output File Name         : operaciones.ngc

Primitive and Black Box Usage:
------------------------------
# BELS                             : 58
#      GND                         : 1
#      LUT2                        : 6
#      LUT3                        : 2
#      LUT4                        : 11
#      LUT5                        : 5
#      LUT6                        : 15
#      MUXCY                       : 7
#      MUXF7                       : 2
#      VCC                         : 1
#      XORCY                       : 8
# IO Buffers                       : 18
#      IBUF                        : 10
#      OBUF                        : 8

Device utilization summary:
---------------------------

Selected Device : xa6slx4csg225-3 


Slice Logic Utilization: 
 Number of Slice LUTs:                   39  out of   2400     1%  
    Number used as Logic:                39  out of   2400     1%  

Slice Logic Distribution: 
 Number of LUT Flip Flop pairs used:     39
   Number with an unused Flip Flop:      39  out of     39   100%  
   Number with an unused LUT:             0  out of     39     0%  
   Number of fully used LUT-FF pairs:     0  out of     39     0%  
   Number of unique control sets:         0

IO Utilization: 
 Number of IOs:                          18
 Number of bonded IOBs:                  18  out of    132    13%  

Specific Feature Utilization:

---------------------------
Partition Resource Summary:
---------------------------

  No Partitions were found in this design.

---------------------------


=========================================================================
Timing Report

NOTE: THESE TIMING NUMBERS ARE ONLY A SYNTHESIS ESTIMATE.
      FOR ACCURATE TIMING INFORMATION PLEASE REFER TO THE TRACE REPORT
      GENERATED AFTER PLACE-and-ROUTE.

Clock Information:
------------------
No clock signals found in this design

Asynchronous Control Signals Information:
----------------------------------------
No asynchronous control signals found in this design

Timing Summary:
---------------
Speed Grade: -3

   Minimum period: No path found
   Minimum input arrival time before clock: No path found
   Maximum output required time after clock: No path found
   Maximum combinational path delay: 10.749ns

Timing Details:
---------------
All values displayed in nanoseconds (ns)

=========================================================================
Timing constraint: Default path analysis
  Total number of paths / destination ports: 706 / 8
-------------------------------------------------------------------------
Delay:               10.749ns (Levels of Logic = 10)
  Source:            a<1> (PAD)
  Destination:       s<7> (PAD)

  Data Path: a<1> to s<7>
                                Gate     Net
    Cell:in->out      fanout   Delay   Delay  Logical Name (Net Name)
    ----------------------------------------  ------------
     IBUF:I->O            15   1.222   1.326  a_1_IBUF (a_1_IBUF)
     LUT5:I0->O            2   0.203   0.981  Mmult_a[3]_b[3]_MuLt_5_OUT_Madd2_lut<4>1 (Mmult_a[3]_b[3]_MuLt_5_OUT_Madd2_lut<4>)
     LUT6:I0->O            4   0.203   0.912  Mmult_a[3]_b[3]_MuLt_5_OUT_Madd2_cy<4>1 (Mmult_a[3]_b[3]_MuLt_5_OUT_Madd2_cy<4>)
     LUT3:I0->O            1   0.205   0.944  Mmult_a[3]_b[3]_MuLt_5_OUT_Madd2_xor<5>11 (Mmult_a[3]_b[3]_MuLt_5_OUT_Madd_52)
     LUT6:I0->O            1   0.203   0.000  Mmult_a[3]_b[3]_MuLt_5_OUT_Madd3_lut<5> (Mmult_a[3]_b[3]_MuLt_5_OUT_Madd3_lut<5>)
     MUXCY:S->O            1   0.172   0.000  Mmult_a[3]_b[3]_MuLt_5_OUT_Madd3_cy<5> (Mmult_a[3]_b[3]_MuLt_5_OUT_Madd3_cy<5>)
     MUXCY:CI->O           0   0.019   0.000  Mmult_a[3]_b[3]_MuLt_5_OUT_Madd3_cy<6> (Mmult_a[3]_b[3]_MuLt_5_OUT_Madd3_cy<6>)
     XORCY:CI->O           1   0.180   0.827  Mmult_a[3]_b[3]_MuLt_5_OUT_Madd3_xor<7> (a[3]_b[3]_MuLt_5_OUT<7>)
     LUT4:I0->O            1   0.203   0.579  Mmux_s81 (s_7_OBUF)
     OBUF:I->O                 2.571          s_7_OBUF (s<7>)
    ----------------------------------------
    Total                     10.749ns (5.181ns logic, 5.568ns route)
                                       (48.2% logic, 51.8% route)

=========================================================================

Cross Clock Domains Report:
--------------------------

=========================================================================


Total REAL time to Xst completion: 19.00 secs
Total CPU time to Xst completion: 11.30 secs
 
--> 


Total memory usage is 378020 kilobytes

Number of errors   :    0 (   0 filtered)
Number of warnings :    0 (   0 filtered)
Number of infos    :    0 (   0 filtered)

