Command line:
   tes_isim_beh.exe
     -simmode  gui
     -simrunnum  0
     -socket  46291

Sat Apr  4 21:57:43 2020


 Elaboration Time: 0.02 sec

 Current Memory Usage: 196.432 Meg

 Total Signals          : 9
 Total Nets             : 6
 Total Signal Drivers   : 6
 Total Blocks           : 3
 Total Primitive Blocks : 2
 Total Processes        : 5
 Total Traceable Variables  : 10
 Total Scalar Nets and Variables : 368
Total Line Count : 21

 Total Simulation Time: 12.89 sec

 Current Memory Usage: 274.031 Meg

Sat Apr  4 21:58:03 2020

