--------------------------------------------------------------------------------
Release 14.7 Trace  (lin64)
Copyright (c) 1995-2013 Xilinx, Inc.  All rights reserved.

/opt/Xilinx/14.7/ISE_DS/ISE/bin/lin64/unwrapped/trce -intstyle ise -v 3 -s 3 -n
3 -fastpaths -xml IC_deco.twx IC_deco.ncd -o IC_deco.twr IC_deco.pcf -ucf
pines.ucf

Design file:              IC_deco.ncd
Physical constraint file: IC_deco.pcf
Device,package,speed:     xc6slx16,csg324,C,-3 (PRODUCTION 1.23 2016-11-22)
Report level:             verbose report

Environment Variable      Effect 
--------------------      ------ 
NONE                      No environment variables were set
--------------------------------------------------------------------------------

INFO:Timing:2698 - No timing constraints found, doing default enumeration.
INFO:Timing:3412 - To improve timing, see the Timing Closure User Guide (UG612).
INFO:Timing:2752 - To get complete path coverage, use the unconstrained paths 
   option. All paths that are not constrained will be reported in the 
   unconstrained paths section(s) of the report.
INFO:Timing:3339 - The clock-to-out numbers in this timing report are based on 
   a 50 Ohm transmission line loading model.  For the details of this model, 
   and for more information on accounting for different loading conditions, 
   please see the device datasheet.



Data Sheet report:
-----------------
All values displayed in nanoseconds (ns)

Pad to Pad
---------------+---------------+---------+
Source Pad     |Destination Pad|  Delay  |
---------------+---------------+---------+
G0             |Y0             |    8.215|
G0             |Y1             |    8.195|
G0             |Y2             |    8.215|
G0             |Y3             |    8.501|
G1             |Y0             |    8.592|
G1             |Y1             |    8.153|
G1             |Y2             |    8.173|
G1             |Y3             |    8.878|
---------------+---------------+---------+


Analysis completed Wed Jan 29 16:22:05 2020 
--------------------------------------------------------------------------------

Trace Settings:
-------------------------
Trace Settings 

Peak Memory Usage: 389 MB



