Command line:
   tes_isim_beh.exe
     -simmode  gui
     -simrunnum  0
     -socket  42773

Sun Apr  5 04:07:53 2020


 Elaboration Time: 0.04 sec

 Current Memory Usage: 196.538 Meg

 Total Signals          : 7
 Total Nets             : 18
 Total Signal Drivers   : 4
 Total Blocks           : 5
 Total Primitive Blocks : 4
 Total Processes        : 4
 Total Traceable Variables  : 11
 Total Scalar Nets and Variables : 397
Total Line Count : 12

 Total Simulation Time: 0.04 sec

 Current Memory Usage: 274.137 Meg

Sun Apr  5 04:08:00 2020

