Command line:
   tes_isim_beh.exe
     -simmode  gui
     -simrunnum  0
     -socket  40659

Fri Dec 13 17:16:13 2019


 Elaboration Time: 0.07 sec

 Current Memory Usage: 196.432 Meg

 Total Signals          : 10
 Total Nets             : 5
 Total Signal Drivers   : 5
 Total Blocks           : 3
 Total Primitive Blocks : 2
 Total Processes        : 5
 Total Traceable Variables  : 8
 Total Scalar Nets and Variables : 365
Total Line Count : 14

 Total Simulation Time: 0.09 sec

 Current Memory Usage: 274.031 Meg

Fri Dec 13 17:17:11 2019

