Command line:
   pr1_isim_beh.exe
     -simmode  gui
     -simrunnum  0
     -socket  42565

Thu Dec 19 14:00:13 2019


 Elaboration Time: 0.04 sec

 Current Memory Usage: 196.547 Meg

 Total Signals          : 12
 Total Nets             : 23
 Total Signal Drivers   : 11
 Total Blocks           : 7
 Total Primitive Blocks : 5
 Total Processes        : 11
 Total Traceable Variables  : 10
 Total Scalar Nets and Variables : 401
Total Line Count : 50

 Total Simulation Time: 0.04 sec

 Current Memory Usage: 274.145 Meg

Thu Dec 19 14:00:17 2019

