Command line:
   Tes0_isim_beh.exe
     -simmode  gui
     -simrunnum  0
     -socket  58052

Wed Oct 26 16:00:37 2022


 Elaboration Time: 0.03 sec

 Current Memory Usage: 197.48 Meg

 Total Signals          : 10
 Total Nets             : 6
 Total Signal Drivers   : 6
 Total Blocks           : 3
 Total Primitive Blocks : 2
 Total Processes        : 6
 Total Traceable Variables  : 9
 Total Scalar Nets and Variables : 367
Total Line Count : 39

 Total Simulation Time: 0.16 sec

 Current Memory Usage: 274.035 Meg

Wed Oct 26 16:09:33 2022

