Command line:
   tes0_isim_beh.exe
     -simmode  gui
     -simrunnum  0
     -socket  47368

Thu Mar 23 01:19:30 2023


 Elaboration Time: 0.03 sec

 Current Memory Usage: 197.546 Meg

 Total Signals          : 10
 Total Nets             : 6
 Total Signal Drivers   : 6
 Total Blocks           : 3
 Total Primitive Blocks : 2
 Total Processes        : 6
 Total Traceable Variables  : 9
 Total Scalar Nets and Variables : 367
Total Line Count : 55

 Total Simulation Time: 0.04 sec

 Current Memory Usage: 274.1 Meg

Thu Mar 23 01:20:12 2023

