Command line:
   Tes0_isim_beh.exe
     -simmode  gui
     -simrunnum  0
     -socket  44621

Sat Apr 11 21:40:14 2020


 Elaboration Time: 0.03 sec

 Current Memory Usage: 196.436 Meg

 Total Signals          : 11
 Total Nets             : 20
 Total Signal Drivers   : 6
 Total Blocks           : 3
 Total Primitive Blocks : 2
 Total Processes        : 6
 Total Traceable Variables  : 9
 Total Scalar Nets and Variables : 381
Total Line Count : 26

 Total Simulation Time: 0.06 sec

 Current Memory Usage: 274.035 Meg

Sat Apr 11 21:44:00 2020

