Command line:
   tes0_isim_beh.exe
     -simmode  gui
     -simrunnum  0
     -socket  48695

Tue Dec  1 11:51:22 2020


 Elaboration Time: 0.03 sec

 Current Memory Usage: 197.587 Meg

 Total Signals          : 8
 Total Nets             : 7
 Total Signal Drivers   : 4
 Total Blocks           : 5
 Total Primitive Blocks : 4
 Total Processes        : 4
 Total Traceable Variables  : 11
 Total Scalar Nets and Variables : 386
Total Line Count : 29

 Total Simulation Time: 0.04 sec

 Current Memory Usage: 274.141 Meg

Tue Dec  1 11:54:03 2020

