Running: /opt/Xilinx/14.7/ISE_DS/ISE/bin/lin64/unwrapped/fuse -intstyle ise -incremental -lib secureip -o /home/ise/OSwin7/Fifo_buffer/Tes0_isim_beh.exe -prj /home/ise/OSwin7/Fifo_buffer/Tes0_beh.prj work.Tes0 
ISim P.20160913 (signature 0xfbc00daa)
Number of CPUs detected in this system: 1
Turning on mult-threading, number of parallel sub-compilation jobs: 0 
Determining compilation order of HDL files
Parsing VHDL file "/home/ise/OSwin7/Fifo_buffer/Fifo_buffer.vhd" into library work
Parsing VHDL file "/home/ise/OSwin7/Fifo_buffer/Tes0.vhd" into library work
Starting static elaboration
Completed static elaboration
Fuse Memory Usage: 98280 KB
Fuse CPU Usage: 1130 ms
Compiling package standard
Compiling package std_logic_1164
Compiling package std_logic_arith
Compiling package std_logic_unsigned
Compiling package numeric_std
Compiling architecture behavioral of entity Fifo_buffer [fifo_buffer_default]
Compiling architecture behavior of entity tes0
Time Resolution for simulation is 1ps.
Compiled 8 VHDL Units
Built simulation executable /home/ise/OSwin7/Fifo_buffer/Tes0_isim_beh.exe
Fuse Memory Usage: 117184 KB
Fuse CPU Usage: 1410 ms
GCC CPU Usage: 270 ms
